<?xml version="1.0" encoding="UTF-8"?>
<testsuites>
  <testsuite name="/app/phpunit.xml.dist" tests="557" assertions="19245" errors="0" failures="0" skipped="0" time="234.480334">
    <testsuite name="Unit" tests="2" assertions="2" errors="0" failures="0" skipped="0" time="0.368766">
      <testsuite name="Tests\Unit\Playground\Matrix\Api\Http\Requests\Backlog\CreateRequestTest" file="/app/tests/Unit/Http/Requests/Backlog/CreateRequestTest.php" tests="1" assertions="1" errors="0" failures="0" skipped="0" time="0.331654">
        <testcase name="test_request_instance" file="/app/vendor/gammamatrix/playground-test/src/Unit/Http/Requests/RequestCase.php" line="39" class="Tests\Unit\Playground\Matrix\Api\Http\Requests\Backlog\CreateRequestTest" classname="Tests.Unit.Playground.Matrix.Api.Http.Requests.Backlog.CreateRequestTest" assertions="1" time="0.331654"/>
      </testsuite>
      <testsuite name="Tests\Unit\Playground\Matrix\Api\Policies\BacklogPolicy\PolicyTest" file="/app/tests/Unit/Policies/BacklogPolicy/PolicyTest.php" tests="1" assertions="1" errors="0" failures="0" skipped="0" time="0.037113">
        <testcase name="test_policy_instance" file="/app/tests/Unit/Policies/BacklogPolicy/PolicyTest.php" line="19" class="Tests\Unit\Playground\Matrix\Api\Policies\BacklogPolicy\PolicyTest" classname="Tests.Unit.Playground.Matrix.Api.Policies.BacklogPolicy.PolicyTest" assertions="1" time="0.037113"/>
      </testsuite>
    </testsuite>
    <testsuite name="Feature" tests="555" assertions="19243" errors="0" failures="0" skipped="0" time="234.111568">
      <testsuite name="Tests\Feature\Playground\Matrix\Api\Http\Controllers\Playground\BacklogRouteTest" file="/app/tests/Feature/Http/Controllers/Playground/BacklogRouteTest.php" tests="37" assertions="1295" errors="0" failures="0" skipped="0" time="15.441220">
        <testcase name="test_json_guest_cannot_get_info" file="/app/vendor/gammamatrix/playground-test/src/Feature/Http/Controllers/Resource/Playground/CreateJsonTrait.php" line="24" class="Tests\Feature\Playground\Matrix\Api\Http\Controllers\Playground\BacklogRouteTest" classname="Tests.Feature.Playground.Matrix.Api.Http.Controllers.Playground.BacklogRouteTest" assertions="1" time="0.479727"/>
        <testcase name="test_json_guest_cannot_render_create_view_requesting_json" file="/app/vendor/gammamatrix/playground-test/src/Feature/Http/Controllers/Resource/Playground/CreateJsonTrait.php" line="38" class="Tests\Feature\Playground\Matrix\Api\Http\Controllers\Playground\BacklogRouteTest" classname="Tests.Feature.Playground.Matrix.Api.Http.Controllers.Playground.BacklogRouteTest" assertions="2" time="0.354907"/>
        <testcase name="test_json_create_info_with_admin" file="/app/vendor/gammamatrix/playground-test/src/Feature/Http/Controllers/Resource/Playground/CreateJsonTrait.php" line="55" class="Tests\Feature\Playground\Matrix\Api\Http\Controllers\Playground\BacklogRouteTest" classname="Tests.Feature.Playground.Matrix.Api.Http.Controllers.Playground.BacklogRouteTest" assertions="93" time="0.535778"/>
        <testcase name="test_json_create_info_by_admin_with_invalid_parameter" file="/app/vendor/gammamatrix/playground-test/src/Feature/Http/Controllers/Resource/Playground/CreateJsonTrait.php" line="79" class="Tests\Feature\Playground\Matrix\Api\Http\Controllers\Playground\BacklogRouteTest" classname="Tests.Feature.Playground.Matrix.Api.Http.Controllers.Playground.BacklogRouteTest" assertions="4" time="0.360466"/>
        <testcase name="test_json_guest_cannot_destroy" file="/app/vendor/gammamatrix/playground-test/src/Feature/Http/Controllers/Resource/Playground/DestroyJsonTrait.php" line="14" class="Tests\Feature\Playground\Matrix\Api\Http\Controllers\Playground\BacklogRouteTest" classname="Tests.Feature.Playground.Matrix.Api.Http.Controllers.Playground.BacklogRouteTest" assertions="3" time="0.371317"/>
        <testcase name="test_json_destroy_as_admin_user_and_succeed" file="/app/vendor/gammamatrix/playground-test/src/Feature/Http/Controllers/Resource/Playground/DestroyJsonTrait.php" line="48" class="Tests\Feature\Playground\Matrix\Api\Http\Controllers\Playground\BacklogRouteTest" classname="Tests.Feature.Playground.Matrix.Api.Http.Controllers.Playground.BacklogRouteTest" assertions="5" time="0.360481"/>
        <testcase name="test_json_destroy_as_admin_user_and_succeed_with_force_delete" file="/app/vendor/gammamatrix/playground-test/src/Feature/Http/Controllers/Resource/Playground/DestroyJsonTrait.php" line="92" class="Tests\Feature\Playground\Matrix\Api\Http\Controllers\Playground\BacklogRouteTest" classname="Tests.Feature.Playground.Matrix.Api.Http.Controllers.Playground.BacklogRouteTest" assertions="4" time="0.356582"/>
        <testcase name="test_json_destroy_as_admin_user_using_json_and_succeed_with_no_content" file="/app/vendor/gammamatrix/playground-test/src/Feature/Http/Controllers/Resource/Playground/DestroyJsonTrait.php" line="132" class="Tests\Feature\Playground\Matrix\Api\Http\Controllers\Playground\BacklogRouteTest" classname="Tests.Feature.Playground.Matrix.Api.Http.Controllers.Playground.BacklogRouteTest" assertions="5" time="0.370837"/>
        <testcase name="test_json_destroy_as_admin_user_and_succeed_with_redirect_to_index_with_trash" file="/app/vendor/gammamatrix/playground-test/src/Feature/Http/Controllers/Resource/Playground/DestroyJsonTrait.php" line="177" class="Tests\Feature\Playground\Matrix\Api\Http\Controllers\Playground\BacklogRouteTest" classname="Tests.Feature.Playground.Matrix.Api.Http.Controllers.Playground.BacklogRouteTest" assertions="5" time="0.364378"/>
        <testcase name="test_json_destroy_with_user_role_and_get_denied_and_no_force_delete_allowed" file="/app/vendor/gammamatrix/playground-test/src/Feature/Http/Controllers/Resource/Playground/DestroyJsonTrait.php" line="235" class="Tests\Feature\Playground\Matrix\Api\Http\Controllers\Playground\BacklogRouteTest" classname="Tests.Feature.Playground.Matrix.Api.Http.Controllers.Playground.BacklogRouteTest" assertions="3" time="0.357461"/>
        <testcase name="test_json_destroy_with_admin_role_and_succeed" file="/app/vendor/gammamatrix/playground-test/src/Feature/Http/Controllers/Resource/Playground/DestroyJsonTrait.php" line="277" class="Tests\Feature\Playground\Matrix\Api\Http\Controllers\Playground\BacklogRouteTest" classname="Tests.Feature.Playground.Matrix.Api.Http.Controllers.Playground.BacklogRouteTest" assertions="5" time="0.366886"/>
        <testcase name="test_json_destroy_with_admin_role_and_succeed_with_force_delete" file="/app/vendor/gammamatrix/playground-test/src/Feature/Http/Controllers/Resource/Playground/DestroyJsonTrait.php" line="322" class="Tests\Feature\Playground\Matrix\Api\Http\Controllers\Playground\BacklogRouteTest" classname="Tests.Feature.Playground.Matrix.Api.Http.Controllers.Playground.BacklogRouteTest" assertions="4" time="0.363097"/>
        <testcase name="test_json_guest_cannot_render_edit_view" file="/app/vendor/gammamatrix/playground-test/src/Feature/Http/Controllers/Resource/Playground/EditJsonTrait.php" line="14" class="Tests\Feature\Playground\Matrix\Api\Http\Controllers\Playground\BacklogRouteTest" classname="Tests.Feature.Playground.Matrix.Api.Http.Controllers.Playground.BacklogRouteTest" assertions="1" time="0.372586"/>
        <testcase name="test_json_edit_as_admin_view_rendered_by_user_with_return_url" file="/app/vendor/gammamatrix/playground-test/src/Feature/Http/Controllers/Resource/Playground/EditJsonTrait.php" line="33" class="Tests\Feature\Playground\Matrix\Api\Http\Controllers\Playground\BacklogRouteTest" classname="Tests.Feature.Playground.Matrix.Api.Http.Controllers.Playground.BacklogRouteTest" assertions="4" time="0.386818"/>
        <testcase name="test_json_edit_as_admin_info_with_user" file="/app/vendor/gammamatrix/playground-test/src/Feature/Http/Controllers/Resource/Playground/EditJsonTrait.php" line="70" class="Tests\Feature\Playground\Matrix\Api\Http\Controllers\Playground\BacklogRouteTest" classname="Tests.Feature.Playground.Matrix.Api.Http.Controllers.Playground.BacklogRouteTest" assertions="4" time="0.391352"/>
        <testcase name="test_json_edit_as_admin_view_rendered_by_user_with_invalid_parameter" file="/app/vendor/gammamatrix/playground-test/src/Feature/Http/Controllers/Resource/Playground/EditJsonTrait.php" line="99" class="Tests\Feature\Playground\Matrix\Api\Http\Controllers\Playground\BacklogRouteTest" classname="Tests.Feature.Playground.Matrix.Api.Http.Controllers.Playground.BacklogRouteTest" assertions="4" time="0.369860"/>
        <testcase name="test_json_guest_cannot_render_index_view" file="/app/vendor/gammamatrix/playground-test/src/Feature/Http/Controllers/Resource/Playground/IndexJsonTrait.php" line="24" class="Tests\Feature\Playground\Matrix\Api\Http\Controllers\Playground\BacklogRouteTest" classname="Tests.Feature.Playground.Matrix.Api.Http.Controllers.Playground.BacklogRouteTest" assertions="1" time="0.420797"/>
        <testcase name="test_json_index_view_rendered_by_admin" file="/app/vendor/gammamatrix/playground-test/src/Feature/Http/Controllers/Resource/Playground/IndexJsonTrait.php" line="40" class="Tests\Feature\Playground\Matrix\Api\Http\Controllers\Playground\BacklogRouteTest" classname="Tests.Feature.Playground.Matrix.Api.Http.Controllers.Playground.BacklogRouteTest" assertions="98" time="0.569155"/>
        <testcase name="test_json_index_as_admin" file="/app/vendor/gammamatrix/playground-test/src/Feature/Http/Controllers/Resource/Playground/IndexJsonTrait.php" line="64" class="Tests\Feature\Playground\Matrix\Api\Http\Controllers\Playground\BacklogRouteTest" classname="Tests.Feature.Playground.Matrix.Api.Http.Controllers.Playground.BacklogRouteTest" assertions="98" time="0.561010"/>
        <testcase name="test_json_guest_cannot_lock" file="/app/vendor/gammamatrix/playground-test/src/Feature/Http/Controllers/Resource/Playground/LockJsonTrait.php" line="14" class="Tests\Feature\Playground\Matrix\Api\Http\Controllers\Playground\BacklogRouteTest" classname="Tests.Feature.Playground.Matrix.Api.Http.Controllers.Playground.BacklogRouteTest" assertions="3" time="0.358155"/>
        <testcase name="test_json_lock_as_admin_user_and_succeed" file="/app/vendor/gammamatrix/playground-test/src/Feature/Http/Controllers/Resource/Playground/LockJsonTrait.php" line="46" class="Tests\Feature\Playground\Matrix\Api\Http\Controllers\Playground\BacklogRouteTest" classname="Tests.Feature.Playground.Matrix.Api.Http.Controllers.Playground.BacklogRouteTest" assertions="3" time="0.380324"/>
        <testcase name="test_json_lock_as_admin_user_and_succeed_with_no_redirect" file="/app/vendor/gammamatrix/playground-test/src/Feature/Http/Controllers/Resource/Playground/LockJsonTrait.php" line="85" class="Tests\Feature\Playground\Matrix\Api\Http\Controllers\Playground\BacklogRouteTest" classname="Tests.Feature.Playground.Matrix.Api.Http.Controllers.Playground.BacklogRouteTest" assertions="93" time="0.478143"/>
        <testcase name="test_json_lock_with_user_role_and_get_denied" file="/app/vendor/gammamatrix/playground-test/src/Feature/Http/Controllers/Resource/Playground/LockJsonTrait.php" line="138" class="Tests\Feature\Playground\Matrix\Api\Http\Controllers\Playground\BacklogRouteTest" classname="Tests.Feature.Playground.Matrix.Api.Http.Controllers.Playground.BacklogRouteTest" assertions="3" time="0.360548"/>
        <testcase name="test_json_lock_with_admin_role_and_succeed" file="/app/vendor/gammamatrix/playground-test/src/Feature/Http/Controllers/Resource/Playground/LockJsonTrait.php" line="178" class="Tests\Feature\Playground\Matrix\Api\Http\Controllers\Playground\BacklogRouteTest" classname="Tests.Feature.Playground.Matrix.Api.Http.Controllers.Playground.BacklogRouteTest" assertions="93" time="0.482123"/>
        <testcase name="test_json_lock_with_admin_role_and_succeed_with_json" file="/app/vendor/gammamatrix/playground-test/src/Feature/Http/Controllers/Resource/Playground/LockJsonTrait.php" line="219" class="Tests\Feature\Playground\Matrix\Api\Http\Controllers\Playground\BacklogRouteTest" classname="Tests.Feature.Playground.Matrix.Api.Http.Controllers.Playground.BacklogRouteTest" assertions="93" time="0.494423"/>
        <testcase name="test_json_guest_cannot_restore" file="/app/vendor/gammamatrix/playground-test/src/Feature/Http/Controllers/Resource/Playground/RestoreJsonTrait.php" line="15" class="Tests\Feature\Playground\Matrix\Api\Http\Controllers\Playground\BacklogRouteTest" classname="Tests.Feature.Playground.Matrix.Api.Http.Controllers.Playground.BacklogRouteTest" assertions="3" time="0.362704"/>
        <testcase name="test_json_restore_as_admin_user_and_succeed" file="/app/vendor/gammamatrix/playground-test/src/Feature/Http/Controllers/Resource/Playground/RestoreJsonTrait.php" line="52" class="Tests\Feature\Playground\Matrix\Api\Http\Controllers\Playground\BacklogRouteTest" classname="Tests.Feature.Playground.Matrix.Api.Http.Controllers.Playground.BacklogRouteTest" assertions="93" time="0.478332"/>
        <testcase name="test_json_restore_as_admin_user_and_succeed_with_no_redirect" file="/app/vendor/gammamatrix/playground-test/src/Feature/Http/Controllers/Resource/Playground/RestoreJsonTrait.php" line="96" class="Tests\Feature\Playground\Matrix\Api\Http\Controllers\Playground\BacklogRouteTest" classname="Tests.Feature.Playground.Matrix.Api.Http.Controllers.Playground.BacklogRouteTest" assertions="93" time="0.481916"/>
        <testcase name="test_json_restore_with_user_role_and_get_denied" file="/app/vendor/gammamatrix/playground-test/src/Feature/Http/Controllers/Resource/Playground/RestoreJsonTrait.php" line="153" class="Tests\Feature\Playground\Matrix\Api\Http\Controllers\Playground\BacklogRouteTest" classname="Tests.Feature.Playground.Matrix.Api.Http.Controllers.Playground.BacklogRouteTest" assertions="3" time="0.360598"/>
        <testcase name="test_json_restore_with_admin_role_and_succeed" file="/app/vendor/gammamatrix/playground-test/src/Feature/Http/Controllers/Resource/Playground/RestoreJsonTrait.php" line="195" class="Tests\Feature\Playground\Matrix\Api\Http\Controllers\Playground\BacklogRouteTest" classname="Tests.Feature.Playground.Matrix.Api.Http.Controllers.Playground.BacklogRouteTest" assertions="93" time="0.484110"/>
        <testcase name="test_json_guest_cannot_see_info" file="/app/vendor/gammamatrix/playground-test/src/Feature/Http/Controllers/Resource/Playground/ShowJsonTrait.php" line="14" class="Tests\Feature\Playground\Matrix\Api\Http\Controllers\Playground\BacklogRouteTest" classname="Tests.Feature.Playground.Matrix.Api.Http.Controllers.Playground.BacklogRouteTest" assertions="1" time="0.351947"/>
        <testcase name="test_json_show_info_for_admin" file="/app/vendor/gammamatrix/playground-test/src/Feature/Http/Controllers/Resource/Playground/ShowJsonTrait.php" line="33" class="Tests\Feature\Playground\Matrix\Api\Http\Controllers\Playground\BacklogRouteTest" classname="Tests.Feature.Playground.Matrix.Api.Http.Controllers.Playground.BacklogRouteTest" assertions="92" time="0.490247"/>
        <testcase name="test_json_guest_cannot_unlock" file="/app/vendor/gammamatrix/playground-test/src/Feature/Http/Controllers/Resource/Playground/UnlockJsonTrait.php" line="14" class="Tests\Feature\Playground\Matrix\Api\Http\Controllers\Playground\BacklogRouteTest" classname="Tests.Feature.Playground.Matrix.Api.Http.Controllers.Playground.BacklogRouteTest" assertions="3" time="0.360766"/>
        <testcase name="test_json_unlock_as_admin_user_and_succeed" file="/app/vendor/gammamatrix/playground-test/src/Feature/Http/Controllers/Resource/Playground/UnlockJsonTrait.php" line="50" class="Tests\Feature\Playground\Matrix\Api\Http\Controllers\Playground\BacklogRouteTest" classname="Tests.Feature.Playground.Matrix.Api.Http.Controllers.Playground.BacklogRouteTest" assertions="93" time="0.476980"/>
        <testcase name="test_json_unlock_as_admin_user_and_succeed_with_no_redirect" file="/app/vendor/gammamatrix/playground-test/src/Feature/Http/Controllers/Resource/Playground/UnlockJsonTrait.php" line="94" class="Tests\Feature\Playground\Matrix\Api\Http\Controllers\Playground\BacklogRouteTest" classname="Tests.Feature.Playground.Matrix.Api.Http.Controllers.Playground.BacklogRouteTest" assertions="93" time="0.482228"/>
        <testcase name="test_json_unlock_with_user_role_and_get_denied" file="/app/vendor/gammamatrix/playground-test/src/Feature/Http/Controllers/Resource/Playground/UnlockJsonTrait.php" line="149" class="Tests\Feature\Playground\Matrix\Api\Http\Controllers\Playground\BacklogRouteTest" classname="Tests.Feature.Playground.Matrix.Api.Http.Controllers.Playground.BacklogRouteTest" assertions="3" time="0.360356"/>
        <testcase name="test_json_unlock_with_admin_role_and_succeed" file="/app/vendor/gammamatrix/playground-test/src/Feature/Http/Controllers/Resource/Playground/UnlockJsonTrait.php" line="194" class="Tests\Feature\Playground\Matrix\Api\Http\Controllers\Playground\BacklogRouteTest" classname="Tests.Feature.Playground.Matrix.Api.Http.Controllers.Playground.BacklogRouteTest" assertions="93" time="0.483824"/>
      </testsuite>
      <testsuite name="Tests\Feature\Playground\Matrix\Api\Http\Controllers\Playground\BoardRouteTest" file="/app/tests/Feature/Http/Controllers/Playground/BoardRouteTest.php" tests="37" assertions="1295" errors="0" failures="0" skipped="0" time="15.155250">
        <testcase name="test_json_guest_cannot_get_info" file="/app/vendor/gammamatrix/playground-test/src/Feature/Http/Controllers/Resource/Playground/CreateJsonTrait.php" line="24" class="Tests\Feature\Playground\Matrix\Api\Http\Controllers\Playground\BoardRouteTest" classname="Tests.Feature.Playground.Matrix.Api.Http.Controllers.Playground.BoardRouteTest" assertions="1" time="0.341345"/>
        <testcase name="test_json_guest_cannot_render_create_view_requesting_json" file="/app/vendor/gammamatrix/playground-test/src/Feature/Http/Controllers/Resource/Playground/CreateJsonTrait.php" line="38" class="Tests\Feature\Playground\Matrix\Api\Http\Controllers\Playground\BoardRouteTest" classname="Tests.Feature.Playground.Matrix.Api.Http.Controllers.Playground.BoardRouteTest" assertions="2" time="0.347847"/>
        <testcase name="test_json_create_info_with_admin" file="/app/vendor/gammamatrix/playground-test/src/Feature/Http/Controllers/Resource/Playground/CreateJsonTrait.php" line="55" class="Tests\Feature\Playground\Matrix\Api\Http\Controllers\Playground\BoardRouteTest" classname="Tests.Feature.Playground.Matrix.Api.Http.Controllers.Playground.BoardRouteTest" assertions="93" time="0.494765"/>
        <testcase name="test_json_create_info_by_admin_with_invalid_parameter" file="/app/vendor/gammamatrix/playground-test/src/Feature/Http/Controllers/Resource/Playground/CreateJsonTrait.php" line="79" class="Tests\Feature\Playground\Matrix\Api\Http\Controllers\Playground\BoardRouteTest" classname="Tests.Feature.Playground.Matrix.Api.Http.Controllers.Playground.BoardRouteTest" assertions="4" time="0.354238"/>
        <testcase name="test_json_guest_cannot_destroy" file="/app/vendor/gammamatrix/playground-test/src/Feature/Http/Controllers/Resource/Playground/DestroyJsonTrait.php" line="14" class="Tests\Feature\Playground\Matrix\Api\Http\Controllers\Playground\BoardRouteTest" classname="Tests.Feature.Playground.Matrix.Api.Http.Controllers.Playground.BoardRouteTest" assertions="3" time="0.356650"/>
        <testcase name="test_json_destroy_as_admin_user_and_succeed" file="/app/vendor/gammamatrix/playground-test/src/Feature/Http/Controllers/Resource/Playground/DestroyJsonTrait.php" line="48" class="Tests\Feature\Playground\Matrix\Api\Http\Controllers\Playground\BoardRouteTest" classname="Tests.Feature.Playground.Matrix.Api.Http.Controllers.Playground.BoardRouteTest" assertions="5" time="0.366108"/>
        <testcase name="test_json_destroy_as_admin_user_and_succeed_with_force_delete" file="/app/vendor/gammamatrix/playground-test/src/Feature/Http/Controllers/Resource/Playground/DestroyJsonTrait.php" line="92" class="Tests\Feature\Playground\Matrix\Api\Http\Controllers\Playground\BoardRouteTest" classname="Tests.Feature.Playground.Matrix.Api.Http.Controllers.Playground.BoardRouteTest" assertions="4" time="0.363283"/>
        <testcase name="test_json_destroy_as_admin_user_using_json_and_succeed_with_no_content" file="/app/vendor/gammamatrix/playground-test/src/Feature/Http/Controllers/Resource/Playground/DestroyJsonTrait.php" line="132" class="Tests\Feature\Playground\Matrix\Api\Http\Controllers\Playground\BoardRouteTest" classname="Tests.Feature.Playground.Matrix.Api.Http.Controllers.Playground.BoardRouteTest" assertions="5" time="0.367812"/>
        <testcase name="test_json_destroy_as_admin_user_and_succeed_with_redirect_to_index_with_trash" file="/app/vendor/gammamatrix/playground-test/src/Feature/Http/Controllers/Resource/Playground/DestroyJsonTrait.php" line="177" class="Tests\Feature\Playground\Matrix\Api\Http\Controllers\Playground\BoardRouteTest" classname="Tests.Feature.Playground.Matrix.Api.Http.Controllers.Playground.BoardRouteTest" assertions="5" time="0.363779"/>
        <testcase name="test_json_destroy_with_user_role_and_get_denied_and_no_force_delete_allowed" file="/app/vendor/gammamatrix/playground-test/src/Feature/Http/Controllers/Resource/Playground/DestroyJsonTrait.php" line="235" class="Tests\Feature\Playground\Matrix\Api\Http\Controllers\Playground\BoardRouteTest" classname="Tests.Feature.Playground.Matrix.Api.Http.Controllers.Playground.BoardRouteTest" assertions="3" time="0.359021"/>
        <testcase name="test_json_destroy_with_admin_role_and_succeed" file="/app/vendor/gammamatrix/playground-test/src/Feature/Http/Controllers/Resource/Playground/DestroyJsonTrait.php" line="277" class="Tests\Feature\Playground\Matrix\Api\Http\Controllers\Playground\BoardRouteTest" classname="Tests.Feature.Playground.Matrix.Api.Http.Controllers.Playground.BoardRouteTest" assertions="5" time="0.367181"/>
        <testcase name="test_json_destroy_with_admin_role_and_succeed_with_force_delete" file="/app/vendor/gammamatrix/playground-test/src/Feature/Http/Controllers/Resource/Playground/DestroyJsonTrait.php" line="322" class="Tests\Feature\Playground\Matrix\Api\Http\Controllers\Playground\BoardRouteTest" classname="Tests.Feature.Playground.Matrix.Api.Http.Controllers.Playground.BoardRouteTest" assertions="4" time="0.362400"/>
        <testcase name="test_json_guest_cannot_render_edit_view" file="/app/vendor/gammamatrix/playground-test/src/Feature/Http/Controllers/Resource/Playground/EditJsonTrait.php" line="14" class="Tests\Feature\Playground\Matrix\Api\Http\Controllers\Playground\BoardRouteTest" classname="Tests.Feature.Playground.Matrix.Api.Http.Controllers.Playground.BoardRouteTest" assertions="1" time="0.354627"/>
        <testcase name="test_json_edit_as_admin_view_rendered_by_user_with_return_url" file="/app/vendor/gammamatrix/playground-test/src/Feature/Http/Controllers/Resource/Playground/EditJsonTrait.php" line="33" class="Tests\Feature\Playground\Matrix\Api\Http\Controllers\Playground\BoardRouteTest" classname="Tests.Feature.Playground.Matrix.Api.Http.Controllers.Playground.BoardRouteTest" assertions="4" time="0.387540"/>
        <testcase name="test_json_edit_as_admin_info_with_user" file="/app/vendor/gammamatrix/playground-test/src/Feature/Http/Controllers/Resource/Playground/EditJsonTrait.php" line="70" class="Tests\Feature\Playground\Matrix\Api\Http\Controllers\Playground\BoardRouteTest" classname="Tests.Feature.Playground.Matrix.Api.Http.Controllers.Playground.BoardRouteTest" assertions="4" time="0.386399"/>
        <testcase name="test_json_edit_as_admin_view_rendered_by_user_with_invalid_parameter" file="/app/vendor/gammamatrix/playground-test/src/Feature/Http/Controllers/Resource/Playground/EditJsonTrait.php" line="99" class="Tests\Feature\Playground\Matrix\Api\Http\Controllers\Playground\BoardRouteTest" classname="Tests.Feature.Playground.Matrix.Api.Http.Controllers.Playground.BoardRouteTest" assertions="4" time="0.368916"/>
        <testcase name="test_json_guest_cannot_render_index_view" file="/app/vendor/gammamatrix/playground-test/src/Feature/Http/Controllers/Resource/Playground/IndexJsonTrait.php" line="24" class="Tests\Feature\Playground\Matrix\Api\Http\Controllers\Playground\BoardRouteTest" classname="Tests.Feature.Playground.Matrix.Api.Http.Controllers.Playground.BoardRouteTest" assertions="1" time="0.353985"/>
        <testcase name="test_json_index_view_rendered_by_admin" file="/app/vendor/gammamatrix/playground-test/src/Feature/Http/Controllers/Resource/Playground/IndexJsonTrait.php" line="40" class="Tests\Feature\Playground\Matrix\Api\Http\Controllers\Playground\BoardRouteTest" classname="Tests.Feature.Playground.Matrix.Api.Http.Controllers.Playground.BoardRouteTest" assertions="98" time="0.559575"/>
        <testcase name="test_json_index_as_admin" file="/app/vendor/gammamatrix/playground-test/src/Feature/Http/Controllers/Resource/Playground/IndexJsonTrait.php" line="64" class="Tests\Feature\Playground\Matrix\Api\Http\Controllers\Playground\BoardRouteTest" classname="Tests.Feature.Playground.Matrix.Api.Http.Controllers.Playground.BoardRouteTest" assertions="98" time="0.573835"/>
        <testcase name="test_json_guest_cannot_lock" file="/app/vendor/gammamatrix/playground-test/src/Feature/Http/Controllers/Resource/Playground/LockJsonTrait.php" line="14" class="Tests\Feature\Playground\Matrix\Api\Http\Controllers\Playground\BoardRouteTest" classname="Tests.Feature.Playground.Matrix.Api.Http.Controllers.Playground.BoardRouteTest" assertions="3" time="0.354987"/>
        <testcase name="test_json_lock_as_admin_user_and_succeed" file="/app/vendor/gammamatrix/playground-test/src/Feature/Http/Controllers/Resource/Playground/LockJsonTrait.php" line="46" class="Tests\Feature\Playground\Matrix\Api\Http\Controllers\Playground\BoardRouteTest" classname="Tests.Feature.Playground.Matrix.Api.Http.Controllers.Playground.BoardRouteTest" assertions="3" time="0.376492"/>
        <testcase name="test_json_lock_as_admin_user_and_succeed_with_no_redirect" file="/app/vendor/gammamatrix/playground-test/src/Feature/Http/Controllers/Resource/Playground/LockJsonTrait.php" line="85" class="Tests\Feature\Playground\Matrix\Api\Http\Controllers\Playground\BoardRouteTest" classname="Tests.Feature.Playground.Matrix.Api.Http.Controllers.Playground.BoardRouteTest" assertions="93" time="0.475857"/>
        <testcase name="test_json_lock_with_user_role_and_get_denied" file="/app/vendor/gammamatrix/playground-test/src/Feature/Http/Controllers/Resource/Playground/LockJsonTrait.php" line="138" class="Tests\Feature\Playground\Matrix\Api\Http\Controllers\Playground\BoardRouteTest" classname="Tests.Feature.Playground.Matrix.Api.Http.Controllers.Playground.BoardRouteTest" assertions="3" time="0.364310"/>
        <testcase name="test_json_lock_with_admin_role_and_succeed" file="/app/vendor/gammamatrix/playground-test/src/Feature/Http/Controllers/Resource/Playground/LockJsonTrait.php" line="178" class="Tests\Feature\Playground\Matrix\Api\Http\Controllers\Playground\BoardRouteTest" classname="Tests.Feature.Playground.Matrix.Api.Http.Controllers.Playground.BoardRouteTest" assertions="93" time="0.482419"/>
        <testcase name="test_json_lock_with_admin_role_and_succeed_with_json" file="/app/vendor/gammamatrix/playground-test/src/Feature/Http/Controllers/Resource/Playground/LockJsonTrait.php" line="219" class="Tests\Feature\Playground\Matrix\Api\Http\Controllers\Playground\BoardRouteTest" classname="Tests.Feature.Playground.Matrix.Api.Http.Controllers.Playground.BoardRouteTest" assertions="93" time="0.480369"/>
        <testcase name="test_json_guest_cannot_restore" file="/app/vendor/gammamatrix/playground-test/src/Feature/Http/Controllers/Resource/Playground/RestoreJsonTrait.php" line="15" class="Tests\Feature\Playground\Matrix\Api\Http\Controllers\Playground\BoardRouteTest" classname="Tests.Feature.Playground.Matrix.Api.Http.Controllers.Playground.BoardRouteTest" assertions="3" time="0.359671"/>
        <testcase name="test_json_restore_as_admin_user_and_succeed" file="/app/vendor/gammamatrix/playground-test/src/Feature/Http/Controllers/Resource/Playground/RestoreJsonTrait.php" line="52" class="Tests\Feature\Playground\Matrix\Api\Http\Controllers\Playground\BoardRouteTest" classname="Tests.Feature.Playground.Matrix.Api.Http.Controllers.Playground.BoardRouteTest" assertions="93" time="0.480181"/>
        <testcase name="test_json_restore_as_admin_user_and_succeed_with_no_redirect" file="/app/vendor/gammamatrix/playground-test/src/Feature/Http/Controllers/Resource/Playground/RestoreJsonTrait.php" line="96" class="Tests\Feature\Playground\Matrix\Api\Http\Controllers\Playground\BoardRouteTest" classname="Tests.Feature.Playground.Matrix.Api.Http.Controllers.Playground.BoardRouteTest" assertions="93" time="0.490004"/>
        <testcase name="test_json_restore_with_user_role_and_get_denied" file="/app/vendor/gammamatrix/playground-test/src/Feature/Http/Controllers/Resource/Playground/RestoreJsonTrait.php" line="153" class="Tests\Feature\Playground\Matrix\Api\Http\Controllers\Playground\BoardRouteTest" classname="Tests.Feature.Playground.Matrix.Api.Http.Controllers.Playground.BoardRouteTest" assertions="3" time="0.357048"/>
        <testcase name="test_json_restore_with_admin_role_and_succeed" file="/app/vendor/gammamatrix/playground-test/src/Feature/Http/Controllers/Resource/Playground/RestoreJsonTrait.php" line="195" class="Tests\Feature\Playground\Matrix\Api\Http\Controllers\Playground\BoardRouteTest" classname="Tests.Feature.Playground.Matrix.Api.Http.Controllers.Playground.BoardRouteTest" assertions="93" time="0.486816"/>
        <testcase name="test_json_guest_cannot_see_info" file="/app/vendor/gammamatrix/playground-test/src/Feature/Http/Controllers/Resource/Playground/ShowJsonTrait.php" line="14" class="Tests\Feature\Playground\Matrix\Api\Http\Controllers\Playground\BoardRouteTest" classname="Tests.Feature.Playground.Matrix.Api.Http.Controllers.Playground.BoardRouteTest" assertions="1" time="0.354768"/>
        <testcase name="test_json_show_info_for_admin" file="/app/vendor/gammamatrix/playground-test/src/Feature/Http/Controllers/Resource/Playground/ShowJsonTrait.php" line="33" class="Tests\Feature\Playground\Matrix\Api\Http\Controllers\Playground\BoardRouteTest" classname="Tests.Feature.Playground.Matrix.Api.Http.Controllers.Playground.BoardRouteTest" assertions="92" time="0.475003"/>
        <testcase name="test_json_guest_cannot_unlock" file="/app/vendor/gammamatrix/playground-test/src/Feature/Http/Controllers/Resource/Playground/UnlockJsonTrait.php" line="14" class="Tests\Feature\Playground\Matrix\Api\Http\Controllers\Playground\BoardRouteTest" classname="Tests.Feature.Playground.Matrix.Api.Http.Controllers.Playground.BoardRouteTest" assertions="3" time="0.360635"/>
        <testcase name="test_json_unlock_as_admin_user_and_succeed" file="/app/vendor/gammamatrix/playground-test/src/Feature/Http/Controllers/Resource/Playground/UnlockJsonTrait.php" line="50" class="Tests\Feature\Playground\Matrix\Api\Http\Controllers\Playground\BoardRouteTest" classname="Tests.Feature.Playground.Matrix.Api.Http.Controllers.Playground.BoardRouteTest" assertions="93" time="0.483076"/>
        <testcase name="test_json_unlock_as_admin_user_and_succeed_with_no_redirect" file="/app/vendor/gammamatrix/playground-test/src/Feature/Http/Controllers/Resource/Playground/UnlockJsonTrait.php" line="94" class="Tests\Feature\Playground\Matrix\Api\Http\Controllers\Playground\BoardRouteTest" classname="Tests.Feature.Playground.Matrix.Api.Http.Controllers.Playground.BoardRouteTest" assertions="93" time="0.490826"/>
        <testcase name="test_json_unlock_with_user_role_and_get_denied" file="/app/vendor/gammamatrix/playground-test/src/Feature/Http/Controllers/Resource/Playground/UnlockJsonTrait.php" line="149" class="Tests\Feature\Playground\Matrix\Api\Http\Controllers\Playground\BoardRouteTest" classname="Tests.Feature.Playground.Matrix.Api.Http.Controllers.Playground.BoardRouteTest" assertions="3" time="0.358253"/>
        <testcase name="test_json_unlock_with_admin_role_and_succeed" file="/app/vendor/gammamatrix/playground-test/src/Feature/Http/Controllers/Resource/Playground/UnlockJsonTrait.php" line="194" class="Tests\Feature\Playground\Matrix\Api\Http\Controllers\Playground\BoardRouteTest" classname="Tests.Feature.Playground.Matrix.Api.Http.Controllers.Playground.BoardRouteTest" assertions="93" time="0.495228"/>
      </testsuite>
      <testsuite name="Tests\Feature\Playground\Matrix\Api\Http\Controllers\Playground\EpicRouteTest" file="/app/tests/Feature/Http/Controllers/Playground/EpicRouteTest.php" tests="37" assertions="1295" errors="0" failures="0" skipped="0" time="15.345266">
        <testcase name="test_json_guest_cannot_get_info" file="/app/vendor/gammamatrix/playground-test/src/Feature/Http/Controllers/Resource/Playground/CreateJsonTrait.php" line="24" class="Tests\Feature\Playground\Matrix\Api\Http\Controllers\Playground\EpicRouteTest" classname="Tests.Feature.Playground.Matrix.Api.Http.Controllers.Playground.EpicRouteTest" assertions="1" time="0.343980"/>
        <testcase name="test_json_guest_cannot_render_create_view_requesting_json" file="/app/vendor/gammamatrix/playground-test/src/Feature/Http/Controllers/Resource/Playground/CreateJsonTrait.php" line="38" class="Tests\Feature\Playground\Matrix\Api\Http\Controllers\Playground\EpicRouteTest" classname="Tests.Feature.Playground.Matrix.Api.Http.Controllers.Playground.EpicRouteTest" assertions="2" time="0.343937"/>
        <testcase name="test_json_create_info_with_admin" file="/app/vendor/gammamatrix/playground-test/src/Feature/Http/Controllers/Resource/Playground/CreateJsonTrait.php" line="55" class="Tests\Feature\Playground\Matrix\Api\Http\Controllers\Playground\EpicRouteTest" classname="Tests.Feature.Playground.Matrix.Api.Http.Controllers.Playground.EpicRouteTest" assertions="93" time="0.501818"/>
        <testcase name="test_json_create_info_by_admin_with_invalid_parameter" file="/app/vendor/gammamatrix/playground-test/src/Feature/Http/Controllers/Resource/Playground/CreateJsonTrait.php" line="79" class="Tests\Feature\Playground\Matrix\Api\Http\Controllers\Playground\EpicRouteTest" classname="Tests.Feature.Playground.Matrix.Api.Http.Controllers.Playground.EpicRouteTest" assertions="4" time="0.361284"/>
        <testcase name="test_json_guest_cannot_destroy" file="/app/vendor/gammamatrix/playground-test/src/Feature/Http/Controllers/Resource/Playground/DestroyJsonTrait.php" line="14" class="Tests\Feature\Playground\Matrix\Api\Http\Controllers\Playground\EpicRouteTest" classname="Tests.Feature.Playground.Matrix.Api.Http.Controllers.Playground.EpicRouteTest" assertions="3" time="0.358192"/>
        <testcase name="test_json_destroy_as_admin_user_and_succeed" file="/app/vendor/gammamatrix/playground-test/src/Feature/Http/Controllers/Resource/Playground/DestroyJsonTrait.php" line="48" class="Tests\Feature\Playground\Matrix\Api\Http\Controllers\Playground\EpicRouteTest" classname="Tests.Feature.Playground.Matrix.Api.Http.Controllers.Playground.EpicRouteTest" assertions="5" time="0.365522"/>
        <testcase name="test_json_destroy_as_admin_user_and_succeed_with_force_delete" file="/app/vendor/gammamatrix/playground-test/src/Feature/Http/Controllers/Resource/Playground/DestroyJsonTrait.php" line="92" class="Tests\Feature\Playground\Matrix\Api\Http\Controllers\Playground\EpicRouteTest" classname="Tests.Feature.Playground.Matrix.Api.Http.Controllers.Playground.EpicRouteTest" assertions="4" time="0.362941"/>
        <testcase name="test_json_destroy_as_admin_user_using_json_and_succeed_with_no_content" file="/app/vendor/gammamatrix/playground-test/src/Feature/Http/Controllers/Resource/Playground/DestroyJsonTrait.php" line="132" class="Tests\Feature\Playground\Matrix\Api\Http\Controllers\Playground\EpicRouteTest" classname="Tests.Feature.Playground.Matrix.Api.Http.Controllers.Playground.EpicRouteTest" assertions="5" time="0.368656"/>
        <testcase name="test_json_destroy_as_admin_user_and_succeed_with_redirect_to_index_with_trash" file="/app/vendor/gammamatrix/playground-test/src/Feature/Http/Controllers/Resource/Playground/DestroyJsonTrait.php" line="177" class="Tests\Feature\Playground\Matrix\Api\Http\Controllers\Playground\EpicRouteTest" classname="Tests.Feature.Playground.Matrix.Api.Http.Controllers.Playground.EpicRouteTest" assertions="5" time="0.362986"/>
        <testcase name="test_json_destroy_with_user_role_and_get_denied_and_no_force_delete_allowed" file="/app/vendor/gammamatrix/playground-test/src/Feature/Http/Controllers/Resource/Playground/DestroyJsonTrait.php" line="235" class="Tests\Feature\Playground\Matrix\Api\Http\Controllers\Playground\EpicRouteTest" classname="Tests.Feature.Playground.Matrix.Api.Http.Controllers.Playground.EpicRouteTest" assertions="3" time="0.364277"/>
        <testcase name="test_json_destroy_with_admin_role_and_succeed" file="/app/vendor/gammamatrix/playground-test/src/Feature/Http/Controllers/Resource/Playground/DestroyJsonTrait.php" line="277" class="Tests\Feature\Playground\Matrix\Api\Http\Controllers\Playground\EpicRouteTest" classname="Tests.Feature.Playground.Matrix.Api.Http.Controllers.Playground.EpicRouteTest" assertions="5" time="0.377331"/>
        <testcase name="test_json_destroy_with_admin_role_and_succeed_with_force_delete" file="/app/vendor/gammamatrix/playground-test/src/Feature/Http/Controllers/Resource/Playground/DestroyJsonTrait.php" line="322" class="Tests\Feature\Playground\Matrix\Api\Http\Controllers\Playground\EpicRouteTest" classname="Tests.Feature.Playground.Matrix.Api.Http.Controllers.Playground.EpicRouteTest" assertions="4" time="0.360058"/>
        <testcase name="test_json_guest_cannot_render_edit_view" file="/app/vendor/gammamatrix/playground-test/src/Feature/Http/Controllers/Resource/Playground/EditJsonTrait.php" line="14" class="Tests\Feature\Playground\Matrix\Api\Http\Controllers\Playground\EpicRouteTest" classname="Tests.Feature.Playground.Matrix.Api.Http.Controllers.Playground.EpicRouteTest" assertions="1" time="0.359253"/>
        <testcase name="test_json_edit_as_admin_view_rendered_by_user_with_return_url" file="/app/vendor/gammamatrix/playground-test/src/Feature/Http/Controllers/Resource/Playground/EditJsonTrait.php" line="33" class="Tests\Feature\Playground\Matrix\Api\Http\Controllers\Playground\EpicRouteTest" classname="Tests.Feature.Playground.Matrix.Api.Http.Controllers.Playground.EpicRouteTest" assertions="4" time="0.391914"/>
        <testcase name="test_json_edit_as_admin_info_with_user" file="/app/vendor/gammamatrix/playground-test/src/Feature/Http/Controllers/Resource/Playground/EditJsonTrait.php" line="70" class="Tests\Feature\Playground\Matrix\Api\Http\Controllers\Playground\EpicRouteTest" classname="Tests.Feature.Playground.Matrix.Api.Http.Controllers.Playground.EpicRouteTest" assertions="4" time="0.398110"/>
        <testcase name="test_json_edit_as_admin_view_rendered_by_user_with_invalid_parameter" file="/app/vendor/gammamatrix/playground-test/src/Feature/Http/Controllers/Resource/Playground/EditJsonTrait.php" line="99" class="Tests\Feature\Playground\Matrix\Api\Http\Controllers\Playground\EpicRouteTest" classname="Tests.Feature.Playground.Matrix.Api.Http.Controllers.Playground.EpicRouteTest" assertions="4" time="0.433986"/>
        <testcase name="test_json_guest_cannot_render_index_view" file="/app/vendor/gammamatrix/playground-test/src/Feature/Http/Controllers/Resource/Playground/IndexJsonTrait.php" line="24" class="Tests\Feature\Playground\Matrix\Api\Http\Controllers\Playground\EpicRouteTest" classname="Tests.Feature.Playground.Matrix.Api.Http.Controllers.Playground.EpicRouteTest" assertions="1" time="0.354462"/>
        <testcase name="test_json_index_view_rendered_by_admin" file="/app/vendor/gammamatrix/playground-test/src/Feature/Http/Controllers/Resource/Playground/IndexJsonTrait.php" line="40" class="Tests\Feature\Playground\Matrix\Api\Http\Controllers\Playground\EpicRouteTest" classname="Tests.Feature.Playground.Matrix.Api.Http.Controllers.Playground.EpicRouteTest" assertions="98" time="0.580370"/>
        <testcase name="test_json_index_as_admin" file="/app/vendor/gammamatrix/playground-test/src/Feature/Http/Controllers/Resource/Playground/IndexJsonTrait.php" line="64" class="Tests\Feature\Playground\Matrix\Api\Http\Controllers\Playground\EpicRouteTest" classname="Tests.Feature.Playground.Matrix.Api.Http.Controllers.Playground.EpicRouteTest" assertions="98" time="0.570708"/>
        <testcase name="test_json_guest_cannot_lock" file="/app/vendor/gammamatrix/playground-test/src/Feature/Http/Controllers/Resource/Playground/LockJsonTrait.php" line="14" class="Tests\Feature\Playground\Matrix\Api\Http\Controllers\Playground\EpicRouteTest" classname="Tests.Feature.Playground.Matrix.Api.Http.Controllers.Playground.EpicRouteTest" assertions="3" time="0.355704"/>
        <testcase name="test_json_lock_as_admin_user_and_succeed" file="/app/vendor/gammamatrix/playground-test/src/Feature/Http/Controllers/Resource/Playground/LockJsonTrait.php" line="46" class="Tests\Feature\Playground\Matrix\Api\Http\Controllers\Playground\EpicRouteTest" classname="Tests.Feature.Playground.Matrix.Api.Http.Controllers.Playground.EpicRouteTest" assertions="3" time="0.381943"/>
        <testcase name="test_json_lock_as_admin_user_and_succeed_with_no_redirect" file="/app/vendor/gammamatrix/playground-test/src/Feature/Http/Controllers/Resource/Playground/LockJsonTrait.php" line="85" class="Tests\Feature\Playground\Matrix\Api\Http\Controllers\Playground\EpicRouteTest" classname="Tests.Feature.Playground.Matrix.Api.Http.Controllers.Playground.EpicRouteTest" assertions="93" time="0.479200"/>
        <testcase name="test_json_lock_with_user_role_and_get_denied" file="/app/vendor/gammamatrix/playground-test/src/Feature/Http/Controllers/Resource/Playground/LockJsonTrait.php" line="138" class="Tests\Feature\Playground\Matrix\Api\Http\Controllers\Playground\EpicRouteTest" classname="Tests.Feature.Playground.Matrix.Api.Http.Controllers.Playground.EpicRouteTest" assertions="3" time="0.371479"/>
        <testcase name="test_json_lock_with_admin_role_and_succeed" file="/app/vendor/gammamatrix/playground-test/src/Feature/Http/Controllers/Resource/Playground/LockJsonTrait.php" line="178" class="Tests\Feature\Playground\Matrix\Api\Http\Controllers\Playground\EpicRouteTest" classname="Tests.Feature.Playground.Matrix.Api.Http.Controllers.Playground.EpicRouteTest" assertions="93" time="0.477951"/>
        <testcase name="test_json_lock_with_admin_role_and_succeed_with_json" file="/app/vendor/gammamatrix/playground-test/src/Feature/Http/Controllers/Resource/Playground/LockJsonTrait.php" line="219" class="Tests\Feature\Playground\Matrix\Api\Http\Controllers\Playground\EpicRouteTest" classname="Tests.Feature.Playground.Matrix.Api.Http.Controllers.Playground.EpicRouteTest" assertions="93" time="0.491979"/>
        <testcase name="test_json_guest_cannot_restore" file="/app/vendor/gammamatrix/playground-test/src/Feature/Http/Controllers/Resource/Playground/RestoreJsonTrait.php" line="15" class="Tests\Feature\Playground\Matrix\Api\Http\Controllers\Playground\EpicRouteTest" classname="Tests.Feature.Playground.Matrix.Api.Http.Controllers.Playground.EpicRouteTest" assertions="3" time="0.354781"/>
        <testcase name="test_json_restore_as_admin_user_and_succeed" file="/app/vendor/gammamatrix/playground-test/src/Feature/Http/Controllers/Resource/Playground/RestoreJsonTrait.php" line="52" class="Tests\Feature\Playground\Matrix\Api\Http\Controllers\Playground\EpicRouteTest" classname="Tests.Feature.Playground.Matrix.Api.Http.Controllers.Playground.EpicRouteTest" assertions="93" time="0.480338"/>
        <testcase name="test_json_restore_as_admin_user_and_succeed_with_no_redirect" file="/app/vendor/gammamatrix/playground-test/src/Feature/Http/Controllers/Resource/Playground/RestoreJsonTrait.php" line="96" class="Tests\Feature\Playground\Matrix\Api\Http\Controllers\Playground\EpicRouteTest" classname="Tests.Feature.Playground.Matrix.Api.Http.Controllers.Playground.EpicRouteTest" assertions="93" time="0.499128"/>
        <testcase name="test_json_restore_with_user_role_and_get_denied" file="/app/vendor/gammamatrix/playground-test/src/Feature/Http/Controllers/Resource/Playground/RestoreJsonTrait.php" line="153" class="Tests\Feature\Playground\Matrix\Api\Http\Controllers\Playground\EpicRouteTest" classname="Tests.Feature.Playground.Matrix.Api.Http.Controllers.Playground.EpicRouteTest" assertions="3" time="0.364667"/>
        <testcase name="test_json_restore_with_admin_role_and_succeed" file="/app/vendor/gammamatrix/playground-test/src/Feature/Http/Controllers/Resource/Playground/RestoreJsonTrait.php" line="195" class="Tests\Feature\Playground\Matrix\Api\Http\Controllers\Playground\EpicRouteTest" classname="Tests.Feature.Playground.Matrix.Api.Http.Controllers.Playground.EpicRouteTest" assertions="93" time="0.488367"/>
        <testcase name="test_json_guest_cannot_see_info" file="/app/vendor/gammamatrix/playground-test/src/Feature/Http/Controllers/Resource/Playground/ShowJsonTrait.php" line="14" class="Tests\Feature\Playground\Matrix\Api\Http\Controllers\Playground\EpicRouteTest" classname="Tests.Feature.Playground.Matrix.Api.Http.Controllers.Playground.EpicRouteTest" assertions="1" time="0.352044"/>
        <testcase name="test_json_show_info_for_admin" file="/app/vendor/gammamatrix/playground-test/src/Feature/Http/Controllers/Resource/Playground/ShowJsonTrait.php" line="33" class="Tests\Feature\Playground\Matrix\Api\Http\Controllers\Playground\EpicRouteTest" classname="Tests.Feature.Playground.Matrix.Api.Http.Controllers.Playground.EpicRouteTest" assertions="92" time="0.497703"/>
        <testcase name="test_json_guest_cannot_unlock" file="/app/vendor/gammamatrix/playground-test/src/Feature/Http/Controllers/Resource/Playground/UnlockJsonTrait.php" line="14" class="Tests\Feature\Playground\Matrix\Api\Http\Controllers\Playground\EpicRouteTest" classname="Tests.Feature.Playground.Matrix.Api.Http.Controllers.Playground.EpicRouteTest" assertions="3" time="0.357671"/>
        <testcase name="test_json_unlock_as_admin_user_and_succeed" file="/app/vendor/gammamatrix/playground-test/src/Feature/Http/Controllers/Resource/Playground/UnlockJsonTrait.php" line="50" class="Tests\Feature\Playground\Matrix\Api\Http\Controllers\Playground\EpicRouteTest" classname="Tests.Feature.Playground.Matrix.Api.Http.Controllers.Playground.EpicRouteTest" assertions="93" time="0.478976"/>
        <testcase name="test_json_unlock_as_admin_user_and_succeed_with_no_redirect" file="/app/vendor/gammamatrix/playground-test/src/Feature/Http/Controllers/Resource/Playground/UnlockJsonTrait.php" line="94" class="Tests\Feature\Playground\Matrix\Api\Http\Controllers\Playground\EpicRouteTest" classname="Tests.Feature.Playground.Matrix.Api.Http.Controllers.Playground.EpicRouteTest" assertions="93" time="0.499059"/>
        <testcase name="test_json_unlock_with_user_role_and_get_denied" file="/app/vendor/gammamatrix/playground-test/src/Feature/Http/Controllers/Resource/Playground/UnlockJsonTrait.php" line="149" class="Tests\Feature\Playground\Matrix\Api\Http\Controllers\Playground\EpicRouteTest" classname="Tests.Feature.Playground.Matrix.Api.Http.Controllers.Playground.EpicRouteTest" assertions="3" time="0.359555"/>
        <testcase name="test_json_unlock_with_admin_role_and_succeed" file="/app/vendor/gammamatrix/playground-test/src/Feature/Http/Controllers/Resource/Playground/UnlockJsonTrait.php" line="194" class="Tests\Feature\Playground\Matrix\Api\Http\Controllers\Playground\EpicRouteTest" classname="Tests.Feature.Playground.Matrix.Api.Http.Controllers.Playground.EpicRouteTest" assertions="93" time="0.494935"/>
      </testsuite>
      <testsuite name="Tests\Feature\Playground\Matrix\Api\Http\Controllers\Playground\FlowRouteTest" file="/app/tests/Feature/Http/Controllers/Playground/FlowRouteTest.php" tests="37" assertions="1295" errors="0" failures="0" skipped="0" time="15.217402">
        <testcase name="test_json_guest_cannot_get_info" file="/app/vendor/gammamatrix/playground-test/src/Feature/Http/Controllers/Resource/Playground/CreateJsonTrait.php" line="24" class="Tests\Feature\Playground\Matrix\Api\Http\Controllers\Playground\FlowRouteTest" classname="Tests.Feature.Playground.Matrix.Api.Http.Controllers.Playground.FlowRouteTest" assertions="1" time="0.350933"/>
        <testcase name="test_json_guest_cannot_render_create_view_requesting_json" file="/app/vendor/gammamatrix/playground-test/src/Feature/Http/Controllers/Resource/Playground/CreateJsonTrait.php" line="38" class="Tests\Feature\Playground\Matrix\Api\Http\Controllers\Playground\FlowRouteTest" classname="Tests.Feature.Playground.Matrix.Api.Http.Controllers.Playground.FlowRouteTest" assertions="2" time="0.344062"/>
        <testcase name="test_json_create_info_with_admin" file="/app/vendor/gammamatrix/playground-test/src/Feature/Http/Controllers/Resource/Playground/CreateJsonTrait.php" line="55" class="Tests\Feature\Playground\Matrix\Api\Http\Controllers\Playground\FlowRouteTest" classname="Tests.Feature.Playground.Matrix.Api.Http.Controllers.Playground.FlowRouteTest" assertions="93" time="0.501673"/>
        <testcase name="test_json_create_info_by_admin_with_invalid_parameter" file="/app/vendor/gammamatrix/playground-test/src/Feature/Http/Controllers/Resource/Playground/CreateJsonTrait.php" line="79" class="Tests\Feature\Playground\Matrix\Api\Http\Controllers\Playground\FlowRouteTest" classname="Tests.Feature.Playground.Matrix.Api.Http.Controllers.Playground.FlowRouteTest" assertions="4" time="0.358451"/>
        <testcase name="test_json_guest_cannot_destroy" file="/app/vendor/gammamatrix/playground-test/src/Feature/Http/Controllers/Resource/Playground/DestroyJsonTrait.php" line="14" class="Tests\Feature\Playground\Matrix\Api\Http\Controllers\Playground\FlowRouteTest" classname="Tests.Feature.Playground.Matrix.Api.Http.Controllers.Playground.FlowRouteTest" assertions="3" time="0.363621"/>
        <testcase name="test_json_destroy_as_admin_user_and_succeed" file="/app/vendor/gammamatrix/playground-test/src/Feature/Http/Controllers/Resource/Playground/DestroyJsonTrait.php" line="48" class="Tests\Feature\Playground\Matrix\Api\Http\Controllers\Playground\FlowRouteTest" classname="Tests.Feature.Playground.Matrix.Api.Http.Controllers.Playground.FlowRouteTest" assertions="5" time="0.374206"/>
        <testcase name="test_json_destroy_as_admin_user_and_succeed_with_force_delete" file="/app/vendor/gammamatrix/playground-test/src/Feature/Http/Controllers/Resource/Playground/DestroyJsonTrait.php" line="92" class="Tests\Feature\Playground\Matrix\Api\Http\Controllers\Playground\FlowRouteTest" classname="Tests.Feature.Playground.Matrix.Api.Http.Controllers.Playground.FlowRouteTest" assertions="4" time="0.356044"/>
        <testcase name="test_json_destroy_as_admin_user_using_json_and_succeed_with_no_content" file="/app/vendor/gammamatrix/playground-test/src/Feature/Http/Controllers/Resource/Playground/DestroyJsonTrait.php" line="132" class="Tests\Feature\Playground\Matrix\Api\Http\Controllers\Playground\FlowRouteTest" classname="Tests.Feature.Playground.Matrix.Api.Http.Controllers.Playground.FlowRouteTest" assertions="5" time="0.382056"/>
        <testcase name="test_json_destroy_as_admin_user_and_succeed_with_redirect_to_index_with_trash" file="/app/vendor/gammamatrix/playground-test/src/Feature/Http/Controllers/Resource/Playground/DestroyJsonTrait.php" line="177" class="Tests\Feature\Playground\Matrix\Api\Http\Controllers\Playground\FlowRouteTest" classname="Tests.Feature.Playground.Matrix.Api.Http.Controllers.Playground.FlowRouteTest" assertions="5" time="0.363352"/>
        <testcase name="test_json_destroy_with_user_role_and_get_denied_and_no_force_delete_allowed" file="/app/vendor/gammamatrix/playground-test/src/Feature/Http/Controllers/Resource/Playground/DestroyJsonTrait.php" line="235" class="Tests\Feature\Playground\Matrix\Api\Http\Controllers\Playground\FlowRouteTest" classname="Tests.Feature.Playground.Matrix.Api.Http.Controllers.Playground.FlowRouteTest" assertions="3" time="0.365722"/>
        <testcase name="test_json_destroy_with_admin_role_and_succeed" file="/app/vendor/gammamatrix/playground-test/src/Feature/Http/Controllers/Resource/Playground/DestroyJsonTrait.php" line="277" class="Tests\Feature\Playground\Matrix\Api\Http\Controllers\Playground\FlowRouteTest" classname="Tests.Feature.Playground.Matrix.Api.Http.Controllers.Playground.FlowRouteTest" assertions="5" time="0.358829"/>
        <testcase name="test_json_destroy_with_admin_role_and_succeed_with_force_delete" file="/app/vendor/gammamatrix/playground-test/src/Feature/Http/Controllers/Resource/Playground/DestroyJsonTrait.php" line="322" class="Tests\Feature\Playground\Matrix\Api\Http\Controllers\Playground\FlowRouteTest" classname="Tests.Feature.Playground.Matrix.Api.Http.Controllers.Playground.FlowRouteTest" assertions="4" time="0.359248"/>
        <testcase name="test_json_guest_cannot_render_edit_view" file="/app/vendor/gammamatrix/playground-test/src/Feature/Http/Controllers/Resource/Playground/EditJsonTrait.php" line="14" class="Tests\Feature\Playground\Matrix\Api\Http\Controllers\Playground\FlowRouteTest" classname="Tests.Feature.Playground.Matrix.Api.Http.Controllers.Playground.FlowRouteTest" assertions="1" time="0.363025"/>
        <testcase name="test_json_edit_as_admin_view_rendered_by_user_with_return_url" file="/app/vendor/gammamatrix/playground-test/src/Feature/Http/Controllers/Resource/Playground/EditJsonTrait.php" line="33" class="Tests\Feature\Playground\Matrix\Api\Http\Controllers\Playground\FlowRouteTest" classname="Tests.Feature.Playground.Matrix.Api.Http.Controllers.Playground.FlowRouteTest" assertions="4" time="0.378038"/>
        <testcase name="test_json_edit_as_admin_info_with_user" file="/app/vendor/gammamatrix/playground-test/src/Feature/Http/Controllers/Resource/Playground/EditJsonTrait.php" line="70" class="Tests\Feature\Playground\Matrix\Api\Http\Controllers\Playground\FlowRouteTest" classname="Tests.Feature.Playground.Matrix.Api.Http.Controllers.Playground.FlowRouteTest" assertions="4" time="0.383248"/>
        <testcase name="test_json_edit_as_admin_view_rendered_by_user_with_invalid_parameter" file="/app/vendor/gammamatrix/playground-test/src/Feature/Http/Controllers/Resource/Playground/EditJsonTrait.php" line="99" class="Tests\Feature\Playground\Matrix\Api\Http\Controllers\Playground\FlowRouteTest" classname="Tests.Feature.Playground.Matrix.Api.Http.Controllers.Playground.FlowRouteTest" assertions="4" time="0.372707"/>
        <testcase name="test_json_guest_cannot_render_index_view" file="/app/vendor/gammamatrix/playground-test/src/Feature/Http/Controllers/Resource/Playground/IndexJsonTrait.php" line="24" class="Tests\Feature\Playground\Matrix\Api\Http\Controllers\Playground\FlowRouteTest" classname="Tests.Feature.Playground.Matrix.Api.Http.Controllers.Playground.FlowRouteTest" assertions="1" time="0.351163"/>
        <testcase name="test_json_index_view_rendered_by_admin" file="/app/vendor/gammamatrix/playground-test/src/Feature/Http/Controllers/Resource/Playground/IndexJsonTrait.php" line="40" class="Tests\Feature\Playground\Matrix\Api\Http\Controllers\Playground\FlowRouteTest" classname="Tests.Feature.Playground.Matrix.Api.Http.Controllers.Playground.FlowRouteTest" assertions="98" time="0.567923"/>
        <testcase name="test_json_index_as_admin" file="/app/vendor/gammamatrix/playground-test/src/Feature/Http/Controllers/Resource/Playground/IndexJsonTrait.php" line="64" class="Tests\Feature\Playground\Matrix\Api\Http\Controllers\Playground\FlowRouteTest" classname="Tests.Feature.Playground.Matrix.Api.Http.Controllers.Playground.FlowRouteTest" assertions="98" time="0.561083"/>
        <testcase name="test_json_guest_cannot_lock" file="/app/vendor/gammamatrix/playground-test/src/Feature/Http/Controllers/Resource/Playground/LockJsonTrait.php" line="14" class="Tests\Feature\Playground\Matrix\Api\Http\Controllers\Playground\FlowRouteTest" classname="Tests.Feature.Playground.Matrix.Api.Http.Controllers.Playground.FlowRouteTest" assertions="3" time="0.369453"/>
        <testcase name="test_json_lock_as_admin_user_and_succeed" file="/app/vendor/gammamatrix/playground-test/src/Feature/Http/Controllers/Resource/Playground/LockJsonTrait.php" line="46" class="Tests\Feature\Playground\Matrix\Api\Http\Controllers\Playground\FlowRouteTest" classname="Tests.Feature.Playground.Matrix.Api.Http.Controllers.Playground.FlowRouteTest" assertions="3" time="0.365412"/>
        <testcase name="test_json_lock_as_admin_user_and_succeed_with_no_redirect" file="/app/vendor/gammamatrix/playground-test/src/Feature/Http/Controllers/Resource/Playground/LockJsonTrait.php" line="85" class="Tests\Feature\Playground\Matrix\Api\Http\Controllers\Playground\FlowRouteTest" classname="Tests.Feature.Playground.Matrix.Api.Http.Controllers.Playground.FlowRouteTest" assertions="93" time="0.480141"/>
        <testcase name="test_json_lock_with_user_role_and_get_denied" file="/app/vendor/gammamatrix/playground-test/src/Feature/Http/Controllers/Resource/Playground/LockJsonTrait.php" line="138" class="Tests\Feature\Playground\Matrix\Api\Http\Controllers\Playground\FlowRouteTest" classname="Tests.Feature.Playground.Matrix.Api.Http.Controllers.Playground.FlowRouteTest" assertions="3" time="0.370362"/>
        <testcase name="test_json_lock_with_admin_role_and_succeed" file="/app/vendor/gammamatrix/playground-test/src/Feature/Http/Controllers/Resource/Playground/LockJsonTrait.php" line="178" class="Tests\Feature\Playground\Matrix\Api\Http\Controllers\Playground\FlowRouteTest" classname="Tests.Feature.Playground.Matrix.Api.Http.Controllers.Playground.FlowRouteTest" assertions="93" time="0.477838"/>
        <testcase name="test_json_lock_with_admin_role_and_succeed_with_json" file="/app/vendor/gammamatrix/playground-test/src/Feature/Http/Controllers/Resource/Playground/LockJsonTrait.php" line="219" class="Tests\Feature\Playground\Matrix\Api\Http\Controllers\Playground\FlowRouteTest" classname="Tests.Feature.Playground.Matrix.Api.Http.Controllers.Playground.FlowRouteTest" assertions="93" time="0.488522"/>
        <testcase name="test_json_guest_cannot_restore" file="/app/vendor/gammamatrix/playground-test/src/Feature/Http/Controllers/Resource/Playground/RestoreJsonTrait.php" line="15" class="Tests\Feature\Playground\Matrix\Api\Http\Controllers\Playground\FlowRouteTest" classname="Tests.Feature.Playground.Matrix.Api.Http.Controllers.Playground.FlowRouteTest" assertions="3" time="0.350825"/>
        <testcase name="test_json_restore_as_admin_user_and_succeed" file="/app/vendor/gammamatrix/playground-test/src/Feature/Http/Controllers/Resource/Playground/RestoreJsonTrait.php" line="52" class="Tests\Feature\Playground\Matrix\Api\Http\Controllers\Playground\FlowRouteTest" classname="Tests.Feature.Playground.Matrix.Api.Http.Controllers.Playground.FlowRouteTest" assertions="93" time="0.493540"/>
        <testcase name="test_json_restore_as_admin_user_and_succeed_with_no_redirect" file="/app/vendor/gammamatrix/playground-test/src/Feature/Http/Controllers/Resource/Playground/RestoreJsonTrait.php" line="96" class="Tests\Feature\Playground\Matrix\Api\Http\Controllers\Playground\FlowRouteTest" classname="Tests.Feature.Playground.Matrix.Api.Http.Controllers.Playground.FlowRouteTest" assertions="93" time="0.477328"/>
        <testcase name="test_json_restore_with_user_role_and_get_denied" file="/app/vendor/gammamatrix/playground-test/src/Feature/Http/Controllers/Resource/Playground/RestoreJsonTrait.php" line="153" class="Tests\Feature\Playground\Matrix\Api\Http\Controllers\Playground\FlowRouteTest" classname="Tests.Feature.Playground.Matrix.Api.Http.Controllers.Playground.FlowRouteTest" assertions="3" time="0.363926"/>
        <testcase name="test_json_restore_with_admin_role_and_succeed" file="/app/vendor/gammamatrix/playground-test/src/Feature/Http/Controllers/Resource/Playground/RestoreJsonTrait.php" line="195" class="Tests\Feature\Playground\Matrix\Api\Http\Controllers\Playground\FlowRouteTest" classname="Tests.Feature.Playground.Matrix.Api.Http.Controllers.Playground.FlowRouteTest" assertions="93" time="0.496017"/>
        <testcase name="test_json_guest_cannot_see_info" file="/app/vendor/gammamatrix/playground-test/src/Feature/Http/Controllers/Resource/Playground/ShowJsonTrait.php" line="14" class="Tests\Feature\Playground\Matrix\Api\Http\Controllers\Playground\FlowRouteTest" classname="Tests.Feature.Playground.Matrix.Api.Http.Controllers.Playground.FlowRouteTest" assertions="1" time="0.355986"/>
        <testcase name="test_json_show_info_for_admin" file="/app/vendor/gammamatrix/playground-test/src/Feature/Http/Controllers/Resource/Playground/ShowJsonTrait.php" line="33" class="Tests\Feature\Playground\Matrix\Api\Http\Controllers\Playground\FlowRouteTest" classname="Tests.Feature.Playground.Matrix.Api.Http.Controllers.Playground.FlowRouteTest" assertions="92" time="0.484801"/>
        <testcase name="test_json_guest_cannot_unlock" file="/app/vendor/gammamatrix/playground-test/src/Feature/Http/Controllers/Resource/Playground/UnlockJsonTrait.php" line="14" class="Tests\Feature\Playground\Matrix\Api\Http\Controllers\Playground\FlowRouteTest" classname="Tests.Feature.Playground.Matrix.Api.Http.Controllers.Playground.FlowRouteTest" assertions="3" time="0.351320"/>
        <testcase name="test_json_unlock_as_admin_user_and_succeed" file="/app/vendor/gammamatrix/playground-test/src/Feature/Http/Controllers/Resource/Playground/UnlockJsonTrait.php" line="50" class="Tests\Feature\Playground\Matrix\Api\Http\Controllers\Playground\FlowRouteTest" classname="Tests.Feature.Playground.Matrix.Api.Http.Controllers.Playground.FlowRouteTest" assertions="93" time="0.498882"/>
        <testcase name="test_json_unlock_as_admin_user_and_succeed_with_no_redirect" file="/app/vendor/gammamatrix/playground-test/src/Feature/Http/Controllers/Resource/Playground/UnlockJsonTrait.php" line="94" class="Tests\Feature\Playground\Matrix\Api\Http\Controllers\Playground\FlowRouteTest" classname="Tests.Feature.Playground.Matrix.Api.Http.Controllers.Playground.FlowRouteTest" assertions="93" time="0.480105"/>
        <testcase name="test_json_unlock_with_user_role_and_get_denied" file="/app/vendor/gammamatrix/playground-test/src/Feature/Http/Controllers/Resource/Playground/UnlockJsonTrait.php" line="149" class="Tests\Feature\Playground\Matrix\Api\Http\Controllers\Playground\FlowRouteTest" classname="Tests.Feature.Playground.Matrix.Api.Http.Controllers.Playground.FlowRouteTest" assertions="3" time="0.364412"/>
        <testcase name="test_json_unlock_with_admin_role_and_succeed" file="/app/vendor/gammamatrix/playground-test/src/Feature/Http/Controllers/Resource/Playground/UnlockJsonTrait.php" line="194" class="Tests\Feature\Playground\Matrix\Api\Http\Controllers\Playground\FlowRouteTest" classname="Tests.Feature.Playground.Matrix.Api.Http.Controllers.Playground.FlowRouteTest" assertions="93" time="0.493145"/>
      </testsuite>
      <testsuite name="Tests\Feature\Playground\Matrix\Api\Http\Controllers\Playground\MilestoneRouteTest" file="/app/tests/Feature/Http/Controllers/Playground/MilestoneRouteTest.php" tests="37" assertions="1295" errors="0" failures="0" skipped="0" time="15.281480">
        <testcase name="test_json_guest_cannot_get_info" file="/app/vendor/gammamatrix/playground-test/src/Feature/Http/Controllers/Resource/Playground/CreateJsonTrait.php" line="24" class="Tests\Feature\Playground\Matrix\Api\Http\Controllers\Playground\MilestoneRouteTest" classname="Tests.Feature.Playground.Matrix.Api.Http.Controllers.Playground.MilestoneRouteTest" assertions="1" time="0.394300"/>
        <testcase name="test_json_guest_cannot_render_create_view_requesting_json" file="/app/vendor/gammamatrix/playground-test/src/Feature/Http/Controllers/Resource/Playground/CreateJsonTrait.php" line="38" class="Tests\Feature\Playground\Matrix\Api\Http\Controllers\Playground\MilestoneRouteTest" classname="Tests.Feature.Playground.Matrix.Api.Http.Controllers.Playground.MilestoneRouteTest" assertions="2" time="0.352654"/>
        <testcase name="test_json_create_info_with_admin" file="/app/vendor/gammamatrix/playground-test/src/Feature/Http/Controllers/Resource/Playground/CreateJsonTrait.php" line="55" class="Tests\Feature\Playground\Matrix\Api\Http\Controllers\Playground\MilestoneRouteTest" classname="Tests.Feature.Playground.Matrix.Api.Http.Controllers.Playground.MilestoneRouteTest" assertions="93" time="0.461469"/>
        <testcase name="test_json_create_info_by_admin_with_invalid_parameter" file="/app/vendor/gammamatrix/playground-test/src/Feature/Http/Controllers/Resource/Playground/CreateJsonTrait.php" line="79" class="Tests\Feature\Playground\Matrix\Api\Http\Controllers\Playground\MilestoneRouteTest" classname="Tests.Feature.Playground.Matrix.Api.Http.Controllers.Playground.MilestoneRouteTest" assertions="4" time="0.356828"/>
        <testcase name="test_json_guest_cannot_destroy" file="/app/vendor/gammamatrix/playground-test/src/Feature/Http/Controllers/Resource/Playground/DestroyJsonTrait.php" line="14" class="Tests\Feature\Playground\Matrix\Api\Http\Controllers\Playground\MilestoneRouteTest" classname="Tests.Feature.Playground.Matrix.Api.Http.Controllers.Playground.MilestoneRouteTest" assertions="3" time="0.366492"/>
        <testcase name="test_json_destroy_as_admin_user_and_succeed" file="/app/vendor/gammamatrix/playground-test/src/Feature/Http/Controllers/Resource/Playground/DestroyJsonTrait.php" line="48" class="Tests\Feature\Playground\Matrix\Api\Http\Controllers\Playground\MilestoneRouteTest" classname="Tests.Feature.Playground.Matrix.Api.Http.Controllers.Playground.MilestoneRouteTest" assertions="5" time="0.370268"/>
        <testcase name="test_json_destroy_as_admin_user_and_succeed_with_force_delete" file="/app/vendor/gammamatrix/playground-test/src/Feature/Http/Controllers/Resource/Playground/DestroyJsonTrait.php" line="92" class="Tests\Feature\Playground\Matrix\Api\Http\Controllers\Playground\MilestoneRouteTest" classname="Tests.Feature.Playground.Matrix.Api.Http.Controllers.Playground.MilestoneRouteTest" assertions="4" time="0.360521"/>
        <testcase name="test_json_destroy_as_admin_user_using_json_and_succeed_with_no_content" file="/app/vendor/gammamatrix/playground-test/src/Feature/Http/Controllers/Resource/Playground/DestroyJsonTrait.php" line="132" class="Tests\Feature\Playground\Matrix\Api\Http\Controllers\Playground\MilestoneRouteTest" classname="Tests.Feature.Playground.Matrix.Api.Http.Controllers.Playground.MilestoneRouteTest" assertions="5" time="0.370746"/>
        <testcase name="test_json_destroy_as_admin_user_and_succeed_with_redirect_to_index_with_trash" file="/app/vendor/gammamatrix/playground-test/src/Feature/Http/Controllers/Resource/Playground/DestroyJsonTrait.php" line="177" class="Tests\Feature\Playground\Matrix\Api\Http\Controllers\Playground\MilestoneRouteTest" classname="Tests.Feature.Playground.Matrix.Api.Http.Controllers.Playground.MilestoneRouteTest" assertions="5" time="0.359728"/>
        <testcase name="test_json_destroy_with_user_role_and_get_denied_and_no_force_delete_allowed" file="/app/vendor/gammamatrix/playground-test/src/Feature/Http/Controllers/Resource/Playground/DestroyJsonTrait.php" line="235" class="Tests\Feature\Playground\Matrix\Api\Http\Controllers\Playground\MilestoneRouteTest" classname="Tests.Feature.Playground.Matrix.Api.Http.Controllers.Playground.MilestoneRouteTest" assertions="3" time="0.381484"/>
        <testcase name="test_json_destroy_with_admin_role_and_succeed" file="/app/vendor/gammamatrix/playground-test/src/Feature/Http/Controllers/Resource/Playground/DestroyJsonTrait.php" line="277" class="Tests\Feature\Playground\Matrix\Api\Http\Controllers\Playground\MilestoneRouteTest" classname="Tests.Feature.Playground.Matrix.Api.Http.Controllers.Playground.MilestoneRouteTest" assertions="5" time="0.361628"/>
        <testcase name="test_json_destroy_with_admin_role_and_succeed_with_force_delete" file="/app/vendor/gammamatrix/playground-test/src/Feature/Http/Controllers/Resource/Playground/DestroyJsonTrait.php" line="322" class="Tests\Feature\Playground\Matrix\Api\Http\Controllers\Playground\MilestoneRouteTest" classname="Tests.Feature.Playground.Matrix.Api.Http.Controllers.Playground.MilestoneRouteTest" assertions="4" time="0.362150"/>
        <testcase name="test_json_guest_cannot_render_edit_view" file="/app/vendor/gammamatrix/playground-test/src/Feature/Http/Controllers/Resource/Playground/EditJsonTrait.php" line="14" class="Tests\Feature\Playground\Matrix\Api\Http\Controllers\Playground\MilestoneRouteTest" classname="Tests.Feature.Playground.Matrix.Api.Http.Controllers.Playground.MilestoneRouteTest" assertions="1" time="0.390178"/>
        <testcase name="test_json_edit_as_admin_view_rendered_by_user_with_return_url" file="/app/vendor/gammamatrix/playground-test/src/Feature/Http/Controllers/Resource/Playground/EditJsonTrait.php" line="33" class="Tests\Feature\Playground\Matrix\Api\Http\Controllers\Playground\MilestoneRouteTest" classname="Tests.Feature.Playground.Matrix.Api.Http.Controllers.Playground.MilestoneRouteTest" assertions="4" time="0.377497"/>
        <testcase name="test_json_edit_as_admin_info_with_user" file="/app/vendor/gammamatrix/playground-test/src/Feature/Http/Controllers/Resource/Playground/EditJsonTrait.php" line="70" class="Tests\Feature\Playground\Matrix\Api\Http\Controllers\Playground\MilestoneRouteTest" classname="Tests.Feature.Playground.Matrix.Api.Http.Controllers.Playground.MilestoneRouteTest" assertions="4" time="0.378965"/>
        <testcase name="test_json_edit_as_admin_view_rendered_by_user_with_invalid_parameter" file="/app/vendor/gammamatrix/playground-test/src/Feature/Http/Controllers/Resource/Playground/EditJsonTrait.php" line="99" class="Tests\Feature\Playground\Matrix\Api\Http\Controllers\Playground\MilestoneRouteTest" classname="Tests.Feature.Playground.Matrix.Api.Http.Controllers.Playground.MilestoneRouteTest" assertions="4" time="0.390042"/>
        <testcase name="test_json_guest_cannot_render_index_view" file="/app/vendor/gammamatrix/playground-test/src/Feature/Http/Controllers/Resource/Playground/IndexJsonTrait.php" line="24" class="Tests\Feature\Playground\Matrix\Api\Http\Controllers\Playground\MilestoneRouteTest" classname="Tests.Feature.Playground.Matrix.Api.Http.Controllers.Playground.MilestoneRouteTest" assertions="1" time="0.390995"/>
        <testcase name="test_json_index_view_rendered_by_admin" file="/app/vendor/gammamatrix/playground-test/src/Feature/Http/Controllers/Resource/Playground/IndexJsonTrait.php" line="40" class="Tests\Feature\Playground\Matrix\Api\Http\Controllers\Playground\MilestoneRouteTest" classname="Tests.Feature.Playground.Matrix.Api.Http.Controllers.Playground.MilestoneRouteTest" assertions="98" time="0.554560"/>
        <testcase name="test_json_index_as_admin" file="/app/vendor/gammamatrix/playground-test/src/Feature/Http/Controllers/Resource/Playground/IndexJsonTrait.php" line="64" class="Tests\Feature\Playground\Matrix\Api\Http\Controllers\Playground\MilestoneRouteTest" classname="Tests.Feature.Playground.Matrix.Api.Http.Controllers.Playground.MilestoneRouteTest" assertions="98" time="0.524394"/>
        <testcase name="test_json_guest_cannot_lock" file="/app/vendor/gammamatrix/playground-test/src/Feature/Http/Controllers/Resource/Playground/LockJsonTrait.php" line="14" class="Tests\Feature\Playground\Matrix\Api\Http\Controllers\Playground\MilestoneRouteTest" classname="Tests.Feature.Playground.Matrix.Api.Http.Controllers.Playground.MilestoneRouteTest" assertions="3" time="0.374980"/>
        <testcase name="test_json_lock_as_admin_user_and_succeed" file="/app/vendor/gammamatrix/playground-test/src/Feature/Http/Controllers/Resource/Playground/LockJsonTrait.php" line="46" class="Tests\Feature\Playground\Matrix\Api\Http\Controllers\Playground\MilestoneRouteTest" classname="Tests.Feature.Playground.Matrix.Api.Http.Controllers.Playground.MilestoneRouteTest" assertions="3" time="0.378134"/>
        <testcase name="test_json_lock_as_admin_user_and_succeed_with_no_redirect" file="/app/vendor/gammamatrix/playground-test/src/Feature/Http/Controllers/Resource/Playground/LockJsonTrait.php" line="85" class="Tests\Feature\Playground\Matrix\Api\Http\Controllers\Playground\MilestoneRouteTest" classname="Tests.Feature.Playground.Matrix.Api.Http.Controllers.Playground.MilestoneRouteTest" assertions="93" time="0.475806"/>
        <testcase name="test_json_lock_with_user_role_and_get_denied" file="/app/vendor/gammamatrix/playground-test/src/Feature/Http/Controllers/Resource/Playground/LockJsonTrait.php" line="138" class="Tests\Feature\Playground\Matrix\Api\Http\Controllers\Playground\MilestoneRouteTest" classname="Tests.Feature.Playground.Matrix.Api.Http.Controllers.Playground.MilestoneRouteTest" assertions="3" time="0.373441"/>
        <testcase name="test_json_lock_with_admin_role_and_succeed" file="/app/vendor/gammamatrix/playground-test/src/Feature/Http/Controllers/Resource/Playground/LockJsonTrait.php" line="178" class="Tests\Feature\Playground\Matrix\Api\Http\Controllers\Playground\MilestoneRouteTest" classname="Tests.Feature.Playground.Matrix.Api.Http.Controllers.Playground.MilestoneRouteTest" assertions="93" time="0.468076"/>
        <testcase name="test_json_lock_with_admin_role_and_succeed_with_json" file="/app/vendor/gammamatrix/playground-test/src/Feature/Http/Controllers/Resource/Playground/LockJsonTrait.php" line="219" class="Tests\Feature\Playground\Matrix\Api\Http\Controllers\Playground\MilestoneRouteTest" classname="Tests.Feature.Playground.Matrix.Api.Http.Controllers.Playground.MilestoneRouteTest" assertions="93" time="0.496387"/>
        <testcase name="test_json_guest_cannot_restore" file="/app/vendor/gammamatrix/playground-test/src/Feature/Http/Controllers/Resource/Playground/RestoreJsonTrait.php" line="15" class="Tests\Feature\Playground\Matrix\Api\Http\Controllers\Playground\MilestoneRouteTest" classname="Tests.Feature.Playground.Matrix.Api.Http.Controllers.Playground.MilestoneRouteTest" assertions="3" time="0.357786"/>
        <testcase name="test_json_restore_as_admin_user_and_succeed" file="/app/vendor/gammamatrix/playground-test/src/Feature/Http/Controllers/Resource/Playground/RestoreJsonTrait.php" line="52" class="Tests\Feature\Playground\Matrix\Api\Http\Controllers\Playground\MilestoneRouteTest" classname="Tests.Feature.Playground.Matrix.Api.Http.Controllers.Playground.MilestoneRouteTest" assertions="93" time="0.488860"/>
        <testcase name="test_json_restore_as_admin_user_and_succeed_with_no_redirect" file="/app/vendor/gammamatrix/playground-test/src/Feature/Http/Controllers/Resource/Playground/RestoreJsonTrait.php" line="96" class="Tests\Feature\Playground\Matrix\Api\Http\Controllers\Playground\MilestoneRouteTest" classname="Tests.Feature.Playground.Matrix.Api.Http.Controllers.Playground.MilestoneRouteTest" assertions="93" time="0.472501"/>
        <testcase name="test_json_restore_with_user_role_and_get_denied" file="/app/vendor/gammamatrix/playground-test/src/Feature/Http/Controllers/Resource/Playground/RestoreJsonTrait.php" line="153" class="Tests\Feature\Playground\Matrix\Api\Http\Controllers\Playground\MilestoneRouteTest" classname="Tests.Feature.Playground.Matrix.Api.Http.Controllers.Playground.MilestoneRouteTest" assertions="3" time="0.359773"/>
        <testcase name="test_json_restore_with_admin_role_and_succeed" file="/app/vendor/gammamatrix/playground-test/src/Feature/Http/Controllers/Resource/Playground/RestoreJsonTrait.php" line="195" class="Tests\Feature\Playground\Matrix\Api\Http\Controllers\Playground\MilestoneRouteTest" classname="Tests.Feature.Playground.Matrix.Api.Http.Controllers.Playground.MilestoneRouteTest" assertions="93" time="0.494990"/>
        <testcase name="test_json_guest_cannot_see_info" file="/app/vendor/gammamatrix/playground-test/src/Feature/Http/Controllers/Resource/Playground/ShowJsonTrait.php" line="14" class="Tests\Feature\Playground\Matrix\Api\Http\Controllers\Playground\MilestoneRouteTest" classname="Tests.Feature.Playground.Matrix.Api.Http.Controllers.Playground.MilestoneRouteTest" assertions="1" time="0.352924"/>
        <testcase name="test_json_show_info_for_admin" file="/app/vendor/gammamatrix/playground-test/src/Feature/Http/Controllers/Resource/Playground/ShowJsonTrait.php" line="33" class="Tests\Feature\Playground\Matrix\Api\Http\Controllers\Playground\MilestoneRouteTest" classname="Tests.Feature.Playground.Matrix.Api.Http.Controllers.Playground.MilestoneRouteTest" assertions="92" time="0.498114"/>
        <testcase name="test_json_guest_cannot_unlock" file="/app/vendor/gammamatrix/playground-test/src/Feature/Http/Controllers/Resource/Playground/UnlockJsonTrait.php" line="14" class="Tests\Feature\Playground\Matrix\Api\Http\Controllers\Playground\MilestoneRouteTest" classname="Tests.Feature.Playground.Matrix.Api.Http.Controllers.Playground.MilestoneRouteTest" assertions="3" time="0.363742"/>
        <testcase name="test_json_unlock_as_admin_user_and_succeed" file="/app/vendor/gammamatrix/playground-test/src/Feature/Http/Controllers/Resource/Playground/UnlockJsonTrait.php" line="50" class="Tests\Feature\Playground\Matrix\Api\Http\Controllers\Playground\MilestoneRouteTest" classname="Tests.Feature.Playground.Matrix.Api.Http.Controllers.Playground.MilestoneRouteTest" assertions="93" time="0.493177"/>
        <testcase name="test_json_unlock_as_admin_user_and_succeed_with_no_redirect" file="/app/vendor/gammamatrix/playground-test/src/Feature/Http/Controllers/Resource/Playground/UnlockJsonTrait.php" line="94" class="Tests\Feature\Playground\Matrix\Api\Http\Controllers\Playground\MilestoneRouteTest" classname="Tests.Feature.Playground.Matrix.Api.Http.Controllers.Playground.MilestoneRouteTest" assertions="93" time="0.473049"/>
        <testcase name="test_json_unlock_with_user_role_and_get_denied" file="/app/vendor/gammamatrix/playground-test/src/Feature/Http/Controllers/Resource/Playground/UnlockJsonTrait.php" line="149" class="Tests\Feature\Playground\Matrix\Api\Http\Controllers\Playground\MilestoneRouteTest" classname="Tests.Feature.Playground.Matrix.Api.Http.Controllers.Playground.MilestoneRouteTest" assertions="3" time="0.361317"/>
        <testcase name="test_json_unlock_with_admin_role_and_succeed" file="/app/vendor/gammamatrix/playground-test/src/Feature/Http/Controllers/Resource/Playground/UnlockJsonTrait.php" line="194" class="Tests\Feature\Playground\Matrix\Api\Http\Controllers\Playground\MilestoneRouteTest" classname="Tests.Feature.Playground.Matrix.Api.Http.Controllers.Playground.MilestoneRouteTest" assertions="93" time="0.493522"/>
      </testsuite>
      <testsuite name="Tests\Feature\Playground\Matrix\Api\Http\Controllers\Playground\NoteRouteTest" file="/app/tests/Feature/Http/Controllers/Playground/NoteRouteTest.php" tests="37" assertions="1113" errors="0" failures="0" skipped="0" time="14.948649">
        <testcase name="test_json_guest_cannot_get_info" file="/app/vendor/gammamatrix/playground-test/src/Feature/Http/Controllers/Resource/Playground/CreateJsonTrait.php" line="24" class="Tests\Feature\Playground\Matrix\Api\Http\Controllers\Playground\NoteRouteTest" classname="Tests.Feature.Playground.Matrix.Api.Http.Controllers.Playground.NoteRouteTest" assertions="1" time="0.389911"/>
        <testcase name="test_json_guest_cannot_render_create_view_requesting_json" file="/app/vendor/gammamatrix/playground-test/src/Feature/Http/Controllers/Resource/Playground/CreateJsonTrait.php" line="38" class="Tests\Feature\Playground\Matrix\Api\Http\Controllers\Playground\NoteRouteTest" classname="Tests.Feature.Playground.Matrix.Api.Http.Controllers.Playground.NoteRouteTest" assertions="2" time="0.369247"/>
        <testcase name="test_json_create_info_with_admin" file="/app/vendor/gammamatrix/playground-test/src/Feature/Http/Controllers/Resource/Playground/CreateJsonTrait.php" line="55" class="Tests\Feature\Playground\Matrix\Api\Http\Controllers\Playground\NoteRouteTest" classname="Tests.Feature.Playground.Matrix.Api.Http.Controllers.Playground.NoteRouteTest" assertions="79" time="0.437286"/>
        <testcase name="test_json_create_info_by_admin_with_invalid_parameter" file="/app/vendor/gammamatrix/playground-test/src/Feature/Http/Controllers/Resource/Playground/CreateJsonTrait.php" line="79" class="Tests\Feature\Playground\Matrix\Api\Http\Controllers\Playground\NoteRouteTest" classname="Tests.Feature.Playground.Matrix.Api.Http.Controllers.Playground.NoteRouteTest" assertions="4" time="0.353178"/>
        <testcase name="test_json_guest_cannot_destroy" file="/app/vendor/gammamatrix/playground-test/src/Feature/Http/Controllers/Resource/Playground/DestroyJsonTrait.php" line="14" class="Tests\Feature\Playground\Matrix\Api\Http\Controllers\Playground\NoteRouteTest" classname="Tests.Feature.Playground.Matrix.Api.Http.Controllers.Playground.NoteRouteTest" assertions="3" time="0.377647"/>
        <testcase name="test_json_destroy_as_admin_user_and_succeed" file="/app/vendor/gammamatrix/playground-test/src/Feature/Http/Controllers/Resource/Playground/DestroyJsonTrait.php" line="48" class="Tests\Feature\Playground\Matrix\Api\Http\Controllers\Playground\NoteRouteTest" classname="Tests.Feature.Playground.Matrix.Api.Http.Controllers.Playground.NoteRouteTest" assertions="5" time="0.383145"/>
        <testcase name="test_json_destroy_as_admin_user_and_succeed_with_force_delete" file="/app/vendor/gammamatrix/playground-test/src/Feature/Http/Controllers/Resource/Playground/DestroyJsonTrait.php" line="92" class="Tests\Feature\Playground\Matrix\Api\Http\Controllers\Playground\NoteRouteTest" classname="Tests.Feature.Playground.Matrix.Api.Http.Controllers.Playground.NoteRouteTest" assertions="4" time="0.357093"/>
        <testcase name="test_json_destroy_as_admin_user_using_json_and_succeed_with_no_content" file="/app/vendor/gammamatrix/playground-test/src/Feature/Http/Controllers/Resource/Playground/DestroyJsonTrait.php" line="132" class="Tests\Feature\Playground\Matrix\Api\Http\Controllers\Playground\NoteRouteTest" classname="Tests.Feature.Playground.Matrix.Api.Http.Controllers.Playground.NoteRouteTest" assertions="5" time="0.378791"/>
        <testcase name="test_json_destroy_as_admin_user_and_succeed_with_redirect_to_index_with_trash" file="/app/vendor/gammamatrix/playground-test/src/Feature/Http/Controllers/Resource/Playground/DestroyJsonTrait.php" line="177" class="Tests\Feature\Playground\Matrix\Api\Http\Controllers\Playground\NoteRouteTest" classname="Tests.Feature.Playground.Matrix.Api.Http.Controllers.Playground.NoteRouteTest" assertions="5" time="0.360849"/>
        <testcase name="test_json_destroy_with_user_role_and_get_denied_and_no_force_delete_allowed" file="/app/vendor/gammamatrix/playground-test/src/Feature/Http/Controllers/Resource/Playground/DestroyJsonTrait.php" line="235" class="Tests\Feature\Playground\Matrix\Api\Http\Controllers\Playground\NoteRouteTest" classname="Tests.Feature.Playground.Matrix.Api.Http.Controllers.Playground.NoteRouteTest" assertions="3" time="0.382371"/>
        <testcase name="test_json_destroy_with_admin_role_and_succeed" file="/app/vendor/gammamatrix/playground-test/src/Feature/Http/Controllers/Resource/Playground/DestroyJsonTrait.php" line="277" class="Tests\Feature\Playground\Matrix\Api\Http\Controllers\Playground\NoteRouteTest" classname="Tests.Feature.Playground.Matrix.Api.Http.Controllers.Playground.NoteRouteTest" assertions="5" time="0.366749"/>
        <testcase name="test_json_destroy_with_admin_role_and_succeed_with_force_delete" file="/app/vendor/gammamatrix/playground-test/src/Feature/Http/Controllers/Resource/Playground/DestroyJsonTrait.php" line="322" class="Tests\Feature\Playground\Matrix\Api\Http\Controllers\Playground\NoteRouteTest" classname="Tests.Feature.Playground.Matrix.Api.Http.Controllers.Playground.NoteRouteTest" assertions="4" time="0.359599"/>
        <testcase name="test_json_guest_cannot_render_edit_view" file="/app/vendor/gammamatrix/playground-test/src/Feature/Http/Controllers/Resource/Playground/EditJsonTrait.php" line="14" class="Tests\Feature\Playground\Matrix\Api\Http\Controllers\Playground\NoteRouteTest" classname="Tests.Feature.Playground.Matrix.Api.Http.Controllers.Playground.NoteRouteTest" assertions="1" time="0.383392"/>
        <testcase name="test_json_edit_as_admin_view_rendered_by_user_with_return_url" file="/app/vendor/gammamatrix/playground-test/src/Feature/Http/Controllers/Resource/Playground/EditJsonTrait.php" line="33" class="Tests\Feature\Playground\Matrix\Api\Http\Controllers\Playground\NoteRouteTest" classname="Tests.Feature.Playground.Matrix.Api.Http.Controllers.Playground.NoteRouteTest" assertions="4" time="0.369381"/>
        <testcase name="test_json_edit_as_admin_info_with_user" file="/app/vendor/gammamatrix/playground-test/src/Feature/Http/Controllers/Resource/Playground/EditJsonTrait.php" line="70" class="Tests\Feature\Playground\Matrix\Api\Http\Controllers\Playground\NoteRouteTest" classname="Tests.Feature.Playground.Matrix.Api.Http.Controllers.Playground.NoteRouteTest" assertions="4" time="0.375478"/>
        <testcase name="test_json_edit_as_admin_view_rendered_by_user_with_invalid_parameter" file="/app/vendor/gammamatrix/playground-test/src/Feature/Http/Controllers/Resource/Playground/EditJsonTrait.php" line="99" class="Tests\Feature\Playground\Matrix\Api\Http\Controllers\Playground\NoteRouteTest" classname="Tests.Feature.Playground.Matrix.Api.Http.Controllers.Playground.NoteRouteTest" assertions="4" time="0.386046"/>
        <testcase name="test_json_guest_cannot_render_index_view" file="/app/vendor/gammamatrix/playground-test/src/Feature/Http/Controllers/Resource/Playground/IndexJsonTrait.php" line="24" class="Tests\Feature\Playground\Matrix\Api\Http\Controllers\Playground\NoteRouteTest" classname="Tests.Feature.Playground.Matrix.Api.Http.Controllers.Playground.NoteRouteTest" assertions="1" time="0.375736"/>
        <testcase name="test_json_index_view_rendered_by_admin" file="/app/vendor/gammamatrix/playground-test/src/Feature/Http/Controllers/Resource/Playground/IndexJsonTrait.php" line="40" class="Tests\Feature\Playground\Matrix\Api\Http\Controllers\Playground\NoteRouteTest" classname="Tests.Feature.Playground.Matrix.Api.Http.Controllers.Playground.NoteRouteTest" assertions="84" time="0.515463"/>
        <testcase name="test_json_index_as_admin" file="/app/vendor/gammamatrix/playground-test/src/Feature/Http/Controllers/Resource/Playground/IndexJsonTrait.php" line="64" class="Tests\Feature\Playground\Matrix\Api\Http\Controllers\Playground\NoteRouteTest" classname="Tests.Feature.Playground.Matrix.Api.Http.Controllers.Playground.NoteRouteTest" assertions="84" time="0.496754"/>
        <testcase name="test_json_guest_cannot_lock" file="/app/vendor/gammamatrix/playground-test/src/Feature/Http/Controllers/Resource/Playground/LockJsonTrait.php" line="14" class="Tests\Feature\Playground\Matrix\Api\Http\Controllers\Playground\NoteRouteTest" classname="Tests.Feature.Playground.Matrix.Api.Http.Controllers.Playground.NoteRouteTest" assertions="3" time="0.361162"/>
        <testcase name="test_json_lock_as_admin_user_and_succeed" file="/app/vendor/gammamatrix/playground-test/src/Feature/Http/Controllers/Resource/Playground/LockJsonTrait.php" line="46" class="Tests\Feature\Playground\Matrix\Api\Http\Controllers\Playground\NoteRouteTest" classname="Tests.Feature.Playground.Matrix.Api.Http.Controllers.Playground.NoteRouteTest" assertions="3" time="0.389232"/>
        <testcase name="test_json_lock_as_admin_user_and_succeed_with_no_redirect" file="/app/vendor/gammamatrix/playground-test/src/Feature/Http/Controllers/Resource/Playground/LockJsonTrait.php" line="85" class="Tests\Feature\Playground\Matrix\Api\Http\Controllers\Playground\NoteRouteTest" classname="Tests.Feature.Playground.Matrix.Api.Http.Controllers.Playground.NoteRouteTest" assertions="79" time="0.443415"/>
        <testcase name="test_json_lock_with_user_role_and_get_denied" file="/app/vendor/gammamatrix/playground-test/src/Feature/Http/Controllers/Resource/Playground/LockJsonTrait.php" line="138" class="Tests\Feature\Playground\Matrix\Api\Http\Controllers\Playground\NoteRouteTest" classname="Tests.Feature.Playground.Matrix.Api.Http.Controllers.Playground.NoteRouteTest" assertions="3" time="0.389779"/>
        <testcase name="test_json_lock_with_admin_role_and_succeed" file="/app/vendor/gammamatrix/playground-test/src/Feature/Http/Controllers/Resource/Playground/LockJsonTrait.php" line="178" class="Tests\Feature\Playground\Matrix\Api\Http\Controllers\Playground\NoteRouteTest" classname="Tests.Feature.Playground.Matrix.Api.Http.Controllers.Playground.NoteRouteTest" assertions="79" time="0.448589"/>
        <testcase name="test_json_lock_with_admin_role_and_succeed_with_json" file="/app/vendor/gammamatrix/playground-test/src/Feature/Http/Controllers/Resource/Playground/LockJsonTrait.php" line="219" class="Tests\Feature\Playground\Matrix\Api\Http\Controllers\Playground\NoteRouteTest" classname="Tests.Feature.Playground.Matrix.Api.Http.Controllers.Playground.NoteRouteTest" assertions="79" time="0.472726"/>
        <testcase name="test_json_guest_cannot_restore" file="/app/vendor/gammamatrix/playground-test/src/Feature/Http/Controllers/Resource/Playground/RestoreJsonTrait.php" line="15" class="Tests\Feature\Playground\Matrix\Api\Http\Controllers\Playground\NoteRouteTest" classname="Tests.Feature.Playground.Matrix.Api.Http.Controllers.Playground.NoteRouteTest" assertions="3" time="0.359361"/>
        <testcase name="test_json_restore_as_admin_user_and_succeed" file="/app/vendor/gammamatrix/playground-test/src/Feature/Http/Controllers/Resource/Playground/RestoreJsonTrait.php" line="52" class="Tests\Feature\Playground\Matrix\Api\Http\Controllers\Playground\NoteRouteTest" classname="Tests.Feature.Playground.Matrix.Api.Http.Controllers.Playground.NoteRouteTest" assertions="79" time="0.444487"/>
        <testcase name="test_json_restore_as_admin_user_and_succeed_with_no_redirect" file="/app/vendor/gammamatrix/playground-test/src/Feature/Http/Controllers/Resource/Playground/RestoreJsonTrait.php" line="96" class="Tests\Feature\Playground\Matrix\Api\Http\Controllers\Playground\NoteRouteTest" classname="Tests.Feature.Playground.Matrix.Api.Http.Controllers.Playground.NoteRouteTest" assertions="79" time="0.466092"/>
        <testcase name="test_json_restore_with_user_role_and_get_denied" file="/app/vendor/gammamatrix/playground-test/src/Feature/Http/Controllers/Resource/Playground/RestoreJsonTrait.php" line="153" class="Tests\Feature\Playground\Matrix\Api\Http\Controllers\Playground\NoteRouteTest" classname="Tests.Feature.Playground.Matrix.Api.Http.Controllers.Playground.NoteRouteTest" assertions="3" time="0.370048"/>
        <testcase name="test_json_restore_with_admin_role_and_succeed" file="/app/vendor/gammamatrix/playground-test/src/Feature/Http/Controllers/Resource/Playground/RestoreJsonTrait.php" line="195" class="Tests\Feature\Playground\Matrix\Api\Http\Controllers\Playground\NoteRouteTest" classname="Tests.Feature.Playground.Matrix.Api.Http.Controllers.Playground.NoteRouteTest" assertions="79" time="0.474299"/>
        <testcase name="test_json_guest_cannot_see_info" file="/app/vendor/gammamatrix/playground-test/src/Feature/Http/Controllers/Resource/Playground/ShowJsonTrait.php" line="14" class="Tests\Feature\Playground\Matrix\Api\Http\Controllers\Playground\NoteRouteTest" classname="Tests.Feature.Playground.Matrix.Api.Http.Controllers.Playground.NoteRouteTest" assertions="1" time="0.356030"/>
        <testcase name="test_json_show_info_for_admin" file="/app/vendor/gammamatrix/playground-test/src/Feature/Http/Controllers/Resource/Playground/ShowJsonTrait.php" line="33" class="Tests\Feature\Playground\Matrix\Api\Http\Controllers\Playground\NoteRouteTest" classname="Tests.Feature.Playground.Matrix.Api.Http.Controllers.Playground.NoteRouteTest" assertions="78" time="0.442117"/>
        <testcase name="test_json_guest_cannot_unlock" file="/app/vendor/gammamatrix/playground-test/src/Feature/Http/Controllers/Resource/Playground/UnlockJsonTrait.php" line="14" class="Tests\Feature\Playground\Matrix\Api\Http\Controllers\Playground\NoteRouteTest" classname="Tests.Feature.Playground.Matrix.Api.Http.Controllers.Playground.NoteRouteTest" assertions="3" time="0.390941"/>
        <testcase name="test_json_unlock_as_admin_user_and_succeed" file="/app/vendor/gammamatrix/playground-test/src/Feature/Http/Controllers/Resource/Playground/UnlockJsonTrait.php" line="50" class="Tests\Feature\Playground\Matrix\Api\Http\Controllers\Playground\NoteRouteTest" classname="Tests.Feature.Playground.Matrix.Api.Http.Controllers.Playground.NoteRouteTest" assertions="79" time="0.448778"/>
        <testcase name="test_json_unlock_as_admin_user_and_succeed_with_no_redirect" file="/app/vendor/gammamatrix/playground-test/src/Feature/Http/Controllers/Resource/Playground/UnlockJsonTrait.php" line="94" class="Tests\Feature\Playground\Matrix\Api\Http\Controllers\Playground\NoteRouteTest" classname="Tests.Feature.Playground.Matrix.Api.Http.Controllers.Playground.NoteRouteTest" assertions="79" time="0.466319"/>
        <testcase name="test_json_unlock_with_user_role_and_get_denied" file="/app/vendor/gammamatrix/playground-test/src/Feature/Http/Controllers/Resource/Playground/UnlockJsonTrait.php" line="149" class="Tests\Feature\Playground\Matrix\Api\Http\Controllers\Playground\NoteRouteTest" classname="Tests.Feature.Playground.Matrix.Api.Http.Controllers.Playground.NoteRouteTest" assertions="3" time="0.355115"/>
        <testcase name="test_json_unlock_with_admin_role_and_succeed" file="/app/vendor/gammamatrix/playground-test/src/Feature/Http/Controllers/Resource/Playground/UnlockJsonTrait.php" line="194" class="Tests\Feature\Playground\Matrix\Api\Http\Controllers\Playground\NoteRouteTest" classname="Tests.Feature.Playground.Matrix.Api.Http.Controllers.Playground.NoteRouteTest" assertions="79" time="0.452043"/>
      </testsuite>
      <testsuite name="Tests\Feature\Playground\Matrix\Api\Http\Controllers\Playground\ProjectRouteTest" file="/app/tests/Feature/Http/Controllers/Playground/ProjectRouteTest.php" tests="37" assertions="1295" errors="0" failures="0" skipped="0" time="15.440403">
        <testcase name="test_json_guest_cannot_get_info" file="/app/vendor/gammamatrix/playground-test/src/Feature/Http/Controllers/Resource/Playground/CreateJsonTrait.php" line="24" class="Tests\Feature\Playground\Matrix\Api\Http\Controllers\Playground\ProjectRouteTest" classname="Tests.Feature.Playground.Matrix.Api.Http.Controllers.Playground.ProjectRouteTest" assertions="1" time="0.420667"/>
        <testcase name="test_json_guest_cannot_render_create_view_requesting_json" file="/app/vendor/gammamatrix/playground-test/src/Feature/Http/Controllers/Resource/Playground/CreateJsonTrait.php" line="38" class="Tests\Feature\Playground\Matrix\Api\Http\Controllers\Playground\ProjectRouteTest" classname="Tests.Feature.Playground.Matrix.Api.Http.Controllers.Playground.ProjectRouteTest" assertions="2" time="0.341465"/>
        <testcase name="test_json_create_info_with_admin" file="/app/vendor/gammamatrix/playground-test/src/Feature/Http/Controllers/Resource/Playground/CreateJsonTrait.php" line="55" class="Tests\Feature\Playground\Matrix\Api\Http\Controllers\Playground\ProjectRouteTest" classname="Tests.Feature.Playground.Matrix.Api.Http.Controllers.Playground.ProjectRouteTest" assertions="93" time="0.486945"/>
        <testcase name="test_json_create_info_by_admin_with_invalid_parameter" file="/app/vendor/gammamatrix/playground-test/src/Feature/Http/Controllers/Resource/Playground/CreateJsonTrait.php" line="79" class="Tests\Feature\Playground\Matrix\Api\Http\Controllers\Playground\ProjectRouteTest" classname="Tests.Feature.Playground.Matrix.Api.Http.Controllers.Playground.ProjectRouteTest" assertions="4" time="0.360704"/>
        <testcase name="test_json_guest_cannot_destroy" file="/app/vendor/gammamatrix/playground-test/src/Feature/Http/Controllers/Resource/Playground/DestroyJsonTrait.php" line="14" class="Tests\Feature\Playground\Matrix\Api\Http\Controllers\Playground\ProjectRouteTest" classname="Tests.Feature.Playground.Matrix.Api.Http.Controllers.Playground.ProjectRouteTest" assertions="3" time="0.354562"/>
        <testcase name="test_json_destroy_as_admin_user_and_succeed" file="/app/vendor/gammamatrix/playground-test/src/Feature/Http/Controllers/Resource/Playground/DestroyJsonTrait.php" line="48" class="Tests\Feature\Playground\Matrix\Api\Http\Controllers\Playground\ProjectRouteTest" classname="Tests.Feature.Playground.Matrix.Api.Http.Controllers.Playground.ProjectRouteTest" assertions="5" time="0.393698"/>
        <testcase name="test_json_destroy_as_admin_user_and_succeed_with_force_delete" file="/app/vendor/gammamatrix/playground-test/src/Feature/Http/Controllers/Resource/Playground/DestroyJsonTrait.php" line="92" class="Tests\Feature\Playground\Matrix\Api\Http\Controllers\Playground\ProjectRouteTest" classname="Tests.Feature.Playground.Matrix.Api.Http.Controllers.Playground.ProjectRouteTest" assertions="4" time="0.360857"/>
        <testcase name="test_json_destroy_as_admin_user_using_json_and_succeed_with_no_content" file="/app/vendor/gammamatrix/playground-test/src/Feature/Http/Controllers/Resource/Playground/DestroyJsonTrait.php" line="132" class="Tests\Feature\Playground\Matrix\Api\Http\Controllers\Playground\ProjectRouteTest" classname="Tests.Feature.Playground.Matrix.Api.Http.Controllers.Playground.ProjectRouteTest" assertions="5" time="0.357989"/>
        <testcase name="test_json_destroy_as_admin_user_and_succeed_with_redirect_to_index_with_trash" file="/app/vendor/gammamatrix/playground-test/src/Feature/Http/Controllers/Resource/Playground/DestroyJsonTrait.php" line="177" class="Tests\Feature\Playground\Matrix\Api\Http\Controllers\Playground\ProjectRouteTest" classname="Tests.Feature.Playground.Matrix.Api.Http.Controllers.Playground.ProjectRouteTest" assertions="5" time="0.384620"/>
        <testcase name="test_json_destroy_with_user_role_and_get_denied_and_no_force_delete_allowed" file="/app/vendor/gammamatrix/playground-test/src/Feature/Http/Controllers/Resource/Playground/DestroyJsonTrait.php" line="235" class="Tests\Feature\Playground\Matrix\Api\Http\Controllers\Playground\ProjectRouteTest" classname="Tests.Feature.Playground.Matrix.Api.Http.Controllers.Playground.ProjectRouteTest" assertions="3" time="0.366843"/>
        <testcase name="test_json_destroy_with_admin_role_and_succeed" file="/app/vendor/gammamatrix/playground-test/src/Feature/Http/Controllers/Resource/Playground/DestroyJsonTrait.php" line="277" class="Tests\Feature\Playground\Matrix\Api\Http\Controllers\Playground\ProjectRouteTest" classname="Tests.Feature.Playground.Matrix.Api.Http.Controllers.Playground.ProjectRouteTest" assertions="5" time="0.392321"/>
        <testcase name="test_json_destroy_with_admin_role_and_succeed_with_force_delete" file="/app/vendor/gammamatrix/playground-test/src/Feature/Http/Controllers/Resource/Playground/DestroyJsonTrait.php" line="322" class="Tests\Feature\Playground\Matrix\Api\Http\Controllers\Playground\ProjectRouteTest" classname="Tests.Feature.Playground.Matrix.Api.Http.Controllers.Playground.ProjectRouteTest" assertions="4" time="0.359694"/>
        <testcase name="test_json_guest_cannot_render_edit_view" file="/app/vendor/gammamatrix/playground-test/src/Feature/Http/Controllers/Resource/Playground/EditJsonTrait.php" line="14" class="Tests\Feature\Playground\Matrix\Api\Http\Controllers\Playground\ProjectRouteTest" classname="Tests.Feature.Playground.Matrix.Api.Http.Controllers.Playground.ProjectRouteTest" assertions="1" time="0.375362"/>
        <testcase name="test_json_edit_as_admin_view_rendered_by_user_with_return_url" file="/app/vendor/gammamatrix/playground-test/src/Feature/Http/Controllers/Resource/Playground/EditJsonTrait.php" line="33" class="Tests\Feature\Playground\Matrix\Api\Http\Controllers\Playground\ProjectRouteTest" classname="Tests.Feature.Playground.Matrix.Api.Http.Controllers.Playground.ProjectRouteTest" assertions="4" time="0.403997"/>
        <testcase name="test_json_edit_as_admin_info_with_user" file="/app/vendor/gammamatrix/playground-test/src/Feature/Http/Controllers/Resource/Playground/EditJsonTrait.php" line="70" class="Tests\Feature\Playground\Matrix\Api\Http\Controllers\Playground\ProjectRouteTest" classname="Tests.Feature.Playground.Matrix.Api.Http.Controllers.Playground.ProjectRouteTest" assertions="4" time="0.377223"/>
        <testcase name="test_json_edit_as_admin_view_rendered_by_user_with_invalid_parameter" file="/app/vendor/gammamatrix/playground-test/src/Feature/Http/Controllers/Resource/Playground/EditJsonTrait.php" line="99" class="Tests\Feature\Playground\Matrix\Api\Http\Controllers\Playground\ProjectRouteTest" classname="Tests.Feature.Playground.Matrix.Api.Http.Controllers.Playground.ProjectRouteTest" assertions="4" time="0.363710"/>
        <testcase name="test_json_guest_cannot_render_index_view" file="/app/vendor/gammamatrix/playground-test/src/Feature/Http/Controllers/Resource/Playground/IndexJsonTrait.php" line="24" class="Tests\Feature\Playground\Matrix\Api\Http\Controllers\Playground\ProjectRouteTest" classname="Tests.Feature.Playground.Matrix.Api.Http.Controllers.Playground.ProjectRouteTest" assertions="1" time="0.410860"/>
        <testcase name="test_json_index_view_rendered_by_admin" file="/app/vendor/gammamatrix/playground-test/src/Feature/Http/Controllers/Resource/Playground/IndexJsonTrait.php" line="40" class="Tests\Feature\Playground\Matrix\Api\Http\Controllers\Playground\ProjectRouteTest" classname="Tests.Feature.Playground.Matrix.Api.Http.Controllers.Playground.ProjectRouteTest" assertions="98" time="0.537247"/>
        <testcase name="test_json_index_as_admin" file="/app/vendor/gammamatrix/playground-test/src/Feature/Http/Controllers/Resource/Playground/IndexJsonTrait.php" line="64" class="Tests\Feature\Playground\Matrix\Api\Http\Controllers\Playground\ProjectRouteTest" classname="Tests.Feature.Playground.Matrix.Api.Http.Controllers.Playground.ProjectRouteTest" assertions="98" time="0.548999"/>
        <testcase name="test_json_guest_cannot_lock" file="/app/vendor/gammamatrix/playground-test/src/Feature/Http/Controllers/Resource/Playground/LockJsonTrait.php" line="14" class="Tests\Feature\Playground\Matrix\Api\Http\Controllers\Playground\ProjectRouteTest" classname="Tests.Feature.Playground.Matrix.Api.Http.Controllers.Playground.ProjectRouteTest" assertions="3" time="0.355432"/>
        <testcase name="test_json_lock_as_admin_user_and_succeed" file="/app/vendor/gammamatrix/playground-test/src/Feature/Http/Controllers/Resource/Playground/LockJsonTrait.php" line="46" class="Tests\Feature\Playground\Matrix\Api\Http\Controllers\Playground\ProjectRouteTest" classname="Tests.Feature.Playground.Matrix.Api.Http.Controllers.Playground.ProjectRouteTest" assertions="3" time="0.403459"/>
        <testcase name="test_json_lock_as_admin_user_and_succeed_with_no_redirect" file="/app/vendor/gammamatrix/playground-test/src/Feature/Http/Controllers/Resource/Playground/LockJsonTrait.php" line="85" class="Tests\Feature\Playground\Matrix\Api\Http\Controllers\Playground\ProjectRouteTest" classname="Tests.Feature.Playground.Matrix.Api.Http.Controllers.Playground.ProjectRouteTest" assertions="93" time="0.477717"/>
        <testcase name="test_json_lock_with_user_role_and_get_denied" file="/app/vendor/gammamatrix/playground-test/src/Feature/Http/Controllers/Resource/Playground/LockJsonTrait.php" line="138" class="Tests\Feature\Playground\Matrix\Api\Http\Controllers\Playground\ProjectRouteTest" classname="Tests.Feature.Playground.Matrix.Api.Http.Controllers.Playground.ProjectRouteTest" assertions="3" time="0.357384"/>
        <testcase name="test_json_lock_with_admin_role_and_succeed" file="/app/vendor/gammamatrix/playground-test/src/Feature/Http/Controllers/Resource/Playground/LockJsonTrait.php" line="178" class="Tests\Feature\Playground\Matrix\Api\Http\Controllers\Playground\ProjectRouteTest" classname="Tests.Feature.Playground.Matrix.Api.Http.Controllers.Playground.ProjectRouteTest" assertions="93" time="0.508127"/>
        <testcase name="test_json_lock_with_admin_role_and_succeed_with_json" file="/app/vendor/gammamatrix/playground-test/src/Feature/Http/Controllers/Resource/Playground/LockJsonTrait.php" line="219" class="Tests\Feature\Playground\Matrix\Api\Http\Controllers\Playground\ProjectRouteTest" classname="Tests.Feature.Playground.Matrix.Api.Http.Controllers.Playground.ProjectRouteTest" assertions="93" time="0.473919"/>
        <testcase name="test_json_guest_cannot_restore" file="/app/vendor/gammamatrix/playground-test/src/Feature/Http/Controllers/Resource/Playground/RestoreJsonTrait.php" line="15" class="Tests\Feature\Playground\Matrix\Api\Http\Controllers\Playground\ProjectRouteTest" classname="Tests.Feature.Playground.Matrix.Api.Http.Controllers.Playground.ProjectRouteTest" assertions="3" time="0.383711"/>
        <testcase name="test_json_restore_as_admin_user_and_succeed" file="/app/vendor/gammamatrix/playground-test/src/Feature/Http/Controllers/Resource/Playground/RestoreJsonTrait.php" line="52" class="Tests\Feature\Playground\Matrix\Api\Http\Controllers\Playground\ProjectRouteTest" classname="Tests.Feature.Playground.Matrix.Api.Http.Controllers.Playground.ProjectRouteTest" assertions="93" time="0.468453"/>
        <testcase name="test_json_restore_as_admin_user_and_succeed_with_no_redirect" file="/app/vendor/gammamatrix/playground-test/src/Feature/Http/Controllers/Resource/Playground/RestoreJsonTrait.php" line="96" class="Tests\Feature\Playground\Matrix\Api\Http\Controllers\Playground\ProjectRouteTest" classname="Tests.Feature.Playground.Matrix.Api.Http.Controllers.Playground.ProjectRouteTest" assertions="93" time="0.516375"/>
        <testcase name="test_json_restore_with_user_role_and_get_denied" file="/app/vendor/gammamatrix/playground-test/src/Feature/Http/Controllers/Resource/Playground/RestoreJsonTrait.php" line="153" class="Tests\Feature\Playground\Matrix\Api\Http\Controllers\Playground\ProjectRouteTest" classname="Tests.Feature.Playground.Matrix.Api.Http.Controllers.Playground.ProjectRouteTest" assertions="3" time="0.361051"/>
        <testcase name="test_json_restore_with_admin_role_and_succeed" file="/app/vendor/gammamatrix/playground-test/src/Feature/Http/Controllers/Resource/Playground/RestoreJsonTrait.php" line="195" class="Tests\Feature\Playground\Matrix\Api\Http\Controllers\Playground\ProjectRouteTest" classname="Tests.Feature.Playground.Matrix.Api.Http.Controllers.Playground.ProjectRouteTest" assertions="93" time="0.476055"/>
        <testcase name="test_json_guest_cannot_see_info" file="/app/vendor/gammamatrix/playground-test/src/Feature/Http/Controllers/Resource/Playground/ShowJsonTrait.php" line="14" class="Tests\Feature\Playground\Matrix\Api\Http\Controllers\Playground\ProjectRouteTest" classname="Tests.Feature.Playground.Matrix.Api.Http.Controllers.Playground.ProjectRouteTest" assertions="1" time="0.382977"/>
        <testcase name="test_json_show_info_for_admin" file="/app/vendor/gammamatrix/playground-test/src/Feature/Http/Controllers/Resource/Playground/ShowJsonTrait.php" line="33" class="Tests\Feature\Playground\Matrix\Api\Http\Controllers\Playground\ProjectRouteTest" classname="Tests.Feature.Playground.Matrix.Api.Http.Controllers.Playground.ProjectRouteTest" assertions="92" time="0.470409"/>
        <testcase name="test_json_guest_cannot_unlock" file="/app/vendor/gammamatrix/playground-test/src/Feature/Http/Controllers/Resource/Playground/UnlockJsonTrait.php" line="14" class="Tests\Feature\Playground\Matrix\Api\Http\Controllers\Playground\ProjectRouteTest" classname="Tests.Feature.Playground.Matrix.Api.Http.Controllers.Playground.ProjectRouteTest" assertions="3" time="0.387968"/>
        <testcase name="test_json_unlock_as_admin_user_and_succeed" file="/app/vendor/gammamatrix/playground-test/src/Feature/Http/Controllers/Resource/Playground/UnlockJsonTrait.php" line="50" class="Tests\Feature\Playground\Matrix\Api\Http\Controllers\Playground\ProjectRouteTest" classname="Tests.Feature.Playground.Matrix.Api.Http.Controllers.Playground.ProjectRouteTest" assertions="93" time="0.471318"/>
        <testcase name="test_json_unlock_as_admin_user_and_succeed_with_no_redirect" file="/app/vendor/gammamatrix/playground-test/src/Feature/Http/Controllers/Resource/Playground/UnlockJsonTrait.php" line="94" class="Tests\Feature\Playground\Matrix\Api\Http\Controllers\Playground\ProjectRouteTest" classname="Tests.Feature.Playground.Matrix.Api.Http.Controllers.Playground.ProjectRouteTest" assertions="93" time="0.505646"/>
        <testcase name="test_json_unlock_with_user_role_and_get_denied" file="/app/vendor/gammamatrix/playground-test/src/Feature/Http/Controllers/Resource/Playground/UnlockJsonTrait.php" line="149" class="Tests\Feature\Playground\Matrix\Api\Http\Controllers\Playground\ProjectRouteTest" classname="Tests.Feature.Playground.Matrix.Api.Http.Controllers.Playground.ProjectRouteTest" assertions="3" time="0.364430"/>
        <testcase name="test_json_unlock_with_admin_role_and_succeed" file="/app/vendor/gammamatrix/playground-test/src/Feature/Http/Controllers/Resource/Playground/UnlockJsonTrait.php" line="194" class="Tests\Feature\Playground\Matrix\Api\Http\Controllers\Playground\ProjectRouteTest" classname="Tests.Feature.Playground.Matrix.Api.Http.Controllers.Playground.ProjectRouteTest" assertions="93" time="0.478211"/>
      </testsuite>
      <testsuite name="Tests\Feature\Playground\Matrix\Api\Http\Controllers\Playground\ReleaseRouteTest" file="/app/tests/Feature/Http/Controllers/Playground/ReleaseRouteTest.php" tests="37" assertions="1295" errors="0" failures="0" skipped="0" time="15.504463">
        <testcase name="test_json_guest_cannot_get_info" file="/app/vendor/gammamatrix/playground-test/src/Feature/Http/Controllers/Resource/Playground/CreateJsonTrait.php" line="24" class="Tests\Feature\Playground\Matrix\Api\Http\Controllers\Playground\ReleaseRouteTest" classname="Tests.Feature.Playground.Matrix.Api.Http.Controllers.Playground.ReleaseRouteTest" assertions="1" time="0.412706"/>
        <testcase name="test_json_guest_cannot_render_create_view_requesting_json" file="/app/vendor/gammamatrix/playground-test/src/Feature/Http/Controllers/Resource/Playground/CreateJsonTrait.php" line="38" class="Tests\Feature\Playground\Matrix\Api\Http\Controllers\Playground\ReleaseRouteTest" classname="Tests.Feature.Playground.Matrix.Api.Http.Controllers.Playground.ReleaseRouteTest" assertions="2" time="0.354304"/>
        <testcase name="test_json_create_info_with_admin" file="/app/vendor/gammamatrix/playground-test/src/Feature/Http/Controllers/Resource/Playground/CreateJsonTrait.php" line="55" class="Tests\Feature\Playground\Matrix\Api\Http\Controllers\Playground\ReleaseRouteTest" classname="Tests.Feature.Playground.Matrix.Api.Http.Controllers.Playground.ReleaseRouteTest" assertions="93" time="0.499262"/>
        <testcase name="test_json_create_info_by_admin_with_invalid_parameter" file="/app/vendor/gammamatrix/playground-test/src/Feature/Http/Controllers/Resource/Playground/CreateJsonTrait.php" line="79" class="Tests\Feature\Playground\Matrix\Api\Http\Controllers\Playground\ReleaseRouteTest" classname="Tests.Feature.Playground.Matrix.Api.Http.Controllers.Playground.ReleaseRouteTest" assertions="4" time="0.356090"/>
        <testcase name="test_json_guest_cannot_destroy" file="/app/vendor/gammamatrix/playground-test/src/Feature/Http/Controllers/Resource/Playground/DestroyJsonTrait.php" line="14" class="Tests\Feature\Playground\Matrix\Api\Http\Controllers\Playground\ReleaseRouteTest" classname="Tests.Feature.Playground.Matrix.Api.Http.Controllers.Playground.ReleaseRouteTest" assertions="3" time="0.358110"/>
        <testcase name="test_json_destroy_as_admin_user_and_succeed" file="/app/vendor/gammamatrix/playground-test/src/Feature/Http/Controllers/Resource/Playground/DestroyJsonTrait.php" line="48" class="Tests\Feature\Playground\Matrix\Api\Http\Controllers\Playground\ReleaseRouteTest" classname="Tests.Feature.Playground.Matrix.Api.Http.Controllers.Playground.ReleaseRouteTest" assertions="5" time="0.396202"/>
        <testcase name="test_json_destroy_as_admin_user_and_succeed_with_force_delete" file="/app/vendor/gammamatrix/playground-test/src/Feature/Http/Controllers/Resource/Playground/DestroyJsonTrait.php" line="92" class="Tests\Feature\Playground\Matrix\Api\Http\Controllers\Playground\ReleaseRouteTest" classname="Tests.Feature.Playground.Matrix.Api.Http.Controllers.Playground.ReleaseRouteTest" assertions="4" time="0.357127"/>
        <testcase name="test_json_destroy_as_admin_user_using_json_and_succeed_with_no_content" file="/app/vendor/gammamatrix/playground-test/src/Feature/Http/Controllers/Resource/Playground/DestroyJsonTrait.php" line="132" class="Tests\Feature\Playground\Matrix\Api\Http\Controllers\Playground\ReleaseRouteTest" classname="Tests.Feature.Playground.Matrix.Api.Http.Controllers.Playground.ReleaseRouteTest" assertions="5" time="0.369207"/>
        <testcase name="test_json_destroy_as_admin_user_and_succeed_with_redirect_to_index_with_trash" file="/app/vendor/gammamatrix/playground-test/src/Feature/Http/Controllers/Resource/Playground/DestroyJsonTrait.php" line="177" class="Tests\Feature\Playground\Matrix\Api\Http\Controllers\Playground\ReleaseRouteTest" classname="Tests.Feature.Playground.Matrix.Api.Http.Controllers.Playground.ReleaseRouteTest" assertions="5" time="0.382928"/>
        <testcase name="test_json_destroy_with_user_role_and_get_denied_and_no_force_delete_allowed" file="/app/vendor/gammamatrix/playground-test/src/Feature/Http/Controllers/Resource/Playground/DestroyJsonTrait.php" line="235" class="Tests\Feature\Playground\Matrix\Api\Http\Controllers\Playground\ReleaseRouteTest" classname="Tests.Feature.Playground.Matrix.Api.Http.Controllers.Playground.ReleaseRouteTest" assertions="3" time="0.354411"/>
        <testcase name="test_json_destroy_with_admin_role_and_succeed" file="/app/vendor/gammamatrix/playground-test/src/Feature/Http/Controllers/Resource/Playground/DestroyJsonTrait.php" line="277" class="Tests\Feature\Playground\Matrix\Api\Http\Controllers\Playground\ReleaseRouteTest" classname="Tests.Feature.Playground.Matrix.Api.Http.Controllers.Playground.ReleaseRouteTest" assertions="5" time="0.399208"/>
        <testcase name="test_json_destroy_with_admin_role_and_succeed_with_force_delete" file="/app/vendor/gammamatrix/playground-test/src/Feature/Http/Controllers/Resource/Playground/DestroyJsonTrait.php" line="322" class="Tests\Feature\Playground\Matrix\Api\Http\Controllers\Playground\ReleaseRouteTest" classname="Tests.Feature.Playground.Matrix.Api.Http.Controllers.Playground.ReleaseRouteTest" assertions="4" time="0.359817"/>
        <testcase name="test_json_guest_cannot_render_edit_view" file="/app/vendor/gammamatrix/playground-test/src/Feature/Http/Controllers/Resource/Playground/EditJsonTrait.php" line="14" class="Tests\Feature\Playground\Matrix\Api\Http\Controllers\Playground\ReleaseRouteTest" classname="Tests.Feature.Playground.Matrix.Api.Http.Controllers.Playground.ReleaseRouteTest" assertions="1" time="0.375074"/>
        <testcase name="test_json_edit_as_admin_view_rendered_by_user_with_return_url" file="/app/vendor/gammamatrix/playground-test/src/Feature/Http/Controllers/Resource/Playground/EditJsonTrait.php" line="33" class="Tests\Feature\Playground\Matrix\Api\Http\Controllers\Playground\ReleaseRouteTest" classname="Tests.Feature.Playground.Matrix.Api.Http.Controllers.Playground.ReleaseRouteTest" assertions="4" time="0.408373"/>
        <testcase name="test_json_edit_as_admin_info_with_user" file="/app/vendor/gammamatrix/playground-test/src/Feature/Http/Controllers/Resource/Playground/EditJsonTrait.php" line="70" class="Tests\Feature\Playground\Matrix\Api\Http\Controllers\Playground\ReleaseRouteTest" classname="Tests.Feature.Playground.Matrix.Api.Http.Controllers.Playground.ReleaseRouteTest" assertions="4" time="0.376158"/>
        <testcase name="test_json_edit_as_admin_view_rendered_by_user_with_invalid_parameter" file="/app/vendor/gammamatrix/playground-test/src/Feature/Http/Controllers/Resource/Playground/EditJsonTrait.php" line="99" class="Tests\Feature\Playground\Matrix\Api\Http\Controllers\Playground\ReleaseRouteTest" classname="Tests.Feature.Playground.Matrix.Api.Http.Controllers.Playground.ReleaseRouteTest" assertions="4" time="0.366525"/>
        <testcase name="test_json_guest_cannot_render_index_view" file="/app/vendor/gammamatrix/playground-test/src/Feature/Http/Controllers/Resource/Playground/IndexJsonTrait.php" line="24" class="Tests\Feature\Playground\Matrix\Api\Http\Controllers\Playground\ReleaseRouteTest" classname="Tests.Feature.Playground.Matrix.Api.Http.Controllers.Playground.ReleaseRouteTest" assertions="1" time="0.416190"/>
        <testcase name="test_json_index_view_rendered_by_admin" file="/app/vendor/gammamatrix/playground-test/src/Feature/Http/Controllers/Resource/Playground/IndexJsonTrait.php" line="40" class="Tests\Feature\Playground\Matrix\Api\Http\Controllers\Playground\ReleaseRouteTest" classname="Tests.Feature.Playground.Matrix.Api.Http.Controllers.Playground.ReleaseRouteTest" assertions="98" time="0.531931"/>
        <testcase name="test_json_index_as_admin" file="/app/vendor/gammamatrix/playground-test/src/Feature/Http/Controllers/Resource/Playground/IndexJsonTrait.php" line="64" class="Tests\Feature\Playground\Matrix\Api\Http\Controllers\Playground\ReleaseRouteTest" classname="Tests.Feature.Playground.Matrix.Api.Http.Controllers.Playground.ReleaseRouteTest" assertions="98" time="0.560187"/>
        <testcase name="test_json_guest_cannot_lock" file="/app/vendor/gammamatrix/playground-test/src/Feature/Http/Controllers/Resource/Playground/LockJsonTrait.php" line="14" class="Tests\Feature\Playground\Matrix\Api\Http\Controllers\Playground\ReleaseRouteTest" classname="Tests.Feature.Playground.Matrix.Api.Http.Controllers.Playground.ReleaseRouteTest" assertions="3" time="0.361663"/>
        <testcase name="test_json_lock_as_admin_user_and_succeed" file="/app/vendor/gammamatrix/playground-test/src/Feature/Http/Controllers/Resource/Playground/LockJsonTrait.php" line="46" class="Tests\Feature\Playground\Matrix\Api\Http\Controllers\Playground\ReleaseRouteTest" classname="Tests.Feature.Playground.Matrix.Api.Http.Controllers.Playground.ReleaseRouteTest" assertions="3" time="0.403453"/>
        <testcase name="test_json_lock_as_admin_user_and_succeed_with_no_redirect" file="/app/vendor/gammamatrix/playground-test/src/Feature/Http/Controllers/Resource/Playground/LockJsonTrait.php" line="85" class="Tests\Feature\Playground\Matrix\Api\Http\Controllers\Playground\ReleaseRouteTest" classname="Tests.Feature.Playground.Matrix.Api.Http.Controllers.Playground.ReleaseRouteTest" assertions="93" time="0.470047"/>
        <testcase name="test_json_lock_with_user_role_and_get_denied" file="/app/vendor/gammamatrix/playground-test/src/Feature/Http/Controllers/Resource/Playground/LockJsonTrait.php" line="138" class="Tests\Feature\Playground\Matrix\Api\Http\Controllers\Playground\ReleaseRouteTest" classname="Tests.Feature.Playground.Matrix.Api.Http.Controllers.Playground.ReleaseRouteTest" assertions="3" time="0.361305"/>
        <testcase name="test_json_lock_with_admin_role_and_succeed" file="/app/vendor/gammamatrix/playground-test/src/Feature/Http/Controllers/Resource/Playground/LockJsonTrait.php" line="178" class="Tests\Feature\Playground\Matrix\Api\Http\Controllers\Playground\ReleaseRouteTest" classname="Tests.Feature.Playground.Matrix.Api.Http.Controllers.Playground.ReleaseRouteTest" assertions="93" time="0.505679"/>
        <testcase name="test_json_lock_with_admin_role_and_succeed_with_json" file="/app/vendor/gammamatrix/playground-test/src/Feature/Http/Controllers/Resource/Playground/LockJsonTrait.php" line="219" class="Tests\Feature\Playground\Matrix\Api\Http\Controllers\Playground\ReleaseRouteTest" classname="Tests.Feature.Playground.Matrix.Api.Http.Controllers.Playground.ReleaseRouteTest" assertions="93" time="0.473291"/>
        <testcase name="test_json_guest_cannot_restore" file="/app/vendor/gammamatrix/playground-test/src/Feature/Http/Controllers/Resource/Playground/RestoreJsonTrait.php" line="15" class="Tests\Feature\Playground\Matrix\Api\Http\Controllers\Playground\ReleaseRouteTest" classname="Tests.Feature.Playground.Matrix.Api.Http.Controllers.Playground.ReleaseRouteTest" assertions="3" time="0.387234"/>
        <testcase name="test_json_restore_as_admin_user_and_succeed" file="/app/vendor/gammamatrix/playground-test/src/Feature/Http/Controllers/Resource/Playground/RestoreJsonTrait.php" line="52" class="Tests\Feature\Playground\Matrix\Api\Http\Controllers\Playground\ReleaseRouteTest" classname="Tests.Feature.Playground.Matrix.Api.Http.Controllers.Playground.ReleaseRouteTest" assertions="93" time="0.478401"/>
        <testcase name="test_json_restore_as_admin_user_and_succeed_with_no_redirect" file="/app/vendor/gammamatrix/playground-test/src/Feature/Http/Controllers/Resource/Playground/RestoreJsonTrait.php" line="96" class="Tests\Feature\Playground\Matrix\Api\Http\Controllers\Playground\ReleaseRouteTest" classname="Tests.Feature.Playground.Matrix.Api.Http.Controllers.Playground.ReleaseRouteTest" assertions="93" time="0.505728"/>
        <testcase name="test_json_restore_with_user_role_and_get_denied" file="/app/vendor/gammamatrix/playground-test/src/Feature/Http/Controllers/Resource/Playground/RestoreJsonTrait.php" line="153" class="Tests\Feature\Playground\Matrix\Api\Http\Controllers\Playground\ReleaseRouteTest" classname="Tests.Feature.Playground.Matrix.Api.Http.Controllers.Playground.ReleaseRouteTest" assertions="3" time="0.360664"/>
        <testcase name="test_json_restore_with_admin_role_and_succeed" file="/app/vendor/gammamatrix/playground-test/src/Feature/Http/Controllers/Resource/Playground/RestoreJsonTrait.php" line="195" class="Tests\Feature\Playground\Matrix\Api\Http\Controllers\Playground\ReleaseRouteTest" classname="Tests.Feature.Playground.Matrix.Api.Http.Controllers.Playground.ReleaseRouteTest" assertions="93" time="0.473823"/>
        <testcase name="test_json_guest_cannot_see_info" file="/app/vendor/gammamatrix/playground-test/src/Feature/Http/Controllers/Resource/Playground/ShowJsonTrait.php" line="14" class="Tests\Feature\Playground\Matrix\Api\Http\Controllers\Playground\ReleaseRouteTest" classname="Tests.Feature.Playground.Matrix.Api.Http.Controllers.Playground.ReleaseRouteTest" assertions="1" time="0.392124"/>
        <testcase name="test_json_show_info_for_admin" file="/app/vendor/gammamatrix/playground-test/src/Feature/Http/Controllers/Resource/Playground/ShowJsonTrait.php" line="33" class="Tests\Feature\Playground\Matrix\Api\Http\Controllers\Playground\ReleaseRouteTest" classname="Tests.Feature.Playground.Matrix.Api.Http.Controllers.Playground.ReleaseRouteTest" assertions="92" time="0.465018"/>
        <testcase name="test_json_guest_cannot_unlock" file="/app/vendor/gammamatrix/playground-test/src/Feature/Http/Controllers/Resource/Playground/UnlockJsonTrait.php" line="14" class="Tests\Feature\Playground\Matrix\Api\Http\Controllers\Playground\ReleaseRouteTest" classname="Tests.Feature.Playground.Matrix.Api.Http.Controllers.Playground.ReleaseRouteTest" assertions="3" time="0.386797"/>
        <testcase name="test_json_unlock_as_admin_user_and_succeed" file="/app/vendor/gammamatrix/playground-test/src/Feature/Http/Controllers/Resource/Playground/UnlockJsonTrait.php" line="50" class="Tests\Feature\Playground\Matrix\Api\Http\Controllers\Playground\ReleaseRouteTest" classname="Tests.Feature.Playground.Matrix.Api.Http.Controllers.Playground.ReleaseRouteTest" assertions="93" time="0.474424"/>
        <testcase name="test_json_unlock_as_admin_user_and_succeed_with_no_redirect" file="/app/vendor/gammamatrix/playground-test/src/Feature/Http/Controllers/Resource/Playground/UnlockJsonTrait.php" line="94" class="Tests\Feature\Playground\Matrix\Api\Http\Controllers\Playground\ReleaseRouteTest" classname="Tests.Feature.Playground.Matrix.Api.Http.Controllers.Playground.ReleaseRouteTest" assertions="93" time="0.512207"/>
        <testcase name="test_json_unlock_with_user_role_and_get_denied" file="/app/vendor/gammamatrix/playground-test/src/Feature/Http/Controllers/Resource/Playground/UnlockJsonTrait.php" line="149" class="Tests\Feature\Playground\Matrix\Api\Http\Controllers\Playground\ReleaseRouteTest" classname="Tests.Feature.Playground.Matrix.Api.Http.Controllers.Playground.ReleaseRouteTest" assertions="3" time="0.354141"/>
        <testcase name="test_json_unlock_with_admin_role_and_succeed" file="/app/vendor/gammamatrix/playground-test/src/Feature/Http/Controllers/Resource/Playground/UnlockJsonTrait.php" line="194" class="Tests\Feature\Playground\Matrix\Api\Http\Controllers\Playground\ReleaseRouteTest" classname="Tests.Feature.Playground.Matrix.Api.Http.Controllers.Playground.ReleaseRouteTest" assertions="93" time="0.504654"/>
      </testsuite>
      <testsuite name="Tests\Feature\Playground\Matrix\Api\Http\Controllers\Playground\RoadmapRouteTest" file="/app/tests/Feature/Http/Controllers/Playground/RoadmapRouteTest.php" tests="37" assertions="1295" errors="0" failures="0" skipped="0" time="15.623113">
        <testcase name="test_json_guest_cannot_get_info" file="/app/vendor/gammamatrix/playground-test/src/Feature/Http/Controllers/Resource/Playground/CreateJsonTrait.php" line="24" class="Tests\Feature\Playground\Matrix\Api\Http\Controllers\Playground\RoadmapRouteTest" classname="Tests.Feature.Playground.Matrix.Api.Http.Controllers.Playground.RoadmapRouteTest" assertions="1" time="0.433699"/>
        <testcase name="test_json_guest_cannot_render_create_view_requesting_json" file="/app/vendor/gammamatrix/playground-test/src/Feature/Http/Controllers/Resource/Playground/CreateJsonTrait.php" line="38" class="Tests\Feature\Playground\Matrix\Api\Http\Controllers\Playground\RoadmapRouteTest" classname="Tests.Feature.Playground.Matrix.Api.Http.Controllers.Playground.RoadmapRouteTest" assertions="2" time="0.341029"/>
        <testcase name="test_json_create_info_with_admin" file="/app/vendor/gammamatrix/playground-test/src/Feature/Http/Controllers/Resource/Playground/CreateJsonTrait.php" line="55" class="Tests\Feature\Playground\Matrix\Api\Http\Controllers\Playground\RoadmapRouteTest" classname="Tests.Feature.Playground.Matrix.Api.Http.Controllers.Playground.RoadmapRouteTest" assertions="93" time="0.499448"/>
        <testcase name="test_json_create_info_by_admin_with_invalid_parameter" file="/app/vendor/gammamatrix/playground-test/src/Feature/Http/Controllers/Resource/Playground/CreateJsonTrait.php" line="79" class="Tests\Feature\Playground\Matrix\Api\Http\Controllers\Playground\RoadmapRouteTest" classname="Tests.Feature.Playground.Matrix.Api.Http.Controllers.Playground.RoadmapRouteTest" assertions="4" time="0.363318"/>
        <testcase name="test_json_guest_cannot_destroy" file="/app/vendor/gammamatrix/playground-test/src/Feature/Http/Controllers/Resource/Playground/DestroyJsonTrait.php" line="14" class="Tests\Feature\Playground\Matrix\Api\Http\Controllers\Playground\RoadmapRouteTest" classname="Tests.Feature.Playground.Matrix.Api.Http.Controllers.Playground.RoadmapRouteTest" assertions="3" time="0.357403"/>
        <testcase name="test_json_destroy_as_admin_user_and_succeed" file="/app/vendor/gammamatrix/playground-test/src/Feature/Http/Controllers/Resource/Playground/DestroyJsonTrait.php" line="48" class="Tests\Feature\Playground\Matrix\Api\Http\Controllers\Playground\RoadmapRouteTest" classname="Tests.Feature.Playground.Matrix.Api.Http.Controllers.Playground.RoadmapRouteTest" assertions="5" time="0.397686"/>
        <testcase name="test_json_destroy_as_admin_user_and_succeed_with_force_delete" file="/app/vendor/gammamatrix/playground-test/src/Feature/Http/Controllers/Resource/Playground/DestroyJsonTrait.php" line="92" class="Tests\Feature\Playground\Matrix\Api\Http\Controllers\Playground\RoadmapRouteTest" classname="Tests.Feature.Playground.Matrix.Api.Http.Controllers.Playground.RoadmapRouteTest" assertions="4" time="0.364418"/>
        <testcase name="test_json_destroy_as_admin_user_using_json_and_succeed_with_no_content" file="/app/vendor/gammamatrix/playground-test/src/Feature/Http/Controllers/Resource/Playground/DestroyJsonTrait.php" line="132" class="Tests\Feature\Playground\Matrix\Api\Http\Controllers\Playground\RoadmapRouteTest" classname="Tests.Feature.Playground.Matrix.Api.Http.Controllers.Playground.RoadmapRouteTest" assertions="5" time="0.360967"/>
        <testcase name="test_json_destroy_as_admin_user_and_succeed_with_redirect_to_index_with_trash" file="/app/vendor/gammamatrix/playground-test/src/Feature/Http/Controllers/Resource/Playground/DestroyJsonTrait.php" line="177" class="Tests\Feature\Playground\Matrix\Api\Http\Controllers\Playground\RoadmapRouteTest" classname="Tests.Feature.Playground.Matrix.Api.Http.Controllers.Playground.RoadmapRouteTest" assertions="5" time="0.399573"/>
        <testcase name="test_json_destroy_with_user_role_and_get_denied_and_no_force_delete_allowed" file="/app/vendor/gammamatrix/playground-test/src/Feature/Http/Controllers/Resource/Playground/DestroyJsonTrait.php" line="235" class="Tests\Feature\Playground\Matrix\Api\Http\Controllers\Playground\RoadmapRouteTest" classname="Tests.Feature.Playground.Matrix.Api.Http.Controllers.Playground.RoadmapRouteTest" assertions="3" time="0.369362"/>
        <testcase name="test_json_destroy_with_admin_role_and_succeed" file="/app/vendor/gammamatrix/playground-test/src/Feature/Http/Controllers/Resource/Playground/DestroyJsonTrait.php" line="277" class="Tests\Feature\Playground\Matrix\Api\Http\Controllers\Playground\RoadmapRouteTest" classname="Tests.Feature.Playground.Matrix.Api.Http.Controllers.Playground.RoadmapRouteTest" assertions="5" time="0.399687"/>
        <testcase name="test_json_destroy_with_admin_role_and_succeed_with_force_delete" file="/app/vendor/gammamatrix/playground-test/src/Feature/Http/Controllers/Resource/Playground/DestroyJsonTrait.php" line="322" class="Tests\Feature\Playground\Matrix\Api\Http\Controllers\Playground\RoadmapRouteTest" classname="Tests.Feature.Playground.Matrix.Api.Http.Controllers.Playground.RoadmapRouteTest" assertions="4" time="0.360832"/>
        <testcase name="test_json_guest_cannot_render_edit_view" file="/app/vendor/gammamatrix/playground-test/src/Feature/Http/Controllers/Resource/Playground/EditJsonTrait.php" line="14" class="Tests\Feature\Playground\Matrix\Api\Http\Controllers\Playground\RoadmapRouteTest" classname="Tests.Feature.Playground.Matrix.Api.Http.Controllers.Playground.RoadmapRouteTest" assertions="1" time="0.371602"/>
        <testcase name="test_json_edit_as_admin_view_rendered_by_user_with_return_url" file="/app/vendor/gammamatrix/playground-test/src/Feature/Http/Controllers/Resource/Playground/EditJsonTrait.php" line="33" class="Tests\Feature\Playground\Matrix\Api\Http\Controllers\Playground\RoadmapRouteTest" classname="Tests.Feature.Playground.Matrix.Api.Http.Controllers.Playground.RoadmapRouteTest" assertions="4" time="0.424678"/>
        <testcase name="test_json_edit_as_admin_info_with_user" file="/app/vendor/gammamatrix/playground-test/src/Feature/Http/Controllers/Resource/Playground/EditJsonTrait.php" line="70" class="Tests\Feature\Playground\Matrix\Api\Http\Controllers\Playground\RoadmapRouteTest" classname="Tests.Feature.Playground.Matrix.Api.Http.Controllers.Playground.RoadmapRouteTest" assertions="4" time="0.379546"/>
        <testcase name="test_json_edit_as_admin_view_rendered_by_user_with_invalid_parameter" file="/app/vendor/gammamatrix/playground-test/src/Feature/Http/Controllers/Resource/Playground/EditJsonTrait.php" line="99" class="Tests\Feature\Playground\Matrix\Api\Http\Controllers\Playground\RoadmapRouteTest" classname="Tests.Feature.Playground.Matrix.Api.Http.Controllers.Playground.RoadmapRouteTest" assertions="4" time="0.363640"/>
        <testcase name="test_json_guest_cannot_render_index_view" file="/app/vendor/gammamatrix/playground-test/src/Feature/Http/Controllers/Resource/Playground/IndexJsonTrait.php" line="24" class="Tests\Feature\Playground\Matrix\Api\Http\Controllers\Playground\RoadmapRouteTest" classname="Tests.Feature.Playground.Matrix.Api.Http.Controllers.Playground.RoadmapRouteTest" assertions="1" time="0.415818"/>
        <testcase name="test_json_index_view_rendered_by_admin" file="/app/vendor/gammamatrix/playground-test/src/Feature/Http/Controllers/Resource/Playground/IndexJsonTrait.php" line="40" class="Tests\Feature\Playground\Matrix\Api\Http\Controllers\Playground\RoadmapRouteTest" classname="Tests.Feature.Playground.Matrix.Api.Http.Controllers.Playground.RoadmapRouteTest" assertions="98" time="0.538191"/>
        <testcase name="test_json_index_as_admin" file="/app/vendor/gammamatrix/playground-test/src/Feature/Http/Controllers/Resource/Playground/IndexJsonTrait.php" line="64" class="Tests\Feature\Playground\Matrix\Api\Http\Controllers\Playground\RoadmapRouteTest" classname="Tests.Feature.Playground.Matrix.Api.Http.Controllers.Playground.RoadmapRouteTest" assertions="98" time="0.573222"/>
        <testcase name="test_json_guest_cannot_lock" file="/app/vendor/gammamatrix/playground-test/src/Feature/Http/Controllers/Resource/Playground/LockJsonTrait.php" line="14" class="Tests\Feature\Playground\Matrix\Api\Http\Controllers\Playground\RoadmapRouteTest" classname="Tests.Feature.Playground.Matrix.Api.Http.Controllers.Playground.RoadmapRouteTest" assertions="3" time="0.354267"/>
        <testcase name="test_json_lock_as_admin_user_and_succeed" file="/app/vendor/gammamatrix/playground-test/src/Feature/Http/Controllers/Resource/Playground/LockJsonTrait.php" line="46" class="Tests\Feature\Playground\Matrix\Api\Http\Controllers\Playground\RoadmapRouteTest" classname="Tests.Feature.Playground.Matrix.Api.Http.Controllers.Playground.RoadmapRouteTest" assertions="3" time="0.404076"/>
        <testcase name="test_json_lock_as_admin_user_and_succeed_with_no_redirect" file="/app/vendor/gammamatrix/playground-test/src/Feature/Http/Controllers/Resource/Playground/LockJsonTrait.php" line="85" class="Tests\Feature\Playground\Matrix\Api\Http\Controllers\Playground\RoadmapRouteTest" classname="Tests.Feature.Playground.Matrix.Api.Http.Controllers.Playground.RoadmapRouteTest" assertions="93" time="0.474681"/>
        <testcase name="test_json_lock_with_user_role_and_get_denied" file="/app/vendor/gammamatrix/playground-test/src/Feature/Http/Controllers/Resource/Playground/LockJsonTrait.php" line="138" class="Tests\Feature\Playground\Matrix\Api\Http\Controllers\Playground\RoadmapRouteTest" classname="Tests.Feature.Playground.Matrix.Api.Http.Controllers.Playground.RoadmapRouteTest" assertions="3" time="0.359702"/>
        <testcase name="test_json_lock_with_admin_role_and_succeed" file="/app/vendor/gammamatrix/playground-test/src/Feature/Http/Controllers/Resource/Playground/LockJsonTrait.php" line="178" class="Tests\Feature\Playground\Matrix\Api\Http\Controllers\Playground\RoadmapRouteTest" classname="Tests.Feature.Playground.Matrix.Api.Http.Controllers.Playground.RoadmapRouteTest" assertions="93" time="0.511083"/>
        <testcase name="test_json_lock_with_admin_role_and_succeed_with_json" file="/app/vendor/gammamatrix/playground-test/src/Feature/Http/Controllers/Resource/Playground/LockJsonTrait.php" line="219" class="Tests\Feature\Playground\Matrix\Api\Http\Controllers\Playground\RoadmapRouteTest" classname="Tests.Feature.Playground.Matrix.Api.Http.Controllers.Playground.RoadmapRouteTest" assertions="93" time="0.477144"/>
        <testcase name="test_json_guest_cannot_restore" file="/app/vendor/gammamatrix/playground-test/src/Feature/Http/Controllers/Resource/Playground/RestoreJsonTrait.php" line="15" class="Tests\Feature\Playground\Matrix\Api\Http\Controllers\Playground\RoadmapRouteTest" classname="Tests.Feature.Playground.Matrix.Api.Http.Controllers.Playground.RoadmapRouteTest" assertions="3" time="0.400368"/>
        <testcase name="test_json_restore_as_admin_user_and_succeed" file="/app/vendor/gammamatrix/playground-test/src/Feature/Http/Controllers/Resource/Playground/RestoreJsonTrait.php" line="52" class="Tests\Feature\Playground\Matrix\Api\Http\Controllers\Playground\RoadmapRouteTest" classname="Tests.Feature.Playground.Matrix.Api.Http.Controllers.Playground.RoadmapRouteTest" assertions="93" time="0.474105"/>
        <testcase name="test_json_restore_as_admin_user_and_succeed_with_no_redirect" file="/app/vendor/gammamatrix/playground-test/src/Feature/Http/Controllers/Resource/Playground/RestoreJsonTrait.php" line="96" class="Tests\Feature\Playground\Matrix\Api\Http\Controllers\Playground\RoadmapRouteTest" classname="Tests.Feature.Playground.Matrix.Api.Http.Controllers.Playground.RoadmapRouteTest" assertions="93" time="0.500504"/>
        <testcase name="test_json_restore_with_user_role_and_get_denied" file="/app/vendor/gammamatrix/playground-test/src/Feature/Http/Controllers/Resource/Playground/RestoreJsonTrait.php" line="153" class="Tests\Feature\Playground\Matrix\Api\Http\Controllers\Playground\RoadmapRouteTest" classname="Tests.Feature.Playground.Matrix.Api.Http.Controllers.Playground.RoadmapRouteTest" assertions="3" time="0.362107"/>
        <testcase name="test_json_restore_with_admin_role_and_succeed" file="/app/vendor/gammamatrix/playground-test/src/Feature/Http/Controllers/Resource/Playground/RestoreJsonTrait.php" line="195" class="Tests\Feature\Playground\Matrix\Api\Http\Controllers\Playground\RoadmapRouteTest" classname="Tests.Feature.Playground.Matrix.Api.Http.Controllers.Playground.RoadmapRouteTest" assertions="93" time="0.478275"/>
        <testcase name="test_json_guest_cannot_see_info" file="/app/vendor/gammamatrix/playground-test/src/Feature/Http/Controllers/Resource/Playground/ShowJsonTrait.php" line="14" class="Tests\Feature\Playground\Matrix\Api\Http\Controllers\Playground\RoadmapRouteTest" classname="Tests.Feature.Playground.Matrix.Api.Http.Controllers.Playground.RoadmapRouteTest" assertions="1" time="0.421561"/>
        <testcase name="test_json_show_info_for_admin" file="/app/vendor/gammamatrix/playground-test/src/Feature/Http/Controllers/Resource/Playground/ShowJsonTrait.php" line="33" class="Tests\Feature\Playground\Matrix\Api\Http\Controllers\Playground\RoadmapRouteTest" classname="Tests.Feature.Playground.Matrix.Api.Http.Controllers.Playground.RoadmapRouteTest" assertions="92" time="0.468413"/>
        <testcase name="test_json_guest_cannot_unlock" file="/app/vendor/gammamatrix/playground-test/src/Feature/Http/Controllers/Resource/Playground/UnlockJsonTrait.php" line="14" class="Tests\Feature\Playground\Matrix\Api\Http\Controllers\Playground\RoadmapRouteTest" classname="Tests.Feature.Playground.Matrix.Api.Http.Controllers.Playground.RoadmapRouteTest" assertions="3" time="0.395126"/>
        <testcase name="test_json_unlock_as_admin_user_and_succeed" file="/app/vendor/gammamatrix/playground-test/src/Feature/Http/Controllers/Resource/Playground/UnlockJsonTrait.php" line="50" class="Tests\Feature\Playground\Matrix\Api\Http\Controllers\Playground\RoadmapRouteTest" classname="Tests.Feature.Playground.Matrix.Api.Http.Controllers.Playground.RoadmapRouteTest" assertions="93" time="0.473375"/>
        <testcase name="test_json_unlock_as_admin_user_and_succeed_with_no_redirect" file="/app/vendor/gammamatrix/playground-test/src/Feature/Http/Controllers/Resource/Playground/UnlockJsonTrait.php" line="94" class="Tests\Feature\Playground\Matrix\Api\Http\Controllers\Playground\RoadmapRouteTest" classname="Tests.Feature.Playground.Matrix.Api.Http.Controllers.Playground.RoadmapRouteTest" assertions="93" time="0.509505"/>
        <testcase name="test_json_unlock_with_user_role_and_get_denied" file="/app/vendor/gammamatrix/playground-test/src/Feature/Http/Controllers/Resource/Playground/UnlockJsonTrait.php" line="149" class="Tests\Feature\Playground\Matrix\Api\Http\Controllers\Playground\RoadmapRouteTest" classname="Tests.Feature.Playground.Matrix.Api.Http.Controllers.Playground.RoadmapRouteTest" assertions="3" time="0.368102"/>
        <testcase name="test_json_unlock_with_admin_role_and_succeed" file="/app/vendor/gammamatrix/playground-test/src/Feature/Http/Controllers/Resource/Playground/UnlockJsonTrait.php" line="194" class="Tests\Feature\Playground\Matrix\Api\Http\Controllers\Playground\RoadmapRouteTest" classname="Tests.Feature.Playground.Matrix.Api.Http.Controllers.Playground.RoadmapRouteTest" assertions="93" time="0.476601"/>
      </testsuite>
      <testsuite name="Tests\Feature\Playground\Matrix\Api\Http\Controllers\Playground\SourceRouteTest" file="/app/tests/Feature/Http/Controllers/Playground/SourceRouteTest.php" tests="37" assertions="1295" errors="0" failures="0" skipped="0" time="15.663713">
        <testcase name="test_json_guest_cannot_get_info" file="/app/vendor/gammamatrix/playground-test/src/Feature/Http/Controllers/Resource/Playground/CreateJsonTrait.php" line="24" class="Tests\Feature\Playground\Matrix\Api\Http\Controllers\Playground\SourceRouteTest" classname="Tests.Feature.Playground.Matrix.Api.Http.Controllers.Playground.SourceRouteTest" assertions="1" time="0.442604"/>
        <testcase name="test_json_guest_cannot_render_create_view_requesting_json" file="/app/vendor/gammamatrix/playground-test/src/Feature/Http/Controllers/Resource/Playground/CreateJsonTrait.php" line="38" class="Tests\Feature\Playground\Matrix\Api\Http\Controllers\Playground\SourceRouteTest" classname="Tests.Feature.Playground.Matrix.Api.Http.Controllers.Playground.SourceRouteTest" assertions="2" time="0.347672"/>
        <testcase name="test_json_create_info_with_admin" file="/app/vendor/gammamatrix/playground-test/src/Feature/Http/Controllers/Resource/Playground/CreateJsonTrait.php" line="55" class="Tests\Feature\Playground\Matrix\Api\Http\Controllers\Playground\SourceRouteTest" classname="Tests.Feature.Playground.Matrix.Api.Http.Controllers.Playground.SourceRouteTest" assertions="93" time="0.489122"/>
        <testcase name="test_json_create_info_by_admin_with_invalid_parameter" file="/app/vendor/gammamatrix/playground-test/src/Feature/Http/Controllers/Resource/Playground/CreateJsonTrait.php" line="79" class="Tests\Feature\Playground\Matrix\Api\Http\Controllers\Playground\SourceRouteTest" classname="Tests.Feature.Playground.Matrix.Api.Http.Controllers.Playground.SourceRouteTest" assertions="4" time="0.358038"/>
        <testcase name="test_json_guest_cannot_destroy" file="/app/vendor/gammamatrix/playground-test/src/Feature/Http/Controllers/Resource/Playground/DestroyJsonTrait.php" line="14" class="Tests\Feature\Playground\Matrix\Api\Http\Controllers\Playground\SourceRouteTest" classname="Tests.Feature.Playground.Matrix.Api.Http.Controllers.Playground.SourceRouteTest" assertions="3" time="0.358949"/>
        <testcase name="test_json_destroy_as_admin_user_and_succeed" file="/app/vendor/gammamatrix/playground-test/src/Feature/Http/Controllers/Resource/Playground/DestroyJsonTrait.php" line="48" class="Tests\Feature\Playground\Matrix\Api\Http\Controllers\Playground\SourceRouteTest" classname="Tests.Feature.Playground.Matrix.Api.Http.Controllers.Playground.SourceRouteTest" assertions="5" time="0.406425"/>
        <testcase name="test_json_destroy_as_admin_user_and_succeed_with_force_delete" file="/app/vendor/gammamatrix/playground-test/src/Feature/Http/Controllers/Resource/Playground/DestroyJsonTrait.php" line="92" class="Tests\Feature\Playground\Matrix\Api\Http\Controllers\Playground\SourceRouteTest" classname="Tests.Feature.Playground.Matrix.Api.Http.Controllers.Playground.SourceRouteTest" assertions="4" time="0.356172"/>
        <testcase name="test_json_destroy_as_admin_user_using_json_and_succeed_with_no_content" file="/app/vendor/gammamatrix/playground-test/src/Feature/Http/Controllers/Resource/Playground/DestroyJsonTrait.php" line="132" class="Tests\Feature\Playground\Matrix\Api\Http\Controllers\Playground\SourceRouteTest" classname="Tests.Feature.Playground.Matrix.Api.Http.Controllers.Playground.SourceRouteTest" assertions="5" time="0.368476"/>
        <testcase name="test_json_destroy_as_admin_user_and_succeed_with_redirect_to_index_with_trash" file="/app/vendor/gammamatrix/playground-test/src/Feature/Http/Controllers/Resource/Playground/DestroyJsonTrait.php" line="177" class="Tests\Feature\Playground\Matrix\Api\Http\Controllers\Playground\SourceRouteTest" classname="Tests.Feature.Playground.Matrix.Api.Http.Controllers.Playground.SourceRouteTest" assertions="5" time="0.403453"/>
        <testcase name="test_json_destroy_with_user_role_and_get_denied_and_no_force_delete_allowed" file="/app/vendor/gammamatrix/playground-test/src/Feature/Http/Controllers/Resource/Playground/DestroyJsonTrait.php" line="235" class="Tests\Feature\Playground\Matrix\Api\Http\Controllers\Playground\SourceRouteTest" classname="Tests.Feature.Playground.Matrix.Api.Http.Controllers.Playground.SourceRouteTest" assertions="3" time="0.361189"/>
        <testcase name="test_json_destroy_with_admin_role_and_succeed" file="/app/vendor/gammamatrix/playground-test/src/Feature/Http/Controllers/Resource/Playground/DestroyJsonTrait.php" line="277" class="Tests\Feature\Playground\Matrix\Api\Http\Controllers\Playground\SourceRouteTest" classname="Tests.Feature.Playground.Matrix.Api.Http.Controllers.Playground.SourceRouteTest" assertions="5" time="0.413401"/>
        <testcase name="test_json_destroy_with_admin_role_and_succeed_with_force_delete" file="/app/vendor/gammamatrix/playground-test/src/Feature/Http/Controllers/Resource/Playground/DestroyJsonTrait.php" line="322" class="Tests\Feature\Playground\Matrix\Api\Http\Controllers\Playground\SourceRouteTest" classname="Tests.Feature.Playground.Matrix.Api.Http.Controllers.Playground.SourceRouteTest" assertions="4" time="0.367446"/>
        <testcase name="test_json_guest_cannot_render_edit_view" file="/app/vendor/gammamatrix/playground-test/src/Feature/Http/Controllers/Resource/Playground/EditJsonTrait.php" line="14" class="Tests\Feature\Playground\Matrix\Api\Http\Controllers\Playground\SourceRouteTest" classname="Tests.Feature.Playground.Matrix.Api.Http.Controllers.Playground.SourceRouteTest" assertions="1" time="0.372163"/>
        <testcase name="test_json_edit_as_admin_view_rendered_by_user_with_return_url" file="/app/vendor/gammamatrix/playground-test/src/Feature/Http/Controllers/Resource/Playground/EditJsonTrait.php" line="33" class="Tests\Feature\Playground\Matrix\Api\Http\Controllers\Playground\SourceRouteTest" classname="Tests.Feature.Playground.Matrix.Api.Http.Controllers.Playground.SourceRouteTest" assertions="4" time="0.419153"/>
        <testcase name="test_json_edit_as_admin_info_with_user" file="/app/vendor/gammamatrix/playground-test/src/Feature/Http/Controllers/Resource/Playground/EditJsonTrait.php" line="70" class="Tests\Feature\Playground\Matrix\Api\Http\Controllers\Playground\SourceRouteTest" classname="Tests.Feature.Playground.Matrix.Api.Http.Controllers.Playground.SourceRouteTest" assertions="4" time="0.372201"/>
        <testcase name="test_json_edit_as_admin_view_rendered_by_user_with_invalid_parameter" file="/app/vendor/gammamatrix/playground-test/src/Feature/Http/Controllers/Resource/Playground/EditJsonTrait.php" line="99" class="Tests\Feature\Playground\Matrix\Api\Http\Controllers\Playground\SourceRouteTest" classname="Tests.Feature.Playground.Matrix.Api.Http.Controllers.Playground.SourceRouteTest" assertions="4" time="0.369278"/>
        <testcase name="test_json_guest_cannot_render_index_view" file="/app/vendor/gammamatrix/playground-test/src/Feature/Http/Controllers/Resource/Playground/IndexJsonTrait.php" line="24" class="Tests\Feature\Playground\Matrix\Api\Http\Controllers\Playground\SourceRouteTest" classname="Tests.Feature.Playground.Matrix.Api.Http.Controllers.Playground.SourceRouteTest" assertions="1" time="0.435481"/>
        <testcase name="test_json_index_view_rendered_by_admin" file="/app/vendor/gammamatrix/playground-test/src/Feature/Http/Controllers/Resource/Playground/IndexJsonTrait.php" line="40" class="Tests\Feature\Playground\Matrix\Api\Http\Controllers\Playground\SourceRouteTest" classname="Tests.Feature.Playground.Matrix.Api.Http.Controllers.Playground.SourceRouteTest" assertions="98" time="0.532981"/>
        <testcase name="test_json_index_as_admin" file="/app/vendor/gammamatrix/playground-test/src/Feature/Http/Controllers/Resource/Playground/IndexJsonTrait.php" line="64" class="Tests\Feature\Playground\Matrix\Api\Http\Controllers\Playground\SourceRouteTest" classname="Tests.Feature.Playground.Matrix.Api.Http.Controllers.Playground.SourceRouteTest" assertions="98" time="0.564105"/>
        <testcase name="test_json_guest_cannot_lock" file="/app/vendor/gammamatrix/playground-test/src/Feature/Http/Controllers/Resource/Playground/LockJsonTrait.php" line="14" class="Tests\Feature\Playground\Matrix\Api\Http\Controllers\Playground\SourceRouteTest" classname="Tests.Feature.Playground.Matrix.Api.Http.Controllers.Playground.SourceRouteTest" assertions="3" time="0.360577"/>
        <testcase name="test_json_lock_as_admin_user_and_succeed" file="/app/vendor/gammamatrix/playground-test/src/Feature/Http/Controllers/Resource/Playground/LockJsonTrait.php" line="46" class="Tests\Feature\Playground\Matrix\Api\Http\Controllers\Playground\SourceRouteTest" classname="Tests.Feature.Playground.Matrix.Api.Http.Controllers.Playground.SourceRouteTest" assertions="3" time="0.411722"/>
        <testcase name="test_json_lock_as_admin_user_and_succeed_with_no_redirect" file="/app/vendor/gammamatrix/playground-test/src/Feature/Http/Controllers/Resource/Playground/LockJsonTrait.php" line="85" class="Tests\Feature\Playground\Matrix\Api\Http\Controllers\Playground\SourceRouteTest" classname="Tests.Feature.Playground.Matrix.Api.Http.Controllers.Playground.SourceRouteTest" assertions="93" time="0.469406"/>
        <testcase name="test_json_lock_with_user_role_and_get_denied" file="/app/vendor/gammamatrix/playground-test/src/Feature/Http/Controllers/Resource/Playground/LockJsonTrait.php" line="138" class="Tests\Feature\Playground\Matrix\Api\Http\Controllers\Playground\SourceRouteTest" classname="Tests.Feature.Playground.Matrix.Api.Http.Controllers.Playground.SourceRouteTest" assertions="3" time="0.364313"/>
        <testcase name="test_json_lock_with_admin_role_and_succeed" file="/app/vendor/gammamatrix/playground-test/src/Feature/Http/Controllers/Resource/Playground/LockJsonTrait.php" line="178" class="Tests\Feature\Playground\Matrix\Api\Http\Controllers\Playground\SourceRouteTest" classname="Tests.Feature.Playground.Matrix.Api.Http.Controllers.Playground.SourceRouteTest" assertions="93" time="0.505807"/>
        <testcase name="test_json_lock_with_admin_role_and_succeed_with_json" file="/app/vendor/gammamatrix/playground-test/src/Feature/Http/Controllers/Resource/Playground/LockJsonTrait.php" line="219" class="Tests\Feature\Playground\Matrix\Api\Http\Controllers\Playground\SourceRouteTest" classname="Tests.Feature.Playground.Matrix.Api.Http.Controllers.Playground.SourceRouteTest" assertions="93" time="0.473367"/>
        <testcase name="test_json_guest_cannot_restore" file="/app/vendor/gammamatrix/playground-test/src/Feature/Http/Controllers/Resource/Playground/RestoreJsonTrait.php" line="15" class="Tests\Feature\Playground\Matrix\Api\Http\Controllers\Playground\SourceRouteTest" classname="Tests.Feature.Playground.Matrix.Api.Http.Controllers.Playground.SourceRouteTest" assertions="3" time="0.406375"/>
        <testcase name="test_json_restore_as_admin_user_and_succeed" file="/app/vendor/gammamatrix/playground-test/src/Feature/Http/Controllers/Resource/Playground/RestoreJsonTrait.php" line="52" class="Tests\Feature\Playground\Matrix\Api\Http\Controllers\Playground\SourceRouteTest" classname="Tests.Feature.Playground.Matrix.Api.Http.Controllers.Playground.SourceRouteTest" assertions="93" time="0.475796"/>
        <testcase name="test_json_restore_as_admin_user_and_succeed_with_no_redirect" file="/app/vendor/gammamatrix/playground-test/src/Feature/Http/Controllers/Resource/Playground/RestoreJsonTrait.php" line="96" class="Tests\Feature\Playground\Matrix\Api\Http\Controllers\Playground\SourceRouteTest" classname="Tests.Feature.Playground.Matrix.Api.Http.Controllers.Playground.SourceRouteTest" assertions="93" time="0.517468"/>
        <testcase name="test_json_restore_with_user_role_and_get_denied" file="/app/vendor/gammamatrix/playground-test/src/Feature/Http/Controllers/Resource/Playground/RestoreJsonTrait.php" line="153" class="Tests\Feature\Playground\Matrix\Api\Http\Controllers\Playground\SourceRouteTest" classname="Tests.Feature.Playground.Matrix.Api.Http.Controllers.Playground.SourceRouteTest" assertions="3" time="0.360245"/>
        <testcase name="test_json_restore_with_admin_role_and_succeed" file="/app/vendor/gammamatrix/playground-test/src/Feature/Http/Controllers/Resource/Playground/RestoreJsonTrait.php" line="195" class="Tests\Feature\Playground\Matrix\Api\Http\Controllers\Playground\SourceRouteTest" classname="Tests.Feature.Playground.Matrix.Api.Http.Controllers.Playground.SourceRouteTest" assertions="93" time="0.483020"/>
        <testcase name="test_json_guest_cannot_see_info" file="/app/vendor/gammamatrix/playground-test/src/Feature/Http/Controllers/Resource/Playground/ShowJsonTrait.php" line="14" class="Tests\Feature\Playground\Matrix\Api\Http\Controllers\Playground\SourceRouteTest" classname="Tests.Feature.Playground.Matrix.Api.Http.Controllers.Playground.SourceRouteTest" assertions="1" time="0.398071"/>
        <testcase name="test_json_show_info_for_admin" file="/app/vendor/gammamatrix/playground-test/src/Feature/Http/Controllers/Resource/Playground/ShowJsonTrait.php" line="33" class="Tests\Feature\Playground\Matrix\Api\Http\Controllers\Playground\SourceRouteTest" classname="Tests.Feature.Playground.Matrix.Api.Http.Controllers.Playground.SourceRouteTest" assertions="92" time="0.475592"/>
        <testcase name="test_json_guest_cannot_unlock" file="/app/vendor/gammamatrix/playground-test/src/Feature/Http/Controllers/Resource/Playground/UnlockJsonTrait.php" line="14" class="Tests\Feature\Playground\Matrix\Api\Http\Controllers\Playground\SourceRouteTest" classname="Tests.Feature.Playground.Matrix.Api.Http.Controllers.Playground.SourceRouteTest" assertions="3" time="0.400918"/>
        <testcase name="test_json_unlock_as_admin_user_and_succeed" file="/app/vendor/gammamatrix/playground-test/src/Feature/Http/Controllers/Resource/Playground/UnlockJsonTrait.php" line="50" class="Tests\Feature\Playground\Matrix\Api\Http\Controllers\Playground\SourceRouteTest" classname="Tests.Feature.Playground.Matrix.Api.Http.Controllers.Playground.SourceRouteTest" assertions="93" time="0.476965"/>
        <testcase name="test_json_unlock_as_admin_user_and_succeed_with_no_redirect" file="/app/vendor/gammamatrix/playground-test/src/Feature/Http/Controllers/Resource/Playground/UnlockJsonTrait.php" line="94" class="Tests\Feature\Playground\Matrix\Api\Http\Controllers\Playground\SourceRouteTest" classname="Tests.Feature.Playground.Matrix.Api.Http.Controllers.Playground.SourceRouteTest" assertions="93" time="0.507132"/>
        <testcase name="test_json_unlock_with_user_role_and_get_denied" file="/app/vendor/gammamatrix/playground-test/src/Feature/Http/Controllers/Resource/Playground/UnlockJsonTrait.php" line="149" class="Tests\Feature\Playground\Matrix\Api\Http\Controllers\Playground\SourceRouteTest" classname="Tests.Feature.Playground.Matrix.Api.Http.Controllers.Playground.SourceRouteTest" assertions="3" time="0.362576"/>
        <testcase name="test_json_unlock_with_admin_role_and_succeed" file="/app/vendor/gammamatrix/playground-test/src/Feature/Http/Controllers/Resource/Playground/UnlockJsonTrait.php" line="194" class="Tests\Feature\Playground\Matrix\Api\Http\Controllers\Playground\SourceRouteTest" classname="Tests.Feature.Playground.Matrix.Api.Http.Controllers.Playground.SourceRouteTest" assertions="93" time="0.476053"/>
      </testsuite>
      <testsuite name="Tests\Feature\Playground\Matrix\Api\Http\Controllers\Playground\SprintRouteTest" file="/app/tests/Feature/Http/Controllers/Playground/SprintRouteTest.php" tests="37" assertions="1295" errors="0" failures="0" skipped="0" time="15.701934">
        <testcase name="test_json_guest_cannot_get_info" file="/app/vendor/gammamatrix/playground-test/src/Feature/Http/Controllers/Resource/Playground/CreateJsonTrait.php" line="24" class="Tests\Feature\Playground\Matrix\Api\Http\Controllers\Playground\SprintRouteTest" classname="Tests.Feature.Playground.Matrix.Api.Http.Controllers.Playground.SprintRouteTest" assertions="1" time="0.438571"/>
        <testcase name="test_json_guest_cannot_render_create_view_requesting_json" file="/app/vendor/gammamatrix/playground-test/src/Feature/Http/Controllers/Resource/Playground/CreateJsonTrait.php" line="38" class="Tests\Feature\Playground\Matrix\Api\Http\Controllers\Playground\SprintRouteTest" classname="Tests.Feature.Playground.Matrix.Api.Http.Controllers.Playground.SprintRouteTest" assertions="2" time="0.348570"/>
        <testcase name="test_json_create_info_with_admin" file="/app/vendor/gammamatrix/playground-test/src/Feature/Http/Controllers/Resource/Playground/CreateJsonTrait.php" line="55" class="Tests\Feature\Playground\Matrix\Api\Http\Controllers\Playground\SprintRouteTest" classname="Tests.Feature.Playground.Matrix.Api.Http.Controllers.Playground.SprintRouteTest" assertions="93" time="0.505953"/>
        <testcase name="test_json_create_info_by_admin_with_invalid_parameter" file="/app/vendor/gammamatrix/playground-test/src/Feature/Http/Controllers/Resource/Playground/CreateJsonTrait.php" line="79" class="Tests\Feature\Playground\Matrix\Api\Http\Controllers\Playground\SprintRouteTest" classname="Tests.Feature.Playground.Matrix.Api.Http.Controllers.Playground.SprintRouteTest" assertions="4" time="0.361351"/>
        <testcase name="test_json_guest_cannot_destroy" file="/app/vendor/gammamatrix/playground-test/src/Feature/Http/Controllers/Resource/Playground/DestroyJsonTrait.php" line="14" class="Tests\Feature\Playground\Matrix\Api\Http\Controllers\Playground\SprintRouteTest" classname="Tests.Feature.Playground.Matrix.Api.Http.Controllers.Playground.SprintRouteTest" assertions="3" time="0.358297"/>
        <testcase name="test_json_destroy_as_admin_user_and_succeed" file="/app/vendor/gammamatrix/playground-test/src/Feature/Http/Controllers/Resource/Playground/DestroyJsonTrait.php" line="48" class="Tests\Feature\Playground\Matrix\Api\Http\Controllers\Playground\SprintRouteTest" classname="Tests.Feature.Playground.Matrix.Api.Http.Controllers.Playground.SprintRouteTest" assertions="5" time="0.402975"/>
        <testcase name="test_json_destroy_as_admin_user_and_succeed_with_force_delete" file="/app/vendor/gammamatrix/playground-test/src/Feature/Http/Controllers/Resource/Playground/DestroyJsonTrait.php" line="92" class="Tests\Feature\Playground\Matrix\Api\Http\Controllers\Playground\SprintRouteTest" classname="Tests.Feature.Playground.Matrix.Api.Http.Controllers.Playground.SprintRouteTest" assertions="4" time="0.361749"/>
        <testcase name="test_json_destroy_as_admin_user_using_json_and_succeed_with_no_content" file="/app/vendor/gammamatrix/playground-test/src/Feature/Http/Controllers/Resource/Playground/DestroyJsonTrait.php" line="132" class="Tests\Feature\Playground\Matrix\Api\Http\Controllers\Playground\SprintRouteTest" classname="Tests.Feature.Playground.Matrix.Api.Http.Controllers.Playground.SprintRouteTest" assertions="5" time="0.362471"/>
        <testcase name="test_json_destroy_as_admin_user_and_succeed_with_redirect_to_index_with_trash" file="/app/vendor/gammamatrix/playground-test/src/Feature/Http/Controllers/Resource/Playground/DestroyJsonTrait.php" line="177" class="Tests\Feature\Playground\Matrix\Api\Http\Controllers\Playground\SprintRouteTest" classname="Tests.Feature.Playground.Matrix.Api.Http.Controllers.Playground.SprintRouteTest" assertions="5" time="0.419644"/>
        <testcase name="test_json_destroy_with_user_role_and_get_denied_and_no_force_delete_allowed" file="/app/vendor/gammamatrix/playground-test/src/Feature/Http/Controllers/Resource/Playground/DestroyJsonTrait.php" line="235" class="Tests\Feature\Playground\Matrix\Api\Http\Controllers\Playground\SprintRouteTest" classname="Tests.Feature.Playground.Matrix.Api.Http.Controllers.Playground.SprintRouteTest" assertions="3" time="0.360232"/>
        <testcase name="test_json_destroy_with_admin_role_and_succeed" file="/app/vendor/gammamatrix/playground-test/src/Feature/Http/Controllers/Resource/Playground/DestroyJsonTrait.php" line="277" class="Tests\Feature\Playground\Matrix\Api\Http\Controllers\Playground\SprintRouteTest" classname="Tests.Feature.Playground.Matrix.Api.Http.Controllers.Playground.SprintRouteTest" assertions="5" time="0.384825"/>
        <testcase name="test_json_destroy_with_admin_role_and_succeed_with_force_delete" file="/app/vendor/gammamatrix/playground-test/src/Feature/Http/Controllers/Resource/Playground/DestroyJsonTrait.php" line="322" class="Tests\Feature\Playground\Matrix\Api\Http\Controllers\Playground\SprintRouteTest" classname="Tests.Feature.Playground.Matrix.Api.Http.Controllers.Playground.SprintRouteTest" assertions="4" time="0.357898"/>
        <testcase name="test_json_guest_cannot_render_edit_view" file="/app/vendor/gammamatrix/playground-test/src/Feature/Http/Controllers/Resource/Playground/EditJsonTrait.php" line="14" class="Tests\Feature\Playground\Matrix\Api\Http\Controllers\Playground\SprintRouteTest" classname="Tests.Feature.Playground.Matrix.Api.Http.Controllers.Playground.SprintRouteTest" assertions="1" time="0.369594"/>
        <testcase name="test_json_edit_as_admin_view_rendered_by_user_with_return_url" file="/app/vendor/gammamatrix/playground-test/src/Feature/Http/Controllers/Resource/Playground/EditJsonTrait.php" line="33" class="Tests\Feature\Playground\Matrix\Api\Http\Controllers\Playground\SprintRouteTest" classname="Tests.Feature.Playground.Matrix.Api.Http.Controllers.Playground.SprintRouteTest" assertions="4" time="0.431963"/>
        <testcase name="test_json_edit_as_admin_info_with_user" file="/app/vendor/gammamatrix/playground-test/src/Feature/Http/Controllers/Resource/Playground/EditJsonTrait.php" line="70" class="Tests\Feature\Playground\Matrix\Api\Http\Controllers\Playground\SprintRouteTest" classname="Tests.Feature.Playground.Matrix.Api.Http.Controllers.Playground.SprintRouteTest" assertions="4" time="0.372625"/>
        <testcase name="test_json_edit_as_admin_view_rendered_by_user_with_invalid_parameter" file="/app/vendor/gammamatrix/playground-test/src/Feature/Http/Controllers/Resource/Playground/EditJsonTrait.php" line="99" class="Tests\Feature\Playground\Matrix\Api\Http\Controllers\Playground\SprintRouteTest" classname="Tests.Feature.Playground.Matrix.Api.Http.Controllers.Playground.SprintRouteTest" assertions="4" time="0.362405"/>
        <testcase name="test_json_guest_cannot_render_index_view" file="/app/vendor/gammamatrix/playground-test/src/Feature/Http/Controllers/Resource/Playground/IndexJsonTrait.php" line="24" class="Tests\Feature\Playground\Matrix\Api\Http\Controllers\Playground\SprintRouteTest" classname="Tests.Feature.Playground.Matrix.Api.Http.Controllers.Playground.SprintRouteTest" assertions="1" time="0.430686"/>
        <testcase name="test_json_index_view_rendered_by_admin" file="/app/vendor/gammamatrix/playground-test/src/Feature/Http/Controllers/Resource/Playground/IndexJsonTrait.php" line="40" class="Tests\Feature\Playground\Matrix\Api\Http\Controllers\Playground\SprintRouteTest" classname="Tests.Feature.Playground.Matrix.Api.Http.Controllers.Playground.SprintRouteTest" assertions="98" time="0.535004"/>
        <testcase name="test_json_index_as_admin" file="/app/vendor/gammamatrix/playground-test/src/Feature/Http/Controllers/Resource/Playground/IndexJsonTrait.php" line="64" class="Tests\Feature\Playground\Matrix\Api\Http\Controllers\Playground\SprintRouteTest" classname="Tests.Feature.Playground.Matrix.Api.Http.Controllers.Playground.SprintRouteTest" assertions="98" time="0.570261"/>
        <testcase name="test_json_guest_cannot_lock" file="/app/vendor/gammamatrix/playground-test/src/Feature/Http/Controllers/Resource/Playground/LockJsonTrait.php" line="14" class="Tests\Feature\Playground\Matrix\Api\Http\Controllers\Playground\SprintRouteTest" classname="Tests.Feature.Playground.Matrix.Api.Http.Controllers.Playground.SprintRouteTest" assertions="3" time="0.356571"/>
        <testcase name="test_json_lock_as_admin_user_and_succeed" file="/app/vendor/gammamatrix/playground-test/src/Feature/Http/Controllers/Resource/Playground/LockJsonTrait.php" line="46" class="Tests\Feature\Playground\Matrix\Api\Http\Controllers\Playground\SprintRouteTest" classname="Tests.Feature.Playground.Matrix.Api.Http.Controllers.Playground.SprintRouteTest" assertions="3" time="0.430723"/>
        <testcase name="test_json_lock_as_admin_user_and_succeed_with_no_redirect" file="/app/vendor/gammamatrix/playground-test/src/Feature/Http/Controllers/Resource/Playground/LockJsonTrait.php" line="85" class="Tests\Feature\Playground\Matrix\Api\Http\Controllers\Playground\SprintRouteTest" classname="Tests.Feature.Playground.Matrix.Api.Http.Controllers.Playground.SprintRouteTest" assertions="93" time="0.473995"/>
        <testcase name="test_json_lock_with_user_role_and_get_denied" file="/app/vendor/gammamatrix/playground-test/src/Feature/Http/Controllers/Resource/Playground/LockJsonTrait.php" line="138" class="Tests\Feature\Playground\Matrix\Api\Http\Controllers\Playground\SprintRouteTest" classname="Tests.Feature.Playground.Matrix.Api.Http.Controllers.Playground.SprintRouteTest" assertions="3" time="0.361846"/>
        <testcase name="test_json_lock_with_admin_role_and_succeed" file="/app/vendor/gammamatrix/playground-test/src/Feature/Http/Controllers/Resource/Playground/LockJsonTrait.php" line="178" class="Tests\Feature\Playground\Matrix\Api\Http\Controllers\Playground\SprintRouteTest" classname="Tests.Feature.Playground.Matrix.Api.Http.Controllers.Playground.SprintRouteTest" assertions="93" time="0.524267"/>
        <testcase name="test_json_lock_with_admin_role_and_succeed_with_json" file="/app/vendor/gammamatrix/playground-test/src/Feature/Http/Controllers/Resource/Playground/LockJsonTrait.php" line="219" class="Tests\Feature\Playground\Matrix\Api\Http\Controllers\Playground\SprintRouteTest" classname="Tests.Feature.Playground.Matrix.Api.Http.Controllers.Playground.SprintRouteTest" assertions="93" time="0.480969"/>
        <testcase name="test_json_guest_cannot_restore" file="/app/vendor/gammamatrix/playground-test/src/Feature/Http/Controllers/Resource/Playground/RestoreJsonTrait.php" line="15" class="Tests\Feature\Playground\Matrix\Api\Http\Controllers\Playground\SprintRouteTest" classname="Tests.Feature.Playground.Matrix.Api.Http.Controllers.Playground.SprintRouteTest" assertions="3" time="0.400372"/>
        <testcase name="test_json_restore_as_admin_user_and_succeed" file="/app/vendor/gammamatrix/playground-test/src/Feature/Http/Controllers/Resource/Playground/RestoreJsonTrait.php" line="52" class="Tests\Feature\Playground\Matrix\Api\Http\Controllers\Playground\SprintRouteTest" classname="Tests.Feature.Playground.Matrix.Api.Http.Controllers.Playground.SprintRouteTest" assertions="93" time="0.478587"/>
        <testcase name="test_json_restore_as_admin_user_and_succeed_with_no_redirect" file="/app/vendor/gammamatrix/playground-test/src/Feature/Http/Controllers/Resource/Playground/RestoreJsonTrait.php" line="96" class="Tests\Feature\Playground\Matrix\Api\Http\Controllers\Playground\SprintRouteTest" classname="Tests.Feature.Playground.Matrix.Api.Http.Controllers.Playground.SprintRouteTest" assertions="93" time="0.521406"/>
        <testcase name="test_json_restore_with_user_role_and_get_denied" file="/app/vendor/gammamatrix/playground-test/src/Feature/Http/Controllers/Resource/Playground/RestoreJsonTrait.php" line="153" class="Tests\Feature\Playground\Matrix\Api\Http\Controllers\Playground\SprintRouteTest" classname="Tests.Feature.Playground.Matrix.Api.Http.Controllers.Playground.SprintRouteTest" assertions="3" time="0.360984"/>
        <testcase name="test_json_restore_with_admin_role_and_succeed" file="/app/vendor/gammamatrix/playground-test/src/Feature/Http/Controllers/Resource/Playground/RestoreJsonTrait.php" line="195" class="Tests\Feature\Playground\Matrix\Api\Http\Controllers\Playground\SprintRouteTest" classname="Tests.Feature.Playground.Matrix.Api.Http.Controllers.Playground.SprintRouteTest" assertions="93" time="0.475219"/>
        <testcase name="test_json_guest_cannot_see_info" file="/app/vendor/gammamatrix/playground-test/src/Feature/Http/Controllers/Resource/Playground/ShowJsonTrait.php" line="14" class="Tests\Feature\Playground\Matrix\Api\Http\Controllers\Playground\SprintRouteTest" classname="Tests.Feature.Playground.Matrix.Api.Http.Controllers.Playground.SprintRouteTest" assertions="1" time="0.397069"/>
        <testcase name="test_json_show_info_for_admin" file="/app/vendor/gammamatrix/playground-test/src/Feature/Http/Controllers/Resource/Playground/ShowJsonTrait.php" line="33" class="Tests\Feature\Playground\Matrix\Api\Http\Controllers\Playground\SprintRouteTest" classname="Tests.Feature.Playground.Matrix.Api.Http.Controllers.Playground.SprintRouteTest" assertions="92" time="0.481327"/>
        <testcase name="test_json_guest_cannot_unlock" file="/app/vendor/gammamatrix/playground-test/src/Feature/Http/Controllers/Resource/Playground/UnlockJsonTrait.php" line="14" class="Tests\Feature\Playground\Matrix\Api\Http\Controllers\Playground\SprintRouteTest" classname="Tests.Feature.Playground.Matrix.Api.Http.Controllers.Playground.SprintRouteTest" assertions="3" time="0.411277"/>
        <testcase name="test_json_unlock_as_admin_user_and_succeed" file="/app/vendor/gammamatrix/playground-test/src/Feature/Http/Controllers/Resource/Playground/UnlockJsonTrait.php" line="50" class="Tests\Feature\Playground\Matrix\Api\Http\Controllers\Playground\SprintRouteTest" classname="Tests.Feature.Playground.Matrix.Api.Http.Controllers.Playground.SprintRouteTest" assertions="93" time="0.471721"/>
        <testcase name="test_json_unlock_as_admin_user_and_succeed_with_no_redirect" file="/app/vendor/gammamatrix/playground-test/src/Feature/Http/Controllers/Resource/Playground/UnlockJsonTrait.php" line="94" class="Tests\Feature\Playground\Matrix\Api\Http\Controllers\Playground\SprintRouteTest" classname="Tests.Feature.Playground.Matrix.Api.Http.Controllers.Playground.SprintRouteTest" assertions="93" time="0.506889"/>
        <testcase name="test_json_unlock_with_user_role_and_get_denied" file="/app/vendor/gammamatrix/playground-test/src/Feature/Http/Controllers/Resource/Playground/UnlockJsonTrait.php" line="149" class="Tests\Feature\Playground\Matrix\Api\Http\Controllers\Playground\SprintRouteTest" classname="Tests.Feature.Playground.Matrix.Api.Http.Controllers.Playground.SprintRouteTest" assertions="3" time="0.360342"/>
        <testcase name="test_json_unlock_with_admin_role_and_succeed" file="/app/vendor/gammamatrix/playground-test/src/Feature/Http/Controllers/Resource/Playground/UnlockJsonTrait.php" line="194" class="Tests\Feature\Playground\Matrix\Api\Http\Controllers\Playground\SprintRouteTest" classname="Tests.Feature.Playground.Matrix.Api.Http.Controllers.Playground.SprintRouteTest" assertions="93" time="0.473294"/>
      </testsuite>
      <testsuite name="Tests\Feature\Playground\Matrix\Api\Http\Controllers\Playground\TagRouteTest" file="/app/tests/Feature/Http/Controllers/Playground/TagRouteTest.php" tests="37" assertions="1295" errors="0" failures="0" skipped="0" time="15.867449">
        <testcase name="test_json_guest_cannot_get_info" file="/app/vendor/gammamatrix/playground-test/src/Feature/Http/Controllers/Resource/Playground/CreateJsonTrait.php" line="24" class="Tests\Feature\Playground\Matrix\Api\Http\Controllers\Playground\TagRouteTest" classname="Tests.Feature.Playground.Matrix.Api.Http.Controllers.Playground.TagRouteTest" assertions="1" time="0.440972"/>
        <testcase name="test_json_guest_cannot_render_create_view_requesting_json" file="/app/vendor/gammamatrix/playground-test/src/Feature/Http/Controllers/Resource/Playground/CreateJsonTrait.php" line="38" class="Tests\Feature\Playground\Matrix\Api\Http\Controllers\Playground\TagRouteTest" classname="Tests.Feature.Playground.Matrix.Api.Http.Controllers.Playground.TagRouteTest" assertions="2" time="0.344046"/>
        <testcase name="test_json_create_info_with_admin" file="/app/vendor/gammamatrix/playground-test/src/Feature/Http/Controllers/Resource/Playground/CreateJsonTrait.php" line="55" class="Tests\Feature\Playground\Matrix\Api\Http\Controllers\Playground\TagRouteTest" classname="Tests.Feature.Playground.Matrix.Api.Http.Controllers.Playground.TagRouteTest" assertions="93" time="0.513520"/>
        <testcase name="test_json_create_info_by_admin_with_invalid_parameter" file="/app/vendor/gammamatrix/playground-test/src/Feature/Http/Controllers/Resource/Playground/CreateJsonTrait.php" line="79" class="Tests\Feature\Playground\Matrix\Api\Http\Controllers\Playground\TagRouteTest" classname="Tests.Feature.Playground.Matrix.Api.Http.Controllers.Playground.TagRouteTest" assertions="4" time="0.357438"/>
        <testcase name="test_json_guest_cannot_destroy" file="/app/vendor/gammamatrix/playground-test/src/Feature/Http/Controllers/Resource/Playground/DestroyJsonTrait.php" line="14" class="Tests\Feature\Playground\Matrix\Api\Http\Controllers\Playground\TagRouteTest" classname="Tests.Feature.Playground.Matrix.Api.Http.Controllers.Playground.TagRouteTest" assertions="3" time="0.362352"/>
        <testcase name="test_json_destroy_as_admin_user_and_succeed" file="/app/vendor/gammamatrix/playground-test/src/Feature/Http/Controllers/Resource/Playground/DestroyJsonTrait.php" line="48" class="Tests\Feature\Playground\Matrix\Api\Http\Controllers\Playground\TagRouteTest" classname="Tests.Feature.Playground.Matrix.Api.Http.Controllers.Playground.TagRouteTest" assertions="5" time="0.407880"/>
        <testcase name="test_json_destroy_as_admin_user_and_succeed_with_force_delete" file="/app/vendor/gammamatrix/playground-test/src/Feature/Http/Controllers/Resource/Playground/DestroyJsonTrait.php" line="92" class="Tests\Feature\Playground\Matrix\Api\Http\Controllers\Playground\TagRouteTest" classname="Tests.Feature.Playground.Matrix.Api.Http.Controllers.Playground.TagRouteTest" assertions="4" time="0.361759"/>
        <testcase name="test_json_destroy_as_admin_user_using_json_and_succeed_with_no_content" file="/app/vendor/gammamatrix/playground-test/src/Feature/Http/Controllers/Resource/Playground/DestroyJsonTrait.php" line="132" class="Tests\Feature\Playground\Matrix\Api\Http\Controllers\Playground\TagRouteTest" classname="Tests.Feature.Playground.Matrix.Api.Http.Controllers.Playground.TagRouteTest" assertions="5" time="0.368371"/>
        <testcase name="test_json_destroy_as_admin_user_and_succeed_with_redirect_to_index_with_trash" file="/app/vendor/gammamatrix/playground-test/src/Feature/Http/Controllers/Resource/Playground/DestroyJsonTrait.php" line="177" class="Tests\Feature\Playground\Matrix\Api\Http\Controllers\Playground\TagRouteTest" classname="Tests.Feature.Playground.Matrix.Api.Http.Controllers.Playground.TagRouteTest" assertions="5" time="0.410101"/>
        <testcase name="test_json_destroy_with_user_role_and_get_denied_and_no_force_delete_allowed" file="/app/vendor/gammamatrix/playground-test/src/Feature/Http/Controllers/Resource/Playground/DestroyJsonTrait.php" line="235" class="Tests\Feature\Playground\Matrix\Api\Http\Controllers\Playground\TagRouteTest" classname="Tests.Feature.Playground.Matrix.Api.Http.Controllers.Playground.TagRouteTest" assertions="3" time="0.358791"/>
        <testcase name="test_json_destroy_with_admin_role_and_succeed" file="/app/vendor/gammamatrix/playground-test/src/Feature/Http/Controllers/Resource/Playground/DestroyJsonTrait.php" line="277" class="Tests\Feature\Playground\Matrix\Api\Http\Controllers\Playground\TagRouteTest" classname="Tests.Feature.Playground.Matrix.Api.Http.Controllers.Playground.TagRouteTest" assertions="5" time="0.415881"/>
        <testcase name="test_json_destroy_with_admin_role_and_succeed_with_force_delete" file="/app/vendor/gammamatrix/playground-test/src/Feature/Http/Controllers/Resource/Playground/DestroyJsonTrait.php" line="322" class="Tests\Feature\Playground\Matrix\Api\Http\Controllers\Playground\TagRouteTest" classname="Tests.Feature.Playground.Matrix.Api.Http.Controllers.Playground.TagRouteTest" assertions="4" time="0.363013"/>
        <testcase name="test_json_guest_cannot_render_edit_view" file="/app/vendor/gammamatrix/playground-test/src/Feature/Http/Controllers/Resource/Playground/EditJsonTrait.php" line="14" class="Tests\Feature\Playground\Matrix\Api\Http\Controllers\Playground\TagRouteTest" classname="Tests.Feature.Playground.Matrix.Api.Http.Controllers.Playground.TagRouteTest" assertions="1" time="0.372798"/>
        <testcase name="test_json_edit_as_admin_view_rendered_by_user_with_return_url" file="/app/vendor/gammamatrix/playground-test/src/Feature/Http/Controllers/Resource/Playground/EditJsonTrait.php" line="33" class="Tests\Feature\Playground\Matrix\Api\Http\Controllers\Playground\TagRouteTest" classname="Tests.Feature.Playground.Matrix.Api.Http.Controllers.Playground.TagRouteTest" assertions="4" time="0.426494"/>
        <testcase name="test_json_edit_as_admin_info_with_user" file="/app/vendor/gammamatrix/playground-test/src/Feature/Http/Controllers/Resource/Playground/EditJsonTrait.php" line="70" class="Tests\Feature\Playground\Matrix\Api\Http\Controllers\Playground\TagRouteTest" classname="Tests.Feature.Playground.Matrix.Api.Http.Controllers.Playground.TagRouteTest" assertions="4" time="0.384269"/>
        <testcase name="test_json_edit_as_admin_view_rendered_by_user_with_invalid_parameter" file="/app/vendor/gammamatrix/playground-test/src/Feature/Http/Controllers/Resource/Playground/EditJsonTrait.php" line="99" class="Tests\Feature\Playground\Matrix\Api\Http\Controllers\Playground\TagRouteTest" classname="Tests.Feature.Playground.Matrix.Api.Http.Controllers.Playground.TagRouteTest" assertions="4" time="0.369160"/>
        <testcase name="test_json_guest_cannot_render_index_view" file="/app/vendor/gammamatrix/playground-test/src/Feature/Http/Controllers/Resource/Playground/IndexJsonTrait.php" line="24" class="Tests\Feature\Playground\Matrix\Api\Http\Controllers\Playground\TagRouteTest" classname="Tests.Feature.Playground.Matrix.Api.Http.Controllers.Playground.TagRouteTest" assertions="1" time="0.438088"/>
        <testcase name="test_json_index_view_rendered_by_admin" file="/app/vendor/gammamatrix/playground-test/src/Feature/Http/Controllers/Resource/Playground/IndexJsonTrait.php" line="40" class="Tests\Feature\Playground\Matrix\Api\Http\Controllers\Playground\TagRouteTest" classname="Tests.Feature.Playground.Matrix.Api.Http.Controllers.Playground.TagRouteTest" assertions="98" time="0.533682"/>
        <testcase name="test_json_index_as_admin" file="/app/vendor/gammamatrix/playground-test/src/Feature/Http/Controllers/Resource/Playground/IndexJsonTrait.php" line="64" class="Tests\Feature\Playground\Matrix\Api\Http\Controllers\Playground\TagRouteTest" classname="Tests.Feature.Playground.Matrix.Api.Http.Controllers.Playground.TagRouteTest" assertions="98" time="0.582608"/>
        <testcase name="test_json_guest_cannot_lock" file="/app/vendor/gammamatrix/playground-test/src/Feature/Http/Controllers/Resource/Playground/LockJsonTrait.php" line="14" class="Tests\Feature\Playground\Matrix\Api\Http\Controllers\Playground\TagRouteTest" classname="Tests.Feature.Playground.Matrix.Api.Http.Controllers.Playground.TagRouteTest" assertions="3" time="0.360316"/>
        <testcase name="test_json_lock_as_admin_user_and_succeed" file="/app/vendor/gammamatrix/playground-test/src/Feature/Http/Controllers/Resource/Playground/LockJsonTrait.php" line="46" class="Tests\Feature\Playground\Matrix\Api\Http\Controllers\Playground\TagRouteTest" classname="Tests.Feature.Playground.Matrix.Api.Http.Controllers.Playground.TagRouteTest" assertions="3" time="0.420832"/>
        <testcase name="test_json_lock_as_admin_user_and_succeed_with_no_redirect" file="/app/vendor/gammamatrix/playground-test/src/Feature/Http/Controllers/Resource/Playground/LockJsonTrait.php" line="85" class="Tests\Feature\Playground\Matrix\Api\Http\Controllers\Playground\TagRouteTest" classname="Tests.Feature.Playground.Matrix.Api.Http.Controllers.Playground.TagRouteTest" assertions="93" time="0.481372"/>
        <testcase name="test_json_lock_with_user_role_and_get_denied" file="/app/vendor/gammamatrix/playground-test/src/Feature/Http/Controllers/Resource/Playground/LockJsonTrait.php" line="138" class="Tests\Feature\Playground\Matrix\Api\Http\Controllers\Playground\TagRouteTest" classname="Tests.Feature.Playground.Matrix.Api.Http.Controllers.Playground.TagRouteTest" assertions="3" time="0.365304"/>
        <testcase name="test_json_lock_with_admin_role_and_succeed" file="/app/vendor/gammamatrix/playground-test/src/Feature/Http/Controllers/Resource/Playground/LockJsonTrait.php" line="178" class="Tests\Feature\Playground\Matrix\Api\Http\Controllers\Playground\TagRouteTest" classname="Tests.Feature.Playground.Matrix.Api.Http.Controllers.Playground.TagRouteTest" assertions="93" time="0.507131"/>
        <testcase name="test_json_lock_with_admin_role_and_succeed_with_json" file="/app/vendor/gammamatrix/playground-test/src/Feature/Http/Controllers/Resource/Playground/LockJsonTrait.php" line="219" class="Tests\Feature\Playground\Matrix\Api\Http\Controllers\Playground\TagRouteTest" classname="Tests.Feature.Playground.Matrix.Api.Http.Controllers.Playground.TagRouteTest" assertions="93" time="0.472983"/>
        <testcase name="test_json_guest_cannot_restore" file="/app/vendor/gammamatrix/playground-test/src/Feature/Http/Controllers/Resource/Playground/RestoreJsonTrait.php" line="15" class="Tests\Feature\Playground\Matrix\Api\Http\Controllers\Playground\TagRouteTest" classname="Tests.Feature.Playground.Matrix.Api.Http.Controllers.Playground.TagRouteTest" assertions="3" time="0.399272"/>
        <testcase name="test_json_restore_as_admin_user_and_succeed" file="/app/vendor/gammamatrix/playground-test/src/Feature/Http/Controllers/Resource/Playground/RestoreJsonTrait.php" line="52" class="Tests\Feature\Playground\Matrix\Api\Http\Controllers\Playground\TagRouteTest" classname="Tests.Feature.Playground.Matrix.Api.Http.Controllers.Playground.TagRouteTest" assertions="93" time="0.482153"/>
        <testcase name="test_json_restore_as_admin_user_and_succeed_with_no_redirect" file="/app/vendor/gammamatrix/playground-test/src/Feature/Http/Controllers/Resource/Playground/RestoreJsonTrait.php" line="96" class="Tests\Feature\Playground\Matrix\Api\Http\Controllers\Playground\TagRouteTest" classname="Tests.Feature.Playground.Matrix.Api.Http.Controllers.Playground.TagRouteTest" assertions="93" time="0.531100"/>
        <testcase name="test_json_restore_with_user_role_and_get_denied" file="/app/vendor/gammamatrix/playground-test/src/Feature/Http/Controllers/Resource/Playground/RestoreJsonTrait.php" line="153" class="Tests\Feature\Playground\Matrix\Api\Http\Controllers\Playground\TagRouteTest" classname="Tests.Feature.Playground.Matrix.Api.Http.Controllers.Playground.TagRouteTest" assertions="3" time="0.360602"/>
        <testcase name="test_json_restore_with_admin_role_and_succeed" file="/app/vendor/gammamatrix/playground-test/src/Feature/Http/Controllers/Resource/Playground/RestoreJsonTrait.php" line="195" class="Tests\Feature\Playground\Matrix\Api\Http\Controllers\Playground\TagRouteTest" classname="Tests.Feature.Playground.Matrix.Api.Http.Controllers.Playground.TagRouteTest" assertions="93" time="0.522574"/>
        <testcase name="test_json_guest_cannot_see_info" file="/app/vendor/gammamatrix/playground-test/src/Feature/Http/Controllers/Resource/Playground/ShowJsonTrait.php" line="14" class="Tests\Feature\Playground\Matrix\Api\Http\Controllers\Playground\TagRouteTest" classname="Tests.Feature.Playground.Matrix.Api.Http.Controllers.Playground.TagRouteTest" assertions="1" time="0.358589"/>
        <testcase name="test_json_show_info_for_admin" file="/app/vendor/gammamatrix/playground-test/src/Feature/Http/Controllers/Resource/Playground/ShowJsonTrait.php" line="33" class="Tests\Feature\Playground\Matrix\Api\Http\Controllers\Playground\TagRouteTest" classname="Tests.Feature.Playground.Matrix.Api.Http.Controllers.Playground.TagRouteTest" assertions="92" time="0.469743"/>
        <testcase name="test_json_guest_cannot_unlock" file="/app/vendor/gammamatrix/playground-test/src/Feature/Http/Controllers/Resource/Playground/UnlockJsonTrait.php" line="14" class="Tests\Feature\Playground\Matrix\Api\Http\Controllers\Playground\TagRouteTest" classname="Tests.Feature.Playground.Matrix.Api.Http.Controllers.Playground.TagRouteTest" assertions="3" time="0.417050"/>
        <testcase name="test_json_unlock_as_admin_user_and_succeed" file="/app/vendor/gammamatrix/playground-test/src/Feature/Http/Controllers/Resource/Playground/UnlockJsonTrait.php" line="50" class="Tests\Feature\Playground\Matrix\Api\Http\Controllers\Playground\TagRouteTest" classname="Tests.Feature.Playground.Matrix.Api.Http.Controllers.Playground.TagRouteTest" assertions="93" time="0.476652"/>
        <testcase name="test_json_unlock_as_admin_user_and_succeed_with_no_redirect" file="/app/vendor/gammamatrix/playground-test/src/Feature/Http/Controllers/Resource/Playground/UnlockJsonTrait.php" line="94" class="Tests\Feature\Playground\Matrix\Api\Http\Controllers\Playground\TagRouteTest" classname="Tests.Feature.Playground.Matrix.Api.Http.Controllers.Playground.TagRouteTest" assertions="93" time="0.524626"/>
        <testcase name="test_json_unlock_with_user_role_and_get_denied" file="/app/vendor/gammamatrix/playground-test/src/Feature/Http/Controllers/Resource/Playground/UnlockJsonTrait.php" line="149" class="Tests\Feature\Playground\Matrix\Api\Http\Controllers\Playground\TagRouteTest" classname="Tests.Feature.Playground.Matrix.Api.Http.Controllers.Playground.TagRouteTest" assertions="3" time="0.359496"/>
        <testcase name="test_json_unlock_with_admin_role_and_succeed" file="/app/vendor/gammamatrix/playground-test/src/Feature/Http/Controllers/Resource/Playground/UnlockJsonTrait.php" line="194" class="Tests\Feature\Playground\Matrix\Api\Http\Controllers\Playground\TagRouteTest" classname="Tests.Feature.Playground.Matrix.Api.Http.Controllers.Playground.TagRouteTest" assertions="93" time="0.546429"/>
      </testsuite>
      <testsuite name="Tests\Feature\Playground\Matrix\Api\Http\Controllers\Playground\TeamRouteTest" file="/app/tests/Feature/Http/Controllers/Playground/TeamRouteTest.php" tests="37" assertions="1295" errors="0" failures="0" skipped="0" time="16.040398">
        <testcase name="test_json_guest_cannot_get_info" file="/app/vendor/gammamatrix/playground-test/src/Feature/Http/Controllers/Resource/Playground/CreateJsonTrait.php" line="24" class="Tests\Feature\Playground\Matrix\Api\Http\Controllers\Playground\TeamRouteTest" classname="Tests.Feature.Playground.Matrix.Api.Http.Controllers.Playground.TeamRouteTest" assertions="1" time="0.399427"/>
        <testcase name="test_json_guest_cannot_render_create_view_requesting_json" file="/app/vendor/gammamatrix/playground-test/src/Feature/Http/Controllers/Resource/Playground/CreateJsonTrait.php" line="38" class="Tests\Feature\Playground\Matrix\Api\Http\Controllers\Playground\TeamRouteTest" classname="Tests.Feature.Playground.Matrix.Api.Http.Controllers.Playground.TeamRouteTest" assertions="2" time="0.344549"/>
        <testcase name="test_json_create_info_with_admin" file="/app/vendor/gammamatrix/playground-test/src/Feature/Http/Controllers/Resource/Playground/CreateJsonTrait.php" line="55" class="Tests\Feature\Playground\Matrix\Api\Http\Controllers\Playground\TeamRouteTest" classname="Tests.Feature.Playground.Matrix.Api.Http.Controllers.Playground.TeamRouteTest" assertions="93" time="0.537364"/>
        <testcase name="test_json_create_info_by_admin_with_invalid_parameter" file="/app/vendor/gammamatrix/playground-test/src/Feature/Http/Controllers/Resource/Playground/CreateJsonTrait.php" line="79" class="Tests\Feature\Playground\Matrix\Api\Http\Controllers\Playground\TeamRouteTest" classname="Tests.Feature.Playground.Matrix.Api.Http.Controllers.Playground.TeamRouteTest" assertions="4" time="0.359728"/>
        <testcase name="test_json_guest_cannot_destroy" file="/app/vendor/gammamatrix/playground-test/src/Feature/Http/Controllers/Resource/Playground/DestroyJsonTrait.php" line="14" class="Tests\Feature\Playground\Matrix\Api\Http\Controllers\Playground\TeamRouteTest" classname="Tests.Feature.Playground.Matrix.Api.Http.Controllers.Playground.TeamRouteTest" assertions="3" time="0.358866"/>
        <testcase name="test_json_destroy_as_admin_user_and_succeed" file="/app/vendor/gammamatrix/playground-test/src/Feature/Http/Controllers/Resource/Playground/DestroyJsonTrait.php" line="48" class="Tests\Feature\Playground\Matrix\Api\Http\Controllers\Playground\TeamRouteTest" classname="Tests.Feature.Playground.Matrix.Api.Http.Controllers.Playground.TeamRouteTest" assertions="5" time="0.408623"/>
        <testcase name="test_json_destroy_as_admin_user_and_succeed_with_force_delete" file="/app/vendor/gammamatrix/playground-test/src/Feature/Http/Controllers/Resource/Playground/DestroyJsonTrait.php" line="92" class="Tests\Feature\Playground\Matrix\Api\Http\Controllers\Playground\TeamRouteTest" classname="Tests.Feature.Playground.Matrix.Api.Http.Controllers.Playground.TeamRouteTest" assertions="4" time="0.361859"/>
        <testcase name="test_json_destroy_as_admin_user_using_json_and_succeed_with_no_content" file="/app/vendor/gammamatrix/playground-test/src/Feature/Http/Controllers/Resource/Playground/DestroyJsonTrait.php" line="132" class="Tests\Feature\Playground\Matrix\Api\Http\Controllers\Playground\TeamRouteTest" classname="Tests.Feature.Playground.Matrix.Api.Http.Controllers.Playground.TeamRouteTest" assertions="5" time="0.417601"/>
        <testcase name="test_json_destroy_as_admin_user_and_succeed_with_redirect_to_index_with_trash" file="/app/vendor/gammamatrix/playground-test/src/Feature/Http/Controllers/Resource/Playground/DestroyJsonTrait.php" line="177" class="Tests\Feature\Playground\Matrix\Api\Http\Controllers\Playground\TeamRouteTest" classname="Tests.Feature.Playground.Matrix.Api.Http.Controllers.Playground.TeamRouteTest" assertions="5" time="0.369923"/>
        <testcase name="test_json_destroy_with_user_role_and_get_denied_and_no_force_delete_allowed" file="/app/vendor/gammamatrix/playground-test/src/Feature/Http/Controllers/Resource/Playground/DestroyJsonTrait.php" line="235" class="Tests\Feature\Playground\Matrix\Api\Http\Controllers\Playground\TeamRouteTest" classname="Tests.Feature.Playground.Matrix.Api.Http.Controllers.Playground.TeamRouteTest" assertions="3" time="0.362409"/>
        <testcase name="test_json_destroy_with_admin_role_and_succeed" file="/app/vendor/gammamatrix/playground-test/src/Feature/Http/Controllers/Resource/Playground/DestroyJsonTrait.php" line="277" class="Tests\Feature\Playground\Matrix\Api\Http\Controllers\Playground\TeamRouteTest" classname="Tests.Feature.Playground.Matrix.Api.Http.Controllers.Playground.TeamRouteTest" assertions="5" time="0.414483"/>
        <testcase name="test_json_destroy_with_admin_role_and_succeed_with_force_delete" file="/app/vendor/gammamatrix/playground-test/src/Feature/Http/Controllers/Resource/Playground/DestroyJsonTrait.php" line="322" class="Tests\Feature\Playground\Matrix\Api\Http\Controllers\Playground\TeamRouteTest" classname="Tests.Feature.Playground.Matrix.Api.Http.Controllers.Playground.TeamRouteTest" assertions="4" time="0.359584"/>
        <testcase name="test_json_guest_cannot_render_edit_view" file="/app/vendor/gammamatrix/playground-test/src/Feature/Http/Controllers/Resource/Playground/EditJsonTrait.php" line="14" class="Tests\Feature\Playground\Matrix\Api\Http\Controllers\Playground\TeamRouteTest" classname="Tests.Feature.Playground.Matrix.Api.Http.Controllers.Playground.TeamRouteTest" assertions="1" time="0.376746"/>
        <testcase name="test_json_edit_as_admin_view_rendered_by_user_with_return_url" file="/app/vendor/gammamatrix/playground-test/src/Feature/Http/Controllers/Resource/Playground/EditJsonTrait.php" line="33" class="Tests\Feature\Playground\Matrix\Api\Http\Controllers\Playground\TeamRouteTest" classname="Tests.Feature.Playground.Matrix.Api.Http.Controllers.Playground.TeamRouteTest" assertions="4" time="0.442237"/>
        <testcase name="test_json_edit_as_admin_info_with_user" file="/app/vendor/gammamatrix/playground-test/src/Feature/Http/Controllers/Resource/Playground/EditJsonTrait.php" line="70" class="Tests\Feature\Playground\Matrix\Api\Http\Controllers\Playground\TeamRouteTest" classname="Tests.Feature.Playground.Matrix.Api.Http.Controllers.Playground.TeamRouteTest" assertions="4" time="0.375347"/>
        <testcase name="test_json_edit_as_admin_view_rendered_by_user_with_invalid_parameter" file="/app/vendor/gammamatrix/playground-test/src/Feature/Http/Controllers/Resource/Playground/EditJsonTrait.php" line="99" class="Tests\Feature\Playground\Matrix\Api\Http\Controllers\Playground\TeamRouteTest" classname="Tests.Feature.Playground.Matrix.Api.Http.Controllers.Playground.TeamRouteTest" assertions="4" time="0.439911"/>
        <testcase name="test_json_guest_cannot_render_index_view" file="/app/vendor/gammamatrix/playground-test/src/Feature/Http/Controllers/Resource/Playground/IndexJsonTrait.php" line="24" class="Tests\Feature\Playground\Matrix\Api\Http\Controllers\Playground\TeamRouteTest" classname="Tests.Feature.Playground.Matrix.Api.Http.Controllers.Playground.TeamRouteTest" assertions="1" time="0.393208"/>
        <testcase name="test_json_index_view_rendered_by_admin" file="/app/vendor/gammamatrix/playground-test/src/Feature/Http/Controllers/Resource/Playground/IndexJsonTrait.php" line="40" class="Tests\Feature\Playground\Matrix\Api\Http\Controllers\Playground\TeamRouteTest" classname="Tests.Feature.Playground.Matrix.Api.Http.Controllers.Playground.TeamRouteTest" assertions="98" time="0.537081"/>
        <testcase name="test_json_index_as_admin" file="/app/vendor/gammamatrix/playground-test/src/Feature/Http/Controllers/Resource/Playground/IndexJsonTrait.php" line="64" class="Tests\Feature\Playground\Matrix\Api\Http\Controllers\Playground\TeamRouteTest" classname="Tests.Feature.Playground.Matrix.Api.Http.Controllers.Playground.TeamRouteTest" assertions="98" time="0.579304"/>
        <testcase name="test_json_guest_cannot_lock" file="/app/vendor/gammamatrix/playground-test/src/Feature/Http/Controllers/Resource/Playground/LockJsonTrait.php" line="14" class="Tests\Feature\Playground\Matrix\Api\Http\Controllers\Playground\TeamRouteTest" classname="Tests.Feature.Playground.Matrix.Api.Http.Controllers.Playground.TeamRouteTest" assertions="3" time="0.390732"/>
        <testcase name="test_json_lock_as_admin_user_and_succeed" file="/app/vendor/gammamatrix/playground-test/src/Feature/Http/Controllers/Resource/Playground/LockJsonTrait.php" line="46" class="Tests\Feature\Playground\Matrix\Api\Http\Controllers\Playground\TeamRouteTest" classname="Tests.Feature.Playground.Matrix.Api.Http.Controllers.Playground.TeamRouteTest" assertions="3" time="0.430126"/>
        <testcase name="test_json_lock_as_admin_user_and_succeed_with_no_redirect" file="/app/vendor/gammamatrix/playground-test/src/Feature/Http/Controllers/Resource/Playground/LockJsonTrait.php" line="85" class="Tests\Feature\Playground\Matrix\Api\Http\Controllers\Playground\TeamRouteTest" classname="Tests.Feature.Playground.Matrix.Api.Http.Controllers.Playground.TeamRouteTest" assertions="93" time="0.477140"/>
        <testcase name="test_json_lock_with_user_role_and_get_denied" file="/app/vendor/gammamatrix/playground-test/src/Feature/Http/Controllers/Resource/Playground/LockJsonTrait.php" line="138" class="Tests\Feature\Playground\Matrix\Api\Http\Controllers\Playground\TeamRouteTest" classname="Tests.Feature.Playground.Matrix.Api.Http.Controllers.Playground.TeamRouteTest" assertions="3" time="0.428206"/>
        <testcase name="test_json_lock_with_admin_role_and_succeed" file="/app/vendor/gammamatrix/playground-test/src/Feature/Http/Controllers/Resource/Playground/LockJsonTrait.php" line="178" class="Tests\Feature\Playground\Matrix\Api\Http\Controllers\Playground\TeamRouteTest" classname="Tests.Feature.Playground.Matrix.Api.Http.Controllers.Playground.TeamRouteTest" assertions="93" time="0.472117"/>
        <testcase name="test_json_lock_with_admin_role_and_succeed_with_json" file="/app/vendor/gammamatrix/playground-test/src/Feature/Http/Controllers/Resource/Playground/LockJsonTrait.php" line="219" class="Tests\Feature\Playground\Matrix\Api\Http\Controllers\Playground\TeamRouteTest" classname="Tests.Feature.Playground.Matrix.Api.Http.Controllers.Playground.TeamRouteTest" assertions="93" time="0.555875"/>
        <testcase name="test_json_guest_cannot_restore" file="/app/vendor/gammamatrix/playground-test/src/Feature/Http/Controllers/Resource/Playground/RestoreJsonTrait.php" line="15" class="Tests\Feature\Playground\Matrix\Api\Http\Controllers\Playground\TeamRouteTest" classname="Tests.Feature.Playground.Matrix.Api.Http.Controllers.Playground.TeamRouteTest" assertions="3" time="0.395224"/>
        <testcase name="test_json_restore_as_admin_user_and_succeed" file="/app/vendor/gammamatrix/playground-test/src/Feature/Http/Controllers/Resource/Playground/RestoreJsonTrait.php" line="52" class="Tests\Feature\Playground\Matrix\Api\Http\Controllers\Playground\TeamRouteTest" classname="Tests.Feature.Playground.Matrix.Api.Http.Controllers.Playground.TeamRouteTest" assertions="93" time="0.479084"/>
        <testcase name="test_json_restore_as_admin_user_and_succeed_with_no_redirect" file="/app/vendor/gammamatrix/playground-test/src/Feature/Http/Controllers/Resource/Playground/RestoreJsonTrait.php" line="96" class="Tests\Feature\Playground\Matrix\Api\Http\Controllers\Playground\TeamRouteTest" classname="Tests.Feature.Playground.Matrix.Api.Http.Controllers.Playground.TeamRouteTest" assertions="93" time="0.537558"/>
        <testcase name="test_json_restore_with_user_role_and_get_denied" file="/app/vendor/gammamatrix/playground-test/src/Feature/Http/Controllers/Resource/Playground/RestoreJsonTrait.php" line="153" class="Tests\Feature\Playground\Matrix\Api\Http\Controllers\Playground\TeamRouteTest" classname="Tests.Feature.Playground.Matrix.Api.Http.Controllers.Playground.TeamRouteTest" assertions="3" time="0.365982"/>
        <testcase name="test_json_restore_with_admin_role_and_succeed" file="/app/vendor/gammamatrix/playground-test/src/Feature/Http/Controllers/Resource/Playground/RestoreJsonTrait.php" line="195" class="Tests\Feature\Playground\Matrix\Api\Http\Controllers\Playground\TeamRouteTest" classname="Tests.Feature.Playground.Matrix.Api.Http.Controllers.Playground.TeamRouteTest" assertions="93" time="0.525967"/>
        <testcase name="test_json_guest_cannot_see_info" file="/app/vendor/gammamatrix/playground-test/src/Feature/Http/Controllers/Resource/Playground/ShowJsonTrait.php" line="14" class="Tests\Feature\Playground\Matrix\Api\Http\Controllers\Playground\TeamRouteTest" classname="Tests.Feature.Playground.Matrix.Api.Http.Controllers.Playground.TeamRouteTest" assertions="1" time="0.356954"/>
        <testcase name="test_json_show_info_for_admin" file="/app/vendor/gammamatrix/playground-test/src/Feature/Http/Controllers/Resource/Playground/ShowJsonTrait.php" line="33" class="Tests\Feature\Playground\Matrix\Api\Http\Controllers\Playground\TeamRouteTest" classname="Tests.Feature.Playground.Matrix.Api.Http.Controllers.Playground.TeamRouteTest" assertions="92" time="0.522332"/>
        <testcase name="test_json_guest_cannot_unlock" file="/app/vendor/gammamatrix/playground-test/src/Feature/Http/Controllers/Resource/Playground/UnlockJsonTrait.php" line="14" class="Tests\Feature\Playground\Matrix\Api\Http\Controllers\Playground\TeamRouteTest" classname="Tests.Feature.Playground.Matrix.Api.Http.Controllers.Playground.TeamRouteTest" assertions="3" time="0.366957"/>
        <testcase name="test_json_unlock_as_admin_user_and_succeed" file="/app/vendor/gammamatrix/playground-test/src/Feature/Http/Controllers/Resource/Playground/UnlockJsonTrait.php" line="50" class="Tests\Feature\Playground\Matrix\Api\Http\Controllers\Playground\TeamRouteTest" classname="Tests.Feature.Playground.Matrix.Api.Http.Controllers.Playground.TeamRouteTest" assertions="93" time="0.474875"/>
        <testcase name="test_json_unlock_as_admin_user_and_succeed_with_no_redirect" file="/app/vendor/gammamatrix/playground-test/src/Feature/Http/Controllers/Resource/Playground/UnlockJsonTrait.php" line="94" class="Tests\Feature\Playground\Matrix\Api\Http\Controllers\Playground\TeamRouteTest" classname="Tests.Feature.Playground.Matrix.Api.Http.Controllers.Playground.TeamRouteTest" assertions="93" time="0.535222"/>
        <testcase name="test_json_unlock_with_user_role_and_get_denied" file="/app/vendor/gammamatrix/playground-test/src/Feature/Http/Controllers/Resource/Playground/UnlockJsonTrait.php" line="149" class="Tests\Feature\Playground\Matrix\Api\Http\Controllers\Playground\TeamRouteTest" classname="Tests.Feature.Playground.Matrix.Api.Http.Controllers.Playground.TeamRouteTest" assertions="3" time="0.362666"/>
        <testcase name="test_json_unlock_with_admin_role_and_succeed" file="/app/vendor/gammamatrix/playground-test/src/Feature/Http/Controllers/Resource/Playground/UnlockJsonTrait.php" line="194" class="Tests\Feature\Playground\Matrix\Api\Http\Controllers\Playground\TeamRouteTest" classname="Tests.Feature.Playground.Matrix.Api.Http.Controllers.Playground.TeamRouteTest" assertions="93" time="0.525133"/>
      </testsuite>
      <testsuite name="Tests\Feature\Playground\Matrix\Api\Http\Controllers\Playground\TicketRouteTest" file="/app/tests/Feature/Http/Controllers/Playground/TicketRouteTest.php" tests="37" assertions="1295" errors="0" failures="0" skipped="0" time="16.614897">
        <testcase name="test_json_guest_cannot_get_info" file="/app/vendor/gammamatrix/playground-test/src/Feature/Http/Controllers/Resource/Playground/CreateJsonTrait.php" line="24" class="Tests\Feature\Playground\Matrix\Api\Http\Controllers\Playground\TicketRouteTest" classname="Tests.Feature.Playground.Matrix.Api.Http.Controllers.Playground.TicketRouteTest" assertions="1" time="0.405582"/>
        <testcase name="test_json_guest_cannot_render_create_view_requesting_json" file="/app/vendor/gammamatrix/playground-test/src/Feature/Http/Controllers/Resource/Playground/CreateJsonTrait.php" line="38" class="Tests\Feature\Playground\Matrix\Api\Http\Controllers\Playground\TicketRouteTest" classname="Tests.Feature.Playground.Matrix.Api.Http.Controllers.Playground.TicketRouteTest" assertions="2" time="0.347230"/>
        <testcase name="test_json_create_info_with_admin" file="/app/vendor/gammamatrix/playground-test/src/Feature/Http/Controllers/Resource/Playground/CreateJsonTrait.php" line="55" class="Tests\Feature\Playground\Matrix\Api\Http\Controllers\Playground\TicketRouteTest" classname="Tests.Feature.Playground.Matrix.Api.Http.Controllers.Playground.TicketRouteTest" assertions="93" time="0.555243"/>
        <testcase name="test_json_create_info_by_admin_with_invalid_parameter" file="/app/vendor/gammamatrix/playground-test/src/Feature/Http/Controllers/Resource/Playground/CreateJsonTrait.php" line="79" class="Tests\Feature\Playground\Matrix\Api\Http\Controllers\Playground\TicketRouteTest" classname="Tests.Feature.Playground.Matrix.Api.Http.Controllers.Playground.TicketRouteTest" assertions="4" time="0.361085"/>
        <testcase name="test_json_guest_cannot_destroy" file="/app/vendor/gammamatrix/playground-test/src/Feature/Http/Controllers/Resource/Playground/DestroyJsonTrait.php" line="14" class="Tests\Feature\Playground\Matrix\Api\Http\Controllers\Playground\TicketRouteTest" classname="Tests.Feature.Playground.Matrix.Api.Http.Controllers.Playground.TicketRouteTest" assertions="3" time="0.420428"/>
        <testcase name="test_json_destroy_as_admin_user_and_succeed" file="/app/vendor/gammamatrix/playground-test/src/Feature/Http/Controllers/Resource/Playground/DestroyJsonTrait.php" line="48" class="Tests\Feature\Playground\Matrix\Api\Http\Controllers\Playground\TicketRouteTest" classname="Tests.Feature.Playground.Matrix.Api.Http.Controllers.Playground.TicketRouteTest" assertions="5" time="0.365737"/>
        <testcase name="test_json_destroy_as_admin_user_and_succeed_with_force_delete" file="/app/vendor/gammamatrix/playground-test/src/Feature/Http/Controllers/Resource/Playground/DestroyJsonTrait.php" line="92" class="Tests\Feature\Playground\Matrix\Api\Http\Controllers\Playground\TicketRouteTest" classname="Tests.Feature.Playground.Matrix.Api.Http.Controllers.Playground.TicketRouteTest" assertions="4" time="0.363790"/>
        <testcase name="test_json_destroy_as_admin_user_using_json_and_succeed_with_no_content" file="/app/vendor/gammamatrix/playground-test/src/Feature/Http/Controllers/Resource/Playground/DestroyJsonTrait.php" line="132" class="Tests\Feature\Playground\Matrix\Api\Http\Controllers\Playground\TicketRouteTest" classname="Tests.Feature.Playground.Matrix.Api.Http.Controllers.Playground.TicketRouteTest" assertions="5" time="0.439000"/>
        <testcase name="test_json_destroy_as_admin_user_and_succeed_with_redirect_to_index_with_trash" file="/app/vendor/gammamatrix/playground-test/src/Feature/Http/Controllers/Resource/Playground/DestroyJsonTrait.php" line="177" class="Tests\Feature\Playground\Matrix\Api\Http\Controllers\Playground\TicketRouteTest" classname="Tests.Feature.Playground.Matrix.Api.Http.Controllers.Playground.TicketRouteTest" assertions="5" time="0.369208"/>
        <testcase name="test_json_destroy_with_user_role_and_get_denied_and_no_force_delete_allowed" file="/app/vendor/gammamatrix/playground-test/src/Feature/Http/Controllers/Resource/Playground/DestroyJsonTrait.php" line="235" class="Tests\Feature\Playground\Matrix\Api\Http\Controllers\Playground\TicketRouteTest" classname="Tests.Feature.Playground.Matrix.Api.Http.Controllers.Playground.TicketRouteTest" assertions="3" time="0.429864"/>
        <testcase name="test_json_destroy_with_admin_role_and_succeed" file="/app/vendor/gammamatrix/playground-test/src/Feature/Http/Controllers/Resource/Playground/DestroyJsonTrait.php" line="277" class="Tests\Feature\Playground\Matrix\Api\Http\Controllers\Playground\TicketRouteTest" classname="Tests.Feature.Playground.Matrix.Api.Http.Controllers.Playground.TicketRouteTest" assertions="5" time="0.365652"/>
        <testcase name="test_json_destroy_with_admin_role_and_succeed_with_force_delete" file="/app/vendor/gammamatrix/playground-test/src/Feature/Http/Controllers/Resource/Playground/DestroyJsonTrait.php" line="322" class="Tests\Feature\Playground\Matrix\Api\Http\Controllers\Playground\TicketRouteTest" classname="Tests.Feature.Playground.Matrix.Api.Http.Controllers.Playground.TicketRouteTest" assertions="4" time="0.369748"/>
        <testcase name="test_json_guest_cannot_render_edit_view" file="/app/vendor/gammamatrix/playground-test/src/Feature/Http/Controllers/Resource/Playground/EditJsonTrait.php" line="14" class="Tests\Feature\Playground\Matrix\Api\Http\Controllers\Playground\TicketRouteTest" classname="Tests.Feature.Playground.Matrix.Api.Http.Controllers.Playground.TicketRouteTest" assertions="1" time="0.479609"/>
        <testcase name="test_json_edit_as_admin_view_rendered_by_user_with_return_url" file="/app/vendor/gammamatrix/playground-test/src/Feature/Http/Controllers/Resource/Playground/EditJsonTrait.php" line="33" class="Tests\Feature\Playground\Matrix\Api\Http\Controllers\Playground\TicketRouteTest" classname="Tests.Feature.Playground.Matrix.Api.Http.Controllers.Playground.TicketRouteTest" assertions="4" time="0.378524"/>
        <testcase name="test_json_edit_as_admin_info_with_user" file="/app/vendor/gammamatrix/playground-test/src/Feature/Http/Controllers/Resource/Playground/EditJsonTrait.php" line="70" class="Tests\Feature\Playground\Matrix\Api\Http\Controllers\Playground\TicketRouteTest" classname="Tests.Feature.Playground.Matrix.Api.Http.Controllers.Playground.TicketRouteTest" assertions="4" time="0.380915"/>
        <testcase name="test_json_edit_as_admin_view_rendered_by_user_with_invalid_parameter" file="/app/vendor/gammamatrix/playground-test/src/Feature/Http/Controllers/Resource/Playground/EditJsonTrait.php" line="99" class="Tests\Feature\Playground\Matrix\Api\Http\Controllers\Playground\TicketRouteTest" classname="Tests.Feature.Playground.Matrix.Api.Http.Controllers.Playground.TicketRouteTest" assertions="4" time="0.440176"/>
        <testcase name="test_json_guest_cannot_render_index_view" file="/app/vendor/gammamatrix/playground-test/src/Feature/Http/Controllers/Resource/Playground/IndexJsonTrait.php" line="24" class="Tests\Feature\Playground\Matrix\Api\Http\Controllers\Playground\TicketRouteTest" classname="Tests.Feature.Playground.Matrix.Api.Http.Controllers.Playground.TicketRouteTest" assertions="1" time="0.440408"/>
        <testcase name="test_json_index_view_rendered_by_admin" file="/app/vendor/gammamatrix/playground-test/src/Feature/Http/Controllers/Resource/Playground/IndexJsonTrait.php" line="40" class="Tests\Feature\Playground\Matrix\Api\Http\Controllers\Playground\TicketRouteTest" classname="Tests.Feature.Playground.Matrix.Api.Http.Controllers.Playground.TicketRouteTest" assertions="98" time="0.680159"/>
        <testcase name="test_json_index_as_admin" file="/app/vendor/gammamatrix/playground-test/src/Feature/Http/Controllers/Resource/Playground/IndexJsonTrait.php" line="64" class="Tests\Feature\Playground\Matrix\Api\Http\Controllers\Playground\TicketRouteTest" classname="Tests.Feature.Playground.Matrix.Api.Http.Controllers.Playground.TicketRouteTest" assertions="98" time="0.611880"/>
        <testcase name="test_json_guest_cannot_lock" file="/app/vendor/gammamatrix/playground-test/src/Feature/Http/Controllers/Resource/Playground/LockJsonTrait.php" line="14" class="Tests\Feature\Playground\Matrix\Api\Http\Controllers\Playground\TicketRouteTest" classname="Tests.Feature.Playground.Matrix.Api.Http.Controllers.Playground.TicketRouteTest" assertions="3" time="0.396484"/>
        <testcase name="test_json_lock_as_admin_user_and_succeed" file="/app/vendor/gammamatrix/playground-test/src/Feature/Http/Controllers/Resource/Playground/LockJsonTrait.php" line="46" class="Tests\Feature\Playground\Matrix\Api\Http\Controllers\Playground\TicketRouteTest" classname="Tests.Feature.Playground.Matrix.Api.Http.Controllers.Playground.TicketRouteTest" assertions="3" time="0.371205"/>
        <testcase name="test_json_lock_as_admin_user_and_succeed_with_no_redirect" file="/app/vendor/gammamatrix/playground-test/src/Feature/Http/Controllers/Resource/Playground/LockJsonTrait.php" line="85" class="Tests\Feature\Playground\Matrix\Api\Http\Controllers\Playground\TicketRouteTest" classname="Tests.Feature.Playground.Matrix.Api.Http.Controllers.Playground.TicketRouteTest" assertions="93" time="0.546422"/>
        <testcase name="test_json_lock_with_user_role_and_get_denied" file="/app/vendor/gammamatrix/playground-test/src/Feature/Http/Controllers/Resource/Playground/LockJsonTrait.php" line="138" class="Tests\Feature\Playground\Matrix\Api\Http\Controllers\Playground\TicketRouteTest" classname="Tests.Feature.Playground.Matrix.Api.Http.Controllers.Playground.TicketRouteTest" assertions="3" time="0.363618"/>
        <testcase name="test_json_lock_with_admin_role_and_succeed" file="/app/vendor/gammamatrix/playground-test/src/Feature/Http/Controllers/Resource/Playground/LockJsonTrait.php" line="178" class="Tests\Feature\Playground\Matrix\Api\Http\Controllers\Playground\TicketRouteTest" classname="Tests.Feature.Playground.Matrix.Api.Http.Controllers.Playground.TicketRouteTest" assertions="93" time="0.568904"/>
        <testcase name="test_json_lock_with_admin_role_and_succeed_with_json" file="/app/vendor/gammamatrix/playground-test/src/Feature/Http/Controllers/Resource/Playground/LockJsonTrait.php" line="219" class="Tests\Feature\Playground\Matrix\Api\Http\Controllers\Playground\TicketRouteTest" classname="Tests.Feature.Playground.Matrix.Api.Http.Controllers.Playground.TicketRouteTest" assertions="93" time="0.500145"/>
        <testcase name="test_json_guest_cannot_restore" file="/app/vendor/gammamatrix/playground-test/src/Feature/Http/Controllers/Resource/Playground/RestoreJsonTrait.php" line="15" class="Tests\Feature\Playground\Matrix\Api\Http\Controllers\Playground\TicketRouteTest" classname="Tests.Feature.Playground.Matrix.Api.Http.Controllers.Playground.TicketRouteTest" assertions="3" time="0.362084"/>
        <testcase name="test_json_restore_as_admin_user_and_succeed" file="/app/vendor/gammamatrix/playground-test/src/Feature/Http/Controllers/Resource/Playground/RestoreJsonTrait.php" line="52" class="Tests\Feature\Playground\Matrix\Api\Http\Controllers\Playground\TicketRouteTest" classname="Tests.Feature.Playground.Matrix.Api.Http.Controllers.Playground.TicketRouteTest" assertions="93" time="0.567747"/>
        <testcase name="test_json_restore_as_admin_user_and_succeed_with_no_redirect" file="/app/vendor/gammamatrix/playground-test/src/Feature/Http/Controllers/Resource/Playground/RestoreJsonTrait.php" line="96" class="Tests\Feature\Playground\Matrix\Api\Http\Controllers\Playground\TicketRouteTest" classname="Tests.Feature.Playground.Matrix.Api.Http.Controllers.Playground.TicketRouteTest" assertions="93" time="0.505903"/>
        <testcase name="test_json_restore_with_user_role_and_get_denied" file="/app/vendor/gammamatrix/playground-test/src/Feature/Http/Controllers/Resource/Playground/RestoreJsonTrait.php" line="153" class="Tests\Feature\Playground\Matrix\Api\Http\Controllers\Playground\TicketRouteTest" classname="Tests.Feature.Playground.Matrix.Api.Http.Controllers.Playground.TicketRouteTest" assertions="3" time="0.425310"/>
        <testcase name="test_json_restore_with_admin_role_and_succeed" file="/app/vendor/gammamatrix/playground-test/src/Feature/Http/Controllers/Resource/Playground/RestoreJsonTrait.php" line="195" class="Tests\Feature\Playground\Matrix\Api\Http\Controllers\Playground\TicketRouteTest" classname="Tests.Feature.Playground.Matrix.Api.Http.Controllers.Playground.TicketRouteTest" assertions="93" time="0.527080"/>
        <testcase name="test_json_guest_cannot_see_info" file="/app/vendor/gammamatrix/playground-test/src/Feature/Http/Controllers/Resource/Playground/ShowJsonTrait.php" line="14" class="Tests\Feature\Playground\Matrix\Api\Http\Controllers\Playground\TicketRouteTest" classname="Tests.Feature.Playground.Matrix.Api.Http.Controllers.Playground.TicketRouteTest" assertions="1" time="0.418386"/>
        <testcase name="test_json_show_info_for_admin" file="/app/vendor/gammamatrix/playground-test/src/Feature/Http/Controllers/Resource/Playground/ShowJsonTrait.php" line="33" class="Tests\Feature\Playground\Matrix\Api\Http\Controllers\Playground\TicketRouteTest" classname="Tests.Feature.Playground.Matrix.Api.Http.Controllers.Playground.TicketRouteTest" assertions="92" time="0.497171"/>
        <testcase name="test_json_guest_cannot_unlock" file="/app/vendor/gammamatrix/playground-test/src/Feature/Http/Controllers/Resource/Playground/UnlockJsonTrait.php" line="14" class="Tests\Feature\Playground\Matrix\Api\Http\Controllers\Playground\TicketRouteTest" classname="Tests.Feature.Playground.Matrix.Api.Http.Controllers.Playground.TicketRouteTest" assertions="3" time="0.401184"/>
        <testcase name="test_json_unlock_as_admin_user_and_succeed" file="/app/vendor/gammamatrix/playground-test/src/Feature/Http/Controllers/Resource/Playground/UnlockJsonTrait.php" line="50" class="Tests\Feature\Playground\Matrix\Api\Http\Controllers\Playground\TicketRouteTest" classname="Tests.Feature.Playground.Matrix.Api.Http.Controllers.Playground.TicketRouteTest" assertions="93" time="0.505139"/>
        <testcase name="test_json_unlock_as_admin_user_and_succeed_with_no_redirect" file="/app/vendor/gammamatrix/playground-test/src/Feature/Http/Controllers/Resource/Playground/UnlockJsonTrait.php" line="94" class="Tests\Feature\Playground\Matrix\Api\Http\Controllers\Playground\TicketRouteTest" classname="Tests.Feature.Playground.Matrix.Api.Http.Controllers.Playground.TicketRouteTest" assertions="93" time="0.577150"/>
        <testcase name="test_json_unlock_with_user_role_and_get_denied" file="/app/vendor/gammamatrix/playground-test/src/Feature/Http/Controllers/Resource/Playground/UnlockJsonTrait.php" line="149" class="Tests\Feature\Playground\Matrix\Api\Http\Controllers\Playground\TicketRouteTest" classname="Tests.Feature.Playground.Matrix.Api.Http.Controllers.Playground.TicketRouteTest" assertions="3" time="0.368888"/>
        <testcase name="test_json_unlock_with_admin_role_and_succeed" file="/app/vendor/gammamatrix/playground-test/src/Feature/Http/Controllers/Resource/Playground/UnlockJsonTrait.php" line="194" class="Tests\Feature\Playground\Matrix\Api\Http\Controllers\Playground\TicketRouteTest" classname="Tests.Feature.Playground.Matrix.Api.Http.Controllers.Playground.TicketRouteTest" assertions="93" time="0.507840"/>
      </testsuite>
      <testsuite name="Tests\Feature\Playground\Matrix\Api\Http\Controllers\Playground\VersionRouteTest" file="/app/tests/Feature/Http/Controllers/Playground/VersionRouteTest.php" tests="37" assertions="1295" errors="0" failures="0" skipped="0" time="16.265932">
        <testcase name="test_json_guest_cannot_get_info" file="/app/vendor/gammamatrix/playground-test/src/Feature/Http/Controllers/Resource/Playground/CreateJsonTrait.php" line="24" class="Tests\Feature\Playground\Matrix\Api\Http\Controllers\Playground\VersionRouteTest" classname="Tests.Feature.Playground.Matrix.Api.Http.Controllers.Playground.VersionRouteTest" assertions="1" time="0.468719"/>
        <testcase name="test_json_guest_cannot_render_create_view_requesting_json" file="/app/vendor/gammamatrix/playground-test/src/Feature/Http/Controllers/Resource/Playground/CreateJsonTrait.php" line="38" class="Tests\Feature\Playground\Matrix\Api\Http\Controllers\Playground\VersionRouteTest" classname="Tests.Feature.Playground.Matrix.Api.Http.Controllers.Playground.VersionRouteTest" assertions="2" time="0.344234"/>
        <testcase name="test_json_create_info_with_admin" file="/app/vendor/gammamatrix/playground-test/src/Feature/Http/Controllers/Resource/Playground/CreateJsonTrait.php" line="55" class="Tests\Feature\Playground\Matrix\Api\Http\Controllers\Playground\VersionRouteTest" classname="Tests.Feature.Playground.Matrix.Api.Http.Controllers.Playground.VersionRouteTest" assertions="93" time="0.524238"/>
        <testcase name="test_json_create_info_by_admin_with_invalid_parameter" file="/app/vendor/gammamatrix/playground-test/src/Feature/Http/Controllers/Resource/Playground/CreateJsonTrait.php" line="79" class="Tests\Feature\Playground\Matrix\Api\Http\Controllers\Playground\VersionRouteTest" classname="Tests.Feature.Playground.Matrix.Api.Http.Controllers.Playground.VersionRouteTest" assertions="4" time="0.361936"/>
        <testcase name="test_json_guest_cannot_destroy" file="/app/vendor/gammamatrix/playground-test/src/Feature/Http/Controllers/Resource/Playground/DestroyJsonTrait.php" line="14" class="Tests\Feature\Playground\Matrix\Api\Http\Controllers\Playground\VersionRouteTest" classname="Tests.Feature.Playground.Matrix.Api.Http.Controllers.Playground.VersionRouteTest" assertions="3" time="0.367149"/>
        <testcase name="test_json_destroy_as_admin_user_and_succeed" file="/app/vendor/gammamatrix/playground-test/src/Feature/Http/Controllers/Resource/Playground/DestroyJsonTrait.php" line="48" class="Tests\Feature\Playground\Matrix\Api\Http\Controllers\Playground\VersionRouteTest" classname="Tests.Feature.Playground.Matrix.Api.Http.Controllers.Playground.VersionRouteTest" assertions="5" time="0.419161"/>
        <testcase name="test_json_destroy_as_admin_user_and_succeed_with_force_delete" file="/app/vendor/gammamatrix/playground-test/src/Feature/Http/Controllers/Resource/Playground/DestroyJsonTrait.php" line="92" class="Tests\Feature\Playground\Matrix\Api\Http\Controllers\Playground\VersionRouteTest" classname="Tests.Feature.Playground.Matrix.Api.Http.Controllers.Playground.VersionRouteTest" assertions="4" time="0.365438"/>
        <testcase name="test_json_destroy_as_admin_user_using_json_and_succeed_with_no_content" file="/app/vendor/gammamatrix/playground-test/src/Feature/Http/Controllers/Resource/Playground/DestroyJsonTrait.php" line="132" class="Tests\Feature\Playground\Matrix\Api\Http\Controllers\Playground\VersionRouteTest" classname="Tests.Feature.Playground.Matrix.Api.Http.Controllers.Playground.VersionRouteTest" assertions="5" time="0.358664"/>
        <testcase name="test_json_destroy_as_admin_user_and_succeed_with_redirect_to_index_with_trash" file="/app/vendor/gammamatrix/playground-test/src/Feature/Http/Controllers/Resource/Playground/DestroyJsonTrait.php" line="177" class="Tests\Feature\Playground\Matrix\Api\Http\Controllers\Playground\VersionRouteTest" classname="Tests.Feature.Playground.Matrix.Api.Http.Controllers.Playground.VersionRouteTest" assertions="5" time="0.426818"/>
        <testcase name="test_json_destroy_with_user_role_and_get_denied_and_no_force_delete_allowed" file="/app/vendor/gammamatrix/playground-test/src/Feature/Http/Controllers/Resource/Playground/DestroyJsonTrait.php" line="235" class="Tests\Feature\Playground\Matrix\Api\Http\Controllers\Playground\VersionRouteTest" classname="Tests.Feature.Playground.Matrix.Api.Http.Controllers.Playground.VersionRouteTest" assertions="3" time="0.364953"/>
        <testcase name="test_json_destroy_with_admin_role_and_succeed" file="/app/vendor/gammamatrix/playground-test/src/Feature/Http/Controllers/Resource/Playground/DestroyJsonTrait.php" line="277" class="Tests\Feature\Playground\Matrix\Api\Http\Controllers\Playground\VersionRouteTest" classname="Tests.Feature.Playground.Matrix.Api.Http.Controllers.Playground.VersionRouteTest" assertions="5" time="0.436131"/>
        <testcase name="test_json_destroy_with_admin_role_and_succeed_with_force_delete" file="/app/vendor/gammamatrix/playground-test/src/Feature/Http/Controllers/Resource/Playground/DestroyJsonTrait.php" line="322" class="Tests\Feature\Playground\Matrix\Api\Http\Controllers\Playground\VersionRouteTest" classname="Tests.Feature.Playground.Matrix.Api.Http.Controllers.Playground.VersionRouteTest" assertions="4" time="0.362192"/>
        <testcase name="test_json_guest_cannot_render_edit_view" file="/app/vendor/gammamatrix/playground-test/src/Feature/Http/Controllers/Resource/Playground/EditJsonTrait.php" line="14" class="Tests\Feature\Playground\Matrix\Api\Http\Controllers\Playground\VersionRouteTest" classname="Tests.Feature.Playground.Matrix.Api.Http.Controllers.Playground.VersionRouteTest" assertions="1" time="0.378007"/>
        <testcase name="test_json_edit_as_admin_view_rendered_by_user_with_return_url" file="/app/vendor/gammamatrix/playground-test/src/Feature/Http/Controllers/Resource/Playground/EditJsonTrait.php" line="33" class="Tests\Feature\Playground\Matrix\Api\Http\Controllers\Playground\VersionRouteTest" classname="Tests.Feature.Playground.Matrix.Api.Http.Controllers.Playground.VersionRouteTest" assertions="4" time="0.439704"/>
        <testcase name="test_json_edit_as_admin_info_with_user" file="/app/vendor/gammamatrix/playground-test/src/Feature/Http/Controllers/Resource/Playground/EditJsonTrait.php" line="70" class="Tests\Feature\Playground\Matrix\Api\Http\Controllers\Playground\VersionRouteTest" classname="Tests.Feature.Playground.Matrix.Api.Http.Controllers.Playground.VersionRouteTest" assertions="4" time="0.375215"/>
        <testcase name="test_json_edit_as_admin_view_rendered_by_user_with_invalid_parameter" file="/app/vendor/gammamatrix/playground-test/src/Feature/Http/Controllers/Resource/Playground/EditJsonTrait.php" line="99" class="Tests\Feature\Playground\Matrix\Api\Http\Controllers\Playground\VersionRouteTest" classname="Tests.Feature.Playground.Matrix.Api.Http.Controllers.Playground.VersionRouteTest" assertions="4" time="0.374095"/>
        <testcase name="test_json_guest_cannot_render_index_view" file="/app/vendor/gammamatrix/playground-test/src/Feature/Http/Controllers/Resource/Playground/IndexJsonTrait.php" line="24" class="Tests\Feature\Playground\Matrix\Api\Http\Controllers\Playground\VersionRouteTest" classname="Tests.Feature.Playground.Matrix.Api.Http.Controllers.Playground.VersionRouteTest" assertions="1" time="0.458180"/>
        <testcase name="test_json_index_view_rendered_by_admin" file="/app/vendor/gammamatrix/playground-test/src/Feature/Http/Controllers/Resource/Playground/IndexJsonTrait.php" line="40" class="Tests\Feature\Playground\Matrix\Api\Http\Controllers\Playground\VersionRouteTest" classname="Tests.Feature.Playground.Matrix.Api.Http.Controllers.Playground.VersionRouteTest" assertions="98" time="0.536168"/>
        <testcase name="test_json_index_as_admin" file="/app/vendor/gammamatrix/playground-test/src/Feature/Http/Controllers/Resource/Playground/IndexJsonTrait.php" line="64" class="Tests\Feature\Playground\Matrix\Api\Http\Controllers\Playground\VersionRouteTest" classname="Tests.Feature.Playground.Matrix.Api.Http.Controllers.Playground.VersionRouteTest" assertions="98" time="0.598905"/>
        <testcase name="test_json_guest_cannot_lock" file="/app/vendor/gammamatrix/playground-test/src/Feature/Http/Controllers/Resource/Playground/LockJsonTrait.php" line="14" class="Tests\Feature\Playground\Matrix\Api\Http\Controllers\Playground\VersionRouteTest" classname="Tests.Feature.Playground.Matrix.Api.Http.Controllers.Playground.VersionRouteTest" assertions="3" time="0.359431"/>
        <testcase name="test_json_lock_as_admin_user_and_succeed" file="/app/vendor/gammamatrix/playground-test/src/Feature/Http/Controllers/Resource/Playground/LockJsonTrait.php" line="46" class="Tests\Feature\Playground\Matrix\Api\Http\Controllers\Playground\VersionRouteTest" classname="Tests.Feature.Playground.Matrix.Api.Http.Controllers.Playground.VersionRouteTest" assertions="3" time="0.454861"/>
        <testcase name="test_json_lock_as_admin_user_and_succeed_with_no_redirect" file="/app/vendor/gammamatrix/playground-test/src/Feature/Http/Controllers/Resource/Playground/LockJsonTrait.php" line="85" class="Tests\Feature\Playground\Matrix\Api\Http\Controllers\Playground\VersionRouteTest" classname="Tests.Feature.Playground.Matrix.Api.Http.Controllers.Playground.VersionRouteTest" assertions="93" time="0.487587"/>
        <testcase name="test_json_lock_with_user_role_and_get_denied" file="/app/vendor/gammamatrix/playground-test/src/Feature/Http/Controllers/Resource/Playground/LockJsonTrait.php" line="138" class="Tests\Feature\Playground\Matrix\Api\Http\Controllers\Playground\VersionRouteTest" classname="Tests.Feature.Playground.Matrix.Api.Http.Controllers.Playground.VersionRouteTest" assertions="3" time="0.359598"/>
        <testcase name="test_json_lock_with_admin_role_and_succeed" file="/app/vendor/gammamatrix/playground-test/src/Feature/Http/Controllers/Resource/Playground/LockJsonTrait.php" line="178" class="Tests\Feature\Playground\Matrix\Api\Http\Controllers\Playground\VersionRouteTest" classname="Tests.Feature.Playground.Matrix.Api.Http.Controllers.Playground.VersionRouteTest" assertions="93" time="0.533388"/>
        <testcase name="test_json_lock_with_admin_role_and_succeed_with_json" file="/app/vendor/gammamatrix/playground-test/src/Feature/Http/Controllers/Resource/Playground/LockJsonTrait.php" line="219" class="Tests\Feature\Playground\Matrix\Api\Http\Controllers\Playground\VersionRouteTest" classname="Tests.Feature.Playground.Matrix.Api.Http.Controllers.Playground.VersionRouteTest" assertions="93" time="0.475885"/>
        <testcase name="test_json_guest_cannot_restore" file="/app/vendor/gammamatrix/playground-test/src/Feature/Http/Controllers/Resource/Playground/RestoreJsonTrait.php" line="15" class="Tests\Feature\Playground\Matrix\Api\Http\Controllers\Playground\VersionRouteTest" classname="Tests.Feature.Playground.Matrix.Api.Http.Controllers.Playground.VersionRouteTest" assertions="3" time="0.425206"/>
        <testcase name="test_json_restore_as_admin_user_and_succeed" file="/app/vendor/gammamatrix/playground-test/src/Feature/Http/Controllers/Resource/Playground/RestoreJsonTrait.php" line="52" class="Tests\Feature\Playground\Matrix\Api\Http\Controllers\Playground\VersionRouteTest" classname="Tests.Feature.Playground.Matrix.Api.Http.Controllers.Playground.VersionRouteTest" assertions="93" time="0.474421"/>
        <testcase name="test_json_restore_as_admin_user_and_succeed_with_no_redirect" file="/app/vendor/gammamatrix/playground-test/src/Feature/Http/Controllers/Resource/Playground/RestoreJsonTrait.php" line="96" class="Tests\Feature\Playground\Matrix\Api\Http\Controllers\Playground\VersionRouteTest" classname="Tests.Feature.Playground.Matrix.Api.Http.Controllers.Playground.VersionRouteTest" assertions="93" time="0.550454"/>
        <testcase name="test_json_restore_with_user_role_and_get_denied" file="/app/vendor/gammamatrix/playground-test/src/Feature/Http/Controllers/Resource/Playground/RestoreJsonTrait.php" line="153" class="Tests\Feature\Playground\Matrix\Api\Http\Controllers\Playground\VersionRouteTest" classname="Tests.Feature.Playground.Matrix.Api.Http.Controllers.Playground.VersionRouteTest" assertions="3" time="0.364311"/>
        <testcase name="test_json_restore_with_admin_role_and_succeed" file="/app/vendor/gammamatrix/playground-test/src/Feature/Http/Controllers/Resource/Playground/RestoreJsonTrait.php" line="195" class="Tests\Feature\Playground\Matrix\Api\Http\Controllers\Playground\VersionRouteTest" classname="Tests.Feature.Playground.Matrix.Api.Http.Controllers.Playground.VersionRouteTest" assertions="93" time="0.598391"/>
        <testcase name="test_json_guest_cannot_see_info" file="/app/vendor/gammamatrix/playground-test/src/Feature/Http/Controllers/Resource/Playground/ShowJsonTrait.php" line="14" class="Tests\Feature\Playground\Matrix\Api\Http\Controllers\Playground\VersionRouteTest" classname="Tests.Feature.Playground.Matrix.Api.Http.Controllers.Playground.VersionRouteTest" assertions="1" time="0.380739"/>
        <testcase name="test_json_show_info_for_admin" file="/app/vendor/gammamatrix/playground-test/src/Feature/Http/Controllers/Resource/Playground/ShowJsonTrait.php" line="33" class="Tests\Feature\Playground\Matrix\Api\Http\Controllers\Playground\VersionRouteTest" classname="Tests.Feature.Playground.Matrix.Api.Http.Controllers.Playground.VersionRouteTest" assertions="92" time="0.471874"/>
        <testcase name="test_json_guest_cannot_unlock" file="/app/vendor/gammamatrix/playground-test/src/Feature/Http/Controllers/Resource/Playground/UnlockJsonTrait.php" line="14" class="Tests\Feature\Playground\Matrix\Api\Http\Controllers\Playground\VersionRouteTest" classname="Tests.Feature.Playground.Matrix.Api.Http.Controllers.Playground.VersionRouteTest" assertions="3" time="0.429719"/>
        <testcase name="test_json_unlock_as_admin_user_and_succeed" file="/app/vendor/gammamatrix/playground-test/src/Feature/Http/Controllers/Resource/Playground/UnlockJsonTrait.php" line="50" class="Tests\Feature\Playground\Matrix\Api\Http\Controllers\Playground\VersionRouteTest" classname="Tests.Feature.Playground.Matrix.Api.Http.Controllers.Playground.VersionRouteTest" assertions="93" time="0.478459"/>
        <testcase name="test_json_unlock_as_admin_user_and_succeed_with_no_redirect" file="/app/vendor/gammamatrix/playground-test/src/Feature/Http/Controllers/Resource/Playground/UnlockJsonTrait.php" line="94" class="Tests\Feature\Playground\Matrix\Api\Http\Controllers\Playground\VersionRouteTest" classname="Tests.Feature.Playground.Matrix.Api.Http.Controllers.Playground.VersionRouteTest" assertions="93" time="0.560744"/>
        <testcase name="test_json_unlock_with_user_role_and_get_denied" file="/app/vendor/gammamatrix/playground-test/src/Feature/Http/Controllers/Resource/Playground/UnlockJsonTrait.php" line="149" class="Tests\Feature\Playground\Matrix\Api\Http\Controllers\Playground\VersionRouteTest" classname="Tests.Feature.Playground.Matrix.Api.Http.Controllers.Playground.VersionRouteTest" assertions="3" time="0.372175"/>
        <testcase name="test_json_unlock_with_admin_role_and_succeed" file="/app/vendor/gammamatrix/playground-test/src/Feature/Http/Controllers/Resource/Playground/UnlockJsonTrait.php" line="194" class="Tests\Feature\Playground\Matrix\Api\Http\Controllers\Playground\VersionRouteTest" classname="Tests.Feature.Playground.Matrix.Api.Http.Controllers.Playground.VersionRouteTest" assertions="93" time="0.528784"/>
      </testsuite>
    </testsuite>
  </testsuite>
</testsuites>
