<?xml version="1.0" encoding="UTF-8"?>
<testsuites>
  <testsuite name="/app/phpunit.xml.dist" tests="557" assertions="19245" errors="0" failures="0" skipped="0" time="234.796694">
    <testsuite name="Unit" tests="2" assertions="2" errors="0" failures="0" skipped="0" time="0.366384">
      <testsuite name="Tests\Unit\Playground\Matrix\Api\Http\Requests\Backlog\CreateRequestTest" file="/app/tests/Unit/Http/Requests/Backlog/CreateRequestTest.php" tests="1" assertions="1" errors="0" failures="0" skipped="0" time="0.329173">
        <testcase name="test_request_instance" file="/app/vendor/gammamatrix/playground-test/src/Unit/Http/Requests/RequestCase.php" line="39" class="Tests\Unit\Playground\Matrix\Api\Http\Requests\Backlog\CreateRequestTest" classname="Tests.Unit.Playground.Matrix.Api.Http.Requests.Backlog.CreateRequestTest" assertions="1" time="0.329173"/>
      </testsuite>
      <testsuite name="Tests\Unit\Playground\Matrix\Api\Policies\BacklogPolicy\PolicyTest" file="/app/tests/Unit/Policies/BacklogPolicy/PolicyTest.php" tests="1" assertions="1" errors="0" failures="0" skipped="0" time="0.037211">
        <testcase name="test_policy_instance" file="/app/tests/Unit/Policies/BacklogPolicy/PolicyTest.php" line="19" class="Tests\Unit\Playground\Matrix\Api\Policies\BacklogPolicy\PolicyTest" classname="Tests.Unit.Playground.Matrix.Api.Policies.BacklogPolicy.PolicyTest" assertions="1" time="0.037211"/>
      </testsuite>
    </testsuite>
    <testsuite name="Feature" tests="555" assertions="19243" errors="0" failures="0" skipped="0" time="234.430310">
      <testsuite name="Tests\Feature\Playground\Matrix\Api\Http\Controllers\Playground\BacklogRouteTest" file="/app/tests/Feature/Http/Controllers/Playground/BacklogRouteTest.php" tests="37" assertions="1295" errors="0" failures="0" skipped="0" time="15.550258">
        <testcase name="test_json_guest_cannot_get_info" file="/app/vendor/gammamatrix/playground-test/src/Feature/Http/Controllers/Resource/Playground/CreateJsonTrait.php" line="24" class="Tests\Feature\Playground\Matrix\Api\Http\Controllers\Playground\BacklogRouteTest" classname="Tests.Feature.Playground.Matrix.Api.Http.Controllers.Playground.BacklogRouteTest" assertions="1" time="0.484908"/>
        <testcase name="test_json_guest_cannot_render_create_view_requesting_json" file="/app/vendor/gammamatrix/playground-test/src/Feature/Http/Controllers/Resource/Playground/CreateJsonTrait.php" line="38" class="Tests\Feature\Playground\Matrix\Api\Http\Controllers\Playground\BacklogRouteTest" classname="Tests.Feature.Playground.Matrix.Api.Http.Controllers.Playground.BacklogRouteTest" assertions="2" time="0.358579"/>
        <testcase name="test_json_create_info_with_admin" file="/app/vendor/gammamatrix/playground-test/src/Feature/Http/Controllers/Resource/Playground/CreateJsonTrait.php" line="55" class="Tests\Feature\Playground\Matrix\Api\Http\Controllers\Playground\BacklogRouteTest" classname="Tests.Feature.Playground.Matrix.Api.Http.Controllers.Playground.BacklogRouteTest" assertions="93" time="0.542912"/>
        <testcase name="test_json_create_info_by_admin_with_invalid_parameter" file="/app/vendor/gammamatrix/playground-test/src/Feature/Http/Controllers/Resource/Playground/CreateJsonTrait.php" line="79" class="Tests\Feature\Playground\Matrix\Api\Http\Controllers\Playground\BacklogRouteTest" classname="Tests.Feature.Playground.Matrix.Api.Http.Controllers.Playground.BacklogRouteTest" assertions="4" time="0.363749"/>
        <testcase name="test_json_guest_cannot_destroy" file="/app/vendor/gammamatrix/playground-test/src/Feature/Http/Controllers/Resource/Playground/DestroyJsonTrait.php" line="14" class="Tests\Feature\Playground\Matrix\Api\Http\Controllers\Playground\BacklogRouteTest" classname="Tests.Feature.Playground.Matrix.Api.Http.Controllers.Playground.BacklogRouteTest" assertions="3" time="0.374432"/>
        <testcase name="test_json_destroy_as_admin_user_and_succeed" file="/app/vendor/gammamatrix/playground-test/src/Feature/Http/Controllers/Resource/Playground/DestroyJsonTrait.php" line="48" class="Tests\Feature\Playground\Matrix\Api\Http\Controllers\Playground\BacklogRouteTest" classname="Tests.Feature.Playground.Matrix.Api.Http.Controllers.Playground.BacklogRouteTest" assertions="5" time="0.375322"/>
        <testcase name="test_json_destroy_as_admin_user_and_succeed_with_force_delete" file="/app/vendor/gammamatrix/playground-test/src/Feature/Http/Controllers/Resource/Playground/DestroyJsonTrait.php" line="92" class="Tests\Feature\Playground\Matrix\Api\Http\Controllers\Playground\BacklogRouteTest" classname="Tests.Feature.Playground.Matrix.Api.Http.Controllers.Playground.BacklogRouteTest" assertions="4" time="0.361965"/>
        <testcase name="test_json_destroy_as_admin_user_using_json_and_succeed_with_no_content" file="/app/vendor/gammamatrix/playground-test/src/Feature/Http/Controllers/Resource/Playground/DestroyJsonTrait.php" line="132" class="Tests\Feature\Playground\Matrix\Api\Http\Controllers\Playground\BacklogRouteTest" classname="Tests.Feature.Playground.Matrix.Api.Http.Controllers.Playground.BacklogRouteTest" assertions="5" time="0.366464"/>
        <testcase name="test_json_destroy_as_admin_user_and_succeed_with_redirect_to_index_with_trash" file="/app/vendor/gammamatrix/playground-test/src/Feature/Http/Controllers/Resource/Playground/DestroyJsonTrait.php" line="177" class="Tests\Feature\Playground\Matrix\Api\Http\Controllers\Playground\BacklogRouteTest" classname="Tests.Feature.Playground.Matrix.Api.Http.Controllers.Playground.BacklogRouteTest" assertions="5" time="0.366938"/>
        <testcase name="test_json_destroy_with_user_role_and_get_denied_and_no_force_delete_allowed" file="/app/vendor/gammamatrix/playground-test/src/Feature/Http/Controllers/Resource/Playground/DestroyJsonTrait.php" line="235" class="Tests\Feature\Playground\Matrix\Api\Http\Controllers\Playground\BacklogRouteTest" classname="Tests.Feature.Playground.Matrix.Api.Http.Controllers.Playground.BacklogRouteTest" assertions="3" time="0.357684"/>
        <testcase name="test_json_destroy_with_admin_role_and_succeed" file="/app/vendor/gammamatrix/playground-test/src/Feature/Http/Controllers/Resource/Playground/DestroyJsonTrait.php" line="277" class="Tests\Feature\Playground\Matrix\Api\Http\Controllers\Playground\BacklogRouteTest" classname="Tests.Feature.Playground.Matrix.Api.Http.Controllers.Playground.BacklogRouteTest" assertions="5" time="0.361155"/>
        <testcase name="test_json_destroy_with_admin_role_and_succeed_with_force_delete" file="/app/vendor/gammamatrix/playground-test/src/Feature/Http/Controllers/Resource/Playground/DestroyJsonTrait.php" line="322" class="Tests\Feature\Playground\Matrix\Api\Http\Controllers\Playground\BacklogRouteTest" classname="Tests.Feature.Playground.Matrix.Api.Http.Controllers.Playground.BacklogRouteTest" assertions="4" time="0.364526"/>
        <testcase name="test_json_guest_cannot_render_edit_view" file="/app/vendor/gammamatrix/playground-test/src/Feature/Http/Controllers/Resource/Playground/EditJsonTrait.php" line="14" class="Tests\Feature\Playground\Matrix\Api\Http\Controllers\Playground\BacklogRouteTest" classname="Tests.Feature.Playground.Matrix.Api.Http.Controllers.Playground.BacklogRouteTest" assertions="1" time="0.371272"/>
        <testcase name="test_json_edit_as_admin_view_rendered_by_user_with_return_url" file="/app/vendor/gammamatrix/playground-test/src/Feature/Http/Controllers/Resource/Playground/EditJsonTrait.php" line="33" class="Tests\Feature\Playground\Matrix\Api\Http\Controllers\Playground\BacklogRouteTest" classname="Tests.Feature.Playground.Matrix.Api.Http.Controllers.Playground.BacklogRouteTest" assertions="4" time="0.391799"/>
        <testcase name="test_json_edit_as_admin_info_with_user" file="/app/vendor/gammamatrix/playground-test/src/Feature/Http/Controllers/Resource/Playground/EditJsonTrait.php" line="70" class="Tests\Feature\Playground\Matrix\Api\Http\Controllers\Playground\BacklogRouteTest" classname="Tests.Feature.Playground.Matrix.Api.Http.Controllers.Playground.BacklogRouteTest" assertions="4" time="0.382651"/>
        <testcase name="test_json_edit_as_admin_view_rendered_by_user_with_invalid_parameter" file="/app/vendor/gammamatrix/playground-test/src/Feature/Http/Controllers/Resource/Playground/EditJsonTrait.php" line="99" class="Tests\Feature\Playground\Matrix\Api\Http\Controllers\Playground\BacklogRouteTest" classname="Tests.Feature.Playground.Matrix.Api.Http.Controllers.Playground.BacklogRouteTest" assertions="4" time="0.373841"/>
        <testcase name="test_json_guest_cannot_render_index_view" file="/app/vendor/gammamatrix/playground-test/src/Feature/Http/Controllers/Resource/Playground/IndexJsonTrait.php" line="24" class="Tests\Feature\Playground\Matrix\Api\Http\Controllers\Playground\BacklogRouteTest" classname="Tests.Feature.Playground.Matrix.Api.Http.Controllers.Playground.BacklogRouteTest" assertions="1" time="0.423380"/>
        <testcase name="test_json_index_view_rendered_by_admin" file="/app/vendor/gammamatrix/playground-test/src/Feature/Http/Controllers/Resource/Playground/IndexJsonTrait.php" line="40" class="Tests\Feature\Playground\Matrix\Api\Http\Controllers\Playground\BacklogRouteTest" classname="Tests.Feature.Playground.Matrix.Api.Http.Controllers.Playground.BacklogRouteTest" assertions="98" time="0.577162"/>
        <testcase name="test_json_index_as_admin" file="/app/vendor/gammamatrix/playground-test/src/Feature/Http/Controllers/Resource/Playground/IndexJsonTrait.php" line="64" class="Tests\Feature\Playground\Matrix\Api\Http\Controllers\Playground\BacklogRouteTest" classname="Tests.Feature.Playground.Matrix.Api.Http.Controllers.Playground.BacklogRouteTest" assertions="98" time="0.567584"/>
        <testcase name="test_json_guest_cannot_lock" file="/app/vendor/gammamatrix/playground-test/src/Feature/Http/Controllers/Resource/Playground/LockJsonTrait.php" line="14" class="Tests\Feature\Playground\Matrix\Api\Http\Controllers\Playground\BacklogRouteTest" classname="Tests.Feature.Playground.Matrix.Api.Http.Controllers.Playground.BacklogRouteTest" assertions="3" time="0.358546"/>
        <testcase name="test_json_lock_as_admin_user_and_succeed" file="/app/vendor/gammamatrix/playground-test/src/Feature/Http/Controllers/Resource/Playground/LockJsonTrait.php" line="46" class="Tests\Feature\Playground\Matrix\Api\Http\Controllers\Playground\BacklogRouteTest" classname="Tests.Feature.Playground.Matrix.Api.Http.Controllers.Playground.BacklogRouteTest" assertions="3" time="0.368429"/>
        <testcase name="test_json_lock_as_admin_user_and_succeed_with_no_redirect" file="/app/vendor/gammamatrix/playground-test/src/Feature/Http/Controllers/Resource/Playground/LockJsonTrait.php" line="85" class="Tests\Feature\Playground\Matrix\Api\Http\Controllers\Playground\BacklogRouteTest" classname="Tests.Feature.Playground.Matrix.Api.Http.Controllers.Playground.BacklogRouteTest" assertions="93" time="0.485346"/>
        <testcase name="test_json_lock_with_user_role_and_get_denied" file="/app/vendor/gammamatrix/playground-test/src/Feature/Http/Controllers/Resource/Playground/LockJsonTrait.php" line="138" class="Tests\Feature\Playground\Matrix\Api\Http\Controllers\Playground\BacklogRouteTest" classname="Tests.Feature.Playground.Matrix.Api.Http.Controllers.Playground.BacklogRouteTest" assertions="3" time="0.362907"/>
        <testcase name="test_json_lock_with_admin_role_and_succeed" file="/app/vendor/gammamatrix/playground-test/src/Feature/Http/Controllers/Resource/Playground/LockJsonTrait.php" line="178" class="Tests\Feature\Playground\Matrix\Api\Http\Controllers\Playground\BacklogRouteTest" classname="Tests.Feature.Playground.Matrix.Api.Http.Controllers.Playground.BacklogRouteTest" assertions="93" time="0.479204"/>
        <testcase name="test_json_lock_with_admin_role_and_succeed_with_json" file="/app/vendor/gammamatrix/playground-test/src/Feature/Http/Controllers/Resource/Playground/LockJsonTrait.php" line="219" class="Tests\Feature\Playground\Matrix\Api\Http\Controllers\Playground\BacklogRouteTest" classname="Tests.Feature.Playground.Matrix.Api.Http.Controllers.Playground.BacklogRouteTest" assertions="93" time="0.489781"/>
        <testcase name="test_json_guest_cannot_restore" file="/app/vendor/gammamatrix/playground-test/src/Feature/Http/Controllers/Resource/Playground/RestoreJsonTrait.php" line="15" class="Tests\Feature\Playground\Matrix\Api\Http\Controllers\Playground\BacklogRouteTest" classname="Tests.Feature.Playground.Matrix.Api.Http.Controllers.Playground.BacklogRouteTest" assertions="3" time="0.358326"/>
        <testcase name="test_json_restore_as_admin_user_and_succeed" file="/app/vendor/gammamatrix/playground-test/src/Feature/Http/Controllers/Resource/Playground/RestoreJsonTrait.php" line="52" class="Tests\Feature\Playground\Matrix\Api\Http\Controllers\Playground\BacklogRouteTest" classname="Tests.Feature.Playground.Matrix.Api.Http.Controllers.Playground.BacklogRouteTest" assertions="93" time="0.481210"/>
        <testcase name="test_json_restore_as_admin_user_and_succeed_with_no_redirect" file="/app/vendor/gammamatrix/playground-test/src/Feature/Http/Controllers/Resource/Playground/RestoreJsonTrait.php" line="96" class="Tests\Feature\Playground\Matrix\Api\Http\Controllers\Playground\BacklogRouteTest" classname="Tests.Feature.Playground.Matrix.Api.Http.Controllers.Playground.BacklogRouteTest" assertions="93" time="0.480335"/>
        <testcase name="test_json_restore_with_user_role_and_get_denied" file="/app/vendor/gammamatrix/playground-test/src/Feature/Http/Controllers/Resource/Playground/RestoreJsonTrait.php" line="153" class="Tests\Feature\Playground\Matrix\Api\Http\Controllers\Playground\BacklogRouteTest" classname="Tests.Feature.Playground.Matrix.Api.Http.Controllers.Playground.BacklogRouteTest" assertions="3" time="0.368779"/>
        <testcase name="test_json_restore_with_admin_role_and_succeed" file="/app/vendor/gammamatrix/playground-test/src/Feature/Http/Controllers/Resource/Playground/RestoreJsonTrait.php" line="195" class="Tests\Feature\Playground\Matrix\Api\Http\Controllers\Playground\BacklogRouteTest" classname="Tests.Feature.Playground.Matrix.Api.Http.Controllers.Playground.BacklogRouteTest" assertions="93" time="0.490875"/>
        <testcase name="test_json_guest_cannot_see_info" file="/app/vendor/gammamatrix/playground-test/src/Feature/Http/Controllers/Resource/Playground/ShowJsonTrait.php" line="14" class="Tests\Feature\Playground\Matrix\Api\Http\Controllers\Playground\BacklogRouteTest" classname="Tests.Feature.Playground.Matrix.Api.Http.Controllers.Playground.BacklogRouteTest" assertions="1" time="0.357526"/>
        <testcase name="test_json_show_info_for_admin" file="/app/vendor/gammamatrix/playground-test/src/Feature/Http/Controllers/Resource/Playground/ShowJsonTrait.php" line="33" class="Tests\Feature\Playground\Matrix\Api\Http\Controllers\Playground\BacklogRouteTest" classname="Tests.Feature.Playground.Matrix.Api.Http.Controllers.Playground.BacklogRouteTest" assertions="92" time="0.483764"/>
        <testcase name="test_json_guest_cannot_unlock" file="/app/vendor/gammamatrix/playground-test/src/Feature/Http/Controllers/Resource/Playground/UnlockJsonTrait.php" line="14" class="Tests\Feature\Playground\Matrix\Api\Http\Controllers\Playground\BacklogRouteTest" classname="Tests.Feature.Playground.Matrix.Api.Http.Controllers.Playground.BacklogRouteTest" assertions="3" time="0.384446"/>
        <testcase name="test_json_unlock_as_admin_user_and_succeed" file="/app/vendor/gammamatrix/playground-test/src/Feature/Http/Controllers/Resource/Playground/UnlockJsonTrait.php" line="50" class="Tests\Feature\Playground\Matrix\Api\Http\Controllers\Playground\BacklogRouteTest" classname="Tests.Feature.Playground.Matrix.Api.Http.Controllers.Playground.BacklogRouteTest" assertions="93" time="0.484332"/>
        <testcase name="test_json_unlock_as_admin_user_and_succeed_with_no_redirect" file="/app/vendor/gammamatrix/playground-test/src/Feature/Http/Controllers/Resource/Playground/UnlockJsonTrait.php" line="94" class="Tests\Feature\Playground\Matrix\Api\Http\Controllers\Playground\BacklogRouteTest" classname="Tests.Feature.Playground.Matrix.Api.Http.Controllers.Playground.BacklogRouteTest" assertions="93" time="0.486220"/>
        <testcase name="test_json_unlock_with_user_role_and_get_denied" file="/app/vendor/gammamatrix/playground-test/src/Feature/Http/Controllers/Resource/Playground/UnlockJsonTrait.php" line="149" class="Tests\Feature\Playground\Matrix\Api\Http\Controllers\Playground\BacklogRouteTest" classname="Tests.Feature.Playground.Matrix.Api.Http.Controllers.Playground.BacklogRouteTest" assertions="3" time="0.375255"/>
        <testcase name="test_json_unlock_with_admin_role_and_succeed" file="/app/vendor/gammamatrix/playground-test/src/Feature/Http/Controllers/Resource/Playground/UnlockJsonTrait.php" line="194" class="Tests\Feature\Playground\Matrix\Api\Http\Controllers\Playground\BacklogRouteTest" classname="Tests.Feature.Playground.Matrix.Api.Http.Controllers.Playground.BacklogRouteTest" assertions="93" time="0.488651"/>
      </testsuite>
      <testsuite name="Tests\Feature\Playground\Matrix\Api\Http\Controllers\Playground\BoardRouteTest" file="/app/tests/Feature/Http/Controllers/Playground/BoardRouteTest.php" tests="37" assertions="1295" errors="0" failures="0" skipped="0" time="15.214310">
        <testcase name="test_json_guest_cannot_get_info" file="/app/vendor/gammamatrix/playground-test/src/Feature/Http/Controllers/Resource/Playground/CreateJsonTrait.php" line="24" class="Tests\Feature\Playground\Matrix\Api\Http\Controllers\Playground\BoardRouteTest" classname="Tests.Feature.Playground.Matrix.Api.Http.Controllers.Playground.BoardRouteTest" assertions="1" time="0.344061"/>
        <testcase name="test_json_guest_cannot_render_create_view_requesting_json" file="/app/vendor/gammamatrix/playground-test/src/Feature/Http/Controllers/Resource/Playground/CreateJsonTrait.php" line="38" class="Tests\Feature\Playground\Matrix\Api\Http\Controllers\Playground\BoardRouteTest" classname="Tests.Feature.Playground.Matrix.Api.Http.Controllers.Playground.BoardRouteTest" assertions="2" time="0.344497"/>
        <testcase name="test_json_create_info_with_admin" file="/app/vendor/gammamatrix/playground-test/src/Feature/Http/Controllers/Resource/Playground/CreateJsonTrait.php" line="55" class="Tests\Feature\Playground\Matrix\Api\Http\Controllers\Playground\BoardRouteTest" classname="Tests.Feature.Playground.Matrix.Api.Http.Controllers.Playground.BoardRouteTest" assertions="93" time="0.499156"/>
        <testcase name="test_json_create_info_by_admin_with_invalid_parameter" file="/app/vendor/gammamatrix/playground-test/src/Feature/Http/Controllers/Resource/Playground/CreateJsonTrait.php" line="79" class="Tests\Feature\Playground\Matrix\Api\Http\Controllers\Playground\BoardRouteTest" classname="Tests.Feature.Playground.Matrix.Api.Http.Controllers.Playground.BoardRouteTest" assertions="4" time="0.354395"/>
        <testcase name="test_json_guest_cannot_destroy" file="/app/vendor/gammamatrix/playground-test/src/Feature/Http/Controllers/Resource/Playground/DestroyJsonTrait.php" line="14" class="Tests\Feature\Playground\Matrix\Api\Http\Controllers\Playground\BoardRouteTest" classname="Tests.Feature.Playground.Matrix.Api.Http.Controllers.Playground.BoardRouteTest" assertions="3" time="0.364078"/>
        <testcase name="test_json_destroy_as_admin_user_and_succeed" file="/app/vendor/gammamatrix/playground-test/src/Feature/Http/Controllers/Resource/Playground/DestroyJsonTrait.php" line="48" class="Tests\Feature\Playground\Matrix\Api\Http\Controllers\Playground\BoardRouteTest" classname="Tests.Feature.Playground.Matrix.Api.Http.Controllers.Playground.BoardRouteTest" assertions="5" time="0.368063"/>
        <testcase name="test_json_destroy_as_admin_user_and_succeed_with_force_delete" file="/app/vendor/gammamatrix/playground-test/src/Feature/Http/Controllers/Resource/Playground/DestroyJsonTrait.php" line="92" class="Tests\Feature\Playground\Matrix\Api\Http\Controllers\Playground\BoardRouteTest" classname="Tests.Feature.Playground.Matrix.Api.Http.Controllers.Playground.BoardRouteTest" assertions="4" time="0.365114"/>
        <testcase name="test_json_destroy_as_admin_user_using_json_and_succeed_with_no_content" file="/app/vendor/gammamatrix/playground-test/src/Feature/Http/Controllers/Resource/Playground/DestroyJsonTrait.php" line="132" class="Tests\Feature\Playground\Matrix\Api\Http\Controllers\Playground\BoardRouteTest" classname="Tests.Feature.Playground.Matrix.Api.Http.Controllers.Playground.BoardRouteTest" assertions="5" time="0.382947"/>
        <testcase name="test_json_destroy_as_admin_user_and_succeed_with_redirect_to_index_with_trash" file="/app/vendor/gammamatrix/playground-test/src/Feature/Http/Controllers/Resource/Playground/DestroyJsonTrait.php" line="177" class="Tests\Feature\Playground\Matrix\Api\Http\Controllers\Playground\BoardRouteTest" classname="Tests.Feature.Playground.Matrix.Api.Http.Controllers.Playground.BoardRouteTest" assertions="5" time="0.381420"/>
        <testcase name="test_json_destroy_with_user_role_and_get_denied_and_no_force_delete_allowed" file="/app/vendor/gammamatrix/playground-test/src/Feature/Http/Controllers/Resource/Playground/DestroyJsonTrait.php" line="235" class="Tests\Feature\Playground\Matrix\Api\Http\Controllers\Playground\BoardRouteTest" classname="Tests.Feature.Playground.Matrix.Api.Http.Controllers.Playground.BoardRouteTest" assertions="3" time="0.363949"/>
        <testcase name="test_json_destroy_with_admin_role_and_succeed" file="/app/vendor/gammamatrix/playground-test/src/Feature/Http/Controllers/Resource/Playground/DestroyJsonTrait.php" line="277" class="Tests\Feature\Playground\Matrix\Api\Http\Controllers\Playground\BoardRouteTest" classname="Tests.Feature.Playground.Matrix.Api.Http.Controllers.Playground.BoardRouteTest" assertions="5" time="0.356319"/>
        <testcase name="test_json_destroy_with_admin_role_and_succeed_with_force_delete" file="/app/vendor/gammamatrix/playground-test/src/Feature/Http/Controllers/Resource/Playground/DestroyJsonTrait.php" line="322" class="Tests\Feature\Playground\Matrix\Api\Http\Controllers\Playground\BoardRouteTest" classname="Tests.Feature.Playground.Matrix.Api.Http.Controllers.Playground.BoardRouteTest" assertions="4" time="0.360391"/>
        <testcase name="test_json_guest_cannot_render_edit_view" file="/app/vendor/gammamatrix/playground-test/src/Feature/Http/Controllers/Resource/Playground/EditJsonTrait.php" line="14" class="Tests\Feature\Playground\Matrix\Api\Http\Controllers\Playground\BoardRouteTest" classname="Tests.Feature.Playground.Matrix.Api.Http.Controllers.Playground.BoardRouteTest" assertions="1" time="0.353826"/>
        <testcase name="test_json_edit_as_admin_view_rendered_by_user_with_return_url" file="/app/vendor/gammamatrix/playground-test/src/Feature/Http/Controllers/Resource/Playground/EditJsonTrait.php" line="33" class="Tests\Feature\Playground\Matrix\Api\Http\Controllers\Playground\BoardRouteTest" classname="Tests.Feature.Playground.Matrix.Api.Http.Controllers.Playground.BoardRouteTest" assertions="4" time="0.385370"/>
        <testcase name="test_json_edit_as_admin_info_with_user" file="/app/vendor/gammamatrix/playground-test/src/Feature/Http/Controllers/Resource/Playground/EditJsonTrait.php" line="70" class="Tests\Feature\Playground\Matrix\Api\Http\Controllers\Playground\BoardRouteTest" classname="Tests.Feature.Playground.Matrix.Api.Http.Controllers.Playground.BoardRouteTest" assertions="4" time="0.374384"/>
        <testcase name="test_json_edit_as_admin_view_rendered_by_user_with_invalid_parameter" file="/app/vendor/gammamatrix/playground-test/src/Feature/Http/Controllers/Resource/Playground/EditJsonTrait.php" line="99" class="Tests\Feature\Playground\Matrix\Api\Http\Controllers\Playground\BoardRouteTest" classname="Tests.Feature.Playground.Matrix.Api.Http.Controllers.Playground.BoardRouteTest" assertions="4" time="0.369867"/>
        <testcase name="test_json_guest_cannot_render_index_view" file="/app/vendor/gammamatrix/playground-test/src/Feature/Http/Controllers/Resource/Playground/IndexJsonTrait.php" line="24" class="Tests\Feature\Playground\Matrix\Api\Http\Controllers\Playground\BoardRouteTest" classname="Tests.Feature.Playground.Matrix.Api.Http.Controllers.Playground.BoardRouteTest" assertions="1" time="0.351246"/>
        <testcase name="test_json_index_view_rendered_by_admin" file="/app/vendor/gammamatrix/playground-test/src/Feature/Http/Controllers/Resource/Playground/IndexJsonTrait.php" line="40" class="Tests\Feature\Playground\Matrix\Api\Http\Controllers\Playground\BoardRouteTest" classname="Tests.Feature.Playground.Matrix.Api.Http.Controllers.Playground.BoardRouteTest" assertions="98" time="0.568469"/>
        <testcase name="test_json_index_as_admin" file="/app/vendor/gammamatrix/playground-test/src/Feature/Http/Controllers/Resource/Playground/IndexJsonTrait.php" line="64" class="Tests\Feature\Playground\Matrix\Api\Http\Controllers\Playground\BoardRouteTest" classname="Tests.Feature.Playground.Matrix.Api.Http.Controllers.Playground.BoardRouteTest" assertions="98" time="0.561770"/>
        <testcase name="test_json_guest_cannot_lock" file="/app/vendor/gammamatrix/playground-test/src/Feature/Http/Controllers/Resource/Playground/LockJsonTrait.php" line="14" class="Tests\Feature\Playground\Matrix\Api\Http\Controllers\Playground\BoardRouteTest" classname="Tests.Feature.Playground.Matrix.Api.Http.Controllers.Playground.BoardRouteTest" assertions="3" time="0.360217"/>
        <testcase name="test_json_lock_as_admin_user_and_succeed" file="/app/vendor/gammamatrix/playground-test/src/Feature/Http/Controllers/Resource/Playground/LockJsonTrait.php" line="46" class="Tests\Feature\Playground\Matrix\Api\Http\Controllers\Playground\BoardRouteTest" classname="Tests.Feature.Playground.Matrix.Api.Http.Controllers.Playground.BoardRouteTest" assertions="3" time="0.373882"/>
        <testcase name="test_json_lock_as_admin_user_and_succeed_with_no_redirect" file="/app/vendor/gammamatrix/playground-test/src/Feature/Http/Controllers/Resource/Playground/LockJsonTrait.php" line="85" class="Tests\Feature\Playground\Matrix\Api\Http\Controllers\Playground\BoardRouteTest" classname="Tests.Feature.Playground.Matrix.Api.Http.Controllers.Playground.BoardRouteTest" assertions="93" time="0.480560"/>
        <testcase name="test_json_lock_with_user_role_and_get_denied" file="/app/vendor/gammamatrix/playground-test/src/Feature/Http/Controllers/Resource/Playground/LockJsonTrait.php" line="138" class="Tests\Feature\Playground\Matrix\Api\Http\Controllers\Playground\BoardRouteTest" classname="Tests.Feature.Playground.Matrix.Api.Http.Controllers.Playground.BoardRouteTest" assertions="3" time="0.367166"/>
        <testcase name="test_json_lock_with_admin_role_and_succeed" file="/app/vendor/gammamatrix/playground-test/src/Feature/Http/Controllers/Resource/Playground/LockJsonTrait.php" line="178" class="Tests\Feature\Playground\Matrix\Api\Http\Controllers\Playground\BoardRouteTest" classname="Tests.Feature.Playground.Matrix.Api.Http.Controllers.Playground.BoardRouteTest" assertions="93" time="0.486166"/>
        <testcase name="test_json_lock_with_admin_role_and_succeed_with_json" file="/app/vendor/gammamatrix/playground-test/src/Feature/Http/Controllers/Resource/Playground/LockJsonTrait.php" line="219" class="Tests\Feature\Playground\Matrix\Api\Http\Controllers\Playground\BoardRouteTest" classname="Tests.Feature.Playground.Matrix.Api.Http.Controllers.Playground.BoardRouteTest" assertions="93" time="0.486568"/>
        <testcase name="test_json_guest_cannot_restore" file="/app/vendor/gammamatrix/playground-test/src/Feature/Http/Controllers/Resource/Playground/RestoreJsonTrait.php" line="15" class="Tests\Feature\Playground\Matrix\Api\Http\Controllers\Playground\BoardRouteTest" classname="Tests.Feature.Playground.Matrix.Api.Http.Controllers.Playground.BoardRouteTest" assertions="3" time="0.357971"/>
        <testcase name="test_json_restore_as_admin_user_and_succeed" file="/app/vendor/gammamatrix/playground-test/src/Feature/Http/Controllers/Resource/Playground/RestoreJsonTrait.php" line="52" class="Tests\Feature\Playground\Matrix\Api\Http\Controllers\Playground\BoardRouteTest" classname="Tests.Feature.Playground.Matrix.Api.Http.Controllers.Playground.BoardRouteTest" assertions="93" time="0.493803"/>
        <testcase name="test_json_restore_as_admin_user_and_succeed_with_no_redirect" file="/app/vendor/gammamatrix/playground-test/src/Feature/Http/Controllers/Resource/Playground/RestoreJsonTrait.php" line="96" class="Tests\Feature\Playground\Matrix\Api\Http\Controllers\Playground\BoardRouteTest" classname="Tests.Feature.Playground.Matrix.Api.Http.Controllers.Playground.BoardRouteTest" assertions="93" time="0.487631"/>
        <testcase name="test_json_restore_with_user_role_and_get_denied" file="/app/vendor/gammamatrix/playground-test/src/Feature/Http/Controllers/Resource/Playground/RestoreJsonTrait.php" line="153" class="Tests\Feature\Playground\Matrix\Api\Http\Controllers\Playground\BoardRouteTest" classname="Tests.Feature.Playground.Matrix.Api.Http.Controllers.Playground.BoardRouteTest" assertions="3" time="0.359247"/>
        <testcase name="test_json_restore_with_admin_role_and_succeed" file="/app/vendor/gammamatrix/playground-test/src/Feature/Http/Controllers/Resource/Playground/RestoreJsonTrait.php" line="195" class="Tests\Feature\Playground\Matrix\Api\Http\Controllers\Playground\BoardRouteTest" classname="Tests.Feature.Playground.Matrix.Api.Http.Controllers.Playground.BoardRouteTest" assertions="93" time="0.490255"/>
        <testcase name="test_json_guest_cannot_see_info" file="/app/vendor/gammamatrix/playground-test/src/Feature/Http/Controllers/Resource/Playground/ShowJsonTrait.php" line="14" class="Tests\Feature\Playground\Matrix\Api\Http\Controllers\Playground\BoardRouteTest" classname="Tests.Feature.Playground.Matrix.Api.Http.Controllers.Playground.BoardRouteTest" assertions="1" time="0.356801"/>
        <testcase name="test_json_show_info_for_admin" file="/app/vendor/gammamatrix/playground-test/src/Feature/Http/Controllers/Resource/Playground/ShowJsonTrait.php" line="33" class="Tests\Feature\Playground\Matrix\Api\Http\Controllers\Playground\BoardRouteTest" classname="Tests.Feature.Playground.Matrix.Api.Http.Controllers.Playground.BoardRouteTest" assertions="92" time="0.480239"/>
        <testcase name="test_json_guest_cannot_unlock" file="/app/vendor/gammamatrix/playground-test/src/Feature/Http/Controllers/Resource/Playground/UnlockJsonTrait.php" line="14" class="Tests\Feature\Playground\Matrix\Api\Http\Controllers\Playground\BoardRouteTest" classname="Tests.Feature.Playground.Matrix.Api.Http.Controllers.Playground.BoardRouteTest" assertions="3" time="0.354616"/>
        <testcase name="test_json_unlock_as_admin_user_and_succeed" file="/app/vendor/gammamatrix/playground-test/src/Feature/Http/Controllers/Resource/Playground/UnlockJsonTrait.php" line="50" class="Tests\Feature\Playground\Matrix\Api\Http\Controllers\Playground\BoardRouteTest" classname="Tests.Feature.Playground.Matrix.Api.Http.Controllers.Playground.BoardRouteTest" assertions="93" time="0.489266"/>
        <testcase name="test_json_unlock_as_admin_user_and_succeed_with_no_redirect" file="/app/vendor/gammamatrix/playground-test/src/Feature/Http/Controllers/Resource/Playground/UnlockJsonTrait.php" line="94" class="Tests\Feature\Playground\Matrix\Api\Http\Controllers\Playground\BoardRouteTest" classname="Tests.Feature.Playground.Matrix.Api.Http.Controllers.Playground.BoardRouteTest" assertions="93" time="0.488630"/>
        <testcase name="test_json_unlock_with_user_role_and_get_denied" file="/app/vendor/gammamatrix/playground-test/src/Feature/Http/Controllers/Resource/Playground/UnlockJsonTrait.php" line="149" class="Tests\Feature\Playground\Matrix\Api\Http\Controllers\Playground\BoardRouteTest" classname="Tests.Feature.Playground.Matrix.Api.Http.Controllers.Playground.BoardRouteTest" assertions="3" time="0.359639"/>
        <testcase name="test_json_unlock_with_admin_role_and_succeed" file="/app/vendor/gammamatrix/playground-test/src/Feature/Http/Controllers/Resource/Playground/UnlockJsonTrait.php" line="194" class="Tests\Feature\Playground\Matrix\Api\Http\Controllers\Playground\BoardRouteTest" classname="Tests.Feature.Playground.Matrix.Api.Http.Controllers.Playground.BoardRouteTest" assertions="93" time="0.492333"/>
      </testsuite>
      <testsuite name="Tests\Feature\Playground\Matrix\Api\Http\Controllers\Playground\EpicRouteTest" file="/app/tests/Feature/Http/Controllers/Playground/EpicRouteTest.php" tests="37" assertions="1295" errors="0" failures="0" skipped="0" time="15.239507">
        <testcase name="test_json_guest_cannot_get_info" file="/app/vendor/gammamatrix/playground-test/src/Feature/Http/Controllers/Resource/Playground/CreateJsonTrait.php" line="24" class="Tests\Feature\Playground\Matrix\Api\Http\Controllers\Playground\EpicRouteTest" classname="Tests.Feature.Playground.Matrix.Api.Http.Controllers.Playground.EpicRouteTest" assertions="1" time="0.345069"/>
        <testcase name="test_json_guest_cannot_render_create_view_requesting_json" file="/app/vendor/gammamatrix/playground-test/src/Feature/Http/Controllers/Resource/Playground/CreateJsonTrait.php" line="38" class="Tests\Feature\Playground\Matrix\Api\Http\Controllers\Playground\EpicRouteTest" classname="Tests.Feature.Playground.Matrix.Api.Http.Controllers.Playground.EpicRouteTest" assertions="2" time="0.351085"/>
        <testcase name="test_json_create_info_with_admin" file="/app/vendor/gammamatrix/playground-test/src/Feature/Http/Controllers/Resource/Playground/CreateJsonTrait.php" line="55" class="Tests\Feature\Playground\Matrix\Api\Http\Controllers\Playground\EpicRouteTest" classname="Tests.Feature.Playground.Matrix.Api.Http.Controllers.Playground.EpicRouteTest" assertions="93" time="0.501651"/>
        <testcase name="test_json_create_info_by_admin_with_invalid_parameter" file="/app/vendor/gammamatrix/playground-test/src/Feature/Http/Controllers/Resource/Playground/CreateJsonTrait.php" line="79" class="Tests\Feature\Playground\Matrix\Api\Http\Controllers\Playground\EpicRouteTest" classname="Tests.Feature.Playground.Matrix.Api.Http.Controllers.Playground.EpicRouteTest" assertions="4" time="0.365842"/>
        <testcase name="test_json_guest_cannot_destroy" file="/app/vendor/gammamatrix/playground-test/src/Feature/Http/Controllers/Resource/Playground/DestroyJsonTrait.php" line="14" class="Tests\Feature\Playground\Matrix\Api\Http\Controllers\Playground\EpicRouteTest" classname="Tests.Feature.Playground.Matrix.Api.Http.Controllers.Playground.EpicRouteTest" assertions="3" time="0.360493"/>
        <testcase name="test_json_destroy_as_admin_user_and_succeed" file="/app/vendor/gammamatrix/playground-test/src/Feature/Http/Controllers/Resource/Playground/DestroyJsonTrait.php" line="48" class="Tests\Feature\Playground\Matrix\Api\Http\Controllers\Playground\EpicRouteTest" classname="Tests.Feature.Playground.Matrix.Api.Http.Controllers.Playground.EpicRouteTest" assertions="5" time="0.361559"/>
        <testcase name="test_json_destroy_as_admin_user_and_succeed_with_force_delete" file="/app/vendor/gammamatrix/playground-test/src/Feature/Http/Controllers/Resource/Playground/DestroyJsonTrait.php" line="92" class="Tests\Feature\Playground\Matrix\Api\Http\Controllers\Playground\EpicRouteTest" classname="Tests.Feature.Playground.Matrix.Api.Http.Controllers.Playground.EpicRouteTest" assertions="4" time="0.367995"/>
        <testcase name="test_json_destroy_as_admin_user_using_json_and_succeed_with_no_content" file="/app/vendor/gammamatrix/playground-test/src/Feature/Http/Controllers/Resource/Playground/DestroyJsonTrait.php" line="132" class="Tests\Feature\Playground\Matrix\Api\Http\Controllers\Playground\EpicRouteTest" classname="Tests.Feature.Playground.Matrix.Api.Http.Controllers.Playground.EpicRouteTest" assertions="5" time="0.360428"/>
        <testcase name="test_json_destroy_as_admin_user_and_succeed_with_redirect_to_index_with_trash" file="/app/vendor/gammamatrix/playground-test/src/Feature/Http/Controllers/Resource/Playground/DestroyJsonTrait.php" line="177" class="Tests\Feature\Playground\Matrix\Api\Http\Controllers\Playground\EpicRouteTest" classname="Tests.Feature.Playground.Matrix.Api.Http.Controllers.Playground.EpicRouteTest" assertions="5" time="0.358551"/>
        <testcase name="test_json_destroy_with_user_role_and_get_denied_and_no_force_delete_allowed" file="/app/vendor/gammamatrix/playground-test/src/Feature/Http/Controllers/Resource/Playground/DestroyJsonTrait.php" line="235" class="Tests\Feature\Playground\Matrix\Api\Http\Controllers\Playground\EpicRouteTest" classname="Tests.Feature.Playground.Matrix.Api.Http.Controllers.Playground.EpicRouteTest" assertions="3" time="0.373319"/>
        <testcase name="test_json_destroy_with_admin_role_and_succeed" file="/app/vendor/gammamatrix/playground-test/src/Feature/Http/Controllers/Resource/Playground/DestroyJsonTrait.php" line="277" class="Tests\Feature\Playground\Matrix\Api\Http\Controllers\Playground\EpicRouteTest" classname="Tests.Feature.Playground.Matrix.Api.Http.Controllers.Playground.EpicRouteTest" assertions="5" time="0.369480"/>
        <testcase name="test_json_destroy_with_admin_role_and_succeed_with_force_delete" file="/app/vendor/gammamatrix/playground-test/src/Feature/Http/Controllers/Resource/Playground/DestroyJsonTrait.php" line="322" class="Tests\Feature\Playground\Matrix\Api\Http\Controllers\Playground\EpicRouteTest" classname="Tests.Feature.Playground.Matrix.Api.Http.Controllers.Playground.EpicRouteTest" assertions="4" time="0.358057"/>
        <testcase name="test_json_guest_cannot_render_edit_view" file="/app/vendor/gammamatrix/playground-test/src/Feature/Http/Controllers/Resource/Playground/EditJsonTrait.php" line="14" class="Tests\Feature\Playground\Matrix\Api\Http\Controllers\Playground\EpicRouteTest" classname="Tests.Feature.Playground.Matrix.Api.Http.Controllers.Playground.EpicRouteTest" assertions="1" time="0.360312"/>
        <testcase name="test_json_edit_as_admin_view_rendered_by_user_with_return_url" file="/app/vendor/gammamatrix/playground-test/src/Feature/Http/Controllers/Resource/Playground/EditJsonTrait.php" line="33" class="Tests\Feature\Playground\Matrix\Api\Http\Controllers\Playground\EpicRouteTest" classname="Tests.Feature.Playground.Matrix.Api.Http.Controllers.Playground.EpicRouteTest" assertions="4" time="0.387601"/>
        <testcase name="test_json_edit_as_admin_info_with_user" file="/app/vendor/gammamatrix/playground-test/src/Feature/Http/Controllers/Resource/Playground/EditJsonTrait.php" line="70" class="Tests\Feature\Playground\Matrix\Api\Http\Controllers\Playground\EpicRouteTest" classname="Tests.Feature.Playground.Matrix.Api.Http.Controllers.Playground.EpicRouteTest" assertions="4" time="0.383657"/>
        <testcase name="test_json_edit_as_admin_view_rendered_by_user_with_invalid_parameter" file="/app/vendor/gammamatrix/playground-test/src/Feature/Http/Controllers/Resource/Playground/EditJsonTrait.php" line="99" class="Tests\Feature\Playground\Matrix\Api\Http\Controllers\Playground\EpicRouteTest" classname="Tests.Feature.Playground.Matrix.Api.Http.Controllers.Playground.EpicRouteTest" assertions="4" time="0.371696"/>
        <testcase name="test_json_guest_cannot_render_index_view" file="/app/vendor/gammamatrix/playground-test/src/Feature/Http/Controllers/Resource/Playground/IndexJsonTrait.php" line="24" class="Tests\Feature\Playground\Matrix\Api\Http\Controllers\Playground\EpicRouteTest" classname="Tests.Feature.Playground.Matrix.Api.Http.Controllers.Playground.EpicRouteTest" assertions="1" time="0.350118"/>
        <testcase name="test_json_index_view_rendered_by_admin" file="/app/vendor/gammamatrix/playground-test/src/Feature/Http/Controllers/Resource/Playground/IndexJsonTrait.php" line="40" class="Tests\Feature\Playground\Matrix\Api\Http\Controllers\Playground\EpicRouteTest" classname="Tests.Feature.Playground.Matrix.Api.Http.Controllers.Playground.EpicRouteTest" assertions="98" time="0.577934"/>
        <testcase name="test_json_index_as_admin" file="/app/vendor/gammamatrix/playground-test/src/Feature/Http/Controllers/Resource/Playground/IndexJsonTrait.php" line="64" class="Tests\Feature\Playground\Matrix\Api\Http\Controllers\Playground\EpicRouteTest" classname="Tests.Feature.Playground.Matrix.Api.Http.Controllers.Playground.EpicRouteTest" assertions="98" time="0.566021"/>
        <testcase name="test_json_guest_cannot_lock" file="/app/vendor/gammamatrix/playground-test/src/Feature/Http/Controllers/Resource/Playground/LockJsonTrait.php" line="14" class="Tests\Feature\Playground\Matrix\Api\Http\Controllers\Playground\EpicRouteTest" classname="Tests.Feature.Playground.Matrix.Api.Http.Controllers.Playground.EpicRouteTest" assertions="3" time="0.362324"/>
        <testcase name="test_json_lock_as_admin_user_and_succeed" file="/app/vendor/gammamatrix/playground-test/src/Feature/Http/Controllers/Resource/Playground/LockJsonTrait.php" line="46" class="Tests\Feature\Playground\Matrix\Api\Http\Controllers\Playground\EpicRouteTest" classname="Tests.Feature.Playground.Matrix.Api.Http.Controllers.Playground.EpicRouteTest" assertions="3" time="0.366344"/>
        <testcase name="test_json_lock_as_admin_user_and_succeed_with_no_redirect" file="/app/vendor/gammamatrix/playground-test/src/Feature/Http/Controllers/Resource/Playground/LockJsonTrait.php" line="85" class="Tests\Feature\Playground\Matrix\Api\Http\Controllers\Playground\EpicRouteTest" classname="Tests.Feature.Playground.Matrix.Api.Http.Controllers.Playground.EpicRouteTest" assertions="93" time="0.496671"/>
        <testcase name="test_json_lock_with_user_role_and_get_denied" file="/app/vendor/gammamatrix/playground-test/src/Feature/Http/Controllers/Resource/Playground/LockJsonTrait.php" line="138" class="Tests\Feature\Playground\Matrix\Api\Http\Controllers\Playground\EpicRouteTest" classname="Tests.Feature.Playground.Matrix.Api.Http.Controllers.Playground.EpicRouteTest" assertions="3" time="0.359938"/>
        <testcase name="test_json_lock_with_admin_role_and_succeed" file="/app/vendor/gammamatrix/playground-test/src/Feature/Http/Controllers/Resource/Playground/LockJsonTrait.php" line="178" class="Tests\Feature\Playground\Matrix\Api\Http\Controllers\Playground\EpicRouteTest" classname="Tests.Feature.Playground.Matrix.Api.Http.Controllers.Playground.EpicRouteTest" assertions="93" time="0.478301"/>
        <testcase name="test_json_lock_with_admin_role_and_succeed_with_json" file="/app/vendor/gammamatrix/playground-test/src/Feature/Http/Controllers/Resource/Playground/LockJsonTrait.php" line="219" class="Tests\Feature\Playground\Matrix\Api\Http\Controllers\Playground\EpicRouteTest" classname="Tests.Feature.Playground.Matrix.Api.Http.Controllers.Playground.EpicRouteTest" assertions="93" time="0.498454"/>
        <testcase name="test_json_guest_cannot_restore" file="/app/vendor/gammamatrix/playground-test/src/Feature/Http/Controllers/Resource/Playground/RestoreJsonTrait.php" line="15" class="Tests\Feature\Playground\Matrix\Api\Http\Controllers\Playground\EpicRouteTest" classname="Tests.Feature.Playground.Matrix.Api.Http.Controllers.Playground.EpicRouteTest" assertions="3" time="0.355226"/>
        <testcase name="test_json_restore_as_admin_user_and_succeed" file="/app/vendor/gammamatrix/playground-test/src/Feature/Http/Controllers/Resource/Playground/RestoreJsonTrait.php" line="52" class="Tests\Feature\Playground\Matrix\Api\Http\Controllers\Playground\EpicRouteTest" classname="Tests.Feature.Playground.Matrix.Api.Http.Controllers.Playground.EpicRouteTest" assertions="93" time="0.486047"/>
        <testcase name="test_json_restore_as_admin_user_and_succeed_with_no_redirect" file="/app/vendor/gammamatrix/playground-test/src/Feature/Http/Controllers/Resource/Playground/RestoreJsonTrait.php" line="96" class="Tests\Feature\Playground\Matrix\Api\Http\Controllers\Playground\EpicRouteTest" classname="Tests.Feature.Playground.Matrix.Api.Http.Controllers.Playground.EpicRouteTest" assertions="93" time="0.479381"/>
        <testcase name="test_json_restore_with_user_role_and_get_denied" file="/app/vendor/gammamatrix/playground-test/src/Feature/Http/Controllers/Resource/Playground/RestoreJsonTrait.php" line="153" class="Tests\Feature\Playground\Matrix\Api\Http\Controllers\Playground\EpicRouteTest" classname="Tests.Feature.Playground.Matrix.Api.Http.Controllers.Playground.EpicRouteTest" assertions="3" time="0.374026"/>
        <testcase name="test_json_restore_with_admin_role_and_succeed" file="/app/vendor/gammamatrix/playground-test/src/Feature/Http/Controllers/Resource/Playground/RestoreJsonTrait.php" line="195" class="Tests\Feature\Playground\Matrix\Api\Http\Controllers\Playground\EpicRouteTest" classname="Tests.Feature.Playground.Matrix.Api.Http.Controllers.Playground.EpicRouteTest" assertions="93" time="0.483365"/>
        <testcase name="test_json_guest_cannot_see_info" file="/app/vendor/gammamatrix/playground-test/src/Feature/Http/Controllers/Resource/Playground/ShowJsonTrait.php" line="14" class="Tests\Feature\Playground\Matrix\Api\Http\Controllers\Playground\EpicRouteTest" classname="Tests.Feature.Playground.Matrix.Api.Http.Controllers.Playground.EpicRouteTest" assertions="1" time="0.354553"/>
        <testcase name="test_json_show_info_for_admin" file="/app/vendor/gammamatrix/playground-test/src/Feature/Http/Controllers/Resource/Playground/ShowJsonTrait.php" line="33" class="Tests\Feature\Playground\Matrix\Api\Http\Controllers\Playground\EpicRouteTest" classname="Tests.Feature.Playground.Matrix.Api.Http.Controllers.Playground.EpicRouteTest" assertions="92" time="0.485306"/>
        <testcase name="test_json_guest_cannot_unlock" file="/app/vendor/gammamatrix/playground-test/src/Feature/Http/Controllers/Resource/Playground/UnlockJsonTrait.php" line="14" class="Tests\Feature\Playground\Matrix\Api\Http\Controllers\Playground\EpicRouteTest" classname="Tests.Feature.Playground.Matrix.Api.Http.Controllers.Playground.EpicRouteTest" assertions="3" time="0.355913"/>
        <testcase name="test_json_unlock_as_admin_user_and_succeed" file="/app/vendor/gammamatrix/playground-test/src/Feature/Http/Controllers/Resource/Playground/UnlockJsonTrait.php" line="50" class="Tests\Feature\Playground\Matrix\Api\Http\Controllers\Playground\EpicRouteTest" classname="Tests.Feature.Playground.Matrix.Api.Http.Controllers.Playground.EpicRouteTest" assertions="93" time="0.487883"/>
        <testcase name="test_json_unlock_as_admin_user_and_succeed_with_no_redirect" file="/app/vendor/gammamatrix/playground-test/src/Feature/Http/Controllers/Resource/Playground/UnlockJsonTrait.php" line="94" class="Tests\Feature\Playground\Matrix\Api\Http\Controllers\Playground\EpicRouteTest" classname="Tests.Feature.Playground.Matrix.Api.Http.Controllers.Playground.EpicRouteTest" assertions="93" time="0.479114"/>
        <testcase name="test_json_unlock_with_user_role_and_get_denied" file="/app/vendor/gammamatrix/playground-test/src/Feature/Http/Controllers/Resource/Playground/UnlockJsonTrait.php" line="149" class="Tests\Feature\Playground\Matrix\Api\Http\Controllers\Playground\EpicRouteTest" classname="Tests.Feature.Playground.Matrix.Api.Http.Controllers.Playground.EpicRouteTest" assertions="3" time="0.371674"/>
        <testcase name="test_json_unlock_with_admin_role_and_succeed" file="/app/vendor/gammamatrix/playground-test/src/Feature/Http/Controllers/Resource/Playground/UnlockJsonTrait.php" line="194" class="Tests\Feature\Playground\Matrix\Api\Http\Controllers\Playground\EpicRouteTest" classname="Tests.Feature.Playground.Matrix.Api.Http.Controllers.Playground.EpicRouteTest" assertions="93" time="0.494116"/>
      </testsuite>
      <testsuite name="Tests\Feature\Playground\Matrix\Api\Http\Controllers\Playground\FlowRouteTest" file="/app/tests/Feature/Http/Controllers/Playground/FlowRouteTest.php" tests="37" assertions="1295" errors="0" failures="0" skipped="0" time="15.316222">
        <testcase name="test_json_guest_cannot_get_info" file="/app/vendor/gammamatrix/playground-test/src/Feature/Http/Controllers/Resource/Playground/CreateJsonTrait.php" line="24" class="Tests\Feature\Playground\Matrix\Api\Http\Controllers\Playground\FlowRouteTest" classname="Tests.Feature.Playground.Matrix.Api.Http.Controllers.Playground.FlowRouteTest" assertions="1" time="0.346139"/>
        <testcase name="test_json_guest_cannot_render_create_view_requesting_json" file="/app/vendor/gammamatrix/playground-test/src/Feature/Http/Controllers/Resource/Playground/CreateJsonTrait.php" line="38" class="Tests\Feature\Playground\Matrix\Api\Http\Controllers\Playground\FlowRouteTest" classname="Tests.Feature.Playground.Matrix.Api.Http.Controllers.Playground.FlowRouteTest" assertions="2" time="0.353481"/>
        <testcase name="test_json_create_info_with_admin" file="/app/vendor/gammamatrix/playground-test/src/Feature/Http/Controllers/Resource/Playground/CreateJsonTrait.php" line="55" class="Tests\Feature\Playground\Matrix\Api\Http\Controllers\Playground\FlowRouteTest" classname="Tests.Feature.Playground.Matrix.Api.Http.Controllers.Playground.FlowRouteTest" assertions="93" time="0.499186"/>
        <testcase name="test_json_create_info_by_admin_with_invalid_parameter" file="/app/vendor/gammamatrix/playground-test/src/Feature/Http/Controllers/Resource/Playground/CreateJsonTrait.php" line="79" class="Tests\Feature\Playground\Matrix\Api\Http\Controllers\Playground\FlowRouteTest" classname="Tests.Feature.Playground.Matrix.Api.Http.Controllers.Playground.FlowRouteTest" assertions="4" time="0.365934"/>
        <testcase name="test_json_guest_cannot_destroy" file="/app/vendor/gammamatrix/playground-test/src/Feature/Http/Controllers/Resource/Playground/DestroyJsonTrait.php" line="14" class="Tests\Feature\Playground\Matrix\Api\Http\Controllers\Playground\FlowRouteTest" classname="Tests.Feature.Playground.Matrix.Api.Http.Controllers.Playground.FlowRouteTest" assertions="3" time="0.356515"/>
        <testcase name="test_json_destroy_as_admin_user_and_succeed" file="/app/vendor/gammamatrix/playground-test/src/Feature/Http/Controllers/Resource/Playground/DestroyJsonTrait.php" line="48" class="Tests\Feature\Playground\Matrix\Api\Http\Controllers\Playground\FlowRouteTest" classname="Tests.Feature.Playground.Matrix.Api.Http.Controllers.Playground.FlowRouteTest" assertions="5" time="0.361466"/>
        <testcase name="test_json_destroy_as_admin_user_and_succeed_with_force_delete" file="/app/vendor/gammamatrix/playground-test/src/Feature/Http/Controllers/Resource/Playground/DestroyJsonTrait.php" line="92" class="Tests\Feature\Playground\Matrix\Api\Http\Controllers\Playground\FlowRouteTest" classname="Tests.Feature.Playground.Matrix.Api.Http.Controllers.Playground.FlowRouteTest" assertions="4" time="0.371033"/>
        <testcase name="test_json_destroy_as_admin_user_using_json_and_succeed_with_no_content" file="/app/vendor/gammamatrix/playground-test/src/Feature/Http/Controllers/Resource/Playground/DestroyJsonTrait.php" line="132" class="Tests\Feature\Playground\Matrix\Api\Http\Controllers\Playground\FlowRouteTest" classname="Tests.Feature.Playground.Matrix.Api.Http.Controllers.Playground.FlowRouteTest" assertions="5" time="0.371693"/>
        <testcase name="test_json_destroy_as_admin_user_and_succeed_with_redirect_to_index_with_trash" file="/app/vendor/gammamatrix/playground-test/src/Feature/Http/Controllers/Resource/Playground/DestroyJsonTrait.php" line="177" class="Tests\Feature\Playground\Matrix\Api\Http\Controllers\Playground\FlowRouteTest" classname="Tests.Feature.Playground.Matrix.Api.Http.Controllers.Playground.FlowRouteTest" assertions="5" time="0.364255"/>
        <testcase name="test_json_destroy_with_user_role_and_get_denied_and_no_force_delete_allowed" file="/app/vendor/gammamatrix/playground-test/src/Feature/Http/Controllers/Resource/Playground/DestroyJsonTrait.php" line="235" class="Tests\Feature\Playground\Matrix\Api\Http\Controllers\Playground\FlowRouteTest" classname="Tests.Feature.Playground.Matrix.Api.Http.Controllers.Playground.FlowRouteTest" assertions="3" time="0.370267"/>
        <testcase name="test_json_destroy_with_admin_role_and_succeed" file="/app/vendor/gammamatrix/playground-test/src/Feature/Http/Controllers/Resource/Playground/DestroyJsonTrait.php" line="277" class="Tests\Feature\Playground\Matrix\Api\Http\Controllers\Playground\FlowRouteTest" classname="Tests.Feature.Playground.Matrix.Api.Http.Controllers.Playground.FlowRouteTest" assertions="5" time="0.363440"/>
        <testcase name="test_json_destroy_with_admin_role_and_succeed_with_force_delete" file="/app/vendor/gammamatrix/playground-test/src/Feature/Http/Controllers/Resource/Playground/DestroyJsonTrait.php" line="322" class="Tests\Feature\Playground\Matrix\Api\Http\Controllers\Playground\FlowRouteTest" classname="Tests.Feature.Playground.Matrix.Api.Http.Controllers.Playground.FlowRouteTest" assertions="4" time="0.363265"/>
        <testcase name="test_json_guest_cannot_render_edit_view" file="/app/vendor/gammamatrix/playground-test/src/Feature/Http/Controllers/Resource/Playground/EditJsonTrait.php" line="14" class="Tests\Feature\Playground\Matrix\Api\Http\Controllers\Playground\FlowRouteTest" classname="Tests.Feature.Playground.Matrix.Api.Http.Controllers.Playground.FlowRouteTest" assertions="1" time="0.361540"/>
        <testcase name="test_json_edit_as_admin_view_rendered_by_user_with_return_url" file="/app/vendor/gammamatrix/playground-test/src/Feature/Http/Controllers/Resource/Playground/EditJsonTrait.php" line="33" class="Tests\Feature\Playground\Matrix\Api\Http\Controllers\Playground\FlowRouteTest" classname="Tests.Feature.Playground.Matrix.Api.Http.Controllers.Playground.FlowRouteTest" assertions="4" time="0.382886"/>
        <testcase name="test_json_edit_as_admin_info_with_user" file="/app/vendor/gammamatrix/playground-test/src/Feature/Http/Controllers/Resource/Playground/EditJsonTrait.php" line="70" class="Tests\Feature\Playground\Matrix\Api\Http\Controllers\Playground\FlowRouteTest" classname="Tests.Feature.Playground.Matrix.Api.Http.Controllers.Playground.FlowRouteTest" assertions="4" time="0.394429"/>
        <testcase name="test_json_edit_as_admin_view_rendered_by_user_with_invalid_parameter" file="/app/vendor/gammamatrix/playground-test/src/Feature/Http/Controllers/Resource/Playground/EditJsonTrait.php" line="99" class="Tests\Feature\Playground\Matrix\Api\Http\Controllers\Playground\FlowRouteTest" classname="Tests.Feature.Playground.Matrix.Api.Http.Controllers.Playground.FlowRouteTest" assertions="4" time="0.368629"/>
        <testcase name="test_json_guest_cannot_render_index_view" file="/app/vendor/gammamatrix/playground-test/src/Feature/Http/Controllers/Resource/Playground/IndexJsonTrait.php" line="24" class="Tests\Feature\Playground\Matrix\Api\Http\Controllers\Playground\FlowRouteTest" classname="Tests.Feature.Playground.Matrix.Api.Http.Controllers.Playground.FlowRouteTest" assertions="1" time="0.354678"/>
        <testcase name="test_json_index_view_rendered_by_admin" file="/app/vendor/gammamatrix/playground-test/src/Feature/Http/Controllers/Resource/Playground/IndexJsonTrait.php" line="40" class="Tests\Feature\Playground\Matrix\Api\Http\Controllers\Playground\FlowRouteTest" classname="Tests.Feature.Playground.Matrix.Api.Http.Controllers.Playground.FlowRouteTest" assertions="98" time="0.574444"/>
        <testcase name="test_json_index_as_admin" file="/app/vendor/gammamatrix/playground-test/src/Feature/Http/Controllers/Resource/Playground/IndexJsonTrait.php" line="64" class="Tests\Feature\Playground\Matrix\Api\Http\Controllers\Playground\FlowRouteTest" classname="Tests.Feature.Playground.Matrix.Api.Http.Controllers.Playground.FlowRouteTest" assertions="98" time="0.565331"/>
        <testcase name="test_json_guest_cannot_lock" file="/app/vendor/gammamatrix/playground-test/src/Feature/Http/Controllers/Resource/Playground/LockJsonTrait.php" line="14" class="Tests\Feature\Playground\Matrix\Api\Http\Controllers\Playground\FlowRouteTest" classname="Tests.Feature.Playground.Matrix.Api.Http.Controllers.Playground.FlowRouteTest" assertions="3" time="0.366854"/>
        <testcase name="test_json_lock_as_admin_user_and_succeed" file="/app/vendor/gammamatrix/playground-test/src/Feature/Http/Controllers/Resource/Playground/LockJsonTrait.php" line="46" class="Tests\Feature\Playground\Matrix\Api\Http\Controllers\Playground\FlowRouteTest" classname="Tests.Feature.Playground.Matrix.Api.Http.Controllers.Playground.FlowRouteTest" assertions="3" time="0.369577"/>
        <testcase name="test_json_lock_as_admin_user_and_succeed_with_no_redirect" file="/app/vendor/gammamatrix/playground-test/src/Feature/Http/Controllers/Resource/Playground/LockJsonTrait.php" line="85" class="Tests\Feature\Playground\Matrix\Api\Http\Controllers\Playground\FlowRouteTest" classname="Tests.Feature.Playground.Matrix.Api.Http.Controllers.Playground.FlowRouteTest" assertions="93" time="0.495633"/>
        <testcase name="test_json_lock_with_user_role_and_get_denied" file="/app/vendor/gammamatrix/playground-test/src/Feature/Http/Controllers/Resource/Playground/LockJsonTrait.php" line="138" class="Tests\Feature\Playground\Matrix\Api\Http\Controllers\Playground\FlowRouteTest" classname="Tests.Feature.Playground.Matrix.Api.Http.Controllers.Playground.FlowRouteTest" assertions="3" time="0.369995"/>
        <testcase name="test_json_lock_with_admin_role_and_succeed" file="/app/vendor/gammamatrix/playground-test/src/Feature/Http/Controllers/Resource/Playground/LockJsonTrait.php" line="178" class="Tests\Feature\Playground\Matrix\Api\Http\Controllers\Playground\FlowRouteTest" classname="Tests.Feature.Playground.Matrix.Api.Http.Controllers.Playground.FlowRouteTest" assertions="93" time="0.495471"/>
        <testcase name="test_json_lock_with_admin_role_and_succeed_with_json" file="/app/vendor/gammamatrix/playground-test/src/Feature/Http/Controllers/Resource/Playground/LockJsonTrait.php" line="219" class="Tests\Feature\Playground\Matrix\Api\Http\Controllers\Playground\FlowRouteTest" classname="Tests.Feature.Playground.Matrix.Api.Http.Controllers.Playground.FlowRouteTest" assertions="93" time="0.482710"/>
        <testcase name="test_json_guest_cannot_restore" file="/app/vendor/gammamatrix/playground-test/src/Feature/Http/Controllers/Resource/Playground/RestoreJsonTrait.php" line="15" class="Tests\Feature\Playground\Matrix\Api\Http\Controllers\Playground\FlowRouteTest" classname="Tests.Feature.Playground.Matrix.Api.Http.Controllers.Playground.FlowRouteTest" assertions="3" time="0.353454"/>
        <testcase name="test_json_restore_as_admin_user_and_succeed" file="/app/vendor/gammamatrix/playground-test/src/Feature/Http/Controllers/Resource/Playground/RestoreJsonTrait.php" line="52" class="Tests\Feature\Playground\Matrix\Api\Http\Controllers\Playground\FlowRouteTest" classname="Tests.Feature.Playground.Matrix.Api.Http.Controllers.Playground.FlowRouteTest" assertions="93" time="0.496856"/>
        <testcase name="test_json_restore_as_admin_user_and_succeed_with_no_redirect" file="/app/vendor/gammamatrix/playground-test/src/Feature/Http/Controllers/Resource/Playground/RestoreJsonTrait.php" line="96" class="Tests\Feature\Playground\Matrix\Api\Http\Controllers\Playground\FlowRouteTest" classname="Tests.Feature.Playground.Matrix.Api.Http.Controllers.Playground.FlowRouteTest" assertions="93" time="0.484316"/>
        <testcase name="test_json_restore_with_user_role_and_get_denied" file="/app/vendor/gammamatrix/playground-test/src/Feature/Http/Controllers/Resource/Playground/RestoreJsonTrait.php" line="153" class="Tests\Feature\Playground\Matrix\Api\Http\Controllers\Playground\FlowRouteTest" classname="Tests.Feature.Playground.Matrix.Api.Http.Controllers.Playground.FlowRouteTest" assertions="3" time="0.380205"/>
        <testcase name="test_json_restore_with_admin_role_and_succeed" file="/app/vendor/gammamatrix/playground-test/src/Feature/Http/Controllers/Resource/Playground/RestoreJsonTrait.php" line="195" class="Tests\Feature\Playground\Matrix\Api\Http\Controllers\Playground\FlowRouteTest" classname="Tests.Feature.Playground.Matrix.Api.Http.Controllers.Playground.FlowRouteTest" assertions="93" time="0.487533"/>
        <testcase name="test_json_guest_cannot_see_info" file="/app/vendor/gammamatrix/playground-test/src/Feature/Http/Controllers/Resource/Playground/ShowJsonTrait.php" line="14" class="Tests\Feature\Playground\Matrix\Api\Http\Controllers\Playground\FlowRouteTest" classname="Tests.Feature.Playground.Matrix.Api.Http.Controllers.Playground.FlowRouteTest" assertions="1" time="0.365254"/>
        <testcase name="test_json_show_info_for_admin" file="/app/vendor/gammamatrix/playground-test/src/Feature/Http/Controllers/Resource/Playground/ShowJsonTrait.php" line="33" class="Tests\Feature\Playground\Matrix\Api\Http\Controllers\Playground\FlowRouteTest" classname="Tests.Feature.Playground.Matrix.Api.Http.Controllers.Playground.FlowRouteTest" assertions="92" time="0.474708"/>
        <testcase name="test_json_guest_cannot_unlock" file="/app/vendor/gammamatrix/playground-test/src/Feature/Http/Controllers/Resource/Playground/UnlockJsonTrait.php" line="14" class="Tests\Feature\Playground\Matrix\Api\Http\Controllers\Playground\FlowRouteTest" classname="Tests.Feature.Playground.Matrix.Api.Http.Controllers.Playground.FlowRouteTest" assertions="3" time="0.352838"/>
        <testcase name="test_json_unlock_as_admin_user_and_succeed" file="/app/vendor/gammamatrix/playground-test/src/Feature/Http/Controllers/Resource/Playground/UnlockJsonTrait.php" line="50" class="Tests\Feature\Playground\Matrix\Api\Http\Controllers\Playground\FlowRouteTest" classname="Tests.Feature.Playground.Matrix.Api.Http.Controllers.Playground.FlowRouteTest" assertions="93" time="0.509381"/>
        <testcase name="test_json_unlock_as_admin_user_and_succeed_with_no_redirect" file="/app/vendor/gammamatrix/playground-test/src/Feature/Http/Controllers/Resource/Playground/UnlockJsonTrait.php" line="94" class="Tests\Feature\Playground\Matrix\Api\Http\Controllers\Playground\FlowRouteTest" classname="Tests.Feature.Playground.Matrix.Api.Http.Controllers.Playground.FlowRouteTest" assertions="93" time="0.484209"/>
        <testcase name="test_json_unlock_with_user_role_and_get_denied" file="/app/vendor/gammamatrix/playground-test/src/Feature/Http/Controllers/Resource/Playground/UnlockJsonTrait.php" line="149" class="Tests\Feature\Playground\Matrix\Api\Http\Controllers\Playground\FlowRouteTest" classname="Tests.Feature.Playground.Matrix.Api.Http.Controllers.Playground.FlowRouteTest" assertions="3" time="0.380350"/>
        <testcase name="test_json_unlock_with_admin_role_and_succeed" file="/app/vendor/gammamatrix/playground-test/src/Feature/Http/Controllers/Resource/Playground/UnlockJsonTrait.php" line="194" class="Tests\Feature\Playground\Matrix\Api\Http\Controllers\Playground\FlowRouteTest" classname="Tests.Feature.Playground.Matrix.Api.Http.Controllers.Playground.FlowRouteTest" assertions="93" time="0.478267"/>
      </testsuite>
      <testsuite name="Tests\Feature\Playground\Matrix\Api\Http\Controllers\Playground\MilestoneRouteTest" file="/app/tests/Feature/Http/Controllers/Playground/MilestoneRouteTest.php" tests="37" assertions="1295" errors="0" failures="0" skipped="0" time="15.368950">
        <testcase name="test_json_guest_cannot_get_info" file="/app/vendor/gammamatrix/playground-test/src/Feature/Http/Controllers/Resource/Playground/CreateJsonTrait.php" line="24" class="Tests\Feature\Playground\Matrix\Api\Http\Controllers\Playground\MilestoneRouteTest" classname="Tests.Feature.Playground.Matrix.Api.Http.Controllers.Playground.MilestoneRouteTest" assertions="1" time="0.415064"/>
        <testcase name="test_json_guest_cannot_render_create_view_requesting_json" file="/app/vendor/gammamatrix/playground-test/src/Feature/Http/Controllers/Resource/Playground/CreateJsonTrait.php" line="38" class="Tests\Feature\Playground\Matrix\Api\Http\Controllers\Playground\MilestoneRouteTest" classname="Tests.Feature.Playground.Matrix.Api.Http.Controllers.Playground.MilestoneRouteTest" assertions="2" time="0.345291"/>
        <testcase name="test_json_create_info_with_admin" file="/app/vendor/gammamatrix/playground-test/src/Feature/Http/Controllers/Resource/Playground/CreateJsonTrait.php" line="55" class="Tests\Feature\Playground\Matrix\Api\Http\Controllers\Playground\MilestoneRouteTest" classname="Tests.Feature.Playground.Matrix.Api.Http.Controllers.Playground.MilestoneRouteTest" assertions="93" time="0.467624"/>
        <testcase name="test_json_create_info_by_admin_with_invalid_parameter" file="/app/vendor/gammamatrix/playground-test/src/Feature/Http/Controllers/Resource/Playground/CreateJsonTrait.php" line="79" class="Tests\Feature\Playground\Matrix\Api\Http\Controllers\Playground\MilestoneRouteTest" classname="Tests.Feature.Playground.Matrix.Api.Http.Controllers.Playground.MilestoneRouteTest" assertions="4" time="0.376707"/>
        <testcase name="test_json_guest_cannot_destroy" file="/app/vendor/gammamatrix/playground-test/src/Feature/Http/Controllers/Resource/Playground/DestroyJsonTrait.php" line="14" class="Tests\Feature\Playground\Matrix\Api\Http\Controllers\Playground\MilestoneRouteTest" classname="Tests.Feature.Playground.Matrix.Api.Http.Controllers.Playground.MilestoneRouteTest" assertions="3" time="0.361388"/>
        <testcase name="test_json_destroy_as_admin_user_and_succeed" file="/app/vendor/gammamatrix/playground-test/src/Feature/Http/Controllers/Resource/Playground/DestroyJsonTrait.php" line="48" class="Tests\Feature\Playground\Matrix\Api\Http\Controllers\Playground\MilestoneRouteTest" classname="Tests.Feature.Playground.Matrix.Api.Http.Controllers.Playground.MilestoneRouteTest" assertions="5" time="0.370351"/>
        <testcase name="test_json_destroy_as_admin_user_and_succeed_with_force_delete" file="/app/vendor/gammamatrix/playground-test/src/Feature/Http/Controllers/Resource/Playground/DestroyJsonTrait.php" line="92" class="Tests\Feature\Playground\Matrix\Api\Http\Controllers\Playground\MilestoneRouteTest" classname="Tests.Feature.Playground.Matrix.Api.Http.Controllers.Playground.MilestoneRouteTest" assertions="4" time="0.375717"/>
        <testcase name="test_json_destroy_as_admin_user_using_json_and_succeed_with_no_content" file="/app/vendor/gammamatrix/playground-test/src/Feature/Http/Controllers/Resource/Playground/DestroyJsonTrait.php" line="132" class="Tests\Feature\Playground\Matrix\Api\Http\Controllers\Playground\MilestoneRouteTest" classname="Tests.Feature.Playground.Matrix.Api.Http.Controllers.Playground.MilestoneRouteTest" assertions="5" time="0.362545"/>
        <testcase name="test_json_destroy_as_admin_user_and_succeed_with_redirect_to_index_with_trash" file="/app/vendor/gammamatrix/playground-test/src/Feature/Http/Controllers/Resource/Playground/DestroyJsonTrait.php" line="177" class="Tests\Feature\Playground\Matrix\Api\Http\Controllers\Playground\MilestoneRouteTest" classname="Tests.Feature.Playground.Matrix.Api.Http.Controllers.Playground.MilestoneRouteTest" assertions="5" time="0.383074"/>
        <testcase name="test_json_destroy_with_user_role_and_get_denied_and_no_force_delete_allowed" file="/app/vendor/gammamatrix/playground-test/src/Feature/Http/Controllers/Resource/Playground/DestroyJsonTrait.php" line="235" class="Tests\Feature\Playground\Matrix\Api\Http\Controllers\Playground\MilestoneRouteTest" classname="Tests.Feature.Playground.Matrix.Api.Http.Controllers.Playground.MilestoneRouteTest" assertions="3" time="0.362456"/>
        <testcase name="test_json_destroy_with_admin_role_and_succeed" file="/app/vendor/gammamatrix/playground-test/src/Feature/Http/Controllers/Resource/Playground/DestroyJsonTrait.php" line="277" class="Tests\Feature\Playground\Matrix\Api\Http\Controllers\Playground\MilestoneRouteTest" classname="Tests.Feature.Playground.Matrix.Api.Http.Controllers.Playground.MilestoneRouteTest" assertions="5" time="0.360708"/>
        <testcase name="test_json_destroy_with_admin_role_and_succeed_with_force_delete" file="/app/vendor/gammamatrix/playground-test/src/Feature/Http/Controllers/Resource/Playground/DestroyJsonTrait.php" line="322" class="Tests\Feature\Playground\Matrix\Api\Http\Controllers\Playground\MilestoneRouteTest" classname="Tests.Feature.Playground.Matrix.Api.Http.Controllers.Playground.MilestoneRouteTest" assertions="4" time="0.382672"/>
        <testcase name="test_json_guest_cannot_render_edit_view" file="/app/vendor/gammamatrix/playground-test/src/Feature/Http/Controllers/Resource/Playground/EditJsonTrait.php" line="14" class="Tests\Feature\Playground\Matrix\Api\Http\Controllers\Playground\MilestoneRouteTest" classname="Tests.Feature.Playground.Matrix.Api.Http.Controllers.Playground.MilestoneRouteTest" assertions="1" time="0.368252"/>
        <testcase name="test_json_edit_as_admin_view_rendered_by_user_with_return_url" file="/app/vendor/gammamatrix/playground-test/src/Feature/Http/Controllers/Resource/Playground/EditJsonTrait.php" line="33" class="Tests\Feature\Playground\Matrix\Api\Http\Controllers\Playground\MilestoneRouteTest" classname="Tests.Feature.Playground.Matrix.Api.Http.Controllers.Playground.MilestoneRouteTest" assertions="4" time="0.379991"/>
        <testcase name="test_json_edit_as_admin_info_with_user" file="/app/vendor/gammamatrix/playground-test/src/Feature/Http/Controllers/Resource/Playground/EditJsonTrait.php" line="70" class="Tests\Feature\Playground\Matrix\Api\Http\Controllers\Playground\MilestoneRouteTest" classname="Tests.Feature.Playground.Matrix.Api.Http.Controllers.Playground.MilestoneRouteTest" assertions="4" time="0.399906"/>
        <testcase name="test_json_edit_as_admin_view_rendered_by_user_with_invalid_parameter" file="/app/vendor/gammamatrix/playground-test/src/Feature/Http/Controllers/Resource/Playground/EditJsonTrait.php" line="99" class="Tests\Feature\Playground\Matrix\Api\Http\Controllers\Playground\MilestoneRouteTest" classname="Tests.Feature.Playground.Matrix.Api.Http.Controllers.Playground.MilestoneRouteTest" assertions="4" time="0.365677"/>
        <testcase name="test_json_guest_cannot_render_index_view" file="/app/vendor/gammamatrix/playground-test/src/Feature/Http/Controllers/Resource/Playground/IndexJsonTrait.php" line="24" class="Tests\Feature\Playground\Matrix\Api\Http\Controllers\Playground\MilestoneRouteTest" classname="Tests.Feature.Playground.Matrix.Api.Http.Controllers.Playground.MilestoneRouteTest" assertions="1" time="0.409932"/>
        <testcase name="test_json_index_view_rendered_by_admin" file="/app/vendor/gammamatrix/playground-test/src/Feature/Http/Controllers/Resource/Playground/IndexJsonTrait.php" line="40" class="Tests\Feature\Playground\Matrix\Api\Http\Controllers\Playground\MilestoneRouteTest" classname="Tests.Feature.Playground.Matrix.Api.Http.Controllers.Playground.MilestoneRouteTest" assertions="98" time="0.539730"/>
        <testcase name="test_json_index_as_admin" file="/app/vendor/gammamatrix/playground-test/src/Feature/Http/Controllers/Resource/Playground/IndexJsonTrait.php" line="64" class="Tests\Feature\Playground\Matrix\Api\Http\Controllers\Playground\MilestoneRouteTest" classname="Tests.Feature.Playground.Matrix.Api.Http.Controllers.Playground.MilestoneRouteTest" assertions="98" time="0.549296"/>
        <testcase name="test_json_guest_cannot_lock" file="/app/vendor/gammamatrix/playground-test/src/Feature/Http/Controllers/Resource/Playground/LockJsonTrait.php" line="14" class="Tests\Feature\Playground\Matrix\Api\Http\Controllers\Playground\MilestoneRouteTest" classname="Tests.Feature.Playground.Matrix.Api.Http.Controllers.Playground.MilestoneRouteTest" assertions="3" time="0.362757"/>
        <testcase name="test_json_lock_as_admin_user_and_succeed" file="/app/vendor/gammamatrix/playground-test/src/Feature/Http/Controllers/Resource/Playground/LockJsonTrait.php" line="46" class="Tests\Feature\Playground\Matrix\Api\Http\Controllers\Playground\MilestoneRouteTest" classname="Tests.Feature.Playground.Matrix.Api.Http.Controllers.Playground.MilestoneRouteTest" assertions="3" time="0.379450"/>
        <testcase name="test_json_lock_as_admin_user_and_succeed_with_no_redirect" file="/app/vendor/gammamatrix/playground-test/src/Feature/Http/Controllers/Resource/Playground/LockJsonTrait.php" line="85" class="Tests\Feature\Playground\Matrix\Api\Http\Controllers\Playground\MilestoneRouteTest" classname="Tests.Feature.Playground.Matrix.Api.Http.Controllers.Playground.MilestoneRouteTest" assertions="93" time="0.500546"/>
        <testcase name="test_json_lock_with_user_role_and_get_denied" file="/app/vendor/gammamatrix/playground-test/src/Feature/Http/Controllers/Resource/Playground/LockJsonTrait.php" line="138" class="Tests\Feature\Playground\Matrix\Api\Http\Controllers\Playground\MilestoneRouteTest" classname="Tests.Feature.Playground.Matrix.Api.Http.Controllers.Playground.MilestoneRouteTest" assertions="3" time="0.361351"/>
        <testcase name="test_json_lock_with_admin_role_and_succeed" file="/app/vendor/gammamatrix/playground-test/src/Feature/Http/Controllers/Resource/Playground/LockJsonTrait.php" line="178" class="Tests\Feature\Playground\Matrix\Api\Http\Controllers\Playground\MilestoneRouteTest" classname="Tests.Feature.Playground.Matrix.Api.Http.Controllers.Playground.MilestoneRouteTest" assertions="93" time="0.483320"/>
        <testcase name="test_json_lock_with_admin_role_and_succeed_with_json" file="/app/vendor/gammamatrix/playground-test/src/Feature/Http/Controllers/Resource/Playground/LockJsonTrait.php" line="219" class="Tests\Feature\Playground\Matrix\Api\Http\Controllers\Playground\MilestoneRouteTest" classname="Tests.Feature.Playground.Matrix.Api.Http.Controllers.Playground.MilestoneRouteTest" assertions="93" time="0.486697"/>
        <testcase name="test_json_guest_cannot_restore" file="/app/vendor/gammamatrix/playground-test/src/Feature/Http/Controllers/Resource/Playground/RestoreJsonTrait.php" line="15" class="Tests\Feature\Playground\Matrix\Api\Http\Controllers\Playground\MilestoneRouteTest" classname="Tests.Feature.Playground.Matrix.Api.Http.Controllers.Playground.MilestoneRouteTest" assertions="3" time="0.360813"/>
        <testcase name="test_json_restore_as_admin_user_and_succeed" file="/app/vendor/gammamatrix/playground-test/src/Feature/Http/Controllers/Resource/Playground/RestoreJsonTrait.php" line="52" class="Tests\Feature\Playground\Matrix\Api\Http\Controllers\Playground\MilestoneRouteTest" classname="Tests.Feature.Playground.Matrix.Api.Http.Controllers.Playground.MilestoneRouteTest" assertions="93" time="0.493121"/>
        <testcase name="test_json_restore_as_admin_user_and_succeed_with_no_redirect" file="/app/vendor/gammamatrix/playground-test/src/Feature/Http/Controllers/Resource/Playground/RestoreJsonTrait.php" line="96" class="Tests\Feature\Playground\Matrix\Api\Http\Controllers\Playground\MilestoneRouteTest" classname="Tests.Feature.Playground.Matrix.Api.Http.Controllers.Playground.MilestoneRouteTest" assertions="93" time="0.479277"/>
        <testcase name="test_json_restore_with_user_role_and_get_denied" file="/app/vendor/gammamatrix/playground-test/src/Feature/Http/Controllers/Resource/Playground/RestoreJsonTrait.php" line="153" class="Tests\Feature\Playground\Matrix\Api\Http\Controllers\Playground\MilestoneRouteTest" classname="Tests.Feature.Playground.Matrix.Api.Http.Controllers.Playground.MilestoneRouteTest" assertions="3" time="0.371630"/>
        <testcase name="test_json_restore_with_admin_role_and_succeed" file="/app/vendor/gammamatrix/playground-test/src/Feature/Http/Controllers/Resource/Playground/RestoreJsonTrait.php" line="195" class="Tests\Feature\Playground\Matrix\Api\Http\Controllers\Playground\MilestoneRouteTest" classname="Tests.Feature.Playground.Matrix.Api.Http.Controllers.Playground.MilestoneRouteTest" assertions="93" time="0.476684"/>
        <testcase name="test_json_guest_cannot_see_info" file="/app/vendor/gammamatrix/playground-test/src/Feature/Http/Controllers/Resource/Playground/ShowJsonTrait.php" line="14" class="Tests\Feature\Playground\Matrix\Api\Http\Controllers\Playground\MilestoneRouteTest" classname="Tests.Feature.Playground.Matrix.Api.Http.Controllers.Playground.MilestoneRouteTest" assertions="1" time="0.369260"/>
        <testcase name="test_json_show_info_for_admin" file="/app/vendor/gammamatrix/playground-test/src/Feature/Http/Controllers/Resource/Playground/ShowJsonTrait.php" line="33" class="Tests\Feature\Playground\Matrix\Api\Http\Controllers\Playground\MilestoneRouteTest" classname="Tests.Feature.Playground.Matrix.Api.Http.Controllers.Playground.MilestoneRouteTest" assertions="92" time="0.476012"/>
        <testcase name="test_json_guest_cannot_unlock" file="/app/vendor/gammamatrix/playground-test/src/Feature/Http/Controllers/Resource/Playground/UnlockJsonTrait.php" line="14" class="Tests\Feature\Playground\Matrix\Api\Http\Controllers\Playground\MilestoneRouteTest" classname="Tests.Feature.Playground.Matrix.Api.Http.Controllers.Playground.MilestoneRouteTest" assertions="3" time="0.365768"/>
        <testcase name="test_json_unlock_as_admin_user_and_succeed" file="/app/vendor/gammamatrix/playground-test/src/Feature/Http/Controllers/Resource/Playground/UnlockJsonTrait.php" line="50" class="Tests\Feature\Playground\Matrix\Api\Http\Controllers\Playground\MilestoneRouteTest" classname="Tests.Feature.Playground.Matrix.Api.Http.Controllers.Playground.MilestoneRouteTest" assertions="93" time="0.494793"/>
        <testcase name="test_json_unlock_as_admin_user_and_succeed_with_no_redirect" file="/app/vendor/gammamatrix/playground-test/src/Feature/Http/Controllers/Resource/Playground/UnlockJsonTrait.php" line="94" class="Tests\Feature\Playground\Matrix\Api\Http\Controllers\Playground\MilestoneRouteTest" classname="Tests.Feature.Playground.Matrix.Api.Http.Controllers.Playground.MilestoneRouteTest" assertions="93" time="0.473941"/>
        <testcase name="test_json_unlock_with_user_role_and_get_denied" file="/app/vendor/gammamatrix/playground-test/src/Feature/Http/Controllers/Resource/Playground/UnlockJsonTrait.php" line="149" class="Tests\Feature\Playground\Matrix\Api\Http\Controllers\Playground\MilestoneRouteTest" classname="Tests.Feature.Playground.Matrix.Api.Http.Controllers.Playground.MilestoneRouteTest" assertions="3" time="0.383346"/>
        <testcase name="test_json_unlock_with_admin_role_and_succeed" file="/app/vendor/gammamatrix/playground-test/src/Feature/Http/Controllers/Resource/Playground/UnlockJsonTrait.php" line="194" class="Tests\Feature\Playground\Matrix\Api\Http\Controllers\Playground\MilestoneRouteTest" classname="Tests.Feature.Playground.Matrix.Api.Http.Controllers.Playground.MilestoneRouteTest" assertions="93" time="0.473803"/>
      </testsuite>
      <testsuite name="Tests\Feature\Playground\Matrix\Api\Http\Controllers\Playground\NoteRouteTest" file="/app/tests/Feature/Http/Controllers/Playground/NoteRouteTest.php" tests="37" assertions="1113" errors="0" failures="0" skipped="0" time="15.025443">
        <testcase name="test_json_guest_cannot_get_info" file="/app/vendor/gammamatrix/playground-test/src/Feature/Http/Controllers/Resource/Playground/CreateJsonTrait.php" line="24" class="Tests\Feature\Playground\Matrix\Api\Http\Controllers\Playground\NoteRouteTest" classname="Tests.Feature.Playground.Matrix.Api.Http.Controllers.Playground.NoteRouteTest" assertions="1" time="0.412012"/>
        <testcase name="test_json_guest_cannot_render_create_view_requesting_json" file="/app/vendor/gammamatrix/playground-test/src/Feature/Http/Controllers/Resource/Playground/CreateJsonTrait.php" line="38" class="Tests\Feature\Playground\Matrix\Api\Http\Controllers\Playground\NoteRouteTest" classname="Tests.Feature.Playground.Matrix.Api.Http.Controllers.Playground.NoteRouteTest" assertions="2" time="0.354107"/>
        <testcase name="test_json_create_info_with_admin" file="/app/vendor/gammamatrix/playground-test/src/Feature/Http/Controllers/Resource/Playground/CreateJsonTrait.php" line="55" class="Tests\Feature\Playground\Matrix\Api\Http\Controllers\Playground\NoteRouteTest" classname="Tests.Feature.Playground.Matrix.Api.Http.Controllers.Playground.NoteRouteTest" assertions="79" time="0.439703"/>
        <testcase name="test_json_create_info_by_admin_with_invalid_parameter" file="/app/vendor/gammamatrix/playground-test/src/Feature/Http/Controllers/Resource/Playground/CreateJsonTrait.php" line="79" class="Tests\Feature\Playground\Matrix\Api\Http\Controllers\Playground\NoteRouteTest" classname="Tests.Feature.Playground.Matrix.Api.Http.Controllers.Playground.NoteRouteTest" assertions="4" time="0.366008"/>
        <testcase name="test_json_guest_cannot_destroy" file="/app/vendor/gammamatrix/playground-test/src/Feature/Http/Controllers/Resource/Playground/DestroyJsonTrait.php" line="14" class="Tests\Feature\Playground\Matrix\Api\Http\Controllers\Playground\NoteRouteTest" classname="Tests.Feature.Playground.Matrix.Api.Http.Controllers.Playground.NoteRouteTest" assertions="3" time="0.367759"/>
        <testcase name="test_json_destroy_as_admin_user_and_succeed" file="/app/vendor/gammamatrix/playground-test/src/Feature/Http/Controllers/Resource/Playground/DestroyJsonTrait.php" line="48" class="Tests\Feature\Playground\Matrix\Api\Http\Controllers\Playground\NoteRouteTest" classname="Tests.Feature.Playground.Matrix.Api.Http.Controllers.Playground.NoteRouteTest" assertions="5" time="0.384252"/>
        <testcase name="test_json_destroy_as_admin_user_and_succeed_with_force_delete" file="/app/vendor/gammamatrix/playground-test/src/Feature/Http/Controllers/Resource/Playground/DestroyJsonTrait.php" line="92" class="Tests\Feature\Playground\Matrix\Api\Http\Controllers\Playground\NoteRouteTest" classname="Tests.Feature.Playground.Matrix.Api.Http.Controllers.Playground.NoteRouteTest" assertions="4" time="0.358256"/>
        <testcase name="test_json_destroy_as_admin_user_using_json_and_succeed_with_no_content" file="/app/vendor/gammamatrix/playground-test/src/Feature/Http/Controllers/Resource/Playground/DestroyJsonTrait.php" line="132" class="Tests\Feature\Playground\Matrix\Api\Http\Controllers\Playground\NoteRouteTest" classname="Tests.Feature.Playground.Matrix.Api.Http.Controllers.Playground.NoteRouteTest" assertions="5" time="0.365100"/>
        <testcase name="test_json_destroy_as_admin_user_and_succeed_with_redirect_to_index_with_trash" file="/app/vendor/gammamatrix/playground-test/src/Feature/Http/Controllers/Resource/Playground/DestroyJsonTrait.php" line="177" class="Tests\Feature\Playground\Matrix\Api\Http\Controllers\Playground\NoteRouteTest" classname="Tests.Feature.Playground.Matrix.Api.Http.Controllers.Playground.NoteRouteTest" assertions="5" time="0.382822"/>
        <testcase name="test_json_destroy_with_user_role_and_get_denied_and_no_force_delete_allowed" file="/app/vendor/gammamatrix/playground-test/src/Feature/Http/Controllers/Resource/Playground/DestroyJsonTrait.php" line="235" class="Tests\Feature\Playground\Matrix\Api\Http\Controllers\Playground\NoteRouteTest" classname="Tests.Feature.Playground.Matrix.Api.Http.Controllers.Playground.NoteRouteTest" assertions="3" time="0.357629"/>
        <testcase name="test_json_destroy_with_admin_role_and_succeed" file="/app/vendor/gammamatrix/playground-test/src/Feature/Http/Controllers/Resource/Playground/DestroyJsonTrait.php" line="277" class="Tests\Feature\Playground\Matrix\Api\Http\Controllers\Playground\NoteRouteTest" classname="Tests.Feature.Playground.Matrix.Api.Http.Controllers.Playground.NoteRouteTest" assertions="5" time="0.368811"/>
        <testcase name="test_json_destroy_with_admin_role_and_succeed_with_force_delete" file="/app/vendor/gammamatrix/playground-test/src/Feature/Http/Controllers/Resource/Playground/DestroyJsonTrait.php" line="322" class="Tests\Feature\Playground\Matrix\Api\Http\Controllers\Playground\NoteRouteTest" classname="Tests.Feature.Playground.Matrix.Api.Http.Controllers.Playground.NoteRouteTest" assertions="4" time="0.380783"/>
        <testcase name="test_json_guest_cannot_render_edit_view" file="/app/vendor/gammamatrix/playground-test/src/Feature/Http/Controllers/Resource/Playground/EditJsonTrait.php" line="14" class="Tests\Feature\Playground\Matrix\Api\Http\Controllers\Playground\NoteRouteTest" classname="Tests.Feature.Playground.Matrix.Api.Http.Controllers.Playground.NoteRouteTest" assertions="1" time="0.367063"/>
        <testcase name="test_json_edit_as_admin_view_rendered_by_user_with_return_url" file="/app/vendor/gammamatrix/playground-test/src/Feature/Http/Controllers/Resource/Playground/EditJsonTrait.php" line="33" class="Tests\Feature\Playground\Matrix\Api\Http\Controllers\Playground\NoteRouteTest" classname="Tests.Feature.Playground.Matrix.Api.Http.Controllers.Playground.NoteRouteTest" assertions="4" time="0.369897"/>
        <testcase name="test_json_edit_as_admin_info_with_user" file="/app/vendor/gammamatrix/playground-test/src/Feature/Http/Controllers/Resource/Playground/EditJsonTrait.php" line="70" class="Tests\Feature\Playground\Matrix\Api\Http\Controllers\Playground\NoteRouteTest" classname="Tests.Feature.Playground.Matrix.Api.Http.Controllers.Playground.NoteRouteTest" assertions="4" time="0.395658"/>
        <testcase name="test_json_edit_as_admin_view_rendered_by_user_with_invalid_parameter" file="/app/vendor/gammamatrix/playground-test/src/Feature/Http/Controllers/Resource/Playground/EditJsonTrait.php" line="99" class="Tests\Feature\Playground\Matrix\Api\Http\Controllers\Playground\NoteRouteTest" classname="Tests.Feature.Playground.Matrix.Api.Http.Controllers.Playground.NoteRouteTest" assertions="4" time="0.373328"/>
        <testcase name="test_json_guest_cannot_render_index_view" file="/app/vendor/gammamatrix/playground-test/src/Feature/Http/Controllers/Resource/Playground/IndexJsonTrait.php" line="24" class="Tests\Feature\Playground\Matrix\Api\Http\Controllers\Playground\NoteRouteTest" classname="Tests.Feature.Playground.Matrix.Api.Http.Controllers.Playground.NoteRouteTest" assertions="1" time="0.401298"/>
        <testcase name="test_json_index_view_rendered_by_admin" file="/app/vendor/gammamatrix/playground-test/src/Feature/Http/Controllers/Resource/Playground/IndexJsonTrait.php" line="40" class="Tests\Feature\Playground\Matrix\Api\Http\Controllers\Playground\NoteRouteTest" classname="Tests.Feature.Playground.Matrix.Api.Http.Controllers.Playground.NoteRouteTest" assertions="84" time="0.498572"/>
        <testcase name="test_json_index_as_admin" file="/app/vendor/gammamatrix/playground-test/src/Feature/Http/Controllers/Resource/Playground/IndexJsonTrait.php" line="64" class="Tests\Feature\Playground\Matrix\Api\Http\Controllers\Playground\NoteRouteTest" classname="Tests.Feature.Playground.Matrix.Api.Http.Controllers.Playground.NoteRouteTest" assertions="84" time="0.522851"/>
        <testcase name="test_json_guest_cannot_lock" file="/app/vendor/gammamatrix/playground-test/src/Feature/Http/Controllers/Resource/Playground/LockJsonTrait.php" line="14" class="Tests\Feature\Playground\Matrix\Api\Http\Controllers\Playground\NoteRouteTest" classname="Tests.Feature.Playground.Matrix.Api.Http.Controllers.Playground.NoteRouteTest" assertions="3" time="0.365805"/>
        <testcase name="test_json_lock_as_admin_user_and_succeed" file="/app/vendor/gammamatrix/playground-test/src/Feature/Http/Controllers/Resource/Playground/LockJsonTrait.php" line="46" class="Tests\Feature\Playground\Matrix\Api\Http\Controllers\Playground\NoteRouteTest" classname="Tests.Feature.Playground.Matrix.Api.Http.Controllers.Playground.NoteRouteTest" assertions="3" time="0.367855"/>
        <testcase name="test_json_lock_as_admin_user_and_succeed_with_no_redirect" file="/app/vendor/gammamatrix/playground-test/src/Feature/Http/Controllers/Resource/Playground/LockJsonTrait.php" line="85" class="Tests\Feature\Playground\Matrix\Api\Http\Controllers\Playground\NoteRouteTest" classname="Tests.Feature.Playground.Matrix.Api.Http.Controllers.Playground.NoteRouteTest" assertions="79" time="0.472558"/>
        <testcase name="test_json_lock_with_user_role_and_get_denied" file="/app/vendor/gammamatrix/playground-test/src/Feature/Http/Controllers/Resource/Playground/LockJsonTrait.php" line="138" class="Tests\Feature\Playground\Matrix\Api\Http\Controllers\Playground\NoteRouteTest" classname="Tests.Feature.Playground.Matrix.Api.Http.Controllers.Playground.NoteRouteTest" assertions="3" time="0.367213"/>
        <testcase name="test_json_lock_with_admin_role_and_succeed" file="/app/vendor/gammamatrix/playground-test/src/Feature/Http/Controllers/Resource/Playground/LockJsonTrait.php" line="178" class="Tests\Feature\Playground\Matrix\Api\Http\Controllers\Playground\NoteRouteTest" classname="Tests.Feature.Playground.Matrix.Api.Http.Controllers.Playground.NoteRouteTest" assertions="79" time="0.478896"/>
        <testcase name="test_json_lock_with_admin_role_and_succeed_with_json" file="/app/vendor/gammamatrix/playground-test/src/Feature/Http/Controllers/Resource/Playground/LockJsonTrait.php" line="219" class="Tests\Feature\Playground\Matrix\Api\Http\Controllers\Playground\NoteRouteTest" classname="Tests.Feature.Playground.Matrix.Api.Http.Controllers.Playground.NoteRouteTest" assertions="79" time="0.450341"/>
        <testcase name="test_json_guest_cannot_restore" file="/app/vendor/gammamatrix/playground-test/src/Feature/Http/Controllers/Resource/Playground/RestoreJsonTrait.php" line="15" class="Tests\Feature\Playground\Matrix\Api\Http\Controllers\Playground\NoteRouteTest" classname="Tests.Feature.Playground.Matrix.Api.Http.Controllers.Playground.NoteRouteTest" assertions="3" time="0.363036"/>
        <testcase name="test_json_restore_as_admin_user_and_succeed" file="/app/vendor/gammamatrix/playground-test/src/Feature/Http/Controllers/Resource/Playground/RestoreJsonTrait.php" line="52" class="Tests\Feature\Playground\Matrix\Api\Http\Controllers\Playground\NoteRouteTest" classname="Tests.Feature.Playground.Matrix.Api.Http.Controllers.Playground.NoteRouteTest" assertions="79" time="0.478977"/>
        <testcase name="test_json_restore_as_admin_user_and_succeed_with_no_redirect" file="/app/vendor/gammamatrix/playground-test/src/Feature/Http/Controllers/Resource/Playground/RestoreJsonTrait.php" line="96" class="Tests\Feature\Playground\Matrix\Api\Http\Controllers\Playground\NoteRouteTest" classname="Tests.Feature.Playground.Matrix.Api.Http.Controllers.Playground.NoteRouteTest" assertions="79" time="0.448880"/>
        <testcase name="test_json_restore_with_user_role_and_get_denied" file="/app/vendor/gammamatrix/playground-test/src/Feature/Http/Controllers/Resource/Playground/RestoreJsonTrait.php" line="153" class="Tests\Feature\Playground\Matrix\Api\Http\Controllers\Playground\NoteRouteTest" classname="Tests.Feature.Playground.Matrix.Api.Http.Controllers.Playground.NoteRouteTest" assertions="3" time="0.384787"/>
        <testcase name="test_json_restore_with_admin_role_and_succeed" file="/app/vendor/gammamatrix/playground-test/src/Feature/Http/Controllers/Resource/Playground/RestoreJsonTrait.php" line="195" class="Tests\Feature\Playground\Matrix\Api\Http\Controllers\Playground\NoteRouteTest" classname="Tests.Feature.Playground.Matrix.Api.Http.Controllers.Playground.NoteRouteTest" assertions="79" time="0.451407"/>
        <testcase name="test_json_guest_cannot_see_info" file="/app/vendor/gammamatrix/playground-test/src/Feature/Http/Controllers/Resource/Playground/ShowJsonTrait.php" line="14" class="Tests\Feature\Playground\Matrix\Api\Http\Controllers\Playground\NoteRouteTest" classname="Tests.Feature.Playground.Matrix.Api.Http.Controllers.Playground.NoteRouteTest" assertions="1" time="0.356822"/>
        <testcase name="test_json_show_info_for_admin" file="/app/vendor/gammamatrix/playground-test/src/Feature/Http/Controllers/Resource/Playground/ShowJsonTrait.php" line="33" class="Tests\Feature\Playground\Matrix\Api\Http\Controllers\Playground\NoteRouteTest" classname="Tests.Feature.Playground.Matrix.Api.Http.Controllers.Playground.NoteRouteTest" assertions="78" time="0.468085"/>
        <testcase name="test_json_guest_cannot_unlock" file="/app/vendor/gammamatrix/playground-test/src/Feature/Http/Controllers/Resource/Playground/UnlockJsonTrait.php" line="14" class="Tests\Feature\Playground\Matrix\Api\Http\Controllers\Playground\NoteRouteTest" classname="Tests.Feature.Playground.Matrix.Api.Http.Controllers.Playground.NoteRouteTest" assertions="3" time="0.362662"/>
        <testcase name="test_json_unlock_as_admin_user_and_succeed" file="/app/vendor/gammamatrix/playground-test/src/Feature/Http/Controllers/Resource/Playground/UnlockJsonTrait.php" line="50" class="Tests\Feature\Playground\Matrix\Api\Http\Controllers\Playground\NoteRouteTest" classname="Tests.Feature.Playground.Matrix.Api.Http.Controllers.Playground.NoteRouteTest" assertions="79" time="0.462323"/>
        <testcase name="test_json_unlock_as_admin_user_and_succeed_with_no_redirect" file="/app/vendor/gammamatrix/playground-test/src/Feature/Http/Controllers/Resource/Playground/UnlockJsonTrait.php" line="94" class="Tests\Feature\Playground\Matrix\Api\Http\Controllers\Playground\NoteRouteTest" classname="Tests.Feature.Playground.Matrix.Api.Http.Controllers.Playground.NoteRouteTest" assertions="79" time="0.448647"/>
        <testcase name="test_json_unlock_with_user_role_and_get_denied" file="/app/vendor/gammamatrix/playground-test/src/Feature/Http/Controllers/Resource/Playground/UnlockJsonTrait.php" line="149" class="Tests\Feature\Playground\Matrix\Api\Http\Controllers\Playground\NoteRouteTest" classname="Tests.Feature.Playground.Matrix.Api.Http.Controllers.Playground.NoteRouteTest" assertions="3" time="0.358411"/>
        <testcase name="test_json_unlock_with_admin_role_and_succeed" file="/app/vendor/gammamatrix/playground-test/src/Feature/Http/Controllers/Resource/Playground/UnlockJsonTrait.php" line="194" class="Tests\Feature\Playground\Matrix\Api\Http\Controllers\Playground\NoteRouteTest" classname="Tests.Feature.Playground.Matrix.Api.Http.Controllers.Playground.NoteRouteTest" assertions="79" time="0.472828"/>
      </testsuite>
      <testsuite name="Tests\Feature\Playground\Matrix\Api\Http\Controllers\Playground\ProjectRouteTest" file="/app/tests/Feature/Http/Controllers/Playground/ProjectRouteTest.php" tests="37" assertions="1295" errors="0" failures="0" skipped="0" time="15.485711">
        <testcase name="test_json_guest_cannot_get_info" file="/app/vendor/gammamatrix/playground-test/src/Feature/Http/Controllers/Resource/Playground/CreateJsonTrait.php" line="24" class="Tests\Feature\Playground\Matrix\Api\Http\Controllers\Playground\ProjectRouteTest" classname="Tests.Feature.Playground.Matrix.Api.Http.Controllers.Playground.ProjectRouteTest" assertions="1" time="0.399402"/>
        <testcase name="test_json_guest_cannot_render_create_view_requesting_json" file="/app/vendor/gammamatrix/playground-test/src/Feature/Http/Controllers/Resource/Playground/CreateJsonTrait.php" line="38" class="Tests\Feature\Playground\Matrix\Api\Http\Controllers\Playground\ProjectRouteTest" classname="Tests.Feature.Playground.Matrix.Api.Http.Controllers.Playground.ProjectRouteTest" assertions="2" time="0.377874"/>
        <testcase name="test_json_create_info_with_admin" file="/app/vendor/gammamatrix/playground-test/src/Feature/Http/Controllers/Resource/Playground/CreateJsonTrait.php" line="55" class="Tests\Feature\Playground\Matrix\Api\Http\Controllers\Playground\ProjectRouteTest" classname="Tests.Feature.Playground.Matrix.Api.Http.Controllers.Playground.ProjectRouteTest" assertions="93" time="0.472593"/>
        <testcase name="test_json_create_info_by_admin_with_invalid_parameter" file="/app/vendor/gammamatrix/playground-test/src/Feature/Http/Controllers/Resource/Playground/CreateJsonTrait.php" line="79" class="Tests\Feature\Playground\Matrix\Api\Http\Controllers\Playground\ProjectRouteTest" classname="Tests.Feature.Playground.Matrix.Api.Http.Controllers.Playground.ProjectRouteTest" assertions="4" time="0.390224"/>
        <testcase name="test_json_guest_cannot_destroy" file="/app/vendor/gammamatrix/playground-test/src/Feature/Http/Controllers/Resource/Playground/DestroyJsonTrait.php" line="14" class="Tests\Feature\Playground\Matrix\Api\Http\Controllers\Playground\ProjectRouteTest" classname="Tests.Feature.Playground.Matrix.Api.Http.Controllers.Playground.ProjectRouteTest" assertions="3" time="0.355185"/>
        <testcase name="test_json_destroy_as_admin_user_and_succeed" file="/app/vendor/gammamatrix/playground-test/src/Feature/Http/Controllers/Resource/Playground/DestroyJsonTrait.php" line="48" class="Tests\Feature\Playground\Matrix\Api\Http\Controllers\Playground\ProjectRouteTest" classname="Tests.Feature.Playground.Matrix.Api.Http.Controllers.Playground.ProjectRouteTest" assertions="5" time="0.368349"/>
        <testcase name="test_json_destroy_as_admin_user_and_succeed_with_force_delete" file="/app/vendor/gammamatrix/playground-test/src/Feature/Http/Controllers/Resource/Playground/DestroyJsonTrait.php" line="92" class="Tests\Feature\Playground\Matrix\Api\Http\Controllers\Playground\ProjectRouteTest" classname="Tests.Feature.Playground.Matrix.Api.Http.Controllers.Playground.ProjectRouteTest" assertions="4" time="0.379271"/>
        <testcase name="test_json_destroy_as_admin_user_using_json_and_succeed_with_no_content" file="/app/vendor/gammamatrix/playground-test/src/Feature/Http/Controllers/Resource/Playground/DestroyJsonTrait.php" line="132" class="Tests\Feature\Playground\Matrix\Api\Http\Controllers\Playground\ProjectRouteTest" classname="Tests.Feature.Playground.Matrix.Api.Http.Controllers.Playground.ProjectRouteTest" assertions="5" time="0.362715"/>
        <testcase name="test_json_destroy_as_admin_user_and_succeed_with_redirect_to_index_with_trash" file="/app/vendor/gammamatrix/playground-test/src/Feature/Http/Controllers/Resource/Playground/DestroyJsonTrait.php" line="177" class="Tests\Feature\Playground\Matrix\Api\Http\Controllers\Playground\ProjectRouteTest" classname="Tests.Feature.Playground.Matrix.Api.Http.Controllers.Playground.ProjectRouteTest" assertions="5" time="0.360383"/>
        <testcase name="test_json_destroy_with_user_role_and_get_denied_and_no_force_delete_allowed" file="/app/vendor/gammamatrix/playground-test/src/Feature/Http/Controllers/Resource/Playground/DestroyJsonTrait.php" line="235" class="Tests\Feature\Playground\Matrix\Api\Http\Controllers\Playground\ProjectRouteTest" classname="Tests.Feature.Playground.Matrix.Api.Http.Controllers.Playground.ProjectRouteTest" assertions="3" time="0.392977"/>
        <testcase name="test_json_destroy_with_admin_role_and_succeed" file="/app/vendor/gammamatrix/playground-test/src/Feature/Http/Controllers/Resource/Playground/DestroyJsonTrait.php" line="277" class="Tests\Feature\Playground\Matrix\Api\Http\Controllers\Playground\ProjectRouteTest" classname="Tests.Feature.Playground.Matrix.Api.Http.Controllers.Playground.ProjectRouteTest" assertions="5" time="0.364035"/>
        <testcase name="test_json_destroy_with_admin_role_and_succeed_with_force_delete" file="/app/vendor/gammamatrix/playground-test/src/Feature/Http/Controllers/Resource/Playground/DestroyJsonTrait.php" line="322" class="Tests\Feature\Playground\Matrix\Api\Http\Controllers\Playground\ProjectRouteTest" classname="Tests.Feature.Playground.Matrix.Api.Http.Controllers.Playground.ProjectRouteTest" assertions="4" time="0.357671"/>
        <testcase name="test_json_guest_cannot_render_edit_view" file="/app/vendor/gammamatrix/playground-test/src/Feature/Http/Controllers/Resource/Playground/EditJsonTrait.php" line="14" class="Tests\Feature\Playground\Matrix\Api\Http\Controllers\Playground\ProjectRouteTest" classname="Tests.Feature.Playground.Matrix.Api.Http.Controllers.Playground.ProjectRouteTest" assertions="1" time="0.404530"/>
        <testcase name="test_json_edit_as_admin_view_rendered_by_user_with_return_url" file="/app/vendor/gammamatrix/playground-test/src/Feature/Http/Controllers/Resource/Playground/EditJsonTrait.php" line="33" class="Tests\Feature\Playground\Matrix\Api\Http\Controllers\Playground\ProjectRouteTest" classname="Tests.Feature.Playground.Matrix.Api.Http.Controllers.Playground.ProjectRouteTest" assertions="4" time="0.374557"/>
        <testcase name="test_json_edit_as_admin_info_with_user" file="/app/vendor/gammamatrix/playground-test/src/Feature/Http/Controllers/Resource/Playground/EditJsonTrait.php" line="70" class="Tests\Feature\Playground\Matrix\Api\Http\Controllers\Playground\ProjectRouteTest" classname="Tests.Feature.Playground.Matrix.Api.Http.Controllers.Playground.ProjectRouteTest" assertions="4" time="0.402941"/>
        <testcase name="test_json_edit_as_admin_view_rendered_by_user_with_invalid_parameter" file="/app/vendor/gammamatrix/playground-test/src/Feature/Http/Controllers/Resource/Playground/EditJsonTrait.php" line="99" class="Tests\Feature\Playground\Matrix\Api\Http\Controllers\Playground\ProjectRouteTest" classname="Tests.Feature.Playground.Matrix.Api.Http.Controllers.Playground.ProjectRouteTest" assertions="4" time="0.365821"/>
        <testcase name="test_json_guest_cannot_render_index_view" file="/app/vendor/gammamatrix/playground-test/src/Feature/Http/Controllers/Resource/Playground/IndexJsonTrait.php" line="24" class="Tests\Feature\Playground\Matrix\Api\Http\Controllers\Playground\ProjectRouteTest" classname="Tests.Feature.Playground.Matrix.Api.Http.Controllers.Playground.ProjectRouteTest" assertions="1" time="0.387500"/>
        <testcase name="test_json_index_view_rendered_by_admin" file="/app/vendor/gammamatrix/playground-test/src/Feature/Http/Controllers/Resource/Playground/IndexJsonTrait.php" line="40" class="Tests\Feature\Playground\Matrix\Api\Http\Controllers\Playground\ProjectRouteTest" classname="Tests.Feature.Playground.Matrix.Api.Http.Controllers.Playground.ProjectRouteTest" assertions="98" time="0.566509"/>
        <testcase name="test_json_index_as_admin" file="/app/vendor/gammamatrix/playground-test/src/Feature/Http/Controllers/Resource/Playground/IndexJsonTrait.php" line="64" class="Tests\Feature\Playground\Matrix\Api\Http\Controllers\Playground\ProjectRouteTest" classname="Tests.Feature.Playground.Matrix.Api.Http.Controllers.Playground.ProjectRouteTest" assertions="98" time="0.523733"/>
        <testcase name="test_json_guest_cannot_lock" file="/app/vendor/gammamatrix/playground-test/src/Feature/Http/Controllers/Resource/Playground/LockJsonTrait.php" line="14" class="Tests\Feature\Playground\Matrix\Api\Http\Controllers\Playground\ProjectRouteTest" classname="Tests.Feature.Playground.Matrix.Api.Http.Controllers.Playground.ProjectRouteTest" assertions="3" time="0.388635"/>
        <testcase name="test_json_lock_as_admin_user_and_succeed" file="/app/vendor/gammamatrix/playground-test/src/Feature/Http/Controllers/Resource/Playground/LockJsonTrait.php" line="46" class="Tests\Feature\Playground\Matrix\Api\Http\Controllers\Playground\ProjectRouteTest" classname="Tests.Feature.Playground.Matrix.Api.Http.Controllers.Playground.ProjectRouteTest" assertions="3" time="0.370094"/>
        <testcase name="test_json_lock_as_admin_user_and_succeed_with_no_redirect" file="/app/vendor/gammamatrix/playground-test/src/Feature/Http/Controllers/Resource/Playground/LockJsonTrait.php" line="85" class="Tests\Feature\Playground\Matrix\Api\Http\Controllers\Playground\ProjectRouteTest" classname="Tests.Feature.Playground.Matrix.Api.Http.Controllers.Playground.ProjectRouteTest" assertions="93" time="0.502470"/>
        <testcase name="test_json_lock_with_user_role_and_get_denied" file="/app/vendor/gammamatrix/playground-test/src/Feature/Http/Controllers/Resource/Playground/LockJsonTrait.php" line="138" class="Tests\Feature\Playground\Matrix\Api\Http\Controllers\Playground\ProjectRouteTest" classname="Tests.Feature.Playground.Matrix.Api.Http.Controllers.Playground.ProjectRouteTest" assertions="3" time="0.363089"/>
        <testcase name="test_json_lock_with_admin_role_and_succeed" file="/app/vendor/gammamatrix/playground-test/src/Feature/Http/Controllers/Resource/Playground/LockJsonTrait.php" line="178" class="Tests\Feature\Playground\Matrix\Api\Http\Controllers\Playground\ProjectRouteTest" classname="Tests.Feature.Playground.Matrix.Api.Http.Controllers.Playground.ProjectRouteTest" assertions="93" time="0.478591"/>
        <testcase name="test_json_lock_with_admin_role_and_succeed_with_json" file="/app/vendor/gammamatrix/playground-test/src/Feature/Http/Controllers/Resource/Playground/LockJsonTrait.php" line="219" class="Tests\Feature\Playground\Matrix\Api\Http\Controllers\Playground\ProjectRouteTest" classname="Tests.Feature.Playground.Matrix.Api.Http.Controllers.Playground.ProjectRouteTest" assertions="93" time="0.502652"/>
        <testcase name="test_json_guest_cannot_restore" file="/app/vendor/gammamatrix/playground-test/src/Feature/Http/Controllers/Resource/Playground/RestoreJsonTrait.php" line="15" class="Tests\Feature\Playground\Matrix\Api\Http\Controllers\Playground\ProjectRouteTest" classname="Tests.Feature.Playground.Matrix.Api.Http.Controllers.Playground.ProjectRouteTest" assertions="3" time="0.358816"/>
        <testcase name="test_json_restore_as_admin_user_and_succeed" file="/app/vendor/gammamatrix/playground-test/src/Feature/Http/Controllers/Resource/Playground/RestoreJsonTrait.php" line="52" class="Tests\Feature\Playground\Matrix\Api\Http\Controllers\Playground\ProjectRouteTest" classname="Tests.Feature.Playground.Matrix.Api.Http.Controllers.Playground.ProjectRouteTest" assertions="93" time="0.498598"/>
        <testcase name="test_json_restore_as_admin_user_and_succeed_with_no_redirect" file="/app/vendor/gammamatrix/playground-test/src/Feature/Http/Controllers/Resource/Playground/RestoreJsonTrait.php" line="96" class="Tests\Feature\Playground\Matrix\Api\Http\Controllers\Playground\ProjectRouteTest" classname="Tests.Feature.Playground.Matrix.Api.Http.Controllers.Playground.ProjectRouteTest" assertions="93" time="0.483693"/>
        <testcase name="test_json_restore_with_user_role_and_get_denied" file="/app/vendor/gammamatrix/playground-test/src/Feature/Http/Controllers/Resource/Playground/RestoreJsonTrait.php" line="153" class="Tests\Feature\Playground\Matrix\Api\Http\Controllers\Playground\ProjectRouteTest" classname="Tests.Feature.Playground.Matrix.Api.Http.Controllers.Playground.ProjectRouteTest" assertions="3" time="0.384584"/>
        <testcase name="test_json_restore_with_admin_role_and_succeed" file="/app/vendor/gammamatrix/playground-test/src/Feature/Http/Controllers/Resource/Playground/RestoreJsonTrait.php" line="195" class="Tests\Feature\Playground\Matrix\Api\Http\Controllers\Playground\ProjectRouteTest" classname="Tests.Feature.Playground.Matrix.Api.Http.Controllers.Playground.ProjectRouteTest" assertions="93" time="0.478302"/>
        <testcase name="test_json_guest_cannot_see_info" file="/app/vendor/gammamatrix/playground-test/src/Feature/Http/Controllers/Resource/Playground/ShowJsonTrait.php" line="14" class="Tests\Feature\Playground\Matrix\Api\Http\Controllers\Playground\ProjectRouteTest" classname="Tests.Feature.Playground.Matrix.Api.Http.Controllers.Playground.ProjectRouteTest" assertions="1" time="0.355103"/>
        <testcase name="test_json_show_info_for_admin" file="/app/vendor/gammamatrix/playground-test/src/Feature/Http/Controllers/Resource/Playground/ShowJsonTrait.php" line="33" class="Tests\Feature\Playground\Matrix\Api\Http\Controllers\Playground\ProjectRouteTest" classname="Tests.Feature.Playground.Matrix.Api.Http.Controllers.Playground.ProjectRouteTest" assertions="92" time="0.503486"/>
        <testcase name="test_json_guest_cannot_unlock" file="/app/vendor/gammamatrix/playground-test/src/Feature/Http/Controllers/Resource/Playground/UnlockJsonTrait.php" line="14" class="Tests\Feature\Playground\Matrix\Api\Http\Controllers\Playground\ProjectRouteTest" classname="Tests.Feature.Playground.Matrix.Api.Http.Controllers.Playground.ProjectRouteTest" assertions="3" time="0.358776"/>
        <testcase name="test_json_unlock_as_admin_user_and_succeed" file="/app/vendor/gammamatrix/playground-test/src/Feature/Http/Controllers/Resource/Playground/UnlockJsonTrait.php" line="50" class="Tests\Feature\Playground\Matrix\Api\Http\Controllers\Playground\ProjectRouteTest" classname="Tests.Feature.Playground.Matrix.Api.Http.Controllers.Playground.ProjectRouteTest" assertions="93" time="0.506104"/>
        <testcase name="test_json_unlock_as_admin_user_and_succeed_with_no_redirect" file="/app/vendor/gammamatrix/playground-test/src/Feature/Http/Controllers/Resource/Playground/UnlockJsonTrait.php" line="94" class="Tests\Feature\Playground\Matrix\Api\Http\Controllers\Playground\ProjectRouteTest" classname="Tests.Feature.Playground.Matrix.Api.Http.Controllers.Playground.ProjectRouteTest" assertions="93" time="0.480799"/>
        <testcase name="test_json_unlock_with_user_role_and_get_denied" file="/app/vendor/gammamatrix/playground-test/src/Feature/Http/Controllers/Resource/Playground/UnlockJsonTrait.php" line="149" class="Tests\Feature\Playground\Matrix\Api\Http\Controllers\Playground\ProjectRouteTest" classname="Tests.Feature.Playground.Matrix.Api.Http.Controllers.Playground.ProjectRouteTest" assertions="3" time="0.383882"/>
        <testcase name="test_json_unlock_with_admin_role_and_succeed" file="/app/vendor/gammamatrix/playground-test/src/Feature/Http/Controllers/Resource/Playground/UnlockJsonTrait.php" line="194" class="Tests\Feature\Playground\Matrix\Api\Http\Controllers\Playground\ProjectRouteTest" classname="Tests.Feature.Playground.Matrix.Api.Http.Controllers.Playground.ProjectRouteTest" assertions="93" time="0.481766"/>
      </testsuite>
      <testsuite name="Tests\Feature\Playground\Matrix\Api\Http\Controllers\Playground\ReleaseRouteTest" file="/app/tests/Feature/Http/Controllers/Playground/ReleaseRouteTest.php" tests="37" assertions="1295" errors="0" failures="0" skipped="0" time="15.500076">
        <testcase name="test_json_guest_cannot_get_info" file="/app/vendor/gammamatrix/playground-test/src/Feature/Http/Controllers/Resource/Playground/CreateJsonTrait.php" line="24" class="Tests\Feature\Playground\Matrix\Api\Http\Controllers\Playground\ReleaseRouteTest" classname="Tests.Feature.Playground.Matrix.Api.Http.Controllers.Playground.ReleaseRouteTest" assertions="1" time="0.391886"/>
        <testcase name="test_json_guest_cannot_render_create_view_requesting_json" file="/app/vendor/gammamatrix/playground-test/src/Feature/Http/Controllers/Resource/Playground/CreateJsonTrait.php" line="38" class="Tests\Feature\Playground\Matrix\Api\Http\Controllers\Playground\ReleaseRouteTest" classname="Tests.Feature.Playground.Matrix.Api.Http.Controllers.Playground.ReleaseRouteTest" assertions="2" time="0.383828"/>
        <testcase name="test_json_create_info_with_admin" file="/app/vendor/gammamatrix/playground-test/src/Feature/Http/Controllers/Resource/Playground/CreateJsonTrait.php" line="55" class="Tests\Feature\Playground\Matrix\Api\Http\Controllers\Playground\ReleaseRouteTest" classname="Tests.Feature.Playground.Matrix.Api.Http.Controllers.Playground.ReleaseRouteTest" assertions="93" time="0.466618"/>
        <testcase name="test_json_create_info_by_admin_with_invalid_parameter" file="/app/vendor/gammamatrix/playground-test/src/Feature/Http/Controllers/Resource/Playground/CreateJsonTrait.php" line="79" class="Tests\Feature\Playground\Matrix\Api\Http\Controllers\Playground\ReleaseRouteTest" classname="Tests.Feature.Playground.Matrix.Api.Http.Controllers.Playground.ReleaseRouteTest" assertions="4" time="0.382137"/>
        <testcase name="test_json_guest_cannot_destroy" file="/app/vendor/gammamatrix/playground-test/src/Feature/Http/Controllers/Resource/Playground/DestroyJsonTrait.php" line="14" class="Tests\Feature\Playground\Matrix\Api\Http\Controllers\Playground\ReleaseRouteTest" classname="Tests.Feature.Playground.Matrix.Api.Http.Controllers.Playground.ReleaseRouteTest" assertions="3" time="0.358650"/>
        <testcase name="test_json_destroy_as_admin_user_and_succeed" file="/app/vendor/gammamatrix/playground-test/src/Feature/Http/Controllers/Resource/Playground/DestroyJsonTrait.php" line="48" class="Tests\Feature\Playground\Matrix\Api\Http\Controllers\Playground\ReleaseRouteTest" classname="Tests.Feature.Playground.Matrix.Api.Http.Controllers.Playground.ReleaseRouteTest" assertions="5" time="0.361167"/>
        <testcase name="test_json_destroy_as_admin_user_and_succeed_with_force_delete" file="/app/vendor/gammamatrix/playground-test/src/Feature/Http/Controllers/Resource/Playground/DestroyJsonTrait.php" line="92" class="Tests\Feature\Playground\Matrix\Api\Http\Controllers\Playground\ReleaseRouteTest" classname="Tests.Feature.Playground.Matrix.Api.Http.Controllers.Playground.ReleaseRouteTest" assertions="4" time="0.392239"/>
        <testcase name="test_json_destroy_as_admin_user_using_json_and_succeed_with_no_content" file="/app/vendor/gammamatrix/playground-test/src/Feature/Http/Controllers/Resource/Playground/DestroyJsonTrait.php" line="132" class="Tests\Feature\Playground\Matrix\Api\Http\Controllers\Playground\ReleaseRouteTest" classname="Tests.Feature.Playground.Matrix.Api.Http.Controllers.Playground.ReleaseRouteTest" assertions="5" time="0.368066"/>
        <testcase name="test_json_destroy_as_admin_user_and_succeed_with_redirect_to_index_with_trash" file="/app/vendor/gammamatrix/playground-test/src/Feature/Http/Controllers/Resource/Playground/DestroyJsonTrait.php" line="177" class="Tests\Feature\Playground\Matrix\Api\Http\Controllers\Playground\ReleaseRouteTest" classname="Tests.Feature.Playground.Matrix.Api.Http.Controllers.Playground.ReleaseRouteTest" assertions="5" time="0.360992"/>
        <testcase name="test_json_destroy_with_user_role_and_get_denied_and_no_force_delete_allowed" file="/app/vendor/gammamatrix/playground-test/src/Feature/Http/Controllers/Resource/Playground/DestroyJsonTrait.php" line="235" class="Tests\Feature\Playground\Matrix\Api\Http\Controllers\Playground\ReleaseRouteTest" classname="Tests.Feature.Playground.Matrix.Api.Http.Controllers.Playground.ReleaseRouteTest" assertions="3" time="0.391257"/>
        <testcase name="test_json_destroy_with_admin_role_and_succeed" file="/app/vendor/gammamatrix/playground-test/src/Feature/Http/Controllers/Resource/Playground/DestroyJsonTrait.php" line="277" class="Tests\Feature\Playground\Matrix\Api\Http\Controllers\Playground\ReleaseRouteTest" classname="Tests.Feature.Playground.Matrix.Api.Http.Controllers.Playground.ReleaseRouteTest" assertions="5" time="0.362331"/>
        <testcase name="test_json_destroy_with_admin_role_and_succeed_with_force_delete" file="/app/vendor/gammamatrix/playground-test/src/Feature/Http/Controllers/Resource/Playground/DestroyJsonTrait.php" line="322" class="Tests\Feature\Playground\Matrix\Api\Http\Controllers\Playground\ReleaseRouteTest" classname="Tests.Feature.Playground.Matrix.Api.Http.Controllers.Playground.ReleaseRouteTest" assertions="4" time="0.360773"/>
        <testcase name="test_json_guest_cannot_render_edit_view" file="/app/vendor/gammamatrix/playground-test/src/Feature/Http/Controllers/Resource/Playground/EditJsonTrait.php" line="14" class="Tests\Feature\Playground\Matrix\Api\Http\Controllers\Playground\ReleaseRouteTest" classname="Tests.Feature.Playground.Matrix.Api.Http.Controllers.Playground.ReleaseRouteTest" assertions="1" time="0.403181"/>
        <testcase name="test_json_edit_as_admin_view_rendered_by_user_with_return_url" file="/app/vendor/gammamatrix/playground-test/src/Feature/Http/Controllers/Resource/Playground/EditJsonTrait.php" line="33" class="Tests\Feature\Playground\Matrix\Api\Http\Controllers\Playground\ReleaseRouteTest" classname="Tests.Feature.Playground.Matrix.Api.Http.Controllers.Playground.ReleaseRouteTest" assertions="4" time="0.370646"/>
        <testcase name="test_json_edit_as_admin_info_with_user" file="/app/vendor/gammamatrix/playground-test/src/Feature/Http/Controllers/Resource/Playground/EditJsonTrait.php" line="70" class="Tests\Feature\Playground\Matrix\Api\Http\Controllers\Playground\ReleaseRouteTest" classname="Tests.Feature.Playground.Matrix.Api.Http.Controllers.Playground.ReleaseRouteTest" assertions="4" time="0.403696"/>
        <testcase name="test_json_edit_as_admin_view_rendered_by_user_with_invalid_parameter" file="/app/vendor/gammamatrix/playground-test/src/Feature/Http/Controllers/Resource/Playground/EditJsonTrait.php" line="99" class="Tests\Feature\Playground\Matrix\Api\Http\Controllers\Playground\ReleaseRouteTest" classname="Tests.Feature.Playground.Matrix.Api.Http.Controllers.Playground.ReleaseRouteTest" assertions="4" time="0.362513"/>
        <testcase name="test_json_guest_cannot_render_index_view" file="/app/vendor/gammamatrix/playground-test/src/Feature/Http/Controllers/Resource/Playground/IndexJsonTrait.php" line="24" class="Tests\Feature\Playground\Matrix\Api\Http\Controllers\Playground\ReleaseRouteTest" classname="Tests.Feature.Playground.Matrix.Api.Http.Controllers.Playground.ReleaseRouteTest" assertions="1" time="0.382308"/>
        <testcase name="test_json_index_view_rendered_by_admin" file="/app/vendor/gammamatrix/playground-test/src/Feature/Http/Controllers/Resource/Playground/IndexJsonTrait.php" line="40" class="Tests\Feature\Playground\Matrix\Api\Http\Controllers\Playground\ReleaseRouteTest" classname="Tests.Feature.Playground.Matrix.Api.Http.Controllers.Playground.ReleaseRouteTest" assertions="98" time="0.560348"/>
        <testcase name="test_json_index_as_admin" file="/app/vendor/gammamatrix/playground-test/src/Feature/Http/Controllers/Resource/Playground/IndexJsonTrait.php" line="64" class="Tests\Feature\Playground\Matrix\Api\Http\Controllers\Playground\ReleaseRouteTest" classname="Tests.Feature.Playground.Matrix.Api.Http.Controllers.Playground.ReleaseRouteTest" assertions="98" time="0.527970"/>
        <testcase name="test_json_guest_cannot_lock" file="/app/vendor/gammamatrix/playground-test/src/Feature/Http/Controllers/Resource/Playground/LockJsonTrait.php" line="14" class="Tests\Feature\Playground\Matrix\Api\Http\Controllers\Playground\ReleaseRouteTest" classname="Tests.Feature.Playground.Matrix.Api.Http.Controllers.Playground.ReleaseRouteTest" assertions="3" time="0.392481"/>
        <testcase name="test_json_lock_as_admin_user_and_succeed" file="/app/vendor/gammamatrix/playground-test/src/Feature/Http/Controllers/Resource/Playground/LockJsonTrait.php" line="46" class="Tests\Feature\Playground\Matrix\Api\Http\Controllers\Playground\ReleaseRouteTest" classname="Tests.Feature.Playground.Matrix.Api.Http.Controllers.Playground.ReleaseRouteTest" assertions="3" time="0.367249"/>
        <testcase name="test_json_lock_as_admin_user_and_succeed_with_no_redirect" file="/app/vendor/gammamatrix/playground-test/src/Feature/Http/Controllers/Resource/Playground/LockJsonTrait.php" line="85" class="Tests\Feature\Playground\Matrix\Api\Http\Controllers\Playground\ReleaseRouteTest" classname="Tests.Feature.Playground.Matrix.Api.Http.Controllers.Playground.ReleaseRouteTest" assertions="93" time="0.499389"/>
        <testcase name="test_json_lock_with_user_role_and_get_denied" file="/app/vendor/gammamatrix/playground-test/src/Feature/Http/Controllers/Resource/Playground/LockJsonTrait.php" line="138" class="Tests\Feature\Playground\Matrix\Api\Http\Controllers\Playground\ReleaseRouteTest" classname="Tests.Feature.Playground.Matrix.Api.Http.Controllers.Playground.ReleaseRouteTest" assertions="3" time="0.363156"/>
        <testcase name="test_json_lock_with_admin_role_and_succeed" file="/app/vendor/gammamatrix/playground-test/src/Feature/Http/Controllers/Resource/Playground/LockJsonTrait.php" line="178" class="Tests\Feature\Playground\Matrix\Api\Http\Controllers\Playground\ReleaseRouteTest" classname="Tests.Feature.Playground.Matrix.Api.Http.Controllers.Playground.ReleaseRouteTest" assertions="93" time="0.475319"/>
        <testcase name="test_json_lock_with_admin_role_and_succeed_with_json" file="/app/vendor/gammamatrix/playground-test/src/Feature/Http/Controllers/Resource/Playground/LockJsonTrait.php" line="219" class="Tests\Feature\Playground\Matrix\Api\Http\Controllers\Playground\ReleaseRouteTest" classname="Tests.Feature.Playground.Matrix.Api.Http.Controllers.Playground.ReleaseRouteTest" assertions="93" time="0.500256"/>
        <testcase name="test_json_guest_cannot_restore" file="/app/vendor/gammamatrix/playground-test/src/Feature/Http/Controllers/Resource/Playground/RestoreJsonTrait.php" line="15" class="Tests\Feature\Playground\Matrix\Api\Http\Controllers\Playground\ReleaseRouteTest" classname="Tests.Feature.Playground.Matrix.Api.Http.Controllers.Playground.ReleaseRouteTest" assertions="3" time="0.360618"/>
        <testcase name="test_json_restore_as_admin_user_and_succeed" file="/app/vendor/gammamatrix/playground-test/src/Feature/Http/Controllers/Resource/Playground/RestoreJsonTrait.php" line="52" class="Tests\Feature\Playground\Matrix\Api\Http\Controllers\Playground\ReleaseRouteTest" classname="Tests.Feature.Playground.Matrix.Api.Http.Controllers.Playground.ReleaseRouteTest" assertions="93" time="0.512794"/>
        <testcase name="test_json_restore_as_admin_user_and_succeed_with_no_redirect" file="/app/vendor/gammamatrix/playground-test/src/Feature/Http/Controllers/Resource/Playground/RestoreJsonTrait.php" line="96" class="Tests\Feature\Playground\Matrix\Api\Http\Controllers\Playground\ReleaseRouteTest" classname="Tests.Feature.Playground.Matrix.Api.Http.Controllers.Playground.ReleaseRouteTest" assertions="93" time="0.473426"/>
        <testcase name="test_json_restore_with_user_role_and_get_denied" file="/app/vendor/gammamatrix/playground-test/src/Feature/Http/Controllers/Resource/Playground/RestoreJsonTrait.php" line="153" class="Tests\Feature\Playground\Matrix\Api\Http\Controllers\Playground\ReleaseRouteTest" classname="Tests.Feature.Playground.Matrix.Api.Http.Controllers.Playground.ReleaseRouteTest" assertions="3" time="0.399868"/>
        <testcase name="test_json_restore_with_admin_role_and_succeed" file="/app/vendor/gammamatrix/playground-test/src/Feature/Http/Controllers/Resource/Playground/RestoreJsonTrait.php" line="195" class="Tests\Feature\Playground\Matrix\Api\Http\Controllers\Playground\ReleaseRouteTest" classname="Tests.Feature.Playground.Matrix.Api.Http.Controllers.Playground.ReleaseRouteTest" assertions="93" time="0.476582"/>
        <testcase name="test_json_guest_cannot_see_info" file="/app/vendor/gammamatrix/playground-test/src/Feature/Http/Controllers/Resource/Playground/ShowJsonTrait.php" line="14" class="Tests\Feature\Playground\Matrix\Api\Http\Controllers\Playground\ReleaseRouteTest" classname="Tests.Feature.Playground.Matrix.Api.Http.Controllers.Playground.ReleaseRouteTest" assertions="1" time="0.356258"/>
        <testcase name="test_json_show_info_for_admin" file="/app/vendor/gammamatrix/playground-test/src/Feature/Http/Controllers/Resource/Playground/ShowJsonTrait.php" line="33" class="Tests\Feature\Playground\Matrix\Api\Http\Controllers\Playground\ReleaseRouteTest" classname="Tests.Feature.Playground.Matrix.Api.Http.Controllers.Playground.ReleaseRouteTest" assertions="92" time="0.492841"/>
        <testcase name="test_json_guest_cannot_unlock" file="/app/vendor/gammamatrix/playground-test/src/Feature/Http/Controllers/Resource/Playground/UnlockJsonTrait.php" line="14" class="Tests\Feature\Playground\Matrix\Api\Http\Controllers\Playground\ReleaseRouteTest" classname="Tests.Feature.Playground.Matrix.Api.Http.Controllers.Playground.ReleaseRouteTest" assertions="3" time="0.362032"/>
        <testcase name="test_json_unlock_as_admin_user_and_succeed" file="/app/vendor/gammamatrix/playground-test/src/Feature/Http/Controllers/Resource/Playground/UnlockJsonTrait.php" line="50" class="Tests\Feature\Playground\Matrix\Api\Http\Controllers\Playground\ReleaseRouteTest" classname="Tests.Feature.Playground.Matrix.Api.Http.Controllers.Playground.ReleaseRouteTest" assertions="93" time="0.511367"/>
        <testcase name="test_json_unlock_as_admin_user_and_succeed_with_no_redirect" file="/app/vendor/gammamatrix/playground-test/src/Feature/Http/Controllers/Resource/Playground/UnlockJsonTrait.php" line="94" class="Tests\Feature\Playground\Matrix\Api\Http\Controllers\Playground\ReleaseRouteTest" classname="Tests.Feature.Playground.Matrix.Api.Http.Controllers.Playground.ReleaseRouteTest" assertions="93" time="0.481547"/>
        <testcase name="test_json_unlock_with_user_role_and_get_denied" file="/app/vendor/gammamatrix/playground-test/src/Feature/Http/Controllers/Resource/Playground/UnlockJsonTrait.php" line="149" class="Tests\Feature\Playground\Matrix\Api\Http\Controllers\Playground\ReleaseRouteTest" classname="Tests.Feature.Playground.Matrix.Api.Http.Controllers.Playground.ReleaseRouteTest" assertions="3" time="0.394196"/>
        <testcase name="test_json_unlock_with_admin_role_and_succeed" file="/app/vendor/gammamatrix/playground-test/src/Feature/Http/Controllers/Resource/Playground/UnlockJsonTrait.php" line="194" class="Tests\Feature\Playground\Matrix\Api\Http\Controllers\Playground\ReleaseRouteTest" classname="Tests.Feature.Playground.Matrix.Api.Http.Controllers.Playground.ReleaseRouteTest" assertions="93" time="0.490087"/>
      </testsuite>
      <testsuite name="Tests\Feature\Playground\Matrix\Api\Http\Controllers\Playground\RoadmapRouteTest" file="/app/tests/Feature/Http/Controllers/Playground/RoadmapRouteTest.php" tests="37" assertions="1295" errors="0" failures="0" skipped="0" time="15.581091">
        <testcase name="test_json_guest_cannot_get_info" file="/app/vendor/gammamatrix/playground-test/src/Feature/Http/Controllers/Resource/Playground/CreateJsonTrait.php" line="24" class="Tests\Feature\Playground\Matrix\Api\Http\Controllers\Playground\RoadmapRouteTest" classname="Tests.Feature.Playground.Matrix.Api.Http.Controllers.Playground.RoadmapRouteTest" assertions="1" time="0.396533"/>
        <testcase name="test_json_guest_cannot_render_create_view_requesting_json" file="/app/vendor/gammamatrix/playground-test/src/Feature/Http/Controllers/Resource/Playground/CreateJsonTrait.php" line="38" class="Tests\Feature\Playground\Matrix\Api\Http\Controllers\Playground\RoadmapRouteTest" classname="Tests.Feature.Playground.Matrix.Api.Http.Controllers.Playground.RoadmapRouteTest" assertions="2" time="0.373267"/>
        <testcase name="test_json_create_info_with_admin" file="/app/vendor/gammamatrix/playground-test/src/Feature/Http/Controllers/Resource/Playground/CreateJsonTrait.php" line="55" class="Tests\Feature\Playground\Matrix\Api\Http\Controllers\Playground\RoadmapRouteTest" classname="Tests.Feature.Playground.Matrix.Api.Http.Controllers.Playground.RoadmapRouteTest" assertions="93" time="0.469799"/>
        <testcase name="test_json_create_info_by_admin_with_invalid_parameter" file="/app/vendor/gammamatrix/playground-test/src/Feature/Http/Controllers/Resource/Playground/CreateJsonTrait.php" line="79" class="Tests\Feature\Playground\Matrix\Api\Http\Controllers\Playground\RoadmapRouteTest" classname="Tests.Feature.Playground.Matrix.Api.Http.Controllers.Playground.RoadmapRouteTest" assertions="4" time="0.397344"/>
        <testcase name="test_json_guest_cannot_destroy" file="/app/vendor/gammamatrix/playground-test/src/Feature/Http/Controllers/Resource/Playground/DestroyJsonTrait.php" line="14" class="Tests\Feature\Playground\Matrix\Api\Http\Controllers\Playground\RoadmapRouteTest" classname="Tests.Feature.Playground.Matrix.Api.Http.Controllers.Playground.RoadmapRouteTest" assertions="3" time="0.358163"/>
        <testcase name="test_json_destroy_as_admin_user_and_succeed" file="/app/vendor/gammamatrix/playground-test/src/Feature/Http/Controllers/Resource/Playground/DestroyJsonTrait.php" line="48" class="Tests\Feature\Playground\Matrix\Api\Http\Controllers\Playground\RoadmapRouteTest" classname="Tests.Feature.Playground.Matrix.Api.Http.Controllers.Playground.RoadmapRouteTest" assertions="5" time="0.360203"/>
        <testcase name="test_json_destroy_as_admin_user_and_succeed_with_force_delete" file="/app/vendor/gammamatrix/playground-test/src/Feature/Http/Controllers/Resource/Playground/DestroyJsonTrait.php" line="92" class="Tests\Feature\Playground\Matrix\Api\Http\Controllers\Playground\RoadmapRouteTest" classname="Tests.Feature.Playground.Matrix.Api.Http.Controllers.Playground.RoadmapRouteTest" assertions="4" time="0.384703"/>
        <testcase name="test_json_destroy_as_admin_user_using_json_and_succeed_with_no_content" file="/app/vendor/gammamatrix/playground-test/src/Feature/Http/Controllers/Resource/Playground/DestroyJsonTrait.php" line="132" class="Tests\Feature\Playground\Matrix\Api\Http\Controllers\Playground\RoadmapRouteTest" classname="Tests.Feature.Playground.Matrix.Api.Http.Controllers.Playground.RoadmapRouteTest" assertions="5" time="0.361546"/>
        <testcase name="test_json_destroy_as_admin_user_and_succeed_with_redirect_to_index_with_trash" file="/app/vendor/gammamatrix/playground-test/src/Feature/Http/Controllers/Resource/Playground/DestroyJsonTrait.php" line="177" class="Tests\Feature\Playground\Matrix\Api\Http\Controllers\Playground\RoadmapRouteTest" classname="Tests.Feature.Playground.Matrix.Api.Http.Controllers.Playground.RoadmapRouteTest" assertions="5" time="0.358737"/>
        <testcase name="test_json_destroy_with_user_role_and_get_denied_and_no_force_delete_allowed" file="/app/vendor/gammamatrix/playground-test/src/Feature/Http/Controllers/Resource/Playground/DestroyJsonTrait.php" line="235" class="Tests\Feature\Playground\Matrix\Api\Http\Controllers\Playground\RoadmapRouteTest" classname="Tests.Feature.Playground.Matrix.Api.Http.Controllers.Playground.RoadmapRouteTest" assertions="3" time="0.396874"/>
        <testcase name="test_json_destroy_with_admin_role_and_succeed" file="/app/vendor/gammamatrix/playground-test/src/Feature/Http/Controllers/Resource/Playground/DestroyJsonTrait.php" line="277" class="Tests\Feature\Playground\Matrix\Api\Http\Controllers\Playground\RoadmapRouteTest" classname="Tests.Feature.Playground.Matrix.Api.Http.Controllers.Playground.RoadmapRouteTest" assertions="5" time="0.361821"/>
        <testcase name="test_json_destroy_with_admin_role_and_succeed_with_force_delete" file="/app/vendor/gammamatrix/playground-test/src/Feature/Http/Controllers/Resource/Playground/DestroyJsonTrait.php" line="322" class="Tests\Feature\Playground\Matrix\Api\Http\Controllers\Playground\RoadmapRouteTest" classname="Tests.Feature.Playground.Matrix.Api.Http.Controllers.Playground.RoadmapRouteTest" assertions="4" time="0.364680"/>
        <testcase name="test_json_guest_cannot_render_edit_view" file="/app/vendor/gammamatrix/playground-test/src/Feature/Http/Controllers/Resource/Playground/EditJsonTrait.php" line="14" class="Tests\Feature\Playground\Matrix\Api\Http\Controllers\Playground\RoadmapRouteTest" classname="Tests.Feature.Playground.Matrix.Api.Http.Controllers.Playground.RoadmapRouteTest" assertions="1" time="0.396216"/>
        <testcase name="test_json_edit_as_admin_view_rendered_by_user_with_return_url" file="/app/vendor/gammamatrix/playground-test/src/Feature/Http/Controllers/Resource/Playground/EditJsonTrait.php" line="33" class="Tests\Feature\Playground\Matrix\Api\Http\Controllers\Playground\RoadmapRouteTest" classname="Tests.Feature.Playground.Matrix.Api.Http.Controllers.Playground.RoadmapRouteTest" assertions="4" time="0.377107"/>
        <testcase name="test_json_edit_as_admin_info_with_user" file="/app/vendor/gammamatrix/playground-test/src/Feature/Http/Controllers/Resource/Playground/EditJsonTrait.php" line="70" class="Tests\Feature\Playground\Matrix\Api\Http\Controllers\Playground\RoadmapRouteTest" classname="Tests.Feature.Playground.Matrix.Api.Http.Controllers.Playground.RoadmapRouteTest" assertions="4" time="0.420139"/>
        <testcase name="test_json_edit_as_admin_view_rendered_by_user_with_invalid_parameter" file="/app/vendor/gammamatrix/playground-test/src/Feature/Http/Controllers/Resource/Playground/EditJsonTrait.php" line="99" class="Tests\Feature\Playground\Matrix\Api\Http\Controllers\Playground\RoadmapRouteTest" classname="Tests.Feature.Playground.Matrix.Api.Http.Controllers.Playground.RoadmapRouteTest" assertions="4" time="0.367866"/>
        <testcase name="test_json_guest_cannot_render_index_view" file="/app/vendor/gammamatrix/playground-test/src/Feature/Http/Controllers/Resource/Playground/IndexJsonTrait.php" line="24" class="Tests\Feature\Playground\Matrix\Api\Http\Controllers\Playground\RoadmapRouteTest" classname="Tests.Feature.Playground.Matrix.Api.Http.Controllers.Playground.RoadmapRouteTest" assertions="1" time="0.381696"/>
        <testcase name="test_json_index_view_rendered_by_admin" file="/app/vendor/gammamatrix/playground-test/src/Feature/Http/Controllers/Resource/Playground/IndexJsonTrait.php" line="40" class="Tests\Feature\Playground\Matrix\Api\Http\Controllers\Playground\RoadmapRouteTest" classname="Tests.Feature.Playground.Matrix.Api.Http.Controllers.Playground.RoadmapRouteTest" assertions="98" time="0.580095"/>
        <testcase name="test_json_index_as_admin" file="/app/vendor/gammamatrix/playground-test/src/Feature/Http/Controllers/Resource/Playground/IndexJsonTrait.php" line="64" class="Tests\Feature\Playground\Matrix\Api\Http\Controllers\Playground\RoadmapRouteTest" classname="Tests.Feature.Playground.Matrix.Api.Http.Controllers.Playground.RoadmapRouteTest" assertions="98" time="0.521498"/>
        <testcase name="test_json_guest_cannot_lock" file="/app/vendor/gammamatrix/playground-test/src/Feature/Http/Controllers/Resource/Playground/LockJsonTrait.php" line="14" class="Tests\Feature\Playground\Matrix\Api\Http\Controllers\Playground\RoadmapRouteTest" classname="Tests.Feature.Playground.Matrix.Api.Http.Controllers.Playground.RoadmapRouteTest" assertions="3" time="0.386849"/>
        <testcase name="test_json_lock_as_admin_user_and_succeed" file="/app/vendor/gammamatrix/playground-test/src/Feature/Http/Controllers/Resource/Playground/LockJsonTrait.php" line="46" class="Tests\Feature\Playground\Matrix\Api\Http\Controllers\Playground\RoadmapRouteTest" classname="Tests.Feature.Playground.Matrix.Api.Http.Controllers.Playground.RoadmapRouteTest" assertions="3" time="0.370635"/>
        <testcase name="test_json_lock_as_admin_user_and_succeed_with_no_redirect" file="/app/vendor/gammamatrix/playground-test/src/Feature/Http/Controllers/Resource/Playground/LockJsonTrait.php" line="85" class="Tests\Feature\Playground\Matrix\Api\Http\Controllers\Playground\RoadmapRouteTest" classname="Tests.Feature.Playground.Matrix.Api.Http.Controllers.Playground.RoadmapRouteTest" assertions="93" time="0.503665"/>
        <testcase name="test_json_lock_with_user_role_and_get_denied" file="/app/vendor/gammamatrix/playground-test/src/Feature/Http/Controllers/Resource/Playground/LockJsonTrait.php" line="138" class="Tests\Feature\Playground\Matrix\Api\Http\Controllers\Playground\RoadmapRouteTest" classname="Tests.Feature.Playground.Matrix.Api.Http.Controllers.Playground.RoadmapRouteTest" assertions="3" time="0.361353"/>
        <testcase name="test_json_lock_with_admin_role_and_succeed" file="/app/vendor/gammamatrix/playground-test/src/Feature/Http/Controllers/Resource/Playground/LockJsonTrait.php" line="178" class="Tests\Feature\Playground\Matrix\Api\Http\Controllers\Playground\RoadmapRouteTest" classname="Tests.Feature.Playground.Matrix.Api.Http.Controllers.Playground.RoadmapRouteTest" assertions="93" time="0.478902"/>
        <testcase name="test_json_lock_with_admin_role_and_succeed_with_json" file="/app/vendor/gammamatrix/playground-test/src/Feature/Http/Controllers/Resource/Playground/LockJsonTrait.php" line="219" class="Tests\Feature\Playground\Matrix\Api\Http\Controllers\Playground\RoadmapRouteTest" classname="Tests.Feature.Playground.Matrix.Api.Http.Controllers.Playground.RoadmapRouteTest" assertions="93" time="0.520697"/>
        <testcase name="test_json_guest_cannot_restore" file="/app/vendor/gammamatrix/playground-test/src/Feature/Http/Controllers/Resource/Playground/RestoreJsonTrait.php" line="15" class="Tests\Feature\Playground\Matrix\Api\Http\Controllers\Playground\RoadmapRouteTest" classname="Tests.Feature.Playground.Matrix.Api.Http.Controllers.Playground.RoadmapRouteTest" assertions="3" time="0.361202"/>
        <testcase name="test_json_restore_as_admin_user_and_succeed" file="/app/vendor/gammamatrix/playground-test/src/Feature/Http/Controllers/Resource/Playground/RestoreJsonTrait.php" line="52" class="Tests\Feature\Playground\Matrix\Api\Http\Controllers\Playground\RoadmapRouteTest" classname="Tests.Feature.Playground.Matrix.Api.Http.Controllers.Playground.RoadmapRouteTest" assertions="93" time="0.503199"/>
        <testcase name="test_json_restore_as_admin_user_and_succeed_with_no_redirect" file="/app/vendor/gammamatrix/playground-test/src/Feature/Http/Controllers/Resource/Playground/RestoreJsonTrait.php" line="96" class="Tests\Feature\Playground\Matrix\Api\Http\Controllers\Playground\RoadmapRouteTest" classname="Tests.Feature.Playground.Matrix.Api.Http.Controllers.Playground.RoadmapRouteTest" assertions="93" time="0.470406"/>
        <testcase name="test_json_restore_with_user_role_and_get_denied" file="/app/vendor/gammamatrix/playground-test/src/Feature/Http/Controllers/Resource/Playground/RestoreJsonTrait.php" line="153" class="Tests\Feature\Playground\Matrix\Api\Http\Controllers\Playground\RoadmapRouteTest" classname="Tests.Feature.Playground.Matrix.Api.Http.Controllers.Playground.RoadmapRouteTest" assertions="3" time="0.394629"/>
        <testcase name="test_json_restore_with_admin_role_and_succeed" file="/app/vendor/gammamatrix/playground-test/src/Feature/Http/Controllers/Resource/Playground/RestoreJsonTrait.php" line="195" class="Tests\Feature\Playground\Matrix\Api\Http\Controllers\Playground\RoadmapRouteTest" classname="Tests.Feature.Playground.Matrix.Api.Http.Controllers.Playground.RoadmapRouteTest" assertions="93" time="0.513090"/>
        <testcase name="test_json_guest_cannot_see_info" file="/app/vendor/gammamatrix/playground-test/src/Feature/Http/Controllers/Resource/Playground/ShowJsonTrait.php" line="14" class="Tests\Feature\Playground\Matrix\Api\Http\Controllers\Playground\RoadmapRouteTest" classname="Tests.Feature.Playground.Matrix.Api.Http.Controllers.Playground.RoadmapRouteTest" assertions="1" time="0.356095"/>
        <testcase name="test_json_show_info_for_admin" file="/app/vendor/gammamatrix/playground-test/src/Feature/Http/Controllers/Resource/Playground/ShowJsonTrait.php" line="33" class="Tests\Feature\Playground\Matrix\Api\Http\Controllers\Playground\RoadmapRouteTest" classname="Tests.Feature.Playground.Matrix.Api.Http.Controllers.Playground.RoadmapRouteTest" assertions="92" time="0.497323"/>
        <testcase name="test_json_guest_cannot_unlock" file="/app/vendor/gammamatrix/playground-test/src/Feature/Http/Controllers/Resource/Playground/UnlockJsonTrait.php" line="14" class="Tests\Feature\Playground\Matrix\Api\Http\Controllers\Playground\RoadmapRouteTest" classname="Tests.Feature.Playground.Matrix.Api.Http.Controllers.Playground.RoadmapRouteTest" assertions="3" time="0.360257"/>
        <testcase name="test_json_unlock_as_admin_user_and_succeed" file="/app/vendor/gammamatrix/playground-test/src/Feature/Http/Controllers/Resource/Playground/UnlockJsonTrait.php" line="50" class="Tests\Feature\Playground\Matrix\Api\Http\Controllers\Playground\RoadmapRouteTest" classname="Tests.Feature.Playground.Matrix.Api.Http.Controllers.Playground.RoadmapRouteTest" assertions="93" time="0.507939"/>
        <testcase name="test_json_unlock_as_admin_user_and_succeed_with_no_redirect" file="/app/vendor/gammamatrix/playground-test/src/Feature/Http/Controllers/Resource/Playground/UnlockJsonTrait.php" line="94" class="Tests\Feature\Playground\Matrix\Api\Http\Controllers\Playground\RoadmapRouteTest" classname="Tests.Feature.Playground.Matrix.Api.Http.Controllers.Playground.RoadmapRouteTest" assertions="93" time="0.472827"/>
        <testcase name="test_json_unlock_with_user_role_and_get_denied" file="/app/vendor/gammamatrix/playground-test/src/Feature/Http/Controllers/Resource/Playground/UnlockJsonTrait.php" line="149" class="Tests\Feature\Playground\Matrix\Api\Http\Controllers\Playground\RoadmapRouteTest" classname="Tests.Feature.Playground.Matrix.Api.Http.Controllers.Playground.RoadmapRouteTest" assertions="3" time="0.416557"/>
        <testcase name="test_json_unlock_with_admin_role_and_succeed" file="/app/vendor/gammamatrix/playground-test/src/Feature/Http/Controllers/Resource/Playground/UnlockJsonTrait.php" line="194" class="Tests\Feature\Playground\Matrix\Api\Http\Controllers\Playground\RoadmapRouteTest" classname="Tests.Feature.Playground.Matrix.Api.Http.Controllers.Playground.RoadmapRouteTest" assertions="93" time="0.477183"/>
      </testsuite>
      <testsuite name="Tests\Feature\Playground\Matrix\Api\Http\Controllers\Playground\SourceRouteTest" file="/app/tests/Feature/Http/Controllers/Playground/SourceRouteTest.php" tests="37" assertions="1295" errors="0" failures="0" skipped="0" time="15.704820">
        <testcase name="test_json_guest_cannot_get_info" file="/app/vendor/gammamatrix/playground-test/src/Feature/Http/Controllers/Resource/Playground/CreateJsonTrait.php" line="24" class="Tests\Feature\Playground\Matrix\Api\Http\Controllers\Playground\SourceRouteTest" classname="Tests.Feature.Playground.Matrix.Api.Http.Controllers.Playground.SourceRouteTest" assertions="1" time="0.394791"/>
        <testcase name="test_json_guest_cannot_render_create_view_requesting_json" file="/app/vendor/gammamatrix/playground-test/src/Feature/Http/Controllers/Resource/Playground/CreateJsonTrait.php" line="38" class="Tests\Feature\Playground\Matrix\Api\Http\Controllers\Playground\SourceRouteTest" classname="Tests.Feature.Playground.Matrix.Api.Http.Controllers.Playground.SourceRouteTest" assertions="2" time="0.376206"/>
        <testcase name="test_json_create_info_with_admin" file="/app/vendor/gammamatrix/playground-test/src/Feature/Http/Controllers/Resource/Playground/CreateJsonTrait.php" line="55" class="Tests\Feature\Playground\Matrix\Api\Http\Controllers\Playground\SourceRouteTest" classname="Tests.Feature.Playground.Matrix.Api.Http.Controllers.Playground.SourceRouteTest" assertions="93" time="0.462815"/>
        <testcase name="test_json_create_info_by_admin_with_invalid_parameter" file="/app/vendor/gammamatrix/playground-test/src/Feature/Http/Controllers/Resource/Playground/CreateJsonTrait.php" line="79" class="Tests\Feature\Playground\Matrix\Api\Http\Controllers\Playground\SourceRouteTest" classname="Tests.Feature.Playground.Matrix.Api.Http.Controllers.Playground.SourceRouteTest" assertions="4" time="0.397761"/>
        <testcase name="test_json_guest_cannot_destroy" file="/app/vendor/gammamatrix/playground-test/src/Feature/Http/Controllers/Resource/Playground/DestroyJsonTrait.php" line="14" class="Tests\Feature\Playground\Matrix\Api\Http\Controllers\Playground\SourceRouteTest" classname="Tests.Feature.Playground.Matrix.Api.Http.Controllers.Playground.SourceRouteTest" assertions="3" time="0.358989"/>
        <testcase name="test_json_destroy_as_admin_user_and_succeed" file="/app/vendor/gammamatrix/playground-test/src/Feature/Http/Controllers/Resource/Playground/DestroyJsonTrait.php" line="48" class="Tests\Feature\Playground\Matrix\Api\Http\Controllers\Playground\SourceRouteTest" classname="Tests.Feature.Playground.Matrix.Api.Http.Controllers.Playground.SourceRouteTest" assertions="5" time="0.364005"/>
        <testcase name="test_json_destroy_as_admin_user_and_succeed_with_force_delete" file="/app/vendor/gammamatrix/playground-test/src/Feature/Http/Controllers/Resource/Playground/DestroyJsonTrait.php" line="92" class="Tests\Feature\Playground\Matrix\Api\Http\Controllers\Playground\SourceRouteTest" classname="Tests.Feature.Playground.Matrix.Api.Http.Controllers.Playground.SourceRouteTest" assertions="4" time="0.394238"/>
        <testcase name="test_json_destroy_as_admin_user_using_json_and_succeed_with_no_content" file="/app/vendor/gammamatrix/playground-test/src/Feature/Http/Controllers/Resource/Playground/DestroyJsonTrait.php" line="132" class="Tests\Feature\Playground\Matrix\Api\Http\Controllers\Playground\SourceRouteTest" classname="Tests.Feature.Playground.Matrix.Api.Http.Controllers.Playground.SourceRouteTest" assertions="5" time="0.366312"/>
        <testcase name="test_json_destroy_as_admin_user_and_succeed_with_redirect_to_index_with_trash" file="/app/vendor/gammamatrix/playground-test/src/Feature/Http/Controllers/Resource/Playground/DestroyJsonTrait.php" line="177" class="Tests\Feature\Playground\Matrix\Api\Http\Controllers\Playground\SourceRouteTest" classname="Tests.Feature.Playground.Matrix.Api.Http.Controllers.Playground.SourceRouteTest" assertions="5" time="0.362166"/>
        <testcase name="test_json_destroy_with_user_role_and_get_denied_and_no_force_delete_allowed" file="/app/vendor/gammamatrix/playground-test/src/Feature/Http/Controllers/Resource/Playground/DestroyJsonTrait.php" line="235" class="Tests\Feature\Playground\Matrix\Api\Http\Controllers\Playground\SourceRouteTest" classname="Tests.Feature.Playground.Matrix.Api.Http.Controllers.Playground.SourceRouteTest" assertions="3" time="0.400016"/>
        <testcase name="test_json_destroy_with_admin_role_and_succeed" file="/app/vendor/gammamatrix/playground-test/src/Feature/Http/Controllers/Resource/Playground/DestroyJsonTrait.php" line="277" class="Tests\Feature\Playground\Matrix\Api\Http\Controllers\Playground\SourceRouteTest" classname="Tests.Feature.Playground.Matrix.Api.Http.Controllers.Playground.SourceRouteTest" assertions="5" time="0.361297"/>
        <testcase name="test_json_destroy_with_admin_role_and_succeed_with_force_delete" file="/app/vendor/gammamatrix/playground-test/src/Feature/Http/Controllers/Resource/Playground/DestroyJsonTrait.php" line="322" class="Tests\Feature\Playground\Matrix\Api\Http\Controllers\Playground\SourceRouteTest" classname="Tests.Feature.Playground.Matrix.Api.Http.Controllers.Playground.SourceRouteTest" assertions="4" time="0.414053"/>
        <testcase name="test_json_guest_cannot_render_edit_view" file="/app/vendor/gammamatrix/playground-test/src/Feature/Http/Controllers/Resource/Playground/EditJsonTrait.php" line="14" class="Tests\Feature\Playground\Matrix\Api\Http\Controllers\Playground\SourceRouteTest" classname="Tests.Feature.Playground.Matrix.Api.Http.Controllers.Playground.SourceRouteTest" assertions="1" time="0.370720"/>
        <testcase name="test_json_edit_as_admin_view_rendered_by_user_with_return_url" file="/app/vendor/gammamatrix/playground-test/src/Feature/Http/Controllers/Resource/Playground/EditJsonTrait.php" line="33" class="Tests\Feature\Playground\Matrix\Api\Http\Controllers\Playground\SourceRouteTest" classname="Tests.Feature.Playground.Matrix.Api.Http.Controllers.Playground.SourceRouteTest" assertions="4" time="0.372685"/>
        <testcase name="test_json_edit_as_admin_info_with_user" file="/app/vendor/gammamatrix/playground-test/src/Feature/Http/Controllers/Resource/Playground/EditJsonTrait.php" line="70" class="Tests\Feature\Playground\Matrix\Api\Http\Controllers\Playground\SourceRouteTest" classname="Tests.Feature.Playground.Matrix.Api.Http.Controllers.Playground.SourceRouteTest" assertions="4" time="0.412848"/>
        <testcase name="test_json_edit_as_admin_view_rendered_by_user_with_invalid_parameter" file="/app/vendor/gammamatrix/playground-test/src/Feature/Http/Controllers/Resource/Playground/EditJsonTrait.php" line="99" class="Tests\Feature\Playground\Matrix\Api\Http\Controllers\Playground\SourceRouteTest" classname="Tests.Feature.Playground.Matrix.Api.Http.Controllers.Playground.SourceRouteTest" assertions="4" time="0.369620"/>
        <testcase name="test_json_guest_cannot_render_index_view" file="/app/vendor/gammamatrix/playground-test/src/Feature/Http/Controllers/Resource/Playground/IndexJsonTrait.php" line="24" class="Tests\Feature\Playground\Matrix\Api\Http\Controllers\Playground\SourceRouteTest" classname="Tests.Feature.Playground.Matrix.Api.Http.Controllers.Playground.SourceRouteTest" assertions="1" time="0.391581"/>
        <testcase name="test_json_index_view_rendered_by_admin" file="/app/vendor/gammamatrix/playground-test/src/Feature/Http/Controllers/Resource/Playground/IndexJsonTrait.php" line="40" class="Tests\Feature\Playground\Matrix\Api\Http\Controllers\Playground\SourceRouteTest" classname="Tests.Feature.Playground.Matrix.Api.Http.Controllers.Playground.SourceRouteTest" assertions="98" time="0.580545"/>
        <testcase name="test_json_index_as_admin" file="/app/vendor/gammamatrix/playground-test/src/Feature/Http/Controllers/Resource/Playground/IndexJsonTrait.php" line="64" class="Tests\Feature\Playground\Matrix\Api\Http\Controllers\Playground\SourceRouteTest" classname="Tests.Feature.Playground.Matrix.Api.Http.Controllers.Playground.SourceRouteTest" assertions="98" time="0.543664"/>
        <testcase name="test_json_guest_cannot_lock" file="/app/vendor/gammamatrix/playground-test/src/Feature/Http/Controllers/Resource/Playground/LockJsonTrait.php" line="14" class="Tests\Feature\Playground\Matrix\Api\Http\Controllers\Playground\SourceRouteTest" classname="Tests.Feature.Playground.Matrix.Api.Http.Controllers.Playground.SourceRouteTest" assertions="3" time="0.388806"/>
        <testcase name="test_json_lock_as_admin_user_and_succeed" file="/app/vendor/gammamatrix/playground-test/src/Feature/Http/Controllers/Resource/Playground/LockJsonTrait.php" line="46" class="Tests\Feature\Playground\Matrix\Api\Http\Controllers\Playground\SourceRouteTest" classname="Tests.Feature.Playground.Matrix.Api.Http.Controllers.Playground.SourceRouteTest" assertions="3" time="0.369341"/>
        <testcase name="test_json_lock_as_admin_user_and_succeed_with_no_redirect" file="/app/vendor/gammamatrix/playground-test/src/Feature/Http/Controllers/Resource/Playground/LockJsonTrait.php" line="85" class="Tests\Feature\Playground\Matrix\Api\Http\Controllers\Playground\SourceRouteTest" classname="Tests.Feature.Playground.Matrix.Api.Http.Controllers.Playground.SourceRouteTest" assertions="93" time="0.509887"/>
        <testcase name="test_json_lock_with_user_role_and_get_denied" file="/app/vendor/gammamatrix/playground-test/src/Feature/Http/Controllers/Resource/Playground/LockJsonTrait.php" line="138" class="Tests\Feature\Playground\Matrix\Api\Http\Controllers\Playground\SourceRouteTest" classname="Tests.Feature.Playground.Matrix.Api.Http.Controllers.Playground.SourceRouteTest" assertions="3" time="0.364228"/>
        <testcase name="test_json_lock_with_admin_role_and_succeed" file="/app/vendor/gammamatrix/playground-test/src/Feature/Http/Controllers/Resource/Playground/LockJsonTrait.php" line="178" class="Tests\Feature\Playground\Matrix\Api\Http\Controllers\Playground\SourceRouteTest" classname="Tests.Feature.Playground.Matrix.Api.Http.Controllers.Playground.SourceRouteTest" assertions="93" time="0.520192"/>
        <testcase name="test_json_lock_with_admin_role_and_succeed_with_json" file="/app/vendor/gammamatrix/playground-test/src/Feature/Http/Controllers/Resource/Playground/LockJsonTrait.php" line="219" class="Tests\Feature\Playground\Matrix\Api\Http\Controllers\Playground\SourceRouteTest" classname="Tests.Feature.Playground.Matrix.Api.Http.Controllers.Playground.SourceRouteTest" assertions="93" time="0.475390"/>
        <testcase name="test_json_guest_cannot_restore" file="/app/vendor/gammamatrix/playground-test/src/Feature/Http/Controllers/Resource/Playground/RestoreJsonTrait.php" line="15" class="Tests\Feature\Playground\Matrix\Api\Http\Controllers\Playground\SourceRouteTest" classname="Tests.Feature.Playground.Matrix.Api.Http.Controllers.Playground.SourceRouteTest" assertions="3" time="0.362986"/>
        <testcase name="test_json_restore_as_admin_user_and_succeed" file="/app/vendor/gammamatrix/playground-test/src/Feature/Http/Controllers/Resource/Playground/RestoreJsonTrait.php" line="52" class="Tests\Feature\Playground\Matrix\Api\Http\Controllers\Playground\SourceRouteTest" classname="Tests.Feature.Playground.Matrix.Api.Http.Controllers.Playground.SourceRouteTest" assertions="93" time="0.527526"/>
        <testcase name="test_json_restore_as_admin_user_and_succeed_with_no_redirect" file="/app/vendor/gammamatrix/playground-test/src/Feature/Http/Controllers/Resource/Playground/RestoreJsonTrait.php" line="96" class="Tests\Feature\Playground\Matrix\Api\Http\Controllers\Playground\SourceRouteTest" classname="Tests.Feature.Playground.Matrix.Api.Http.Controllers.Playground.SourceRouteTest" assertions="93" time="0.478719"/>
        <testcase name="test_json_restore_with_user_role_and_get_denied" file="/app/vendor/gammamatrix/playground-test/src/Feature/Http/Controllers/Resource/Playground/RestoreJsonTrait.php" line="153" class="Tests\Feature\Playground\Matrix\Api\Http\Controllers\Playground\SourceRouteTest" classname="Tests.Feature.Playground.Matrix.Api.Http.Controllers.Playground.SourceRouteTest" assertions="3" time="0.405385"/>
        <testcase name="test_json_restore_with_admin_role_and_succeed" file="/app/vendor/gammamatrix/playground-test/src/Feature/Http/Controllers/Resource/Playground/RestoreJsonTrait.php" line="195" class="Tests\Feature\Playground\Matrix\Api\Http\Controllers\Playground\SourceRouteTest" classname="Tests.Feature.Playground.Matrix.Api.Http.Controllers.Playground.SourceRouteTest" assertions="93" time="0.486248"/>
        <testcase name="test_json_guest_cannot_see_info" file="/app/vendor/gammamatrix/playground-test/src/Feature/Http/Controllers/Resource/Playground/ShowJsonTrait.php" line="14" class="Tests\Feature\Playground\Matrix\Api\Http\Controllers\Playground\SourceRouteTest" classname="Tests.Feature.Playground.Matrix.Api.Http.Controllers.Playground.SourceRouteTest" assertions="1" time="0.403420"/>
        <testcase name="test_json_show_info_for_admin" file="/app/vendor/gammamatrix/playground-test/src/Feature/Http/Controllers/Resource/Playground/ShowJsonTrait.php" line="33" class="Tests\Feature\Playground\Matrix\Api\Http\Controllers\Playground\SourceRouteTest" classname="Tests.Feature.Playground.Matrix.Api.Http.Controllers.Playground.SourceRouteTest" assertions="92" time="0.476059"/>
        <testcase name="test_json_guest_cannot_unlock" file="/app/vendor/gammamatrix/playground-test/src/Feature/Http/Controllers/Resource/Playground/UnlockJsonTrait.php" line="14" class="Tests\Feature\Playground\Matrix\Api\Http\Controllers\Playground\SourceRouteTest" classname="Tests.Feature.Playground.Matrix.Api.Http.Controllers.Playground.SourceRouteTest" assertions="3" time="0.355035"/>
        <testcase name="test_json_unlock_as_admin_user_and_succeed" file="/app/vendor/gammamatrix/playground-test/src/Feature/Http/Controllers/Resource/Playground/UnlockJsonTrait.php" line="50" class="Tests\Feature\Playground\Matrix\Api\Http\Controllers\Playground\SourceRouteTest" classname="Tests.Feature.Playground.Matrix.Api.Http.Controllers.Playground.SourceRouteTest" assertions="93" time="0.527472"/>
        <testcase name="test_json_unlock_as_admin_user_and_succeed_with_no_redirect" file="/app/vendor/gammamatrix/playground-test/src/Feature/Http/Controllers/Resource/Playground/UnlockJsonTrait.php" line="94" class="Tests\Feature\Playground\Matrix\Api\Http\Controllers\Playground\SourceRouteTest" classname="Tests.Feature.Playground.Matrix.Api.Http.Controllers.Playground.SourceRouteTest" assertions="93" time="0.479181"/>
        <testcase name="test_json_unlock_with_user_role_and_get_denied" file="/app/vendor/gammamatrix/playground-test/src/Feature/Http/Controllers/Resource/Playground/UnlockJsonTrait.php" line="149" class="Tests\Feature\Playground\Matrix\Api\Http\Controllers\Playground\SourceRouteTest" classname="Tests.Feature.Playground.Matrix.Api.Http.Controllers.Playground.SourceRouteTest" assertions="3" time="0.403593"/>
        <testcase name="test_json_unlock_with_admin_role_and_succeed" file="/app/vendor/gammamatrix/playground-test/src/Feature/Http/Controllers/Resource/Playground/UnlockJsonTrait.php" line="194" class="Tests\Feature\Playground\Matrix\Api\Http\Controllers\Playground\SourceRouteTest" classname="Tests.Feature.Playground.Matrix.Api.Http.Controllers.Playground.SourceRouteTest" assertions="93" time="0.477041"/>
      </testsuite>
      <testsuite name="Tests\Feature\Playground\Matrix\Api\Http\Controllers\Playground\SprintRouteTest" file="/app/tests/Feature/Http/Controllers/Playground/SprintRouteTest.php" tests="37" assertions="1295" errors="0" failures="0" skipped="0" time="15.860310">
        <testcase name="test_json_guest_cannot_get_info" file="/app/vendor/gammamatrix/playground-test/src/Feature/Http/Controllers/Resource/Playground/CreateJsonTrait.php" line="24" class="Tests\Feature\Playground\Matrix\Api\Http\Controllers\Playground\SprintRouteTest" classname="Tests.Feature.Playground.Matrix.Api.Http.Controllers.Playground.SprintRouteTest" assertions="1" time="0.393182"/>
        <testcase name="test_json_guest_cannot_render_create_view_requesting_json" file="/app/vendor/gammamatrix/playground-test/src/Feature/Http/Controllers/Resource/Playground/CreateJsonTrait.php" line="38" class="Tests\Feature\Playground\Matrix\Api\Http\Controllers\Playground\SprintRouteTest" classname="Tests.Feature.Playground.Matrix.Api.Http.Controllers.Playground.SprintRouteTest" assertions="2" time="0.348534"/>
        <testcase name="test_json_create_info_with_admin" file="/app/vendor/gammamatrix/playground-test/src/Feature/Http/Controllers/Resource/Playground/CreateJsonTrait.php" line="55" class="Tests\Feature\Playground\Matrix\Api\Http\Controllers\Playground\SprintRouteTest" classname="Tests.Feature.Playground.Matrix.Api.Http.Controllers.Playground.SprintRouteTest" assertions="93" time="0.473999"/>
        <testcase name="test_json_create_info_by_admin_with_invalid_parameter" file="/app/vendor/gammamatrix/playground-test/src/Feature/Http/Controllers/Resource/Playground/CreateJsonTrait.php" line="79" class="Tests\Feature\Playground\Matrix\Api\Http\Controllers\Playground\SprintRouteTest" classname="Tests.Feature.Playground.Matrix.Api.Http.Controllers.Playground.SprintRouteTest" assertions="4" time="0.395444"/>
        <testcase name="test_json_guest_cannot_destroy" file="/app/vendor/gammamatrix/playground-test/src/Feature/Http/Controllers/Resource/Playground/DestroyJsonTrait.php" line="14" class="Tests\Feature\Playground\Matrix\Api\Http\Controllers\Playground\SprintRouteTest" classname="Tests.Feature.Playground.Matrix.Api.Http.Controllers.Playground.SprintRouteTest" assertions="3" time="0.359050"/>
        <testcase name="test_json_destroy_as_admin_user_and_succeed" file="/app/vendor/gammamatrix/playground-test/src/Feature/Http/Controllers/Resource/Playground/DestroyJsonTrait.php" line="48" class="Tests\Feature\Playground\Matrix\Api\Http\Controllers\Playground\SprintRouteTest" classname="Tests.Feature.Playground.Matrix.Api.Http.Controllers.Playground.SprintRouteTest" assertions="5" time="0.367075"/>
        <testcase name="test_json_destroy_as_admin_user_and_succeed_with_force_delete" file="/app/vendor/gammamatrix/playground-test/src/Feature/Http/Controllers/Resource/Playground/DestroyJsonTrait.php" line="92" class="Tests\Feature\Playground\Matrix\Api\Http\Controllers\Playground\SprintRouteTest" classname="Tests.Feature.Playground.Matrix.Api.Http.Controllers.Playground.SprintRouteTest" assertions="4" time="0.416337"/>
        <testcase name="test_json_destroy_as_admin_user_using_json_and_succeed_with_no_content" file="/app/vendor/gammamatrix/playground-test/src/Feature/Http/Controllers/Resource/Playground/DestroyJsonTrait.php" line="132" class="Tests\Feature\Playground\Matrix\Api\Http\Controllers\Playground\SprintRouteTest" classname="Tests.Feature.Playground.Matrix.Api.Http.Controllers.Playground.SprintRouteTest" assertions="5" time="0.364560"/>
        <testcase name="test_json_destroy_as_admin_user_and_succeed_with_redirect_to_index_with_trash" file="/app/vendor/gammamatrix/playground-test/src/Feature/Http/Controllers/Resource/Playground/DestroyJsonTrait.php" line="177" class="Tests\Feature\Playground\Matrix\Api\Http\Controllers\Playground\SprintRouteTest" classname="Tests.Feature.Playground.Matrix.Api.Http.Controllers.Playground.SprintRouteTest" assertions="5" time="0.368308"/>
        <testcase name="test_json_destroy_with_user_role_and_get_denied_and_no_force_delete_allowed" file="/app/vendor/gammamatrix/playground-test/src/Feature/Http/Controllers/Resource/Playground/DestroyJsonTrait.php" line="235" class="Tests\Feature\Playground\Matrix\Api\Http\Controllers\Playground\SprintRouteTest" classname="Tests.Feature.Playground.Matrix.Api.Http.Controllers.Playground.SprintRouteTest" assertions="3" time="0.392820"/>
        <testcase name="test_json_destroy_with_admin_role_and_succeed" file="/app/vendor/gammamatrix/playground-test/src/Feature/Http/Controllers/Resource/Playground/DestroyJsonTrait.php" line="277" class="Tests\Feature\Playground\Matrix\Api\Http\Controllers\Playground\SprintRouteTest" classname="Tests.Feature.Playground.Matrix.Api.Http.Controllers.Playground.SprintRouteTest" assertions="5" time="0.362591"/>
        <testcase name="test_json_destroy_with_admin_role_and_succeed_with_force_delete" file="/app/vendor/gammamatrix/playground-test/src/Feature/Http/Controllers/Resource/Playground/DestroyJsonTrait.php" line="322" class="Tests\Feature\Playground\Matrix\Api\Http\Controllers\Playground\SprintRouteTest" classname="Tests.Feature.Playground.Matrix.Api.Http.Controllers.Playground.SprintRouteTest" assertions="4" time="0.410844"/>
        <testcase name="test_json_guest_cannot_render_edit_view" file="/app/vendor/gammamatrix/playground-test/src/Feature/Http/Controllers/Resource/Playground/EditJsonTrait.php" line="14" class="Tests\Feature\Playground\Matrix\Api\Http\Controllers\Playground\SprintRouteTest" classname="Tests.Feature.Playground.Matrix.Api.Http.Controllers.Playground.SprintRouteTest" assertions="1" time="0.383042"/>
        <testcase name="test_json_edit_as_admin_view_rendered_by_user_with_return_url" file="/app/vendor/gammamatrix/playground-test/src/Feature/Http/Controllers/Resource/Playground/EditJsonTrait.php" line="33" class="Tests\Feature\Playground\Matrix\Api\Http\Controllers\Playground\SprintRouteTest" classname="Tests.Feature.Playground.Matrix.Api.Http.Controllers.Playground.SprintRouteTest" assertions="4" time="0.400529"/>
        <testcase name="test_json_edit_as_admin_info_with_user" file="/app/vendor/gammamatrix/playground-test/src/Feature/Http/Controllers/Resource/Playground/EditJsonTrait.php" line="70" class="Tests\Feature\Playground\Matrix\Api\Http\Controllers\Playground\SprintRouteTest" classname="Tests.Feature.Playground.Matrix.Api.Http.Controllers.Playground.SprintRouteTest" assertions="4" time="0.414865"/>
        <testcase name="test_json_edit_as_admin_view_rendered_by_user_with_invalid_parameter" file="/app/vendor/gammamatrix/playground-test/src/Feature/Http/Controllers/Resource/Playground/EditJsonTrait.php" line="99" class="Tests\Feature\Playground\Matrix\Api\Http\Controllers\Playground\SprintRouteTest" classname="Tests.Feature.Playground.Matrix.Api.Http.Controllers.Playground.SprintRouteTest" assertions="4" time="0.366009"/>
        <testcase name="test_json_guest_cannot_render_index_view" file="/app/vendor/gammamatrix/playground-test/src/Feature/Http/Controllers/Resource/Playground/IndexJsonTrait.php" line="24" class="Tests\Feature\Playground\Matrix\Api\Http\Controllers\Playground\SprintRouteTest" classname="Tests.Feature.Playground.Matrix.Api.Http.Controllers.Playground.SprintRouteTest" assertions="1" time="0.392781"/>
        <testcase name="test_json_index_view_rendered_by_admin" file="/app/vendor/gammamatrix/playground-test/src/Feature/Http/Controllers/Resource/Playground/IndexJsonTrait.php" line="40" class="Tests\Feature\Playground\Matrix\Api\Http\Controllers\Playground\SprintRouteTest" classname="Tests.Feature.Playground.Matrix.Api.Http.Controllers.Playground.SprintRouteTest" assertions="98" time="0.581496"/>
        <testcase name="test_json_index_as_admin" file="/app/vendor/gammamatrix/playground-test/src/Feature/Http/Controllers/Resource/Playground/IndexJsonTrait.php" line="64" class="Tests\Feature\Playground\Matrix\Api\Http\Controllers\Playground\SprintRouteTest" classname="Tests.Feature.Playground.Matrix.Api.Http.Controllers.Playground.SprintRouteTest" assertions="98" time="0.571935"/>
        <testcase name="test_json_guest_cannot_lock" file="/app/vendor/gammamatrix/playground-test/src/Feature/Http/Controllers/Resource/Playground/LockJsonTrait.php" line="14" class="Tests\Feature\Playground\Matrix\Api\Http\Controllers\Playground\SprintRouteTest" classname="Tests.Feature.Playground.Matrix.Api.Http.Controllers.Playground.SprintRouteTest" assertions="3" time="0.359661"/>
        <testcase name="test_json_lock_as_admin_user_and_succeed" file="/app/vendor/gammamatrix/playground-test/src/Feature/Http/Controllers/Resource/Playground/LockJsonTrait.php" line="46" class="Tests\Feature\Playground\Matrix\Api\Http\Controllers\Playground\SprintRouteTest" classname="Tests.Feature.Playground.Matrix.Api.Http.Controllers.Playground.SprintRouteTest" assertions="3" time="0.389004"/>
        <testcase name="test_json_lock_as_admin_user_and_succeed_with_no_redirect" file="/app/vendor/gammamatrix/playground-test/src/Feature/Http/Controllers/Resource/Playground/LockJsonTrait.php" line="85" class="Tests\Feature\Playground\Matrix\Api\Http\Controllers\Playground\SprintRouteTest" classname="Tests.Feature.Playground.Matrix.Api.Http.Controllers.Playground.SprintRouteTest" assertions="93" time="0.523361"/>
        <testcase name="test_json_lock_with_user_role_and_get_denied" file="/app/vendor/gammamatrix/playground-test/src/Feature/Http/Controllers/Resource/Playground/LockJsonTrait.php" line="138" class="Tests\Feature\Playground\Matrix\Api\Http\Controllers\Playground\SprintRouteTest" classname="Tests.Feature.Playground.Matrix.Api.Http.Controllers.Playground.SprintRouteTest" assertions="3" time="0.362326"/>
        <testcase name="test_json_lock_with_admin_role_and_succeed" file="/app/vendor/gammamatrix/playground-test/src/Feature/Http/Controllers/Resource/Playground/LockJsonTrait.php" line="178" class="Tests\Feature\Playground\Matrix\Api\Http\Controllers\Playground\SprintRouteTest" classname="Tests.Feature.Playground.Matrix.Api.Http.Controllers.Playground.SprintRouteTest" assertions="93" time="0.525001"/>
        <testcase name="test_json_lock_with_admin_role_and_succeed_with_json" file="/app/vendor/gammamatrix/playground-test/src/Feature/Http/Controllers/Resource/Playground/LockJsonTrait.php" line="219" class="Tests\Feature\Playground\Matrix\Api\Http\Controllers\Playground\SprintRouteTest" classname="Tests.Feature.Playground.Matrix.Api.Http.Controllers.Playground.SprintRouteTest" assertions="93" time="0.485846"/>
        <testcase name="test_json_guest_cannot_restore" file="/app/vendor/gammamatrix/playground-test/src/Feature/Http/Controllers/Resource/Playground/RestoreJsonTrait.php" line="15" class="Tests\Feature\Playground\Matrix\Api\Http\Controllers\Playground\SprintRouteTest" classname="Tests.Feature.Playground.Matrix.Api.Http.Controllers.Playground.SprintRouteTest" assertions="3" time="0.361788"/>
        <testcase name="test_json_restore_as_admin_user_and_succeed" file="/app/vendor/gammamatrix/playground-test/src/Feature/Http/Controllers/Resource/Playground/RestoreJsonTrait.php" line="52" class="Tests\Feature\Playground\Matrix\Api\Http\Controllers\Playground\SprintRouteTest" classname="Tests.Feature.Playground.Matrix.Api.Http.Controllers.Playground.SprintRouteTest" assertions="93" time="0.524806"/>
        <testcase name="test_json_restore_as_admin_user_and_succeed_with_no_redirect" file="/app/vendor/gammamatrix/playground-test/src/Feature/Http/Controllers/Resource/Playground/RestoreJsonTrait.php" line="96" class="Tests\Feature\Playground\Matrix\Api\Http\Controllers\Playground\SprintRouteTest" classname="Tests.Feature.Playground.Matrix.Api.Http.Controllers.Playground.SprintRouteTest" assertions="93" time="0.482851"/>
        <testcase name="test_json_restore_with_user_role_and_get_denied" file="/app/vendor/gammamatrix/playground-test/src/Feature/Http/Controllers/Resource/Playground/RestoreJsonTrait.php" line="153" class="Tests\Feature\Playground\Matrix\Api\Http\Controllers\Playground\SprintRouteTest" classname="Tests.Feature.Playground.Matrix.Api.Http.Controllers.Playground.SprintRouteTest" assertions="3" time="0.416179"/>
        <testcase name="test_json_restore_with_admin_role_and_succeed" file="/app/vendor/gammamatrix/playground-test/src/Feature/Http/Controllers/Resource/Playground/RestoreJsonTrait.php" line="195" class="Tests\Feature\Playground\Matrix\Api\Http\Controllers\Playground\SprintRouteTest" classname="Tests.Feature.Playground.Matrix.Api.Http.Controllers.Playground.SprintRouteTest" assertions="93" time="0.477890"/>
        <testcase name="test_json_guest_cannot_see_info" file="/app/vendor/gammamatrix/playground-test/src/Feature/Http/Controllers/Resource/Playground/ShowJsonTrait.php" line="14" class="Tests\Feature\Playground\Matrix\Api\Http\Controllers\Playground\SprintRouteTest" classname="Tests.Feature.Playground.Matrix.Api.Http.Controllers.Playground.SprintRouteTest" assertions="1" time="0.402246"/>
        <testcase name="test_json_show_info_for_admin" file="/app/vendor/gammamatrix/playground-test/src/Feature/Http/Controllers/Resource/Playground/ShowJsonTrait.php" line="33" class="Tests\Feature\Playground\Matrix\Api\Http\Controllers\Playground\SprintRouteTest" classname="Tests.Feature.Playground.Matrix.Api.Http.Controllers.Playground.SprintRouteTest" assertions="92" time="0.483814"/>
        <testcase name="test_json_guest_cannot_unlock" file="/app/vendor/gammamatrix/playground-test/src/Feature/Http/Controllers/Resource/Playground/UnlockJsonTrait.php" line="14" class="Tests\Feature\Playground\Matrix\Api\Http\Controllers\Playground\SprintRouteTest" classname="Tests.Feature.Playground.Matrix.Api.Http.Controllers.Playground.SprintRouteTest" assertions="3" time="0.365691"/>
        <testcase name="test_json_unlock_as_admin_user_and_succeed" file="/app/vendor/gammamatrix/playground-test/src/Feature/Http/Controllers/Resource/Playground/UnlockJsonTrait.php" line="50" class="Tests\Feature\Playground\Matrix\Api\Http\Controllers\Playground\SprintRouteTest" classname="Tests.Feature.Playground.Matrix.Api.Http.Controllers.Playground.SprintRouteTest" assertions="93" time="0.528359"/>
        <testcase name="test_json_unlock_as_admin_user_and_succeed_with_no_redirect" file="/app/vendor/gammamatrix/playground-test/src/Feature/Http/Controllers/Resource/Playground/UnlockJsonTrait.php" line="94" class="Tests\Feature\Playground\Matrix\Api\Http\Controllers\Playground\SprintRouteTest" classname="Tests.Feature.Playground.Matrix.Api.Http.Controllers.Playground.SprintRouteTest" assertions="93" time="0.475559"/>
        <testcase name="test_json_unlock_with_user_role_and_get_denied" file="/app/vendor/gammamatrix/playground-test/src/Feature/Http/Controllers/Resource/Playground/UnlockJsonTrait.php" line="149" class="Tests\Feature\Playground\Matrix\Api\Http\Controllers\Playground\SprintRouteTest" classname="Tests.Feature.Playground.Matrix.Api.Http.Controllers.Playground.SprintRouteTest" assertions="3" time="0.455371"/>
        <testcase name="test_json_unlock_with_admin_role_and_succeed" file="/app/vendor/gammamatrix/playground-test/src/Feature/Http/Controllers/Resource/Playground/UnlockJsonTrait.php" line="194" class="Tests\Feature\Playground\Matrix\Api\Http\Controllers\Playground\SprintRouteTest" classname="Tests.Feature.Playground.Matrix.Api.Http.Controllers.Playground.SprintRouteTest" assertions="93" time="0.477156"/>
      </testsuite>
      <testsuite name="Tests\Feature\Playground\Matrix\Api\Http\Controllers\Playground\TagRouteTest" file="/app/tests/Feature/Http/Controllers/Playground/TagRouteTest.php" tests="37" assertions="1295" errors="0" failures="0" skipped="0" time="15.920113">
        <testcase name="test_json_guest_cannot_get_info" file="/app/vendor/gammamatrix/playground-test/src/Feature/Http/Controllers/Resource/Playground/CreateJsonTrait.php" line="24" class="Tests\Feature\Playground\Matrix\Api\Http\Controllers\Playground\TagRouteTest" classname="Tests.Feature.Playground.Matrix.Api.Http.Controllers.Playground.TagRouteTest" assertions="1" time="0.448713"/>
        <testcase name="test_json_guest_cannot_render_create_view_requesting_json" file="/app/vendor/gammamatrix/playground-test/src/Feature/Http/Controllers/Resource/Playground/CreateJsonTrait.php" line="38" class="Tests\Feature\Playground\Matrix\Api\Http\Controllers\Playground\TagRouteTest" classname="Tests.Feature.Playground.Matrix.Api.Http.Controllers.Playground.TagRouteTest" assertions="2" time="0.344328"/>
        <testcase name="test_json_create_info_with_admin" file="/app/vendor/gammamatrix/playground-test/src/Feature/Http/Controllers/Resource/Playground/CreateJsonTrait.php" line="55" class="Tests\Feature\Playground\Matrix\Api\Http\Controllers\Playground\TagRouteTest" classname="Tests.Feature.Playground.Matrix.Api.Http.Controllers.Playground.TagRouteTest" assertions="93" time="0.519203"/>
        <testcase name="test_json_create_info_by_admin_with_invalid_parameter" file="/app/vendor/gammamatrix/playground-test/src/Feature/Http/Controllers/Resource/Playground/CreateJsonTrait.php" line="79" class="Tests\Feature\Playground\Matrix\Api\Http\Controllers\Playground\TagRouteTest" classname="Tests.Feature.Playground.Matrix.Api.Http.Controllers.Playground.TagRouteTest" assertions="4" time="0.361290"/>
        <testcase name="test_json_guest_cannot_destroy" file="/app/vendor/gammamatrix/playground-test/src/Feature/Http/Controllers/Resource/Playground/DestroyJsonTrait.php" line="14" class="Tests\Feature\Playground\Matrix\Api\Http\Controllers\Playground\TagRouteTest" classname="Tests.Feature.Playground.Matrix.Api.Http.Controllers.Playground.TagRouteTest" assertions="3" time="0.366379"/>
        <testcase name="test_json_destroy_as_admin_user_and_succeed" file="/app/vendor/gammamatrix/playground-test/src/Feature/Http/Controllers/Resource/Playground/DestroyJsonTrait.php" line="48" class="Tests\Feature\Playground\Matrix\Api\Http\Controllers\Playground\TagRouteTest" classname="Tests.Feature.Playground.Matrix.Api.Http.Controllers.Playground.TagRouteTest" assertions="5" time="0.422718"/>
        <testcase name="test_json_destroy_as_admin_user_and_succeed_with_force_delete" file="/app/vendor/gammamatrix/playground-test/src/Feature/Http/Controllers/Resource/Playground/DestroyJsonTrait.php" line="92" class="Tests\Feature\Playground\Matrix\Api\Http\Controllers\Playground\TagRouteTest" classname="Tests.Feature.Playground.Matrix.Api.Http.Controllers.Playground.TagRouteTest" assertions="4" time="0.362540"/>
        <testcase name="test_json_destroy_as_admin_user_using_json_and_succeed_with_no_content" file="/app/vendor/gammamatrix/playground-test/src/Feature/Http/Controllers/Resource/Playground/DestroyJsonTrait.php" line="132" class="Tests\Feature\Playground\Matrix\Api\Http\Controllers\Playground\TagRouteTest" classname="Tests.Feature.Playground.Matrix.Api.Http.Controllers.Playground.TagRouteTest" assertions="5" time="0.366857"/>
        <testcase name="test_json_destroy_as_admin_user_and_succeed_with_redirect_to_index_with_trash" file="/app/vendor/gammamatrix/playground-test/src/Feature/Http/Controllers/Resource/Playground/DestroyJsonTrait.php" line="177" class="Tests\Feature\Playground\Matrix\Api\Http\Controllers\Playground\TagRouteTest" classname="Tests.Feature.Playground.Matrix.Api.Http.Controllers.Playground.TagRouteTest" assertions="5" time="0.404699"/>
        <testcase name="test_json_destroy_with_user_role_and_get_denied_and_no_force_delete_allowed" file="/app/vendor/gammamatrix/playground-test/src/Feature/Http/Controllers/Resource/Playground/DestroyJsonTrait.php" line="235" class="Tests\Feature\Playground\Matrix\Api\Http\Controllers\Playground\TagRouteTest" classname="Tests.Feature.Playground.Matrix.Api.Http.Controllers.Playground.TagRouteTest" assertions="3" time="0.358143"/>
        <testcase name="test_json_destroy_with_admin_role_and_succeed" file="/app/vendor/gammamatrix/playground-test/src/Feature/Http/Controllers/Resource/Playground/DestroyJsonTrait.php" line="277" class="Tests\Feature\Playground\Matrix\Api\Http\Controllers\Playground\TagRouteTest" classname="Tests.Feature.Playground.Matrix.Api.Http.Controllers.Playground.TagRouteTest" assertions="5" time="0.369984"/>
        <testcase name="test_json_destroy_with_admin_role_and_succeed_with_force_delete" file="/app/vendor/gammamatrix/playground-test/src/Feature/Http/Controllers/Resource/Playground/DestroyJsonTrait.php" line="322" class="Tests\Feature\Playground\Matrix\Api\Http\Controllers\Playground\TagRouteTest" classname="Tests.Feature.Playground.Matrix.Api.Http.Controllers.Playground.TagRouteTest" assertions="4" time="0.420062"/>
        <testcase name="test_json_guest_cannot_render_edit_view" file="/app/vendor/gammamatrix/playground-test/src/Feature/Http/Controllers/Resource/Playground/EditJsonTrait.php" line="14" class="Tests\Feature\Playground\Matrix\Api\Http\Controllers\Playground\TagRouteTest" classname="Tests.Feature.Playground.Matrix.Api.Http.Controllers.Playground.TagRouteTest" assertions="1" time="0.373132"/>
        <testcase name="test_json_edit_as_admin_view_rendered_by_user_with_return_url" file="/app/vendor/gammamatrix/playground-test/src/Feature/Http/Controllers/Resource/Playground/EditJsonTrait.php" line="33" class="Tests\Feature\Playground\Matrix\Api\Http\Controllers\Playground\TagRouteTest" classname="Tests.Feature.Playground.Matrix.Api.Http.Controllers.Playground.TagRouteTest" assertions="4" time="0.421446"/>
        <testcase name="test_json_edit_as_admin_info_with_user" file="/app/vendor/gammamatrix/playground-test/src/Feature/Http/Controllers/Resource/Playground/EditJsonTrait.php" line="70" class="Tests\Feature\Playground\Matrix\Api\Http\Controllers\Playground\TagRouteTest" classname="Tests.Feature.Playground.Matrix.Api.Http.Controllers.Playground.TagRouteTest" assertions="4" time="0.387094"/>
        <testcase name="test_json_edit_as_admin_view_rendered_by_user_with_invalid_parameter" file="/app/vendor/gammamatrix/playground-test/src/Feature/Http/Controllers/Resource/Playground/EditJsonTrait.php" line="99" class="Tests\Feature\Playground\Matrix\Api\Http\Controllers\Playground\TagRouteTest" classname="Tests.Feature.Playground.Matrix.Api.Http.Controllers.Playground.TagRouteTest" assertions="4" time="0.370852"/>
        <testcase name="test_json_guest_cannot_render_index_view" file="/app/vendor/gammamatrix/playground-test/src/Feature/Http/Controllers/Resource/Playground/IndexJsonTrait.php" line="24" class="Tests\Feature\Playground\Matrix\Api\Http\Controllers\Playground\TagRouteTest" classname="Tests.Feature.Playground.Matrix.Api.Http.Controllers.Playground.TagRouteTest" assertions="1" time="0.448288"/>
        <testcase name="test_json_index_view_rendered_by_admin" file="/app/vendor/gammamatrix/playground-test/src/Feature/Http/Controllers/Resource/Playground/IndexJsonTrait.php" line="40" class="Tests\Feature\Playground\Matrix\Api\Http\Controllers\Playground\TagRouteTest" classname="Tests.Feature.Playground.Matrix.Api.Http.Controllers.Playground.TagRouteTest" assertions="98" time="0.534859"/>
        <testcase name="test_json_index_as_admin" file="/app/vendor/gammamatrix/playground-test/src/Feature/Http/Controllers/Resource/Playground/IndexJsonTrait.php" line="64" class="Tests\Feature\Playground\Matrix\Api\Http\Controllers\Playground\TagRouteTest" classname="Tests.Feature.Playground.Matrix.Api.Http.Controllers.Playground.TagRouteTest" assertions="98" time="0.581983"/>
        <testcase name="test_json_guest_cannot_lock" file="/app/vendor/gammamatrix/playground-test/src/Feature/Http/Controllers/Resource/Playground/LockJsonTrait.php" line="14" class="Tests\Feature\Playground\Matrix\Api\Http\Controllers\Playground\TagRouteTest" classname="Tests.Feature.Playground.Matrix.Api.Http.Controllers.Playground.TagRouteTest" assertions="3" time="0.362501"/>
        <testcase name="test_json_lock_as_admin_user_and_succeed" file="/app/vendor/gammamatrix/playground-test/src/Feature/Http/Controllers/Resource/Playground/LockJsonTrait.php" line="46" class="Tests\Feature\Playground\Matrix\Api\Http\Controllers\Playground\TagRouteTest" classname="Tests.Feature.Playground.Matrix.Api.Http.Controllers.Playground.TagRouteTest" assertions="3" time="0.376942"/>
        <testcase name="test_json_lock_as_admin_user_and_succeed_with_no_redirect" file="/app/vendor/gammamatrix/playground-test/src/Feature/Http/Controllers/Resource/Playground/LockJsonTrait.php" line="85" class="Tests\Feature\Playground\Matrix\Api\Http\Controllers\Playground\TagRouteTest" classname="Tests.Feature.Playground.Matrix.Api.Http.Controllers.Playground.TagRouteTest" assertions="93" time="0.515889"/>
        <testcase name="test_json_lock_with_user_role_and_get_denied" file="/app/vendor/gammamatrix/playground-test/src/Feature/Http/Controllers/Resource/Playground/LockJsonTrait.php" line="138" class="Tests\Feature\Playground\Matrix\Api\Http\Controllers\Playground\TagRouteTest" classname="Tests.Feature.Playground.Matrix.Api.Http.Controllers.Playground.TagRouteTest" assertions="3" time="0.364999"/>
        <testcase name="test_json_lock_with_admin_role_and_succeed" file="/app/vendor/gammamatrix/playground-test/src/Feature/Http/Controllers/Resource/Playground/LockJsonTrait.php" line="178" class="Tests\Feature\Playground\Matrix\Api\Http\Controllers\Playground\TagRouteTest" classname="Tests.Feature.Playground.Matrix.Api.Http.Controllers.Playground.TagRouteTest" assertions="93" time="0.528719"/>
        <testcase name="test_json_lock_with_admin_role_and_succeed_with_json" file="/app/vendor/gammamatrix/playground-test/src/Feature/Http/Controllers/Resource/Playground/LockJsonTrait.php" line="219" class="Tests\Feature\Playground\Matrix\Api\Http\Controllers\Playground\TagRouteTest" classname="Tests.Feature.Playground.Matrix.Api.Http.Controllers.Playground.TagRouteTest" assertions="93" time="0.478399"/>
        <testcase name="test_json_guest_cannot_restore" file="/app/vendor/gammamatrix/playground-test/src/Feature/Http/Controllers/Resource/Playground/RestoreJsonTrait.php" line="15" class="Tests\Feature\Playground\Matrix\Api\Http\Controllers\Playground\TagRouteTest" classname="Tests.Feature.Playground.Matrix.Api.Http.Controllers.Playground.TagRouteTest" assertions="3" time="0.414593"/>
        <testcase name="test_json_restore_as_admin_user_and_succeed" file="/app/vendor/gammamatrix/playground-test/src/Feature/Http/Controllers/Resource/Playground/RestoreJsonTrait.php" line="52" class="Tests\Feature\Playground\Matrix\Api\Http\Controllers\Playground\TagRouteTest" classname="Tests.Feature.Playground.Matrix.Api.Http.Controllers.Playground.TagRouteTest" assertions="93" time="0.485378"/>
        <testcase name="test_json_restore_as_admin_user_and_succeed_with_no_redirect" file="/app/vendor/gammamatrix/playground-test/src/Feature/Http/Controllers/Resource/Playground/RestoreJsonTrait.php" line="96" class="Tests\Feature\Playground\Matrix\Api\Http\Controllers\Playground\TagRouteTest" classname="Tests.Feature.Playground.Matrix.Api.Http.Controllers.Playground.TagRouteTest" assertions="93" time="0.509895"/>
        <testcase name="test_json_restore_with_user_role_and_get_denied" file="/app/vendor/gammamatrix/playground-test/src/Feature/Http/Controllers/Resource/Playground/RestoreJsonTrait.php" line="153" class="Tests\Feature\Playground\Matrix\Api\Http\Controllers\Playground\TagRouteTest" classname="Tests.Feature.Playground.Matrix.Api.Http.Controllers.Playground.TagRouteTest" assertions="3" time="0.361876"/>
        <testcase name="test_json_restore_with_admin_role_and_succeed" file="/app/vendor/gammamatrix/playground-test/src/Feature/Http/Controllers/Resource/Playground/RestoreJsonTrait.php" line="195" class="Tests\Feature\Playground\Matrix\Api\Http\Controllers\Playground\TagRouteTest" classname="Tests.Feature.Playground.Matrix.Api.Http.Controllers.Playground.TagRouteTest" assertions="93" time="0.485128"/>
        <testcase name="test_json_guest_cannot_see_info" file="/app/vendor/gammamatrix/playground-test/src/Feature/Http/Controllers/Resource/Playground/ShowJsonTrait.php" line="14" class="Tests\Feature\Playground\Matrix\Api\Http\Controllers\Playground\TagRouteTest" classname="Tests.Feature.Playground.Matrix.Api.Http.Controllers.Playground.TagRouteTest" assertions="1" time="0.417286"/>
        <testcase name="test_json_show_info_for_admin" file="/app/vendor/gammamatrix/playground-test/src/Feature/Http/Controllers/Resource/Playground/ShowJsonTrait.php" line="33" class="Tests\Feature\Playground\Matrix\Api\Http\Controllers\Playground\TagRouteTest" classname="Tests.Feature.Playground.Matrix.Api.Http.Controllers.Playground.TagRouteTest" assertions="92" time="0.477875"/>
        <testcase name="test_json_guest_cannot_unlock" file="/app/vendor/gammamatrix/playground-test/src/Feature/Http/Controllers/Resource/Playground/UnlockJsonTrait.php" line="14" class="Tests\Feature\Playground\Matrix\Api\Http\Controllers\Playground\TagRouteTest" classname="Tests.Feature.Playground.Matrix.Api.Http.Controllers.Playground.TagRouteTest" assertions="3" time="0.419403"/>
        <testcase name="test_json_unlock_as_admin_user_and_succeed" file="/app/vendor/gammamatrix/playground-test/src/Feature/Http/Controllers/Resource/Playground/UnlockJsonTrait.php" line="50" class="Tests\Feature\Playground\Matrix\Api\Http\Controllers\Playground\TagRouteTest" classname="Tests.Feature.Playground.Matrix.Api.Http.Controllers.Playground.TagRouteTest" assertions="93" time="0.483295"/>
        <testcase name="test_json_unlock_as_admin_user_and_succeed_with_no_redirect" file="/app/vendor/gammamatrix/playground-test/src/Feature/Http/Controllers/Resource/Playground/UnlockJsonTrait.php" line="94" class="Tests\Feature\Playground\Matrix\Api\Http\Controllers\Playground\TagRouteTest" classname="Tests.Feature.Playground.Matrix.Api.Http.Controllers.Playground.TagRouteTest" assertions="93" time="0.520739"/>
        <testcase name="test_json_unlock_with_user_role_and_get_denied" file="/app/vendor/gammamatrix/playground-test/src/Feature/Http/Controllers/Resource/Playground/UnlockJsonTrait.php" line="149" class="Tests\Feature\Playground\Matrix\Api\Http\Controllers\Playground\TagRouteTest" classname="Tests.Feature.Playground.Matrix.Api.Http.Controllers.Playground.TagRouteTest" assertions="3" time="0.362610"/>
        <testcase name="test_json_unlock_with_admin_role_and_succeed" file="/app/vendor/gammamatrix/playground-test/src/Feature/Http/Controllers/Resource/Playground/UnlockJsonTrait.php" line="194" class="Tests\Feature\Playground\Matrix\Api\Http\Controllers\Playground\TagRouteTest" classname="Tests.Feature.Playground.Matrix.Api.Http.Controllers.Playground.TagRouteTest" assertions="93" time="0.492016"/>
      </testsuite>
      <testsuite name="Tests\Feature\Playground\Matrix\Api\Http\Controllers\Playground\TeamRouteTest" file="/app/tests/Feature/Http/Controllers/Playground/TeamRouteTest.php" tests="37" assertions="1295" errors="0" failures="0" skipped="0" time="15.924668">
        <testcase name="test_json_guest_cannot_get_info" file="/app/vendor/gammamatrix/playground-test/src/Feature/Http/Controllers/Resource/Playground/CreateJsonTrait.php" line="24" class="Tests\Feature\Playground\Matrix\Api\Http\Controllers\Playground\TeamRouteTest" classname="Tests.Feature.Playground.Matrix.Api.Http.Controllers.Playground.TeamRouteTest" assertions="1" time="0.434235"/>
        <testcase name="test_json_guest_cannot_render_create_view_requesting_json" file="/app/vendor/gammamatrix/playground-test/src/Feature/Http/Controllers/Resource/Playground/CreateJsonTrait.php" line="38" class="Tests\Feature\Playground\Matrix\Api\Http\Controllers\Playground\TeamRouteTest" classname="Tests.Feature.Playground.Matrix.Api.Http.Controllers.Playground.TeamRouteTest" assertions="2" time="0.347838"/>
        <testcase name="test_json_create_info_with_admin" file="/app/vendor/gammamatrix/playground-test/src/Feature/Http/Controllers/Resource/Playground/CreateJsonTrait.php" line="55" class="Tests\Feature\Playground\Matrix\Api\Http\Controllers\Playground\TeamRouteTest" classname="Tests.Feature.Playground.Matrix.Api.Http.Controllers.Playground.TeamRouteTest" assertions="93" time="0.539822"/>
        <testcase name="test_json_create_info_by_admin_with_invalid_parameter" file="/app/vendor/gammamatrix/playground-test/src/Feature/Http/Controllers/Resource/Playground/CreateJsonTrait.php" line="79" class="Tests\Feature\Playground\Matrix\Api\Http\Controllers\Playground\TeamRouteTest" classname="Tests.Feature.Playground.Matrix.Api.Http.Controllers.Playground.TeamRouteTest" assertions="4" time="0.362182"/>
        <testcase name="test_json_guest_cannot_destroy" file="/app/vendor/gammamatrix/playground-test/src/Feature/Http/Controllers/Resource/Playground/DestroyJsonTrait.php" line="14" class="Tests\Feature\Playground\Matrix\Api\Http\Controllers\Playground\TeamRouteTest" classname="Tests.Feature.Playground.Matrix.Api.Http.Controllers.Playground.TeamRouteTest" assertions="3" time="0.362384"/>
        <testcase name="test_json_destroy_as_admin_user_and_succeed" file="/app/vendor/gammamatrix/playground-test/src/Feature/Http/Controllers/Resource/Playground/DestroyJsonTrait.php" line="48" class="Tests\Feature\Playground\Matrix\Api\Http\Controllers\Playground\TeamRouteTest" classname="Tests.Feature.Playground.Matrix.Api.Http.Controllers.Playground.TeamRouteTest" assertions="5" time="0.415647"/>
        <testcase name="test_json_destroy_as_admin_user_and_succeed_with_force_delete" file="/app/vendor/gammamatrix/playground-test/src/Feature/Http/Controllers/Resource/Playground/DestroyJsonTrait.php" line="92" class="Tests\Feature\Playground\Matrix\Api\Http\Controllers\Playground\TeamRouteTest" classname="Tests.Feature.Playground.Matrix.Api.Http.Controllers.Playground.TeamRouteTest" assertions="4" time="0.364268"/>
        <testcase name="test_json_destroy_as_admin_user_using_json_and_succeed_with_no_content" file="/app/vendor/gammamatrix/playground-test/src/Feature/Http/Controllers/Resource/Playground/DestroyJsonTrait.php" line="132" class="Tests\Feature\Playground\Matrix\Api\Http\Controllers\Playground\TeamRouteTest" classname="Tests.Feature.Playground.Matrix.Api.Http.Controllers.Playground.TeamRouteTest" assertions="5" time="0.407616"/>
        <testcase name="test_json_destroy_as_admin_user_and_succeed_with_redirect_to_index_with_trash" file="/app/vendor/gammamatrix/playground-test/src/Feature/Http/Controllers/Resource/Playground/DestroyJsonTrait.php" line="177" class="Tests\Feature\Playground\Matrix\Api\Http\Controllers\Playground\TeamRouteTest" classname="Tests.Feature.Playground.Matrix.Api.Http.Controllers.Playground.TeamRouteTest" assertions="5" time="0.374862"/>
        <testcase name="test_json_destroy_with_user_role_and_get_denied_and_no_force_delete_allowed" file="/app/vendor/gammamatrix/playground-test/src/Feature/Http/Controllers/Resource/Playground/DestroyJsonTrait.php" line="235" class="Tests\Feature\Playground\Matrix\Api\Http\Controllers\Playground\TeamRouteTest" classname="Tests.Feature.Playground.Matrix.Api.Http.Controllers.Playground.TeamRouteTest" assertions="3" time="0.364767"/>
        <testcase name="test_json_destroy_with_admin_role_and_succeed" file="/app/vendor/gammamatrix/playground-test/src/Feature/Http/Controllers/Resource/Playground/DestroyJsonTrait.php" line="277" class="Tests\Feature\Playground\Matrix\Api\Http\Controllers\Playground\TeamRouteTest" classname="Tests.Feature.Playground.Matrix.Api.Http.Controllers.Playground.TeamRouteTest" assertions="5" time="0.397787"/>
        <testcase name="test_json_destroy_with_admin_role_and_succeed_with_force_delete" file="/app/vendor/gammamatrix/playground-test/src/Feature/Http/Controllers/Resource/Playground/DestroyJsonTrait.php" line="322" class="Tests\Feature\Playground\Matrix\Api\Http\Controllers\Playground\TeamRouteTest" classname="Tests.Feature.Playground.Matrix.Api.Http.Controllers.Playground.TeamRouteTest" assertions="4" time="0.364687"/>
        <testcase name="test_json_guest_cannot_render_edit_view" file="/app/vendor/gammamatrix/playground-test/src/Feature/Http/Controllers/Resource/Playground/EditJsonTrait.php" line="14" class="Tests\Feature\Playground\Matrix\Api\Http\Controllers\Playground\TeamRouteTest" classname="Tests.Feature.Playground.Matrix.Api.Http.Controllers.Playground.TeamRouteTest" assertions="1" time="0.376518"/>
        <testcase name="test_json_edit_as_admin_view_rendered_by_user_with_return_url" file="/app/vendor/gammamatrix/playground-test/src/Feature/Http/Controllers/Resource/Playground/EditJsonTrait.php" line="33" class="Tests\Feature\Playground\Matrix\Api\Http\Controllers\Playground\TeamRouteTest" classname="Tests.Feature.Playground.Matrix.Api.Http.Controllers.Playground.TeamRouteTest" assertions="4" time="0.419388"/>
        <testcase name="test_json_edit_as_admin_info_with_user" file="/app/vendor/gammamatrix/playground-test/src/Feature/Http/Controllers/Resource/Playground/EditJsonTrait.php" line="70" class="Tests\Feature\Playground\Matrix\Api\Http\Controllers\Playground\TeamRouteTest" classname="Tests.Feature.Playground.Matrix.Api.Http.Controllers.Playground.TeamRouteTest" assertions="4" time="0.376891"/>
        <testcase name="test_json_edit_as_admin_view_rendered_by_user_with_invalid_parameter" file="/app/vendor/gammamatrix/playground-test/src/Feature/Http/Controllers/Resource/Playground/EditJsonTrait.php" line="99" class="Tests\Feature\Playground\Matrix\Api\Http\Controllers\Playground\TeamRouteTest" classname="Tests.Feature.Playground.Matrix.Api.Http.Controllers.Playground.TeamRouteTest" assertions="4" time="0.372433"/>
        <testcase name="test_json_guest_cannot_render_index_view" file="/app/vendor/gammamatrix/playground-test/src/Feature/Http/Controllers/Resource/Playground/IndexJsonTrait.php" line="24" class="Tests\Feature\Playground\Matrix\Api\Http\Controllers\Playground\TeamRouteTest" classname="Tests.Feature.Playground.Matrix.Api.Http.Controllers.Playground.TeamRouteTest" assertions="1" time="0.445412"/>
        <testcase name="test_json_index_view_rendered_by_admin" file="/app/vendor/gammamatrix/playground-test/src/Feature/Http/Controllers/Resource/Playground/IndexJsonTrait.php" line="40" class="Tests\Feature\Playground\Matrix\Api\Http\Controllers\Playground\TeamRouteTest" classname="Tests.Feature.Playground.Matrix.Api.Http.Controllers.Playground.TeamRouteTest" assertions="98" time="0.540252"/>
        <testcase name="test_json_index_as_admin" file="/app/vendor/gammamatrix/playground-test/src/Feature/Http/Controllers/Resource/Playground/IndexJsonTrait.php" line="64" class="Tests\Feature\Playground\Matrix\Api\Http\Controllers\Playground\TeamRouteTest" classname="Tests.Feature.Playground.Matrix.Api.Http.Controllers.Playground.TeamRouteTest" assertions="98" time="0.571837"/>
        <testcase name="test_json_guest_cannot_lock" file="/app/vendor/gammamatrix/playground-test/src/Feature/Http/Controllers/Resource/Playground/LockJsonTrait.php" line="14" class="Tests\Feature\Playground\Matrix\Api\Http\Controllers\Playground\TeamRouteTest" classname="Tests.Feature.Playground.Matrix.Api.Http.Controllers.Playground.TeamRouteTest" assertions="3" time="0.365655"/>
        <testcase name="test_json_lock_as_admin_user_and_succeed" file="/app/vendor/gammamatrix/playground-test/src/Feature/Http/Controllers/Resource/Playground/LockJsonTrait.php" line="46" class="Tests\Feature\Playground\Matrix\Api\Http\Controllers\Playground\TeamRouteTest" classname="Tests.Feature.Playground.Matrix.Api.Http.Controllers.Playground.TeamRouteTest" assertions="3" time="0.423174"/>
        <testcase name="test_json_lock_as_admin_user_and_succeed_with_no_redirect" file="/app/vendor/gammamatrix/playground-test/src/Feature/Http/Controllers/Resource/Playground/LockJsonTrait.php" line="85" class="Tests\Feature\Playground\Matrix\Api\Http\Controllers\Playground\TeamRouteTest" classname="Tests.Feature.Playground.Matrix.Api.Http.Controllers.Playground.TeamRouteTest" assertions="93" time="0.483153"/>
        <testcase name="test_json_lock_with_user_role_and_get_denied" file="/app/vendor/gammamatrix/playground-test/src/Feature/Http/Controllers/Resource/Playground/LockJsonTrait.php" line="138" class="Tests\Feature\Playground\Matrix\Api\Http\Controllers\Playground\TeamRouteTest" classname="Tests.Feature.Playground.Matrix.Api.Http.Controllers.Playground.TeamRouteTest" assertions="3" time="0.415900"/>
        <testcase name="test_json_lock_with_admin_role_and_succeed" file="/app/vendor/gammamatrix/playground-test/src/Feature/Http/Controllers/Resource/Playground/LockJsonTrait.php" line="178" class="Tests\Feature\Playground\Matrix\Api\Http\Controllers\Playground\TeamRouteTest" classname="Tests.Feature.Playground.Matrix.Api.Http.Controllers.Playground.TeamRouteTest" assertions="93" time="0.478715"/>
        <testcase name="test_json_lock_with_admin_role_and_succeed_with_json" file="/app/vendor/gammamatrix/playground-test/src/Feature/Http/Controllers/Resource/Playground/LockJsonTrait.php" line="219" class="Tests\Feature\Playground\Matrix\Api\Http\Controllers\Playground\TeamRouteTest" classname="Tests.Feature.Playground.Matrix.Api.Http.Controllers.Playground.TeamRouteTest" assertions="93" time="0.481503"/>
        <testcase name="test_json_guest_cannot_restore" file="/app/vendor/gammamatrix/playground-test/src/Feature/Http/Controllers/Resource/Playground/RestoreJsonTrait.php" line="15" class="Tests\Feature\Playground\Matrix\Api\Http\Controllers\Playground\TeamRouteTest" classname="Tests.Feature.Playground.Matrix.Api.Http.Controllers.Playground.TeamRouteTest" assertions="3" time="0.394497"/>
        <testcase name="test_json_restore_as_admin_user_and_succeed" file="/app/vendor/gammamatrix/playground-test/src/Feature/Http/Controllers/Resource/Playground/RestoreJsonTrait.php" line="52" class="Tests\Feature\Playground\Matrix\Api\Http\Controllers\Playground\TeamRouteTest" classname="Tests.Feature.Playground.Matrix.Api.Http.Controllers.Playground.TeamRouteTest" assertions="93" time="0.485920"/>
        <testcase name="test_json_restore_as_admin_user_and_succeed_with_no_redirect" file="/app/vendor/gammamatrix/playground-test/src/Feature/Http/Controllers/Resource/Playground/RestoreJsonTrait.php" line="96" class="Tests\Feature\Playground\Matrix\Api\Http\Controllers\Playground\TeamRouteTest" classname="Tests.Feature.Playground.Matrix.Api.Http.Controllers.Playground.TeamRouteTest" assertions="93" time="0.538472"/>
        <testcase name="test_json_restore_with_user_role_and_get_denied" file="/app/vendor/gammamatrix/playground-test/src/Feature/Http/Controllers/Resource/Playground/RestoreJsonTrait.php" line="153" class="Tests\Feature\Playground\Matrix\Api\Http\Controllers\Playground\TeamRouteTest" classname="Tests.Feature.Playground.Matrix.Api.Http.Controllers.Playground.TeamRouteTest" assertions="3" time="0.366258"/>
        <testcase name="test_json_restore_with_admin_role_and_succeed" file="/app/vendor/gammamatrix/playground-test/src/Feature/Http/Controllers/Resource/Playground/RestoreJsonTrait.php" line="195" class="Tests\Feature\Playground\Matrix\Api\Http\Controllers\Playground\TeamRouteTest" classname="Tests.Feature.Playground.Matrix.Api.Http.Controllers.Playground.TeamRouteTest" assertions="93" time="0.525612"/>
        <testcase name="test_json_guest_cannot_see_info" file="/app/vendor/gammamatrix/playground-test/src/Feature/Http/Controllers/Resource/Playground/ShowJsonTrait.php" line="14" class="Tests\Feature\Playground\Matrix\Api\Http\Controllers\Playground\TeamRouteTest" classname="Tests.Feature.Playground.Matrix.Api.Http.Controllers.Playground.TeamRouteTest" assertions="1" time="0.355727"/>
        <testcase name="test_json_show_info_for_admin" file="/app/vendor/gammamatrix/playground-test/src/Feature/Http/Controllers/Resource/Playground/ShowJsonTrait.php" line="33" class="Tests\Feature\Playground\Matrix\Api\Http\Controllers\Playground\TeamRouteTest" classname="Tests.Feature.Playground.Matrix.Api.Http.Controllers.Playground.TeamRouteTest" assertions="92" time="0.475588"/>
        <testcase name="test_json_guest_cannot_unlock" file="/app/vendor/gammamatrix/playground-test/src/Feature/Http/Controllers/Resource/Playground/UnlockJsonTrait.php" line="14" class="Tests\Feature\Playground\Matrix\Api\Http\Controllers\Playground\TeamRouteTest" classname="Tests.Feature.Playground.Matrix.Api.Http.Controllers.Playground.TeamRouteTest" assertions="3" time="0.420219"/>
        <testcase name="test_json_unlock_as_admin_user_and_succeed" file="/app/vendor/gammamatrix/playground-test/src/Feature/Http/Controllers/Resource/Playground/UnlockJsonTrait.php" line="50" class="Tests\Feature\Playground\Matrix\Api\Http\Controllers\Playground\TeamRouteTest" classname="Tests.Feature.Playground.Matrix.Api.Http.Controllers.Playground.TeamRouteTest" assertions="93" time="0.475474"/>
        <testcase name="test_json_unlock_as_admin_user_and_succeed_with_no_redirect" file="/app/vendor/gammamatrix/playground-test/src/Feature/Http/Controllers/Resource/Playground/UnlockJsonTrait.php" line="94" class="Tests\Feature\Playground\Matrix\Api\Http\Controllers\Playground\TeamRouteTest" classname="Tests.Feature.Playground.Matrix.Api.Http.Controllers.Playground.TeamRouteTest" assertions="93" time="0.518427"/>
        <testcase name="test_json_unlock_with_user_role_and_get_denied" file="/app/vendor/gammamatrix/playground-test/src/Feature/Http/Controllers/Resource/Playground/UnlockJsonTrait.php" line="149" class="Tests\Feature\Playground\Matrix\Api\Http\Controllers\Playground\TeamRouteTest" classname="Tests.Feature.Playground.Matrix.Api.Http.Controllers.Playground.TeamRouteTest" assertions="3" time="0.365364"/>
        <testcase name="test_json_unlock_with_admin_role_and_succeed" file="/app/vendor/gammamatrix/playground-test/src/Feature/Http/Controllers/Resource/Playground/UnlockJsonTrait.php" line="194" class="Tests\Feature\Playground\Matrix\Api\Http\Controllers\Playground\TeamRouteTest" classname="Tests.Feature.Playground.Matrix.Api.Http.Controllers.Playground.TeamRouteTest" assertions="93" time="0.516182"/>
      </testsuite>
      <testsuite name="Tests\Feature\Playground\Matrix\Api\Http\Controllers\Playground\TicketRouteTest" file="/app/tests/Feature/Http/Controllers/Playground/TicketRouteTest.php" tests="37" assertions="1295" errors="0" failures="0" skipped="0" time="16.602559">
        <testcase name="test_json_guest_cannot_get_info" file="/app/vendor/gammamatrix/playground-test/src/Feature/Http/Controllers/Resource/Playground/CreateJsonTrait.php" line="24" class="Tests\Feature\Playground\Matrix\Api\Http\Controllers\Playground\TicketRouteTest" classname="Tests.Feature.Playground.Matrix.Api.Http.Controllers.Playground.TicketRouteTest" assertions="1" time="0.407283"/>
        <testcase name="test_json_guest_cannot_render_create_view_requesting_json" file="/app/vendor/gammamatrix/playground-test/src/Feature/Http/Controllers/Resource/Playground/CreateJsonTrait.php" line="38" class="Tests\Feature\Playground\Matrix\Api\Http\Controllers\Playground\TicketRouteTest" classname="Tests.Feature.Playground.Matrix.Api.Http.Controllers.Playground.TicketRouteTest" assertions="2" time="0.351695"/>
        <testcase name="test_json_create_info_with_admin" file="/app/vendor/gammamatrix/playground-test/src/Feature/Http/Controllers/Resource/Playground/CreateJsonTrait.php" line="55" class="Tests\Feature\Playground\Matrix\Api\Http\Controllers\Playground\TicketRouteTest" classname="Tests.Feature.Playground.Matrix.Api.Http.Controllers.Playground.TicketRouteTest" assertions="93" time="0.553533"/>
        <testcase name="test_json_create_info_by_admin_with_invalid_parameter" file="/app/vendor/gammamatrix/playground-test/src/Feature/Http/Controllers/Resource/Playground/CreateJsonTrait.php" line="79" class="Tests\Feature\Playground\Matrix\Api\Http\Controllers\Playground\TicketRouteTest" classname="Tests.Feature.Playground.Matrix.Api.Http.Controllers.Playground.TicketRouteTest" assertions="4" time="0.365258"/>
        <testcase name="test_json_guest_cannot_destroy" file="/app/vendor/gammamatrix/playground-test/src/Feature/Http/Controllers/Resource/Playground/DestroyJsonTrait.php" line="14" class="Tests\Feature\Playground\Matrix\Api\Http\Controllers\Playground\TicketRouteTest" classname="Tests.Feature.Playground.Matrix.Api.Http.Controllers.Playground.TicketRouteTest" assertions="3" time="0.406076"/>
        <testcase name="test_json_destroy_as_admin_user_and_succeed" file="/app/vendor/gammamatrix/playground-test/src/Feature/Http/Controllers/Resource/Playground/DestroyJsonTrait.php" line="48" class="Tests\Feature\Playground\Matrix\Api\Http\Controllers\Playground\TicketRouteTest" classname="Tests.Feature.Playground.Matrix.Api.Http.Controllers.Playground.TicketRouteTest" assertions="5" time="0.366303"/>
        <testcase name="test_json_destroy_as_admin_user_and_succeed_with_force_delete" file="/app/vendor/gammamatrix/playground-test/src/Feature/Http/Controllers/Resource/Playground/DestroyJsonTrait.php" line="92" class="Tests\Feature\Playground\Matrix\Api\Http\Controllers\Playground\TicketRouteTest" classname="Tests.Feature.Playground.Matrix.Api.Http.Controllers.Playground.TicketRouteTest" assertions="4" time="0.366384"/>
        <testcase name="test_json_destroy_as_admin_user_using_json_and_succeed_with_no_content" file="/app/vendor/gammamatrix/playground-test/src/Feature/Http/Controllers/Resource/Playground/DestroyJsonTrait.php" line="132" class="Tests\Feature\Playground\Matrix\Api\Http\Controllers\Playground\TicketRouteTest" classname="Tests.Feature.Playground.Matrix.Api.Http.Controllers.Playground.TicketRouteTest" assertions="5" time="0.422206"/>
        <testcase name="test_json_destroy_as_admin_user_and_succeed_with_redirect_to_index_with_trash" file="/app/vendor/gammamatrix/playground-test/src/Feature/Http/Controllers/Resource/Playground/DestroyJsonTrait.php" line="177" class="Tests\Feature\Playground\Matrix\Api\Http\Controllers\Playground\TicketRouteTest" classname="Tests.Feature.Playground.Matrix.Api.Http.Controllers.Playground.TicketRouteTest" assertions="5" time="0.373623"/>
        <testcase name="test_json_destroy_with_user_role_and_get_denied_and_no_force_delete_allowed" file="/app/vendor/gammamatrix/playground-test/src/Feature/Http/Controllers/Resource/Playground/DestroyJsonTrait.php" line="235" class="Tests\Feature\Playground\Matrix\Api\Http\Controllers\Playground\TicketRouteTest" classname="Tests.Feature.Playground.Matrix.Api.Http.Controllers.Playground.TicketRouteTest" assertions="3" time="0.365593"/>
        <testcase name="test_json_destroy_with_admin_role_and_succeed" file="/app/vendor/gammamatrix/playground-test/src/Feature/Http/Controllers/Resource/Playground/DestroyJsonTrait.php" line="277" class="Tests\Feature\Playground\Matrix\Api\Http\Controllers\Playground\TicketRouteTest" classname="Tests.Feature.Playground.Matrix.Api.Http.Controllers.Playground.TicketRouteTest" assertions="5" time="0.433909"/>
        <testcase name="test_json_destroy_with_admin_role_and_succeed_with_force_delete" file="/app/vendor/gammamatrix/playground-test/src/Feature/Http/Controllers/Resource/Playground/DestroyJsonTrait.php" line="322" class="Tests\Feature\Playground\Matrix\Api\Http\Controllers\Playground\TicketRouteTest" classname="Tests.Feature.Playground.Matrix.Api.Http.Controllers.Playground.TicketRouteTest" assertions="4" time="0.367944"/>
        <testcase name="test_json_guest_cannot_render_edit_view" file="/app/vendor/gammamatrix/playground-test/src/Feature/Http/Controllers/Resource/Playground/EditJsonTrait.php" line="14" class="Tests\Feature\Playground\Matrix\Api\Http\Controllers\Playground\TicketRouteTest" classname="Tests.Feature.Playground.Matrix.Api.Http.Controllers.Playground.TicketRouteTest" assertions="1" time="0.432357"/>
        <testcase name="test_json_edit_as_admin_view_rendered_by_user_with_return_url" file="/app/vendor/gammamatrix/playground-test/src/Feature/Http/Controllers/Resource/Playground/EditJsonTrait.php" line="33" class="Tests\Feature\Playground\Matrix\Api\Http\Controllers\Playground\TicketRouteTest" classname="Tests.Feature.Playground.Matrix.Api.Http.Controllers.Playground.TicketRouteTest" assertions="4" time="0.380413"/>
        <testcase name="test_json_edit_as_admin_info_with_user" file="/app/vendor/gammamatrix/playground-test/src/Feature/Http/Controllers/Resource/Playground/EditJsonTrait.php" line="70" class="Tests\Feature\Playground\Matrix\Api\Http\Controllers\Playground\TicketRouteTest" classname="Tests.Feature.Playground.Matrix.Api.Http.Controllers.Playground.TicketRouteTest" assertions="4" time="0.382610"/>
        <testcase name="test_json_edit_as_admin_view_rendered_by_user_with_invalid_parameter" file="/app/vendor/gammamatrix/playground-test/src/Feature/Http/Controllers/Resource/Playground/EditJsonTrait.php" line="99" class="Tests\Feature\Playground\Matrix\Api\Http\Controllers\Playground\TicketRouteTest" classname="Tests.Feature.Playground.Matrix.Api.Http.Controllers.Playground.TicketRouteTest" assertions="4" time="0.437953"/>
        <testcase name="test_json_guest_cannot_render_index_view" file="/app/vendor/gammamatrix/playground-test/src/Feature/Http/Controllers/Resource/Playground/IndexJsonTrait.php" line="24" class="Tests\Feature\Playground\Matrix\Api\Http\Controllers\Playground\TicketRouteTest" classname="Tests.Feature.Playground.Matrix.Api.Http.Controllers.Playground.TicketRouteTest" assertions="1" time="0.444929"/>
        <testcase name="test_json_index_view_rendered_by_admin" file="/app/vendor/gammamatrix/playground-test/src/Feature/Http/Controllers/Resource/Playground/IndexJsonTrait.php" line="40" class="Tests\Feature\Playground\Matrix\Api\Http\Controllers\Playground\TicketRouteTest" classname="Tests.Feature.Playground.Matrix.Api.Http.Controllers.Playground.TicketRouteTest" assertions="98" time="0.675401"/>
        <testcase name="test_json_index_as_admin" file="/app/vendor/gammamatrix/playground-test/src/Feature/Http/Controllers/Resource/Playground/IndexJsonTrait.php" line="64" class="Tests\Feature\Playground\Matrix\Api\Http\Controllers\Playground\TicketRouteTest" classname="Tests.Feature.Playground.Matrix.Api.Http.Controllers.Playground.TicketRouteTest" assertions="98" time="0.615773"/>
        <testcase name="test_json_guest_cannot_lock" file="/app/vendor/gammamatrix/playground-test/src/Feature/Http/Controllers/Resource/Playground/LockJsonTrait.php" line="14" class="Tests\Feature\Playground\Matrix\Api\Http\Controllers\Playground\TicketRouteTest" classname="Tests.Feature.Playground.Matrix.Api.Http.Controllers.Playground.TicketRouteTest" assertions="3" time="0.424569"/>
        <testcase name="test_json_lock_as_admin_user_and_succeed" file="/app/vendor/gammamatrix/playground-test/src/Feature/Http/Controllers/Resource/Playground/LockJsonTrait.php" line="46" class="Tests\Feature\Playground\Matrix\Api\Http\Controllers\Playground\TicketRouteTest" classname="Tests.Feature.Playground.Matrix.Api.Http.Controllers.Playground.TicketRouteTest" assertions="3" time="0.374205"/>
        <testcase name="test_json_lock_as_admin_user_and_succeed_with_no_redirect" file="/app/vendor/gammamatrix/playground-test/src/Feature/Http/Controllers/Resource/Playground/LockJsonTrait.php" line="85" class="Tests\Feature\Playground\Matrix\Api\Http\Controllers\Playground\TicketRouteTest" classname="Tests.Feature.Playground.Matrix.Api.Http.Controllers.Playground.TicketRouteTest" assertions="93" time="0.564898"/>
        <testcase name="test_json_lock_with_user_role_and_get_denied" file="/app/vendor/gammamatrix/playground-test/src/Feature/Http/Controllers/Resource/Playground/LockJsonTrait.php" line="138" class="Tests\Feature\Playground\Matrix\Api\Http\Controllers\Playground\TicketRouteTest" classname="Tests.Feature.Playground.Matrix.Api.Http.Controllers.Playground.TicketRouteTest" assertions="3" time="0.364170"/>
        <testcase name="test_json_lock_with_admin_role_and_succeed" file="/app/vendor/gammamatrix/playground-test/src/Feature/Http/Controllers/Resource/Playground/LockJsonTrait.php" line="178" class="Tests\Feature\Playground\Matrix\Api\Http\Controllers\Playground\TicketRouteTest" classname="Tests.Feature.Playground.Matrix.Api.Http.Controllers.Playground.TicketRouteTest" assertions="93" time="0.511585"/>
        <testcase name="test_json_lock_with_admin_role_and_succeed_with_json" file="/app/vendor/gammamatrix/playground-test/src/Feature/Http/Controllers/Resource/Playground/LockJsonTrait.php" line="219" class="Tests\Feature\Playground\Matrix\Api\Http\Controllers\Playground\TicketRouteTest" classname="Tests.Feature.Playground.Matrix.Api.Http.Controllers.Playground.TicketRouteTest" assertions="93" time="0.567692"/>
        <testcase name="test_json_guest_cannot_restore" file="/app/vendor/gammamatrix/playground-test/src/Feature/Http/Controllers/Resource/Playground/RestoreJsonTrait.php" line="15" class="Tests\Feature\Playground\Matrix\Api\Http\Controllers\Playground\TicketRouteTest" classname="Tests.Feature.Playground.Matrix.Api.Http.Controllers.Playground.TicketRouteTest" assertions="3" time="0.366100"/>
        <testcase name="test_json_restore_as_admin_user_and_succeed" file="/app/vendor/gammamatrix/playground-test/src/Feature/Http/Controllers/Resource/Playground/RestoreJsonTrait.php" line="52" class="Tests\Feature\Playground\Matrix\Api\Http\Controllers\Playground\TicketRouteTest" classname="Tests.Feature.Playground.Matrix.Api.Http.Controllers.Playground.TicketRouteTest" assertions="93" time="0.555219"/>
        <testcase name="test_json_restore_as_admin_user_and_succeed_with_no_redirect" file="/app/vendor/gammamatrix/playground-test/src/Feature/Http/Controllers/Resource/Playground/RestoreJsonTrait.php" line="96" class="Tests\Feature\Playground\Matrix\Api\Http\Controllers\Playground\TicketRouteTest" classname="Tests.Feature.Playground.Matrix.Api.Http.Controllers.Playground.TicketRouteTest" assertions="93" time="0.504953"/>
        <testcase name="test_json_restore_with_user_role_and_get_denied" file="/app/vendor/gammamatrix/playground-test/src/Feature/Http/Controllers/Resource/Playground/RestoreJsonTrait.php" line="153" class="Tests\Feature\Playground\Matrix\Api\Http\Controllers\Playground\TicketRouteTest" classname="Tests.Feature.Playground.Matrix.Api.Http.Controllers.Playground.TicketRouteTest" assertions="3" time="0.406174"/>
        <testcase name="test_json_restore_with_admin_role_and_succeed" file="/app/vendor/gammamatrix/playground-test/src/Feature/Http/Controllers/Resource/Playground/RestoreJsonTrait.php" line="195" class="Tests\Feature\Playground\Matrix\Api\Http\Controllers\Playground\TicketRouteTest" classname="Tests.Feature.Playground.Matrix.Api.Http.Controllers.Playground.TicketRouteTest" assertions="93" time="0.512413"/>
        <testcase name="test_json_guest_cannot_see_info" file="/app/vendor/gammamatrix/playground-test/src/Feature/Http/Controllers/Resource/Playground/ShowJsonTrait.php" line="14" class="Tests\Feature\Playground\Matrix\Api\Http\Controllers\Playground\TicketRouteTest" classname="Tests.Feature.Playground.Matrix.Api.Http.Controllers.Playground.TicketRouteTest" assertions="1" time="0.425209"/>
        <testcase name="test_json_show_info_for_admin" file="/app/vendor/gammamatrix/playground-test/src/Feature/Http/Controllers/Resource/Playground/ShowJsonTrait.php" line="33" class="Tests\Feature\Playground\Matrix\Api\Http\Controllers\Playground\TicketRouteTest" classname="Tests.Feature.Playground.Matrix.Api.Http.Controllers.Playground.TicketRouteTest" assertions="92" time="0.501166"/>
        <testcase name="test_json_guest_cannot_unlock" file="/app/vendor/gammamatrix/playground-test/src/Feature/Http/Controllers/Resource/Playground/UnlockJsonTrait.php" line="14" class="Tests\Feature\Playground\Matrix\Api\Http\Controllers\Playground\TicketRouteTest" classname="Tests.Feature.Playground.Matrix.Api.Http.Controllers.Playground.TicketRouteTest" assertions="3" time="0.364108"/>
        <testcase name="test_json_unlock_as_admin_user_and_succeed" file="/app/vendor/gammamatrix/playground-test/src/Feature/Http/Controllers/Resource/Playground/UnlockJsonTrait.php" line="50" class="Tests\Feature\Playground\Matrix\Api\Http\Controllers\Playground\TicketRouteTest" classname="Tests.Feature.Playground.Matrix.Api.Http.Controllers.Playground.TicketRouteTest" assertions="93" time="0.574813"/>
        <testcase name="test_json_unlock_as_admin_user_and_succeed_with_no_redirect" file="/app/vendor/gammamatrix/playground-test/src/Feature/Http/Controllers/Resource/Playground/UnlockJsonTrait.php" line="94" class="Tests\Feature\Playground\Matrix\Api\Http\Controllers\Playground\TicketRouteTest" classname="Tests.Feature.Playground.Matrix.Api.Http.Controllers.Playground.TicketRouteTest" assertions="93" time="0.506319"/>
        <testcase name="test_json_unlock_with_user_role_and_get_denied" file="/app/vendor/gammamatrix/playground-test/src/Feature/Http/Controllers/Resource/Playground/UnlockJsonTrait.php" line="149" class="Tests\Feature\Playground\Matrix\Api\Http\Controllers\Playground\TicketRouteTest" classname="Tests.Feature.Playground.Matrix.Api.Http.Controllers.Playground.TicketRouteTest" assertions="3" time="0.418481"/>
        <testcase name="test_json_unlock_with_admin_role_and_succeed" file="/app/vendor/gammamatrix/playground-test/src/Feature/Http/Controllers/Resource/Playground/UnlockJsonTrait.php" line="194" class="Tests\Feature\Playground\Matrix\Api\Http\Controllers\Playground\TicketRouteTest" classname="Tests.Feature.Playground.Matrix.Api.Http.Controllers.Playground.TicketRouteTest" assertions="93" time="0.511243"/>
      </testsuite>
      <testsuite name="Tests\Feature\Playground\Matrix\Api\Http\Controllers\Playground\VersionRouteTest" file="/app/tests/Feature/Http/Controllers/Playground/VersionRouteTest.php" tests="37" assertions="1295" errors="0" failures="0" skipped="0" time="16.136275">
        <testcase name="test_json_guest_cannot_get_info" file="/app/vendor/gammamatrix/playground-test/src/Feature/Http/Controllers/Resource/Playground/CreateJsonTrait.php" line="24" class="Tests\Feature\Playground\Matrix\Api\Http\Controllers\Playground\VersionRouteTest" classname="Tests.Feature.Playground.Matrix.Api.Http.Controllers.Playground.VersionRouteTest" assertions="1" time="0.441350"/>
        <testcase name="test_json_guest_cannot_render_create_view_requesting_json" file="/app/vendor/gammamatrix/playground-test/src/Feature/Http/Controllers/Resource/Playground/CreateJsonTrait.php" line="38" class="Tests\Feature\Playground\Matrix\Api\Http\Controllers\Playground\VersionRouteTest" classname="Tests.Feature.Playground.Matrix.Api.Http.Controllers.Playground.VersionRouteTest" assertions="2" time="0.345744"/>
        <testcase name="test_json_create_info_with_admin" file="/app/vendor/gammamatrix/playground-test/src/Feature/Http/Controllers/Resource/Playground/CreateJsonTrait.php" line="55" class="Tests\Feature\Playground\Matrix\Api\Http\Controllers\Playground\VersionRouteTest" classname="Tests.Feature.Playground.Matrix.Api.Http.Controllers.Playground.VersionRouteTest" assertions="93" time="0.533452"/>
        <testcase name="test_json_create_info_by_admin_with_invalid_parameter" file="/app/vendor/gammamatrix/playground-test/src/Feature/Http/Controllers/Resource/Playground/CreateJsonTrait.php" line="79" class="Tests\Feature\Playground\Matrix\Api\Http\Controllers\Playground\VersionRouteTest" classname="Tests.Feature.Playground.Matrix.Api.Http.Controllers.Playground.VersionRouteTest" assertions="4" time="0.362421"/>
        <testcase name="test_json_guest_cannot_destroy" file="/app/vendor/gammamatrix/playground-test/src/Feature/Http/Controllers/Resource/Playground/DestroyJsonTrait.php" line="14" class="Tests\Feature\Playground\Matrix\Api\Http\Controllers\Playground\VersionRouteTest" classname="Tests.Feature.Playground.Matrix.Api.Http.Controllers.Playground.VersionRouteTest" assertions="3" time="0.368956"/>
        <testcase name="test_json_destroy_as_admin_user_and_succeed" file="/app/vendor/gammamatrix/playground-test/src/Feature/Http/Controllers/Resource/Playground/DestroyJsonTrait.php" line="48" class="Tests\Feature\Playground\Matrix\Api\Http\Controllers\Playground\VersionRouteTest" classname="Tests.Feature.Playground.Matrix.Api.Http.Controllers.Playground.VersionRouteTest" assertions="5" time="0.415703"/>
        <testcase name="test_json_destroy_as_admin_user_and_succeed_with_force_delete" file="/app/vendor/gammamatrix/playground-test/src/Feature/Http/Controllers/Resource/Playground/DestroyJsonTrait.php" line="92" class="Tests\Feature\Playground\Matrix\Api\Http\Controllers\Playground\VersionRouteTest" classname="Tests.Feature.Playground.Matrix.Api.Http.Controllers.Playground.VersionRouteTest" assertions="4" time="0.364251"/>
        <testcase name="test_json_destroy_as_admin_user_using_json_and_succeed_with_no_content" file="/app/vendor/gammamatrix/playground-test/src/Feature/Http/Controllers/Resource/Playground/DestroyJsonTrait.php" line="132" class="Tests\Feature\Playground\Matrix\Api\Http\Controllers\Playground\VersionRouteTest" classname="Tests.Feature.Playground.Matrix.Api.Http.Controllers.Playground.VersionRouteTest" assertions="5" time="0.363601"/>
        <testcase name="test_json_destroy_as_admin_user_and_succeed_with_redirect_to_index_with_trash" file="/app/vendor/gammamatrix/playground-test/src/Feature/Http/Controllers/Resource/Playground/DestroyJsonTrait.php" line="177" class="Tests\Feature\Playground\Matrix\Api\Http\Controllers\Playground\VersionRouteTest" classname="Tests.Feature.Playground.Matrix.Api.Http.Controllers.Playground.VersionRouteTest" assertions="5" time="0.419644"/>
        <testcase name="test_json_destroy_with_user_role_and_get_denied_and_no_force_delete_allowed" file="/app/vendor/gammamatrix/playground-test/src/Feature/Http/Controllers/Resource/Playground/DestroyJsonTrait.php" line="235" class="Tests\Feature\Playground\Matrix\Api\Http\Controllers\Playground\VersionRouteTest" classname="Tests.Feature.Playground.Matrix.Api.Http.Controllers.Playground.VersionRouteTest" assertions="3" time="0.374710"/>
        <testcase name="test_json_destroy_with_admin_role_and_succeed" file="/app/vendor/gammamatrix/playground-test/src/Feature/Http/Controllers/Resource/Playground/DestroyJsonTrait.php" line="277" class="Tests\Feature\Playground\Matrix\Api\Http\Controllers\Playground\VersionRouteTest" classname="Tests.Feature.Playground.Matrix.Api.Http.Controllers.Playground.VersionRouteTest" assertions="5" time="0.376857"/>
        <testcase name="test_json_destroy_with_admin_role_and_succeed_with_force_delete" file="/app/vendor/gammamatrix/playground-test/src/Feature/Http/Controllers/Resource/Playground/DestroyJsonTrait.php" line="322" class="Tests\Feature\Playground\Matrix\Api\Http\Controllers\Playground\VersionRouteTest" classname="Tests.Feature.Playground.Matrix.Api.Http.Controllers.Playground.VersionRouteTest" assertions="4" time="0.413529"/>
        <testcase name="test_json_guest_cannot_render_edit_view" file="/app/vendor/gammamatrix/playground-test/src/Feature/Http/Controllers/Resource/Playground/EditJsonTrait.php" line="14" class="Tests\Feature\Playground\Matrix\Api\Http\Controllers\Playground\VersionRouteTest" classname="Tests.Feature.Playground.Matrix.Api.Http.Controllers.Playground.VersionRouteTest" assertions="1" time="0.378162"/>
        <testcase name="test_json_edit_as_admin_view_rendered_by_user_with_return_url" file="/app/vendor/gammamatrix/playground-test/src/Feature/Http/Controllers/Resource/Playground/EditJsonTrait.php" line="33" class="Tests\Feature\Playground\Matrix\Api\Http\Controllers\Playground\VersionRouteTest" classname="Tests.Feature.Playground.Matrix.Api.Http.Controllers.Playground.VersionRouteTest" assertions="4" time="0.436932"/>
        <testcase name="test_json_edit_as_admin_info_with_user" file="/app/vendor/gammamatrix/playground-test/src/Feature/Http/Controllers/Resource/Playground/EditJsonTrait.php" line="70" class="Tests\Feature\Playground\Matrix\Api\Http\Controllers\Playground\VersionRouteTest" classname="Tests.Feature.Playground.Matrix.Api.Http.Controllers.Playground.VersionRouteTest" assertions="4" time="0.378499"/>
        <testcase name="test_json_edit_as_admin_view_rendered_by_user_with_invalid_parameter" file="/app/vendor/gammamatrix/playground-test/src/Feature/Http/Controllers/Resource/Playground/EditJsonTrait.php" line="99" class="Tests\Feature\Playground\Matrix\Api\Http\Controllers\Playground\VersionRouteTest" classname="Tests.Feature.Playground.Matrix.Api.Http.Controllers.Playground.VersionRouteTest" assertions="4" time="0.375457"/>
        <testcase name="test_json_guest_cannot_render_index_view" file="/app/vendor/gammamatrix/playground-test/src/Feature/Http/Controllers/Resource/Playground/IndexJsonTrait.php" line="24" class="Tests\Feature\Playground\Matrix\Api\Http\Controllers\Playground\VersionRouteTest" classname="Tests.Feature.Playground.Matrix.Api.Http.Controllers.Playground.VersionRouteTest" assertions="1" time="0.462841"/>
        <testcase name="test_json_index_view_rendered_by_admin" file="/app/vendor/gammamatrix/playground-test/src/Feature/Http/Controllers/Resource/Playground/IndexJsonTrait.php" line="40" class="Tests\Feature\Playground\Matrix\Api\Http\Controllers\Playground\VersionRouteTest" classname="Tests.Feature.Playground.Matrix.Api.Http.Controllers.Playground.VersionRouteTest" assertions="98" time="0.541486"/>
        <testcase name="test_json_index_as_admin" file="/app/vendor/gammamatrix/playground-test/src/Feature/Http/Controllers/Resource/Playground/IndexJsonTrait.php" line="64" class="Tests\Feature\Playground\Matrix\Api\Http\Controllers\Playground\VersionRouteTest" classname="Tests.Feature.Playground.Matrix.Api.Http.Controllers.Playground.VersionRouteTest" assertions="98" time="0.601472"/>
        <testcase name="test_json_guest_cannot_lock" file="/app/vendor/gammamatrix/playground-test/src/Feature/Http/Controllers/Resource/Playground/LockJsonTrait.php" line="14" class="Tests\Feature\Playground\Matrix\Api\Http\Controllers\Playground\VersionRouteTest" classname="Tests.Feature.Playground.Matrix.Api.Http.Controllers.Playground.VersionRouteTest" assertions="3" time="0.360664"/>
        <testcase name="test_json_lock_as_admin_user_and_succeed" file="/app/vendor/gammamatrix/playground-test/src/Feature/Http/Controllers/Resource/Playground/LockJsonTrait.php" line="46" class="Tests\Feature\Playground\Matrix\Api\Http\Controllers\Playground\VersionRouteTest" classname="Tests.Feature.Playground.Matrix.Api.Http.Controllers.Playground.VersionRouteTest" assertions="3" time="0.444804"/>
        <testcase name="test_json_lock_as_admin_user_and_succeed_with_no_redirect" file="/app/vendor/gammamatrix/playground-test/src/Feature/Http/Controllers/Resource/Playground/LockJsonTrait.php" line="85" class="Tests\Feature\Playground\Matrix\Api\Http\Controllers\Playground\VersionRouteTest" classname="Tests.Feature.Playground.Matrix.Api.Http.Controllers.Playground.VersionRouteTest" assertions="93" time="0.479204"/>
        <testcase name="test_json_lock_with_user_role_and_get_denied" file="/app/vendor/gammamatrix/playground-test/src/Feature/Http/Controllers/Resource/Playground/LockJsonTrait.php" line="138" class="Tests\Feature\Playground\Matrix\Api\Http\Controllers\Playground\VersionRouteTest" classname="Tests.Feature.Playground.Matrix.Api.Http.Controllers.Playground.VersionRouteTest" assertions="3" time="0.359643"/>
        <testcase name="test_json_lock_with_admin_role_and_succeed" file="/app/vendor/gammamatrix/playground-test/src/Feature/Http/Controllers/Resource/Playground/LockJsonTrait.php" line="178" class="Tests\Feature\Playground\Matrix\Api\Http\Controllers\Playground\VersionRouteTest" classname="Tests.Feature.Playground.Matrix.Api.Http.Controllers.Playground.VersionRouteTest" assertions="93" time="0.552338"/>
        <testcase name="test_json_lock_with_admin_role_and_succeed_with_json" file="/app/vendor/gammamatrix/playground-test/src/Feature/Http/Controllers/Resource/Playground/LockJsonTrait.php" line="219" class="Tests\Feature\Playground\Matrix\Api\Http\Controllers\Playground\VersionRouteTest" classname="Tests.Feature.Playground.Matrix.Api.Http.Controllers.Playground.VersionRouteTest" assertions="93" time="0.477518"/>
        <testcase name="test_json_guest_cannot_restore" file="/app/vendor/gammamatrix/playground-test/src/Feature/Http/Controllers/Resource/Playground/RestoreJsonTrait.php" line="15" class="Tests\Feature\Playground\Matrix\Api\Http\Controllers\Playground\VersionRouteTest" classname="Tests.Feature.Playground.Matrix.Api.Http.Controllers.Playground.VersionRouteTest" assertions="3" time="0.415439"/>
        <testcase name="test_json_restore_as_admin_user_and_succeed" file="/app/vendor/gammamatrix/playground-test/src/Feature/Http/Controllers/Resource/Playground/RestoreJsonTrait.php" line="52" class="Tests\Feature\Playground\Matrix\Api\Http\Controllers\Playground\VersionRouteTest" classname="Tests.Feature.Playground.Matrix.Api.Http.Controllers.Playground.VersionRouteTest" assertions="93" time="0.474721"/>
        <testcase name="test_json_restore_as_admin_user_and_succeed_with_no_redirect" file="/app/vendor/gammamatrix/playground-test/src/Feature/Http/Controllers/Resource/Playground/RestoreJsonTrait.php" line="96" class="Tests\Feature\Playground\Matrix\Api\Http\Controllers\Playground\VersionRouteTest" classname="Tests.Feature.Playground.Matrix.Api.Http.Controllers.Playground.VersionRouteTest" assertions="93" time="0.549885"/>
        <testcase name="test_json_restore_with_user_role_and_get_denied" file="/app/vendor/gammamatrix/playground-test/src/Feature/Http/Controllers/Resource/Playground/RestoreJsonTrait.php" line="153" class="Tests\Feature\Playground\Matrix\Api\Http\Controllers\Playground\VersionRouteTest" classname="Tests.Feature.Playground.Matrix.Api.Http.Controllers.Playground.VersionRouteTest" assertions="3" time="0.362764"/>
        <testcase name="test_json_restore_with_admin_role_and_succeed" file="/app/vendor/gammamatrix/playground-test/src/Feature/Http/Controllers/Resource/Playground/RestoreJsonTrait.php" line="195" class="Tests\Feature\Playground\Matrix\Api\Http\Controllers\Playground\VersionRouteTest" classname="Tests.Feature.Playground.Matrix.Api.Http.Controllers.Playground.VersionRouteTest" assertions="93" time="0.481185"/>
        <testcase name="test_json_guest_cannot_see_info" file="/app/vendor/gammamatrix/playground-test/src/Feature/Http/Controllers/Resource/Playground/ShowJsonTrait.php" line="14" class="Tests\Feature\Playground\Matrix\Api\Http\Controllers\Playground\VersionRouteTest" classname="Tests.Feature.Playground.Matrix.Api.Http.Controllers.Playground.VersionRouteTest" assertions="1" time="0.425583"/>
        <testcase name="test_json_show_info_for_admin" file="/app/vendor/gammamatrix/playground-test/src/Feature/Http/Controllers/Resource/Playground/ShowJsonTrait.php" line="33" class="Tests\Feature\Playground\Matrix\Api\Http\Controllers\Playground\VersionRouteTest" classname="Tests.Feature.Playground.Matrix.Api.Http.Controllers.Playground.VersionRouteTest" assertions="92" time="0.475154"/>
        <testcase name="test_json_guest_cannot_unlock" file="/app/vendor/gammamatrix/playground-test/src/Feature/Http/Controllers/Resource/Playground/UnlockJsonTrait.php" line="14" class="Tests\Feature\Playground\Matrix\Api\Http\Controllers\Playground\VersionRouteTest" classname="Tests.Feature.Playground.Matrix.Api.Http.Controllers.Playground.VersionRouteTest" assertions="3" time="0.434826"/>
        <testcase name="test_json_unlock_as_admin_user_and_succeed" file="/app/vendor/gammamatrix/playground-test/src/Feature/Http/Controllers/Resource/Playground/UnlockJsonTrait.php" line="50" class="Tests\Feature\Playground\Matrix\Api\Http\Controllers\Playground\VersionRouteTest" classname="Tests.Feature.Playground.Matrix.Api.Http.Controllers.Playground.VersionRouteTest" assertions="93" time="0.476384"/>
        <testcase name="test_json_unlock_as_admin_user_and_succeed_with_no_redirect" file="/app/vendor/gammamatrix/playground-test/src/Feature/Http/Controllers/Resource/Playground/UnlockJsonTrait.php" line="94" class="Tests\Feature\Playground\Matrix\Api\Http\Controllers\Playground\VersionRouteTest" classname="Tests.Feature.Playground.Matrix.Api.Http.Controllers.Playground.VersionRouteTest" assertions="93" time="0.555563"/>
        <testcase name="test_json_unlock_with_user_role_and_get_denied" file="/app/vendor/gammamatrix/playground-test/src/Feature/Http/Controllers/Resource/Playground/UnlockJsonTrait.php" line="149" class="Tests\Feature\Playground\Matrix\Api\Http\Controllers\Playground\VersionRouteTest" classname="Tests.Feature.Playground.Matrix.Api.Http.Controllers.Playground.VersionRouteTest" assertions="3" time="0.372361"/>
        <testcase name="test_json_unlock_with_admin_role_and_succeed" file="/app/vendor/gammamatrix/playground-test/src/Feature/Http/Controllers/Resource/Playground/UnlockJsonTrait.php" line="194" class="Tests\Feature\Playground\Matrix\Api\Http\Controllers\Playground\VersionRouteTest" classname="Tests.Feature.Playground.Matrix.Api.Http.Controllers.Playground.VersionRouteTest" assertions="93" time="0.483169"/>
      </testsuite>
    </testsuite>
  </testsuite>
</testsuites>
