<?xml version="1.0" encoding="UTF-8"?>
<testsuites>
  <testsuite name="/app/phpunit.xml.dist" tests="438" assertions="11929" errors="0" failures="0" skipped="0" time="183.603939">
    <testsuite name="Unit" tests="2" assertions="2" errors="0" failures="0" skipped="0" time="0.387734">
      <testsuite name="Tests\Unit\Playground\Matrix\Api\Http\Requests\Backlog\CreateRequestTest" file="/app/tests/Unit/Http/Requests/Backlog/CreateRequestTest.php" tests="1" assertions="1" errors="0" failures="0" skipped="0" time="0.347996">
        <testcase name="test_request_instance" file="/app/vendor/gammamatrix/playground-test/src/Unit/Http/Requests/RequestCase.php" line="41" class="Tests\Unit\Playground\Matrix\Api\Http\Requests\Backlog\CreateRequestTest" classname="Tests.Unit.Playground.Matrix.Api.Http.Requests.Backlog.CreateRequestTest" assertions="1" time="0.347996"/>
      </testsuite>
      <testsuite name="Tests\Unit\Playground\Matrix\Api\Policies\BacklogPolicy\PolicyTest" file="/app/tests/Unit/Policies/BacklogPolicy/PolicyTest.php" tests="1" assertions="1" errors="0" failures="0" skipped="0" time="0.039738">
        <testcase name="test_policy_instance" file="/app/tests/Unit/Policies/BacklogPolicy/PolicyTest.php" line="18" class="Tests\Unit\Playground\Matrix\Api\Policies\BacklogPolicy\PolicyTest" classname="Tests.Unit.Playground.Matrix.Api.Policies.BacklogPolicy.PolicyTest" assertions="1" time="0.039738"/>
      </testsuite>
    </testsuite>
    <testsuite name="Feature" tests="436" assertions="11927" errors="0" failures="0" skipped="0" time="183.216205">
      <testsuite name="Tests\Feature\Playground\Matrix\Api\Console\Commands\About\CommandTest" file="/app/tests/Feature/Console/Commands/About/CommandTest.php" tests="1" assertions="2" errors="0" failures="0" skipped="0" time="0.256095">
        <testcase name="test_command_about_displays_package_information_and_succeed_with_code_0" file="/app/tests/Feature/Console/Commands/About/CommandTest.php" line="19" class="Tests\Feature\Playground\Matrix\Api\Console\Commands\About\CommandTest" classname="Tests.Feature.Playground.Matrix.Api.Console.Commands.About.CommandTest" assertions="2" time="0.256095"/>
      </testsuite>
      <testsuite name="Tests\Feature\Playground\Matrix\Api\Http\Controllers\Playground\BacklogRouteTest" file="/app/tests/Feature/Http/Controllers/Playground/BacklogRouteTest.php" tests="29" assertions="811" errors="0" failures="0" skipped="0" time="11.932554">
        <testcase name="test_json_guest_cannot_get_create_info" file="/app/vendor/gammamatrix/playground-test/src/Feature/Http/Controllers/Resource/Playground/CreateJsonTrait.php" line="38" class="Tests\Feature\Playground\Matrix\Api\Http\Controllers\Playground\BacklogRouteTest" classname="Tests.Feature.Playground.Matrix.Api.Http.Controllers.Playground.BacklogRouteTest" assertions="1" time="0.446766"/>
        <testcase name="test_json_admin_can_get_create_info" file="/app/vendor/gammamatrix/playground-test/src/Feature/Http/Controllers/Resource/Playground/CreateJsonTrait.php" line="53" class="Tests\Feature\Playground\Matrix\Api\Http\Controllers\Playground\BacklogRouteTest" classname="Tests.Feature.Playground.Matrix.Api.Http.Controllers.Playground.BacklogRouteTest" assertions="91" time="0.445968"/>
        <testcase name="test_json_get_create_info_as_admin_with_invalid_parameter_and_fail_validation" file="/app/vendor/gammamatrix/playground-test/src/Feature/Http/Controllers/Resource/Playground/CreateJsonTrait.php" line="73" class="Tests\Feature\Playground\Matrix\Api\Http\Controllers\Playground\BacklogRouteTest" classname="Tests.Feature.Playground.Matrix.Api.Http.Controllers.Playground.BacklogRouteTest" assertions="4" time="0.400528"/>
        <testcase name="test_json_guest_cannot_destroy" file="/app/vendor/gammamatrix/playground-test/src/Feature/Http/Controllers/Resource/Playground/DestroyJsonTrait.php" line="31" class="Tests\Feature\Playground\Matrix\Api\Http\Controllers\Playground\BacklogRouteTest" classname="Tests.Feature.Playground.Matrix.Api.Http.Controllers.Playground.BacklogRouteTest" assertions="3" time="0.394209"/>
        <testcase name="test_json_destroy_as_admin_and_succeed" file="/app/vendor/gammamatrix/playground-test/src/Feature/Http/Controllers/Resource/Playground/DestroyJsonTrait.php" line="61" class="Tests\Feature\Playground\Matrix\Api\Http\Controllers\Playground\BacklogRouteTest" classname="Tests.Feature.Playground.Matrix.Api.Http.Controllers.Playground.BacklogRouteTest" assertions="5" time="0.408976"/>
        <testcase name="test_json_destroy_as_admin_and_succeed_with_force_delete" file="/app/vendor/gammamatrix/playground-test/src/Feature/Http/Controllers/Resource/Playground/DestroyJsonTrait.php" line="100" class="Tests\Feature\Playground\Matrix\Api\Http\Controllers\Playground\BacklogRouteTest" classname="Tests.Feature.Playground.Matrix.Api.Http.Controllers.Playground.BacklogRouteTest" assertions="4" time="0.402567"/>
        <testcase name="test_json_destroy_as_admin_and_succeed_with_no_content" file="/app/vendor/gammamatrix/playground-test/src/Feature/Http/Controllers/Resource/Playground/DestroyJsonTrait.php" line="132" class="Tests\Feature\Playground\Matrix\Api\Http\Controllers\Playground\BacklogRouteTest" classname="Tests.Feature.Playground.Matrix.Api.Http.Controllers.Playground.BacklogRouteTest" assertions="5" time="0.415459"/>
        <testcase name="test_json_destroy_as_admin_and_succeed_and_ignore_redirect" file="/app/vendor/gammamatrix/playground-test/src/Feature/Http/Controllers/Resource/Playground/DestroyJsonTrait.php" line="167" class="Tests\Feature\Playground\Matrix\Api\Http\Controllers\Playground\BacklogRouteTest" classname="Tests.Feature.Playground.Matrix.Api.Http.Controllers.Playground.BacklogRouteTest" assertions="5" time="0.415322"/>
        <testcase name="test_json_destroy_as_user_and_get_denied_and_no_force_delete_allowed" file="/app/vendor/gammamatrix/playground-test/src/Feature/Http/Controllers/Resource/Playground/DestroyJsonTrait.php" line="209" class="Tests\Feature\Playground\Matrix\Api\Http\Controllers\Playground\BacklogRouteTest" classname="Tests.Feature.Playground.Matrix.Api.Http.Controllers.Playground.BacklogRouteTest" assertions="3" time="0.409187"/>
        <testcase name="test_json_guest_cannot_get_edit_info" file="/app/vendor/gammamatrix/playground-test/src/Feature/Http/Controllers/Resource/Playground/EditJsonTrait.php" line="38" class="Tests\Feature\Playground\Matrix\Api\Http\Controllers\Playground\BacklogRouteTest" classname="Tests.Feature.Playground.Matrix.Api.Http.Controllers.Playground.BacklogRouteTest" assertions="1" time="0.421623"/>
        <testcase name="test_json_admin_can_get_edit_info" file="/app/vendor/gammamatrix/playground-test/src/Feature/Http/Controllers/Resource/Playground/EditJsonTrait.php" line="58" class="Tests\Feature\Playground\Matrix\Api\Http\Controllers\Playground\BacklogRouteTest" classname="Tests.Feature.Playground.Matrix.Api.Http.Controllers.Playground.BacklogRouteTest" assertions="4" time="0.426208"/>
        <testcase name="test_json_edit_as_admin_and_fail_validation_with_invalid_parameter" file="/app/vendor/gammamatrix/playground-test/src/Feature/Http/Controllers/Resource/Playground/EditJsonTrait.php" line="87" class="Tests\Feature\Playground\Matrix\Api\Http\Controllers\Playground\BacklogRouteTest" classname="Tests.Feature.Playground.Matrix.Api.Http.Controllers.Playground.BacklogRouteTest" assertions="4" time="0.405540"/>
        <testcase name="test_json_guest_cannot_get_index" file="/app/vendor/gammamatrix/playground-test/src/Feature/Http/Controllers/Resource/Playground/IndexJsonTrait.php" line="34" class="Tests\Feature\Playground\Matrix\Api\Http\Controllers\Playground\BacklogRouteTest" classname="Tests.Feature.Playground.Matrix.Api.Http.Controllers.Playground.BacklogRouteTest" assertions="1" time="0.450790"/>
        <testcase name="test_json_admin_can_get_index" file="/app/vendor/gammamatrix/playground-test/src/Feature/Http/Controllers/Resource/Playground/IndexJsonTrait.php" line="49" class="Tests\Feature\Playground\Matrix\Api\Http\Controllers\Playground\BacklogRouteTest" classname="Tests.Feature.Playground.Matrix.Api.Http.Controllers.Playground.BacklogRouteTest" assertions="98" time="0.411510"/>
        <testcase name="test_json_admin_can_get_index_with_filters" file="/app/vendor/gammamatrix/playground-test/src/Feature/Http/Controllers/Resource/Playground/IndexJsonTrait.php" line="85" class="Tests\Feature\Playground\Matrix\Api\Http\Controllers\Playground\BacklogRouteTest" classname="Tests.Feature.Playground.Matrix.Api.Http.Controllers.Playground.BacklogRouteTest" assertions="3" time="0.408173"/>
        <testcase name="test_json_guest_cannot_lock" file="/app/vendor/gammamatrix/playground-test/src/Feature/Http/Controllers/Resource/Playground/LockJsonTrait.php" line="36" class="Tests\Feature\Playground\Matrix\Api\Http\Controllers\Playground\BacklogRouteTest" classname="Tests.Feature.Playground.Matrix.Api.Http.Controllers.Playground.BacklogRouteTest" assertions="3" time="0.387257"/>
        <testcase name="test_json_lock_as_admin_and_succeed" file="/app/vendor/gammamatrix/playground-test/src/Feature/Http/Controllers/Resource/Playground/LockJsonTrait.php" line="66" class="Tests\Feature\Playground\Matrix\Api\Http\Controllers\Playground\BacklogRouteTest" classname="Tests.Feature.Playground.Matrix.Api.Http.Controllers.Playground.BacklogRouteTest" assertions="3" time="0.414270"/>
        <testcase name="test_json_lock_as_admin_and_succeed_with_no_redirect" file="/app/vendor/gammamatrix/playground-test/src/Feature/Http/Controllers/Resource/Playground/LockJsonTrait.php" line="98" class="Tests\Feature\Playground\Matrix\Api\Http\Controllers\Playground\BacklogRouteTest" classname="Tests.Feature.Playground.Matrix.Api.Http.Controllers.Playground.BacklogRouteTest" assertions="93" time="0.423895"/>
        <testcase name="test_json_lock_as_user_and_get_denied" file="/app/vendor/gammamatrix/playground-test/src/Feature/Http/Controllers/Resource/Playground/LockJsonTrait.php" line="143" class="Tests\Feature\Playground\Matrix\Api\Http\Controllers\Playground\BacklogRouteTest" classname="Tests.Feature.Playground.Matrix.Api.Http.Controllers.Playground.BacklogRouteTest" assertions="3" time="0.400845"/>
        <testcase name="test_json_guest_cannot_restore" file="/app/vendor/gammamatrix/playground-test/src/Feature/Http/Controllers/Resource/Playground/RestoreJsonTrait.php" line="32" class="Tests\Feature\Playground\Matrix\Api\Http\Controllers\Playground\BacklogRouteTest" classname="Tests.Feature.Playground.Matrix.Api.Http.Controllers.Playground.BacklogRouteTest" assertions="3" time="0.398614"/>
        <testcase name="test_json_restore_as_admin_and_succeed" file="/app/vendor/gammamatrix/playground-test/src/Feature/Http/Controllers/Resource/Playground/RestoreJsonTrait.php" line="64" class="Tests\Feature\Playground\Matrix\Api\Http\Controllers\Playground\BacklogRouteTest" classname="Tests.Feature.Playground.Matrix.Api.Http.Controllers.Playground.BacklogRouteTest" assertions="93" time="0.410700"/>
        <testcase name="test_json_restore_as_admin_and_succeed_with_no_redirect" file="/app/vendor/gammamatrix/playground-test/src/Feature/Http/Controllers/Resource/Playground/RestoreJsonTrait.php" line="100" class="Tests\Feature\Playground\Matrix\Api\Http\Controllers\Playground\BacklogRouteTest" classname="Tests.Feature.Playground.Matrix.Api.Http.Controllers.Playground.BacklogRouteTest" assertions="93" time="0.406224"/>
        <testcase name="test_json_restore_as_user_and_get_denied" file="/app/vendor/gammamatrix/playground-test/src/Feature/Http/Controllers/Resource/Playground/RestoreJsonTrait.php" line="143" class="Tests\Feature\Playground\Matrix\Api\Http\Controllers\Playground\BacklogRouteTest" classname="Tests.Feature.Playground.Matrix.Api.Http.Controllers.Playground.BacklogRouteTest" assertions="3" time="0.398401"/>
        <testcase name="test_json_guest_cannot_see_info" file="/app/vendor/gammamatrix/playground-test/src/Feature/Http/Controllers/Resource/Playground/ShowJsonTrait.php" line="29" class="Tests\Feature\Playground\Matrix\Api\Http\Controllers\Playground\BacklogRouteTest" classname="Tests.Feature.Playground.Matrix.Api.Http.Controllers.Playground.BacklogRouteTest" assertions="1" time="0.400824"/>
        <testcase name="test_json_show_info_for_admin" file="/app/vendor/gammamatrix/playground-test/src/Feature/Http/Controllers/Resource/Playground/ShowJsonTrait.php" line="49" class="Tests\Feature\Playground\Matrix\Api\Http\Controllers\Playground\BacklogRouteTest" classname="Tests.Feature.Playground.Matrix.Api.Http.Controllers.Playground.BacklogRouteTest" assertions="92" time="0.405809"/>
        <testcase name="test_json_guest_cannot_unlock" file="/app/vendor/gammamatrix/playground-test/src/Feature/Http/Controllers/Resource/Playground/UnlockJsonTrait.php" line="36" class="Tests\Feature\Playground\Matrix\Api\Http\Controllers\Playground\BacklogRouteTest" classname="Tests.Feature.Playground.Matrix.Api.Http.Controllers.Playground.BacklogRouteTest" assertions="3" time="0.389928"/>
        <testcase name="test_json_unlock_as_admin_and_succeed" file="/app/vendor/gammamatrix/playground-test/src/Feature/Http/Controllers/Resource/Playground/UnlockJsonTrait.php" line="68" class="Tests\Feature\Playground\Matrix\Api\Http\Controllers\Playground\BacklogRouteTest" classname="Tests.Feature.Playground.Matrix.Api.Http.Controllers.Playground.BacklogRouteTest" assertions="93" time="0.421988"/>
        <testcase name="test_json_unlock_as_admin_and_succeed_with_no_redirect" file="/app/vendor/gammamatrix/playground-test/src/Feature/Http/Controllers/Resource/Playground/UnlockJsonTrait.php" line="104" class="Tests\Feature\Playground\Matrix\Api\Http\Controllers\Playground\BacklogRouteTest" classname="Tests.Feature.Playground.Matrix.Api.Http.Controllers.Playground.BacklogRouteTest" assertions="93" time="0.412524"/>
        <testcase name="test_json_unlock_as_user_and_get_denied" file="/app/vendor/gammamatrix/playground-test/src/Feature/Http/Controllers/Resource/Playground/UnlockJsonTrait.php" line="145" class="Tests\Feature\Playground\Matrix\Api\Http\Controllers\Playground\BacklogRouteTest" classname="Tests.Feature.Playground.Matrix.Api.Http.Controllers.Playground.BacklogRouteTest" assertions="3" time="0.398449"/>
      </testsuite>
      <testsuite name="Tests\Feature\Playground\Matrix\Api\Http\Controllers\Playground\BoardRouteTest" file="/app/tests/Feature/Http/Controllers/Playground/BoardRouteTest.php" tests="29" assertions="811" errors="0" failures="0" skipped="0" time="11.833769">
        <testcase name="test_json_guest_cannot_get_create_info" file="/app/vendor/gammamatrix/playground-test/src/Feature/Http/Controllers/Resource/Playground/CreateJsonTrait.php" line="38" class="Tests\Feature\Playground\Matrix\Api\Http\Controllers\Playground\BoardRouteTest" classname="Tests.Feature.Playground.Matrix.Api.Http.Controllers.Playground.BoardRouteTest" assertions="1" time="0.425226"/>
        <testcase name="test_json_admin_can_get_create_info" file="/app/vendor/gammamatrix/playground-test/src/Feature/Http/Controllers/Resource/Playground/CreateJsonTrait.php" line="53" class="Tests\Feature\Playground\Matrix\Api\Http\Controllers\Playground\BoardRouteTest" classname="Tests.Feature.Playground.Matrix.Api.Http.Controllers.Playground.BoardRouteTest" assertions="91" time="0.407764"/>
        <testcase name="test_json_get_create_info_as_admin_with_invalid_parameter_and_fail_validation" file="/app/vendor/gammamatrix/playground-test/src/Feature/Http/Controllers/Resource/Playground/CreateJsonTrait.php" line="73" class="Tests\Feature\Playground\Matrix\Api\Http\Controllers\Playground\BoardRouteTest" classname="Tests.Feature.Playground.Matrix.Api.Http.Controllers.Playground.BoardRouteTest" assertions="4" time="0.391814"/>
        <testcase name="test_json_guest_cannot_destroy" file="/app/vendor/gammamatrix/playground-test/src/Feature/Http/Controllers/Resource/Playground/DestroyJsonTrait.php" line="31" class="Tests\Feature\Playground\Matrix\Api\Http\Controllers\Playground\BoardRouteTest" classname="Tests.Feature.Playground.Matrix.Api.Http.Controllers.Playground.BoardRouteTest" assertions="3" time="0.402781"/>
        <testcase name="test_json_destroy_as_admin_and_succeed" file="/app/vendor/gammamatrix/playground-test/src/Feature/Http/Controllers/Resource/Playground/DestroyJsonTrait.php" line="61" class="Tests\Feature\Playground\Matrix\Api\Http\Controllers\Playground\BoardRouteTest" classname="Tests.Feature.Playground.Matrix.Api.Http.Controllers.Playground.BoardRouteTest" assertions="5" time="0.406455"/>
        <testcase name="test_json_destroy_as_admin_and_succeed_with_force_delete" file="/app/vendor/gammamatrix/playground-test/src/Feature/Http/Controllers/Resource/Playground/DestroyJsonTrait.php" line="100" class="Tests\Feature\Playground\Matrix\Api\Http\Controllers\Playground\BoardRouteTest" classname="Tests.Feature.Playground.Matrix.Api.Http.Controllers.Playground.BoardRouteTest" assertions="4" time="0.398804"/>
        <testcase name="test_json_destroy_as_admin_and_succeed_with_no_content" file="/app/vendor/gammamatrix/playground-test/src/Feature/Http/Controllers/Resource/Playground/DestroyJsonTrait.php" line="132" class="Tests\Feature\Playground\Matrix\Api\Http\Controllers\Playground\BoardRouteTest" classname="Tests.Feature.Playground.Matrix.Api.Http.Controllers.Playground.BoardRouteTest" assertions="5" time="0.402831"/>
        <testcase name="test_json_destroy_as_admin_and_succeed_and_ignore_redirect" file="/app/vendor/gammamatrix/playground-test/src/Feature/Http/Controllers/Resource/Playground/DestroyJsonTrait.php" line="167" class="Tests\Feature\Playground\Matrix\Api\Http\Controllers\Playground\BoardRouteTest" classname="Tests.Feature.Playground.Matrix.Api.Http.Controllers.Playground.BoardRouteTest" assertions="5" time="0.400699"/>
        <testcase name="test_json_destroy_as_user_and_get_denied_and_no_force_delete_allowed" file="/app/vendor/gammamatrix/playground-test/src/Feature/Http/Controllers/Resource/Playground/DestroyJsonTrait.php" line="209" class="Tests\Feature\Playground\Matrix\Api\Http\Controllers\Playground\BoardRouteTest" classname="Tests.Feature.Playground.Matrix.Api.Http.Controllers.Playground.BoardRouteTest" assertions="3" time="0.402754"/>
        <testcase name="test_json_guest_cannot_get_edit_info" file="/app/vendor/gammamatrix/playground-test/src/Feature/Http/Controllers/Resource/Playground/EditJsonTrait.php" line="38" class="Tests\Feature\Playground\Matrix\Api\Http\Controllers\Playground\BoardRouteTest" classname="Tests.Feature.Playground.Matrix.Api.Http.Controllers.Playground.BoardRouteTest" assertions="1" time="0.407151"/>
        <testcase name="test_json_admin_can_get_edit_info" file="/app/vendor/gammamatrix/playground-test/src/Feature/Http/Controllers/Resource/Playground/EditJsonTrait.php" line="58" class="Tests\Feature\Playground\Matrix\Api\Http\Controllers\Playground\BoardRouteTest" classname="Tests.Feature.Playground.Matrix.Api.Http.Controllers.Playground.BoardRouteTest" assertions="4" time="0.421544"/>
        <testcase name="test_json_edit_as_admin_and_fail_validation_with_invalid_parameter" file="/app/vendor/gammamatrix/playground-test/src/Feature/Http/Controllers/Resource/Playground/EditJsonTrait.php" line="87" class="Tests\Feature\Playground\Matrix\Api\Http\Controllers\Playground\BoardRouteTest" classname="Tests.Feature.Playground.Matrix.Api.Http.Controllers.Playground.BoardRouteTest" assertions="4" time="0.408328"/>
        <testcase name="test_json_guest_cannot_get_index" file="/app/vendor/gammamatrix/playground-test/src/Feature/Http/Controllers/Resource/Playground/IndexJsonTrait.php" line="34" class="Tests\Feature\Playground\Matrix\Api\Http\Controllers\Playground\BoardRouteTest" classname="Tests.Feature.Playground.Matrix.Api.Http.Controllers.Playground.BoardRouteTest" assertions="1" time="0.419178"/>
        <testcase name="test_json_admin_can_get_index" file="/app/vendor/gammamatrix/playground-test/src/Feature/Http/Controllers/Resource/Playground/IndexJsonTrait.php" line="49" class="Tests\Feature\Playground\Matrix\Api\Http\Controllers\Playground\BoardRouteTest" classname="Tests.Feature.Playground.Matrix.Api.Http.Controllers.Playground.BoardRouteTest" assertions="98" time="0.414980"/>
        <testcase name="test_json_admin_can_get_index_with_filters" file="/app/vendor/gammamatrix/playground-test/src/Feature/Http/Controllers/Resource/Playground/IndexJsonTrait.php" line="85" class="Tests\Feature\Playground\Matrix\Api\Http\Controllers\Playground\BoardRouteTest" classname="Tests.Feature.Playground.Matrix.Api.Http.Controllers.Playground.BoardRouteTest" assertions="3" time="0.422317"/>
        <testcase name="test_json_guest_cannot_lock" file="/app/vendor/gammamatrix/playground-test/src/Feature/Http/Controllers/Resource/Playground/LockJsonTrait.php" line="36" class="Tests\Feature\Playground\Matrix\Api\Http\Controllers\Playground\BoardRouteTest" classname="Tests.Feature.Playground.Matrix.Api.Http.Controllers.Playground.BoardRouteTest" assertions="3" time="0.396587"/>
        <testcase name="test_json_lock_as_admin_and_succeed" file="/app/vendor/gammamatrix/playground-test/src/Feature/Http/Controllers/Resource/Playground/LockJsonTrait.php" line="66" class="Tests\Feature\Playground\Matrix\Api\Http\Controllers\Playground\BoardRouteTest" classname="Tests.Feature.Playground.Matrix.Api.Http.Controllers.Playground.BoardRouteTest" assertions="3" time="0.415513"/>
        <testcase name="test_json_lock_as_admin_and_succeed_with_no_redirect" file="/app/vendor/gammamatrix/playground-test/src/Feature/Http/Controllers/Resource/Playground/LockJsonTrait.php" line="98" class="Tests\Feature\Playground\Matrix\Api\Http\Controllers\Playground\BoardRouteTest" classname="Tests.Feature.Playground.Matrix.Api.Http.Controllers.Playground.BoardRouteTest" assertions="93" time="0.409944"/>
        <testcase name="test_json_lock_as_user_and_get_denied" file="/app/vendor/gammamatrix/playground-test/src/Feature/Http/Controllers/Resource/Playground/LockJsonTrait.php" line="143" class="Tests\Feature\Playground\Matrix\Api\Http\Controllers\Playground\BoardRouteTest" classname="Tests.Feature.Playground.Matrix.Api.Http.Controllers.Playground.BoardRouteTest" assertions="3" time="0.408093"/>
        <testcase name="test_json_guest_cannot_restore" file="/app/vendor/gammamatrix/playground-test/src/Feature/Http/Controllers/Resource/Playground/RestoreJsonTrait.php" line="32" class="Tests\Feature\Playground\Matrix\Api\Http\Controllers\Playground\BoardRouteTest" classname="Tests.Feature.Playground.Matrix.Api.Http.Controllers.Playground.BoardRouteTest" assertions="3" time="0.394913"/>
        <testcase name="test_json_restore_as_admin_and_succeed" file="/app/vendor/gammamatrix/playground-test/src/Feature/Http/Controllers/Resource/Playground/RestoreJsonTrait.php" line="64" class="Tests\Feature\Playground\Matrix\Api\Http\Controllers\Playground\BoardRouteTest" classname="Tests.Feature.Playground.Matrix.Api.Http.Controllers.Playground.BoardRouteTest" assertions="93" time="0.414883"/>
        <testcase name="test_json_restore_as_admin_and_succeed_with_no_redirect" file="/app/vendor/gammamatrix/playground-test/src/Feature/Http/Controllers/Resource/Playground/RestoreJsonTrait.php" line="100" class="Tests\Feature\Playground\Matrix\Api\Http\Controllers\Playground\BoardRouteTest" classname="Tests.Feature.Playground.Matrix.Api.Http.Controllers.Playground.BoardRouteTest" assertions="93" time="0.418831"/>
        <testcase name="test_json_restore_as_user_and_get_denied" file="/app/vendor/gammamatrix/playground-test/src/Feature/Http/Controllers/Resource/Playground/RestoreJsonTrait.php" line="143" class="Tests\Feature\Playground\Matrix\Api\Http\Controllers\Playground\BoardRouteTest" classname="Tests.Feature.Playground.Matrix.Api.Http.Controllers.Playground.BoardRouteTest" assertions="3" time="0.401476"/>
        <testcase name="test_json_guest_cannot_see_info" file="/app/vendor/gammamatrix/playground-test/src/Feature/Http/Controllers/Resource/Playground/ShowJsonTrait.php" line="29" class="Tests\Feature\Playground\Matrix\Api\Http\Controllers\Playground\BoardRouteTest" classname="Tests.Feature.Playground.Matrix.Api.Http.Controllers.Playground.BoardRouteTest" assertions="1" time="0.400536"/>
        <testcase name="test_json_show_info_for_admin" file="/app/vendor/gammamatrix/playground-test/src/Feature/Http/Controllers/Resource/Playground/ShowJsonTrait.php" line="49" class="Tests\Feature\Playground\Matrix\Api\Http\Controllers\Playground\BoardRouteTest" classname="Tests.Feature.Playground.Matrix.Api.Http.Controllers.Playground.BoardRouteTest" assertions="92" time="0.400269"/>
        <testcase name="test_json_guest_cannot_unlock" file="/app/vendor/gammamatrix/playground-test/src/Feature/Http/Controllers/Resource/Playground/UnlockJsonTrait.php" line="36" class="Tests\Feature\Playground\Matrix\Api\Http\Controllers\Playground\BoardRouteTest" classname="Tests.Feature.Playground.Matrix.Api.Http.Controllers.Playground.BoardRouteTest" assertions="3" time="0.401059"/>
        <testcase name="test_json_unlock_as_admin_and_succeed" file="/app/vendor/gammamatrix/playground-test/src/Feature/Http/Controllers/Resource/Playground/UnlockJsonTrait.php" line="68" class="Tests\Feature\Playground\Matrix\Api\Http\Controllers\Playground\BoardRouteTest" classname="Tests.Feature.Playground.Matrix.Api.Http.Controllers.Playground.BoardRouteTest" assertions="93" time="0.417809"/>
        <testcase name="test_json_unlock_as_admin_and_succeed_with_no_redirect" file="/app/vendor/gammamatrix/playground-test/src/Feature/Http/Controllers/Resource/Playground/UnlockJsonTrait.php" line="104" class="Tests\Feature\Playground\Matrix\Api\Http\Controllers\Playground\BoardRouteTest" classname="Tests.Feature.Playground.Matrix.Api.Http.Controllers.Playground.BoardRouteTest" assertions="93" time="0.415651"/>
        <testcase name="test_json_unlock_as_user_and_get_denied" file="/app/vendor/gammamatrix/playground-test/src/Feature/Http/Controllers/Resource/Playground/UnlockJsonTrait.php" line="145" class="Tests\Feature\Playground\Matrix\Api\Http\Controllers\Playground\BoardRouteTest" classname="Tests.Feature.Playground.Matrix.Api.Http.Controllers.Playground.BoardRouteTest" assertions="3" time="0.405580"/>
      </testsuite>
      <testsuite name="Tests\Feature\Playground\Matrix\Api\Http\Controllers\Playground\EpicRouteTest" file="/app/tests/Feature/Http/Controllers/Playground/EpicRouteTest.php" tests="29" assertions="811" errors="0" failures="0" skipped="0" time="11.903173">
        <testcase name="test_json_guest_cannot_get_create_info" file="/app/vendor/gammamatrix/playground-test/src/Feature/Http/Controllers/Resource/Playground/CreateJsonTrait.php" line="38" class="Tests\Feature\Playground\Matrix\Api\Http\Controllers\Playground\EpicRouteTest" classname="Tests.Feature.Playground.Matrix.Api.Http.Controllers.Playground.EpicRouteTest" assertions="1" time="0.429515"/>
        <testcase name="test_json_admin_can_get_create_info" file="/app/vendor/gammamatrix/playground-test/src/Feature/Http/Controllers/Resource/Playground/CreateJsonTrait.php" line="53" class="Tests\Feature\Playground\Matrix\Api\Http\Controllers\Playground\EpicRouteTest" classname="Tests.Feature.Playground.Matrix.Api.Http.Controllers.Playground.EpicRouteTest" assertions="91" time="0.404980"/>
        <testcase name="test_json_get_create_info_as_admin_with_invalid_parameter_and_fail_validation" file="/app/vendor/gammamatrix/playground-test/src/Feature/Http/Controllers/Resource/Playground/CreateJsonTrait.php" line="73" class="Tests\Feature\Playground\Matrix\Api\Http\Controllers\Playground\EpicRouteTest" classname="Tests.Feature.Playground.Matrix.Api.Http.Controllers.Playground.EpicRouteTest" assertions="4" time="0.398473"/>
        <testcase name="test_json_guest_cannot_destroy" file="/app/vendor/gammamatrix/playground-test/src/Feature/Http/Controllers/Resource/Playground/DestroyJsonTrait.php" line="31" class="Tests\Feature\Playground\Matrix\Api\Http\Controllers\Playground\EpicRouteTest" classname="Tests.Feature.Playground.Matrix.Api.Http.Controllers.Playground.EpicRouteTest" assertions="3" time="0.395380"/>
        <testcase name="test_json_destroy_as_admin_and_succeed" file="/app/vendor/gammamatrix/playground-test/src/Feature/Http/Controllers/Resource/Playground/DestroyJsonTrait.php" line="61" class="Tests\Feature\Playground\Matrix\Api\Http\Controllers\Playground\EpicRouteTest" classname="Tests.Feature.Playground.Matrix.Api.Http.Controllers.Playground.EpicRouteTest" assertions="5" time="0.409465"/>
        <testcase name="test_json_destroy_as_admin_and_succeed_with_force_delete" file="/app/vendor/gammamatrix/playground-test/src/Feature/Http/Controllers/Resource/Playground/DestroyJsonTrait.php" line="100" class="Tests\Feature\Playground\Matrix\Api\Http\Controllers\Playground\EpicRouteTest" classname="Tests.Feature.Playground.Matrix.Api.Http.Controllers.Playground.EpicRouteTest" assertions="4" time="0.404602"/>
        <testcase name="test_json_destroy_as_admin_and_succeed_with_no_content" file="/app/vendor/gammamatrix/playground-test/src/Feature/Http/Controllers/Resource/Playground/DestroyJsonTrait.php" line="132" class="Tests\Feature\Playground\Matrix\Api\Http\Controllers\Playground\EpicRouteTest" classname="Tests.Feature.Playground.Matrix.Api.Http.Controllers.Playground.EpicRouteTest" assertions="5" time="0.418744"/>
        <testcase name="test_json_destroy_as_admin_and_succeed_and_ignore_redirect" file="/app/vendor/gammamatrix/playground-test/src/Feature/Http/Controllers/Resource/Playground/DestroyJsonTrait.php" line="167" class="Tests\Feature\Playground\Matrix\Api\Http\Controllers\Playground\EpicRouteTest" classname="Tests.Feature.Playground.Matrix.Api.Http.Controllers.Playground.EpicRouteTest" assertions="5" time="0.403296"/>
        <testcase name="test_json_destroy_as_user_and_get_denied_and_no_force_delete_allowed" file="/app/vendor/gammamatrix/playground-test/src/Feature/Http/Controllers/Resource/Playground/DestroyJsonTrait.php" line="209" class="Tests\Feature\Playground\Matrix\Api\Http\Controllers\Playground\EpicRouteTest" classname="Tests.Feature.Playground.Matrix.Api.Http.Controllers.Playground.EpicRouteTest" assertions="3" time="0.397249"/>
        <testcase name="test_json_guest_cannot_get_edit_info" file="/app/vendor/gammamatrix/playground-test/src/Feature/Http/Controllers/Resource/Playground/EditJsonTrait.php" line="38" class="Tests\Feature\Playground\Matrix\Api\Http\Controllers\Playground\EpicRouteTest" classname="Tests.Feature.Playground.Matrix.Api.Http.Controllers.Playground.EpicRouteTest" assertions="1" time="0.424219"/>
        <testcase name="test_json_admin_can_get_edit_info" file="/app/vendor/gammamatrix/playground-test/src/Feature/Http/Controllers/Resource/Playground/EditJsonTrait.php" line="58" class="Tests\Feature\Playground\Matrix\Api\Http\Controllers\Playground\EpicRouteTest" classname="Tests.Feature.Playground.Matrix.Api.Http.Controllers.Playground.EpicRouteTest" assertions="4" time="0.414783"/>
        <testcase name="test_json_edit_as_admin_and_fail_validation_with_invalid_parameter" file="/app/vendor/gammamatrix/playground-test/src/Feature/Http/Controllers/Resource/Playground/EditJsonTrait.php" line="87" class="Tests\Feature\Playground\Matrix\Api\Http\Controllers\Playground\EpicRouteTest" classname="Tests.Feature.Playground.Matrix.Api.Http.Controllers.Playground.EpicRouteTest" assertions="4" time="0.417120"/>
        <testcase name="test_json_guest_cannot_get_index" file="/app/vendor/gammamatrix/playground-test/src/Feature/Http/Controllers/Resource/Playground/IndexJsonTrait.php" line="34" class="Tests\Feature\Playground\Matrix\Api\Http\Controllers\Playground\EpicRouteTest" classname="Tests.Feature.Playground.Matrix.Api.Http.Controllers.Playground.EpicRouteTest" assertions="1" time="0.423344"/>
        <testcase name="test_json_admin_can_get_index" file="/app/vendor/gammamatrix/playground-test/src/Feature/Http/Controllers/Resource/Playground/IndexJsonTrait.php" line="49" class="Tests\Feature\Playground\Matrix\Api\Http\Controllers\Playground\EpicRouteTest" classname="Tests.Feature.Playground.Matrix.Api.Http.Controllers.Playground.EpicRouteTest" assertions="98" time="0.428417"/>
        <testcase name="test_json_admin_can_get_index_with_filters" file="/app/vendor/gammamatrix/playground-test/src/Feature/Http/Controllers/Resource/Playground/IndexJsonTrait.php" line="85" class="Tests\Feature\Playground\Matrix\Api\Http\Controllers\Playground\EpicRouteTest" classname="Tests.Feature.Playground.Matrix.Api.Http.Controllers.Playground.EpicRouteTest" assertions="3" time="0.422088"/>
        <testcase name="test_json_guest_cannot_lock" file="/app/vendor/gammamatrix/playground-test/src/Feature/Http/Controllers/Resource/Playground/LockJsonTrait.php" line="36" class="Tests\Feature\Playground\Matrix\Api\Http\Controllers\Playground\EpicRouteTest" classname="Tests.Feature.Playground.Matrix.Api.Http.Controllers.Playground.EpicRouteTest" assertions="3" time="0.392690"/>
        <testcase name="test_json_lock_as_admin_and_succeed" file="/app/vendor/gammamatrix/playground-test/src/Feature/Http/Controllers/Resource/Playground/LockJsonTrait.php" line="66" class="Tests\Feature\Playground\Matrix\Api\Http\Controllers\Playground\EpicRouteTest" classname="Tests.Feature.Playground.Matrix.Api.Http.Controllers.Playground.EpicRouteTest" assertions="3" time="0.423140"/>
        <testcase name="test_json_lock_as_admin_and_succeed_with_no_redirect" file="/app/vendor/gammamatrix/playground-test/src/Feature/Http/Controllers/Resource/Playground/LockJsonTrait.php" line="98" class="Tests\Feature\Playground\Matrix\Api\Http\Controllers\Playground\EpicRouteTest" classname="Tests.Feature.Playground.Matrix.Api.Http.Controllers.Playground.EpicRouteTest" assertions="93" time="0.415287"/>
        <testcase name="test_json_lock_as_user_and_get_denied" file="/app/vendor/gammamatrix/playground-test/src/Feature/Http/Controllers/Resource/Playground/LockJsonTrait.php" line="143" class="Tests\Feature\Playground\Matrix\Api\Http\Controllers\Playground\EpicRouteTest" classname="Tests.Feature.Playground.Matrix.Api.Http.Controllers.Playground.EpicRouteTest" assertions="3" time="0.401034"/>
        <testcase name="test_json_guest_cannot_restore" file="/app/vendor/gammamatrix/playground-test/src/Feature/Http/Controllers/Resource/Playground/RestoreJsonTrait.php" line="32" class="Tests\Feature\Playground\Matrix\Api\Http\Controllers\Playground\EpicRouteTest" classname="Tests.Feature.Playground.Matrix.Api.Http.Controllers.Playground.EpicRouteTest" assertions="3" time="0.401852"/>
        <testcase name="test_json_restore_as_admin_and_succeed" file="/app/vendor/gammamatrix/playground-test/src/Feature/Http/Controllers/Resource/Playground/RestoreJsonTrait.php" line="64" class="Tests\Feature\Playground\Matrix\Api\Http\Controllers\Playground\EpicRouteTest" classname="Tests.Feature.Playground.Matrix.Api.Http.Controllers.Playground.EpicRouteTest" assertions="93" time="0.420564"/>
        <testcase name="test_json_restore_as_admin_and_succeed_with_no_redirect" file="/app/vendor/gammamatrix/playground-test/src/Feature/Http/Controllers/Resource/Playground/RestoreJsonTrait.php" line="100" class="Tests\Feature\Playground\Matrix\Api\Http\Controllers\Playground\EpicRouteTest" classname="Tests.Feature.Playground.Matrix.Api.Http.Controllers.Playground.EpicRouteTest" assertions="93" time="0.418364"/>
        <testcase name="test_json_restore_as_user_and_get_denied" file="/app/vendor/gammamatrix/playground-test/src/Feature/Http/Controllers/Resource/Playground/RestoreJsonTrait.php" line="143" class="Tests\Feature\Playground\Matrix\Api\Http\Controllers\Playground\EpicRouteTest" classname="Tests.Feature.Playground.Matrix.Api.Http.Controllers.Playground.EpicRouteTest" assertions="3" time="0.400454"/>
        <testcase name="test_json_guest_cannot_see_info" file="/app/vendor/gammamatrix/playground-test/src/Feature/Http/Controllers/Resource/Playground/ShowJsonTrait.php" line="29" class="Tests\Feature\Playground\Matrix\Api\Http\Controllers\Playground\EpicRouteTest" classname="Tests.Feature.Playground.Matrix.Api.Http.Controllers.Playground.EpicRouteTest" assertions="1" time="0.394723"/>
        <testcase name="test_json_show_info_for_admin" file="/app/vendor/gammamatrix/playground-test/src/Feature/Http/Controllers/Resource/Playground/ShowJsonTrait.php" line="49" class="Tests\Feature\Playground\Matrix\Api\Http\Controllers\Playground\EpicRouteTest" classname="Tests.Feature.Playground.Matrix.Api.Http.Controllers.Playground.EpicRouteTest" assertions="92" time="0.411859"/>
        <testcase name="test_json_guest_cannot_unlock" file="/app/vendor/gammamatrix/playground-test/src/Feature/Http/Controllers/Resource/Playground/UnlockJsonTrait.php" line="36" class="Tests\Feature\Playground\Matrix\Api\Http\Controllers\Playground\EpicRouteTest" classname="Tests.Feature.Playground.Matrix.Api.Http.Controllers.Playground.EpicRouteTest" assertions="3" time="0.399379"/>
        <testcase name="test_json_unlock_as_admin_and_succeed" file="/app/vendor/gammamatrix/playground-test/src/Feature/Http/Controllers/Resource/Playground/UnlockJsonTrait.php" line="68" class="Tests\Feature\Playground\Matrix\Api\Http\Controllers\Playground\EpicRouteTest" classname="Tests.Feature.Playground.Matrix.Api.Http.Controllers.Playground.EpicRouteTest" assertions="93" time="0.420429"/>
        <testcase name="test_json_unlock_as_admin_and_succeed_with_no_redirect" file="/app/vendor/gammamatrix/playground-test/src/Feature/Http/Controllers/Resource/Playground/UnlockJsonTrait.php" line="104" class="Tests\Feature\Playground\Matrix\Api\Http\Controllers\Playground\EpicRouteTest" classname="Tests.Feature.Playground.Matrix.Api.Http.Controllers.Playground.EpicRouteTest" assertions="93" time="0.407106"/>
        <testcase name="test_json_unlock_as_user_and_get_denied" file="/app/vendor/gammamatrix/playground-test/src/Feature/Http/Controllers/Resource/Playground/UnlockJsonTrait.php" line="145" class="Tests\Feature\Playground\Matrix\Api\Http\Controllers\Playground\EpicRouteTest" classname="Tests.Feature.Playground.Matrix.Api.Http.Controllers.Playground.EpicRouteTest" assertions="3" time="0.404615"/>
      </testsuite>
      <testsuite name="Tests\Feature\Playground\Matrix\Api\Http\Controllers\Playground\FlowRouteTest" file="/app/tests/Feature/Http/Controllers/Playground/FlowRouteTest.php" tests="29" assertions="683" errors="0" failures="0" skipped="0" time="12.215449">
        <testcase name="test_json_guest_cannot_get_create_info" file="/app/vendor/gammamatrix/playground-test/src/Feature/Http/Controllers/Resource/Playground/CreateJsonTrait.php" line="38" class="Tests\Feature\Playground\Matrix\Api\Http\Controllers\Playground\FlowRouteTest" classname="Tests.Feature.Playground.Matrix.Api.Http.Controllers.Playground.FlowRouteTest" assertions="1" time="0.433230"/>
        <testcase name="test_json_admin_can_get_create_info" file="/app/vendor/gammamatrix/playground-test/src/Feature/Http/Controllers/Resource/Playground/CreateJsonTrait.php" line="53" class="Tests\Feature\Playground\Matrix\Api\Http\Controllers\Playground\FlowRouteTest" classname="Tests.Feature.Playground.Matrix.Api.Http.Controllers.Playground.FlowRouteTest" assertions="75" time="0.401272"/>
        <testcase name="test_json_get_create_info_as_admin_with_invalid_parameter_and_fail_validation" file="/app/vendor/gammamatrix/playground-test/src/Feature/Http/Controllers/Resource/Playground/CreateJsonTrait.php" line="73" class="Tests\Feature\Playground\Matrix\Api\Http\Controllers\Playground\FlowRouteTest" classname="Tests.Feature.Playground.Matrix.Api.Http.Controllers.Playground.FlowRouteTest" assertions="4" time="0.417414"/>
        <testcase name="test_json_guest_cannot_destroy" file="/app/vendor/gammamatrix/playground-test/src/Feature/Http/Controllers/Resource/Playground/DestroyJsonTrait.php" line="31" class="Tests\Feature\Playground\Matrix\Api\Http\Controllers\Playground\FlowRouteTest" classname="Tests.Feature.Playground.Matrix.Api.Http.Controllers.Playground.FlowRouteTest" assertions="3" time="0.398468"/>
        <testcase name="test_json_destroy_as_admin_and_succeed" file="/app/vendor/gammamatrix/playground-test/src/Feature/Http/Controllers/Resource/Playground/DestroyJsonTrait.php" line="61" class="Tests\Feature\Playground\Matrix\Api\Http\Controllers\Playground\FlowRouteTest" classname="Tests.Feature.Playground.Matrix.Api.Http.Controllers.Playground.FlowRouteTest" assertions="5" time="0.420361"/>
        <testcase name="test_json_destroy_as_admin_and_succeed_with_force_delete" file="/app/vendor/gammamatrix/playground-test/src/Feature/Http/Controllers/Resource/Playground/DestroyJsonTrait.php" line="100" class="Tests\Feature\Playground\Matrix\Api\Http\Controllers\Playground\FlowRouteTest" classname="Tests.Feature.Playground.Matrix.Api.Http.Controllers.Playground.FlowRouteTest" assertions="4" time="0.407794"/>
        <testcase name="test_json_destroy_as_admin_and_succeed_with_no_content" file="/app/vendor/gammamatrix/playground-test/src/Feature/Http/Controllers/Resource/Playground/DestroyJsonTrait.php" line="132" class="Tests\Feature\Playground\Matrix\Api\Http\Controllers\Playground\FlowRouteTest" classname="Tests.Feature.Playground.Matrix.Api.Http.Controllers.Playground.FlowRouteTest" assertions="5" time="0.401023"/>
        <testcase name="test_json_destroy_as_admin_and_succeed_and_ignore_redirect" file="/app/vendor/gammamatrix/playground-test/src/Feature/Http/Controllers/Resource/Playground/DestroyJsonTrait.php" line="167" class="Tests\Feature\Playground\Matrix\Api\Http\Controllers\Playground\FlowRouteTest" classname="Tests.Feature.Playground.Matrix.Api.Http.Controllers.Playground.FlowRouteTest" assertions="5" time="0.419116"/>
        <testcase name="test_json_destroy_as_user_and_get_denied_and_no_force_delete_allowed" file="/app/vendor/gammamatrix/playground-test/src/Feature/Http/Controllers/Resource/Playground/DestroyJsonTrait.php" line="209" class="Tests\Feature\Playground\Matrix\Api\Http\Controllers\Playground\FlowRouteTest" classname="Tests.Feature.Playground.Matrix.Api.Http.Controllers.Playground.FlowRouteTest" assertions="3" time="0.404165"/>
        <testcase name="test_json_guest_cannot_get_edit_info" file="/app/vendor/gammamatrix/playground-test/src/Feature/Http/Controllers/Resource/Playground/EditJsonTrait.php" line="38" class="Tests\Feature\Playground\Matrix\Api\Http\Controllers\Playground\FlowRouteTest" classname="Tests.Feature.Playground.Matrix.Api.Http.Controllers.Playground.FlowRouteTest" assertions="1" time="0.432687"/>
        <testcase name="test_json_admin_can_get_edit_info" file="/app/vendor/gammamatrix/playground-test/src/Feature/Http/Controllers/Resource/Playground/EditJsonTrait.php" line="58" class="Tests\Feature\Playground\Matrix\Api\Http\Controllers\Playground\FlowRouteTest" classname="Tests.Feature.Playground.Matrix.Api.Http.Controllers.Playground.FlowRouteTest" assertions="4" time="0.411719"/>
        <testcase name="test_json_edit_as_admin_and_fail_validation_with_invalid_parameter" file="/app/vendor/gammamatrix/playground-test/src/Feature/Http/Controllers/Resource/Playground/EditJsonTrait.php" line="87" class="Tests\Feature\Playground\Matrix\Api\Http\Controllers\Playground\FlowRouteTest" classname="Tests.Feature.Playground.Matrix.Api.Http.Controllers.Playground.FlowRouteTest" assertions="4" time="0.405574"/>
        <testcase name="test_json_guest_cannot_get_index" file="/app/vendor/gammamatrix/playground-test/src/Feature/Http/Controllers/Resource/Playground/IndexJsonTrait.php" line="34" class="Tests\Feature\Playground\Matrix\Api\Http\Controllers\Playground\FlowRouteTest" classname="Tests.Feature.Playground.Matrix.Api.Http.Controllers.Playground.FlowRouteTest" assertions="1" time="0.434749"/>
        <testcase name="test_json_admin_can_get_index" file="/app/vendor/gammamatrix/playground-test/src/Feature/Http/Controllers/Resource/Playground/IndexJsonTrait.php" line="49" class="Tests\Feature\Playground\Matrix\Api\Http\Controllers\Playground\FlowRouteTest" classname="Tests.Feature.Playground.Matrix.Api.Http.Controllers.Playground.FlowRouteTest" assertions="82" time="0.429866"/>
        <testcase name="test_json_admin_can_get_index_with_filters" file="/app/vendor/gammamatrix/playground-test/src/Feature/Http/Controllers/Resource/Playground/IndexJsonTrait.php" line="85" class="Tests\Feature\Playground\Matrix\Api\Http\Controllers\Playground\FlowRouteTest" classname="Tests.Feature.Playground.Matrix.Api.Http.Controllers.Playground.FlowRouteTest" assertions="3" time="0.447118"/>
        <testcase name="test_json_guest_cannot_lock" file="/app/vendor/gammamatrix/playground-test/src/Feature/Http/Controllers/Resource/Playground/LockJsonTrait.php" line="36" class="Tests\Feature\Playground\Matrix\Api\Http\Controllers\Playground\FlowRouteTest" classname="Tests.Feature.Playground.Matrix.Api.Http.Controllers.Playground.FlowRouteTest" assertions="3" time="0.404865"/>
        <testcase name="test_json_lock_as_admin_and_succeed" file="/app/vendor/gammamatrix/playground-test/src/Feature/Http/Controllers/Resource/Playground/LockJsonTrait.php" line="66" class="Tests\Feature\Playground\Matrix\Api\Http\Controllers\Playground\FlowRouteTest" classname="Tests.Feature.Playground.Matrix.Api.Http.Controllers.Playground.FlowRouteTest" assertions="3" time="0.434622"/>
        <testcase name="test_json_lock_as_admin_and_succeed_with_no_redirect" file="/app/vendor/gammamatrix/playground-test/src/Feature/Http/Controllers/Resource/Playground/LockJsonTrait.php" line="98" class="Tests\Feature\Playground\Matrix\Api\Http\Controllers\Playground\FlowRouteTest" classname="Tests.Feature.Playground.Matrix.Api.Http.Controllers.Playground.FlowRouteTest" assertions="77" time="0.439584"/>
        <testcase name="test_json_lock_as_user_and_get_denied" file="/app/vendor/gammamatrix/playground-test/src/Feature/Http/Controllers/Resource/Playground/LockJsonTrait.php" line="143" class="Tests\Feature\Playground\Matrix\Api\Http\Controllers\Playground\FlowRouteTest" classname="Tests.Feature.Playground.Matrix.Api.Http.Controllers.Playground.FlowRouteTest" assertions="3" time="0.412792"/>
        <testcase name="test_json_guest_cannot_restore" file="/app/vendor/gammamatrix/playground-test/src/Feature/Http/Controllers/Resource/Playground/RestoreJsonTrait.php" line="32" class="Tests\Feature\Playground\Matrix\Api\Http\Controllers\Playground\FlowRouteTest" classname="Tests.Feature.Playground.Matrix.Api.Http.Controllers.Playground.FlowRouteTest" assertions="3" time="0.421351"/>
        <testcase name="test_json_restore_as_admin_and_succeed" file="/app/vendor/gammamatrix/playground-test/src/Feature/Http/Controllers/Resource/Playground/RestoreJsonTrait.php" line="64" class="Tests\Feature\Playground\Matrix\Api\Http\Controllers\Playground\FlowRouteTest" classname="Tests.Feature.Playground.Matrix.Api.Http.Controllers.Playground.FlowRouteTest" assertions="77" time="0.437088"/>
        <testcase name="test_json_restore_as_admin_and_succeed_with_no_redirect" file="/app/vendor/gammamatrix/playground-test/src/Feature/Http/Controllers/Resource/Playground/RestoreJsonTrait.php" line="100" class="Tests\Feature\Playground\Matrix\Api\Http\Controllers\Playground\FlowRouteTest" classname="Tests.Feature.Playground.Matrix.Api.Http.Controllers.Playground.FlowRouteTest" assertions="77" time="0.437820"/>
        <testcase name="test_json_restore_as_user_and_get_denied" file="/app/vendor/gammamatrix/playground-test/src/Feature/Http/Controllers/Resource/Playground/RestoreJsonTrait.php" line="143" class="Tests\Feature\Playground\Matrix\Api\Http\Controllers\Playground\FlowRouteTest" classname="Tests.Feature.Playground.Matrix.Api.Http.Controllers.Playground.FlowRouteTest" assertions="3" time="0.414400"/>
        <testcase name="test_json_guest_cannot_see_info" file="/app/vendor/gammamatrix/playground-test/src/Feature/Http/Controllers/Resource/Playground/ShowJsonTrait.php" line="29" class="Tests\Feature\Playground\Matrix\Api\Http\Controllers\Playground\FlowRouteTest" classname="Tests.Feature.Playground.Matrix.Api.Http.Controllers.Playground.FlowRouteTest" assertions="1" time="0.403871"/>
        <testcase name="test_json_show_info_for_admin" file="/app/vendor/gammamatrix/playground-test/src/Feature/Http/Controllers/Resource/Playground/ShowJsonTrait.php" line="49" class="Tests\Feature\Playground\Matrix\Api\Http\Controllers\Playground\FlowRouteTest" classname="Tests.Feature.Playground.Matrix.Api.Http.Controllers.Playground.FlowRouteTest" assertions="76" time="0.438773"/>
        <testcase name="test_json_guest_cannot_unlock" file="/app/vendor/gammamatrix/playground-test/src/Feature/Http/Controllers/Resource/Playground/UnlockJsonTrait.php" line="36" class="Tests\Feature\Playground\Matrix\Api\Http\Controllers\Playground\FlowRouteTest" classname="Tests.Feature.Playground.Matrix.Api.Http.Controllers.Playground.FlowRouteTest" assertions="3" time="0.408367"/>
        <testcase name="test_json_unlock_as_admin_and_succeed" file="/app/vendor/gammamatrix/playground-test/src/Feature/Http/Controllers/Resource/Playground/UnlockJsonTrait.php" line="68" class="Tests\Feature\Playground\Matrix\Api\Http\Controllers\Playground\FlowRouteTest" classname="Tests.Feature.Playground.Matrix.Api.Http.Controllers.Playground.FlowRouteTest" assertions="77" time="0.440875"/>
        <testcase name="test_json_unlock_as_admin_and_succeed_with_no_redirect" file="/app/vendor/gammamatrix/playground-test/src/Feature/Http/Controllers/Resource/Playground/UnlockJsonTrait.php" line="104" class="Tests\Feature\Playground\Matrix\Api\Http\Controllers\Playground\FlowRouteTest" classname="Tests.Feature.Playground.Matrix.Api.Http.Controllers.Playground.FlowRouteTest" assertions="77" time="0.441610"/>
        <testcase name="test_json_unlock_as_user_and_get_denied" file="/app/vendor/gammamatrix/playground-test/src/Feature/Http/Controllers/Resource/Playground/UnlockJsonTrait.php" line="145" class="Tests\Feature\Playground\Matrix\Api\Http\Controllers\Playground\FlowRouteTest" classname="Tests.Feature.Playground.Matrix.Api.Http.Controllers.Playground.FlowRouteTest" assertions="3" time="0.414875"/>
      </testsuite>
      <testsuite name="Tests\Feature\Playground\Matrix\Api\Http\Controllers\Playground\MilestoneRouteTest" file="/app/tests/Feature/Http/Controllers/Playground/MilestoneRouteTest.php" tests="29" assertions="811" errors="0" failures="0" skipped="0" time="12.221038">
        <testcase name="test_json_guest_cannot_get_create_info" file="/app/vendor/gammamatrix/playground-test/src/Feature/Http/Controllers/Resource/Playground/CreateJsonTrait.php" line="38" class="Tests\Feature\Playground\Matrix\Api\Http\Controllers\Playground\MilestoneRouteTest" classname="Tests.Feature.Playground.Matrix.Api.Http.Controllers.Playground.MilestoneRouteTest" assertions="1" time="0.445583"/>
        <testcase name="test_json_admin_can_get_create_info" file="/app/vendor/gammamatrix/playground-test/src/Feature/Http/Controllers/Resource/Playground/CreateJsonTrait.php" line="53" class="Tests\Feature\Playground\Matrix\Api\Http\Controllers\Playground\MilestoneRouteTest" classname="Tests.Feature.Playground.Matrix.Api.Http.Controllers.Playground.MilestoneRouteTest" assertions="91" time="0.410275"/>
        <testcase name="test_json_get_create_info_as_admin_with_invalid_parameter_and_fail_validation" file="/app/vendor/gammamatrix/playground-test/src/Feature/Http/Controllers/Resource/Playground/CreateJsonTrait.php" line="73" class="Tests\Feature\Playground\Matrix\Api\Http\Controllers\Playground\MilestoneRouteTest" classname="Tests.Feature.Playground.Matrix.Api.Http.Controllers.Playground.MilestoneRouteTest" assertions="4" time="0.423099"/>
        <testcase name="test_json_guest_cannot_destroy" file="/app/vendor/gammamatrix/playground-test/src/Feature/Http/Controllers/Resource/Playground/DestroyJsonTrait.php" line="31" class="Tests\Feature\Playground\Matrix\Api\Http\Controllers\Playground\MilestoneRouteTest" classname="Tests.Feature.Playground.Matrix.Api.Http.Controllers.Playground.MilestoneRouteTest" assertions="3" time="0.401040"/>
        <testcase name="test_json_destroy_as_admin_and_succeed" file="/app/vendor/gammamatrix/playground-test/src/Feature/Http/Controllers/Resource/Playground/DestroyJsonTrait.php" line="61" class="Tests\Feature\Playground\Matrix\Api\Http\Controllers\Playground\MilestoneRouteTest" classname="Tests.Feature.Playground.Matrix.Api.Http.Controllers.Playground.MilestoneRouteTest" assertions="5" time="0.432718"/>
        <testcase name="test_json_destroy_as_admin_and_succeed_with_force_delete" file="/app/vendor/gammamatrix/playground-test/src/Feature/Http/Controllers/Resource/Playground/DestroyJsonTrait.php" line="100" class="Tests\Feature\Playground\Matrix\Api\Http\Controllers\Playground\MilestoneRouteTest" classname="Tests.Feature.Playground.Matrix.Api.Http.Controllers.Playground.MilestoneRouteTest" assertions="4" time="0.411519"/>
        <testcase name="test_json_destroy_as_admin_and_succeed_with_no_content" file="/app/vendor/gammamatrix/playground-test/src/Feature/Http/Controllers/Resource/Playground/DestroyJsonTrait.php" line="132" class="Tests\Feature\Playground\Matrix\Api\Http\Controllers\Playground\MilestoneRouteTest" classname="Tests.Feature.Playground.Matrix.Api.Http.Controllers.Playground.MilestoneRouteTest" assertions="5" time="0.413807"/>
        <testcase name="test_json_destroy_as_admin_and_succeed_and_ignore_redirect" file="/app/vendor/gammamatrix/playground-test/src/Feature/Http/Controllers/Resource/Playground/DestroyJsonTrait.php" line="167" class="Tests\Feature\Playground\Matrix\Api\Http\Controllers\Playground\MilestoneRouteTest" classname="Tests.Feature.Playground.Matrix.Api.Http.Controllers.Playground.MilestoneRouteTest" assertions="5" time="0.437593"/>
        <testcase name="test_json_destroy_as_user_and_get_denied_and_no_force_delete_allowed" file="/app/vendor/gammamatrix/playground-test/src/Feature/Http/Controllers/Resource/Playground/DestroyJsonTrait.php" line="209" class="Tests\Feature\Playground\Matrix\Api\Http\Controllers\Playground\MilestoneRouteTest" classname="Tests.Feature.Playground.Matrix.Api.Http.Controllers.Playground.MilestoneRouteTest" assertions="3" time="0.409332"/>
        <testcase name="test_json_guest_cannot_get_edit_info" file="/app/vendor/gammamatrix/playground-test/src/Feature/Http/Controllers/Resource/Playground/EditJsonTrait.php" line="38" class="Tests\Feature\Playground\Matrix\Api\Http\Controllers\Playground\MilestoneRouteTest" classname="Tests.Feature.Playground.Matrix.Api.Http.Controllers.Playground.MilestoneRouteTest" assertions="1" time="0.430860"/>
        <testcase name="test_json_admin_can_get_edit_info" file="/app/vendor/gammamatrix/playground-test/src/Feature/Http/Controllers/Resource/Playground/EditJsonTrait.php" line="58" class="Tests\Feature\Playground\Matrix\Api\Http\Controllers\Playground\MilestoneRouteTest" classname="Tests.Feature.Playground.Matrix.Api.Http.Controllers.Playground.MilestoneRouteTest" assertions="4" time="0.414398"/>
        <testcase name="test_json_edit_as_admin_and_fail_validation_with_invalid_parameter" file="/app/vendor/gammamatrix/playground-test/src/Feature/Http/Controllers/Resource/Playground/EditJsonTrait.php" line="87" class="Tests\Feature\Playground\Matrix\Api\Http\Controllers\Playground\MilestoneRouteTest" classname="Tests.Feature.Playground.Matrix.Api.Http.Controllers.Playground.MilestoneRouteTest" assertions="4" time="0.427083"/>
        <testcase name="test_json_guest_cannot_get_index" file="/app/vendor/gammamatrix/playground-test/src/Feature/Http/Controllers/Resource/Playground/IndexJsonTrait.php" line="34" class="Tests\Feature\Playground\Matrix\Api\Http\Controllers\Playground\MilestoneRouteTest" classname="Tests.Feature.Playground.Matrix.Api.Http.Controllers.Playground.MilestoneRouteTest" assertions="1" time="0.435528"/>
        <testcase name="test_json_admin_can_get_index" file="/app/vendor/gammamatrix/playground-test/src/Feature/Http/Controllers/Resource/Playground/IndexJsonTrait.php" line="49" class="Tests\Feature\Playground\Matrix\Api\Http\Controllers\Playground\MilestoneRouteTest" classname="Tests.Feature.Playground.Matrix.Api.Http.Controllers.Playground.MilestoneRouteTest" assertions="98" time="0.427144"/>
        <testcase name="test_json_admin_can_get_index_with_filters" file="/app/vendor/gammamatrix/playground-test/src/Feature/Http/Controllers/Resource/Playground/IndexJsonTrait.php" line="85" class="Tests\Feature\Playground\Matrix\Api\Http\Controllers\Playground\MilestoneRouteTest" classname="Tests.Feature.Playground.Matrix.Api.Http.Controllers.Playground.MilestoneRouteTest" assertions="3" time="0.435369"/>
        <testcase name="test_json_guest_cannot_lock" file="/app/vendor/gammamatrix/playground-test/src/Feature/Http/Controllers/Resource/Playground/LockJsonTrait.php" line="36" class="Tests\Feature\Playground\Matrix\Api\Http\Controllers\Playground\MilestoneRouteTest" classname="Tests.Feature.Playground.Matrix.Api.Http.Controllers.Playground.MilestoneRouteTest" assertions="3" time="0.403212"/>
        <testcase name="test_json_lock_as_admin_and_succeed" file="/app/vendor/gammamatrix/playground-test/src/Feature/Http/Controllers/Resource/Playground/LockJsonTrait.php" line="66" class="Tests\Feature\Playground\Matrix\Api\Http\Controllers\Playground\MilestoneRouteTest" classname="Tests.Feature.Playground.Matrix.Api.Http.Controllers.Playground.MilestoneRouteTest" assertions="3" time="0.439514"/>
        <testcase name="test_json_lock_as_admin_and_succeed_with_no_redirect" file="/app/vendor/gammamatrix/playground-test/src/Feature/Http/Controllers/Resource/Playground/LockJsonTrait.php" line="98" class="Tests\Feature\Playground\Matrix\Api\Http\Controllers\Playground\MilestoneRouteTest" classname="Tests.Feature.Playground.Matrix.Api.Http.Controllers.Playground.MilestoneRouteTest" assertions="93" time="0.421271"/>
        <testcase name="test_json_lock_as_user_and_get_denied" file="/app/vendor/gammamatrix/playground-test/src/Feature/Http/Controllers/Resource/Playground/LockJsonTrait.php" line="143" class="Tests\Feature\Playground\Matrix\Api\Http\Controllers\Playground\MilestoneRouteTest" classname="Tests.Feature.Playground.Matrix.Api.Http.Controllers.Playground.MilestoneRouteTest" assertions="3" time="0.401576"/>
        <testcase name="test_json_guest_cannot_restore" file="/app/vendor/gammamatrix/playground-test/src/Feature/Http/Controllers/Resource/Playground/RestoreJsonTrait.php" line="32" class="Tests\Feature\Playground\Matrix\Api\Http\Controllers\Playground\MilestoneRouteTest" classname="Tests.Feature.Playground.Matrix.Api.Http.Controllers.Playground.MilestoneRouteTest" assertions="3" time="0.410036"/>
        <testcase name="test_json_restore_as_admin_and_succeed" file="/app/vendor/gammamatrix/playground-test/src/Feature/Http/Controllers/Resource/Playground/RestoreJsonTrait.php" line="64" class="Tests\Feature\Playground\Matrix\Api\Http\Controllers\Playground\MilestoneRouteTest" classname="Tests.Feature.Playground.Matrix.Api.Http.Controllers.Playground.MilestoneRouteTest" assertions="93" time="0.419384"/>
        <testcase name="test_json_restore_as_admin_and_succeed_with_no_redirect" file="/app/vendor/gammamatrix/playground-test/src/Feature/Http/Controllers/Resource/Playground/RestoreJsonTrait.php" line="100" class="Tests\Feature\Playground\Matrix\Api\Http\Controllers\Playground\MilestoneRouteTest" classname="Tests.Feature.Playground.Matrix.Api.Http.Controllers.Playground.MilestoneRouteTest" assertions="93" time="0.432834"/>
        <testcase name="test_json_restore_as_user_and_get_denied" file="/app/vendor/gammamatrix/playground-test/src/Feature/Http/Controllers/Resource/Playground/RestoreJsonTrait.php" line="143" class="Tests\Feature\Playground\Matrix\Api\Http\Controllers\Playground\MilestoneRouteTest" classname="Tests.Feature.Playground.Matrix.Api.Http.Controllers.Playground.MilestoneRouteTest" assertions="3" time="0.418438"/>
        <testcase name="test_json_guest_cannot_see_info" file="/app/vendor/gammamatrix/playground-test/src/Feature/Http/Controllers/Resource/Playground/ShowJsonTrait.php" line="29" class="Tests\Feature\Playground\Matrix\Api\Http\Controllers\Playground\MilestoneRouteTest" classname="Tests.Feature.Playground.Matrix.Api.Http.Controllers.Playground.MilestoneRouteTest" assertions="1" time="0.396620"/>
        <testcase name="test_json_show_info_for_admin" file="/app/vendor/gammamatrix/playground-test/src/Feature/Http/Controllers/Resource/Playground/ShowJsonTrait.php" line="49" class="Tests\Feature\Playground\Matrix\Api\Http\Controllers\Playground\MilestoneRouteTest" classname="Tests.Feature.Playground.Matrix.Api.Http.Controllers.Playground.MilestoneRouteTest" assertions="92" time="0.433814"/>
        <testcase name="test_json_guest_cannot_unlock" file="/app/vendor/gammamatrix/playground-test/src/Feature/Http/Controllers/Resource/Playground/UnlockJsonTrait.php" line="36" class="Tests\Feature\Playground\Matrix\Api\Http\Controllers\Playground\MilestoneRouteTest" classname="Tests.Feature.Playground.Matrix.Api.Http.Controllers.Playground.MilestoneRouteTest" assertions="3" time="0.395045"/>
        <testcase name="test_json_unlock_as_admin_and_succeed" file="/app/vendor/gammamatrix/playground-test/src/Feature/Http/Controllers/Resource/Playground/UnlockJsonTrait.php" line="68" class="Tests\Feature\Playground\Matrix\Api\Http\Controllers\Playground\MilestoneRouteTest" classname="Tests.Feature.Playground.Matrix.Api.Http.Controllers.Playground.MilestoneRouteTest" assertions="93" time="0.442368"/>
        <testcase name="test_json_unlock_as_admin_and_succeed_with_no_redirect" file="/app/vendor/gammamatrix/playground-test/src/Feature/Http/Controllers/Resource/Playground/UnlockJsonTrait.php" line="104" class="Tests\Feature\Playground\Matrix\Api\Http\Controllers\Playground\MilestoneRouteTest" classname="Tests.Feature.Playground.Matrix.Api.Http.Controllers.Playground.MilestoneRouteTest" assertions="93" time="0.419426"/>
        <testcase name="test_json_unlock_as_user_and_get_denied" file="/app/vendor/gammamatrix/playground-test/src/Feature/Http/Controllers/Resource/Playground/UnlockJsonTrait.php" line="145" class="Tests\Feature\Playground\Matrix\Api\Http\Controllers\Playground\MilestoneRouteTest" classname="Tests.Feature.Playground.Matrix.Api.Http.Controllers.Playground.MilestoneRouteTest" assertions="3" time="0.432152"/>
      </testsuite>
      <testsuite name="Tests\Feature\Playground\Matrix\Api\Http\Controllers\Playground\NoteRouteTest" file="/app/tests/Feature/Http/Controllers/Playground/NoteRouteTest.php" tests="29" assertions="699" errors="0" failures="0" skipped="0" time="11.970547">
        <testcase name="test_json_guest_cannot_get_create_info" file="/app/vendor/gammamatrix/playground-test/src/Feature/Http/Controllers/Resource/Playground/CreateJsonTrait.php" line="38" class="Tests\Feature\Playground\Matrix\Api\Http\Controllers\Playground\NoteRouteTest" classname="Tests.Feature.Playground.Matrix.Api.Http.Controllers.Playground.NoteRouteTest" assertions="1" time="0.428401"/>
        <testcase name="test_json_admin_can_get_create_info" file="/app/vendor/gammamatrix/playground-test/src/Feature/Http/Controllers/Resource/Playground/CreateJsonTrait.php" line="53" class="Tests\Feature\Playground\Matrix\Api\Http\Controllers\Playground\NoteRouteTest" classname="Tests.Feature.Playground.Matrix.Api.Http.Controllers.Playground.NoteRouteTest" assertions="77" time="0.401314"/>
        <testcase name="test_json_get_create_info_as_admin_with_invalid_parameter_and_fail_validation" file="/app/vendor/gammamatrix/playground-test/src/Feature/Http/Controllers/Resource/Playground/CreateJsonTrait.php" line="73" class="Tests\Feature\Playground\Matrix\Api\Http\Controllers\Playground\NoteRouteTest" classname="Tests.Feature.Playground.Matrix.Api.Http.Controllers.Playground.NoteRouteTest" assertions="4" time="0.411960"/>
        <testcase name="test_json_guest_cannot_destroy" file="/app/vendor/gammamatrix/playground-test/src/Feature/Http/Controllers/Resource/Playground/DestroyJsonTrait.php" line="31" class="Tests\Feature\Playground\Matrix\Api\Http\Controllers\Playground\NoteRouteTest" classname="Tests.Feature.Playground.Matrix.Api.Http.Controllers.Playground.NoteRouteTest" assertions="3" time="0.403093"/>
        <testcase name="test_json_destroy_as_admin_and_succeed" file="/app/vendor/gammamatrix/playground-test/src/Feature/Http/Controllers/Resource/Playground/DestroyJsonTrait.php" line="61" class="Tests\Feature\Playground\Matrix\Api\Http\Controllers\Playground\NoteRouteTest" classname="Tests.Feature.Playground.Matrix.Api.Http.Controllers.Playground.NoteRouteTest" assertions="5" time="0.426329"/>
        <testcase name="test_json_destroy_as_admin_and_succeed_with_force_delete" file="/app/vendor/gammamatrix/playground-test/src/Feature/Http/Controllers/Resource/Playground/DestroyJsonTrait.php" line="100" class="Tests\Feature\Playground\Matrix\Api\Http\Controllers\Playground\NoteRouteTest" classname="Tests.Feature.Playground.Matrix.Api.Http.Controllers.Playground.NoteRouteTest" assertions="4" time="0.397486"/>
        <testcase name="test_json_destroy_as_admin_and_succeed_with_no_content" file="/app/vendor/gammamatrix/playground-test/src/Feature/Http/Controllers/Resource/Playground/DestroyJsonTrait.php" line="132" class="Tests\Feature\Playground\Matrix\Api\Http\Controllers\Playground\NoteRouteTest" classname="Tests.Feature.Playground.Matrix.Api.Http.Controllers.Playground.NoteRouteTest" assertions="5" time="0.404851"/>
        <testcase name="test_json_destroy_as_admin_and_succeed_and_ignore_redirect" file="/app/vendor/gammamatrix/playground-test/src/Feature/Http/Controllers/Resource/Playground/DestroyJsonTrait.php" line="167" class="Tests\Feature\Playground\Matrix\Api\Http\Controllers\Playground\NoteRouteTest" classname="Tests.Feature.Playground.Matrix.Api.Http.Controllers.Playground.NoteRouteTest" assertions="5" time="0.419014"/>
        <testcase name="test_json_destroy_as_user_and_get_denied_and_no_force_delete_allowed" file="/app/vendor/gammamatrix/playground-test/src/Feature/Http/Controllers/Resource/Playground/DestroyJsonTrait.php" line="209" class="Tests\Feature\Playground\Matrix\Api\Http\Controllers\Playground\NoteRouteTest" classname="Tests.Feature.Playground.Matrix.Api.Http.Controllers.Playground.NoteRouteTest" assertions="3" time="0.396092"/>
        <testcase name="test_json_guest_cannot_get_edit_info" file="/app/vendor/gammamatrix/playground-test/src/Feature/Http/Controllers/Resource/Playground/EditJsonTrait.php" line="38" class="Tests\Feature\Playground\Matrix\Api\Http\Controllers\Playground\NoteRouteTest" classname="Tests.Feature.Playground.Matrix.Api.Http.Controllers.Playground.NoteRouteTest" assertions="1" time="0.427491"/>
        <testcase name="test_json_admin_can_get_edit_info" file="/app/vendor/gammamatrix/playground-test/src/Feature/Http/Controllers/Resource/Playground/EditJsonTrait.php" line="58" class="Tests\Feature\Playground\Matrix\Api\Http\Controllers\Playground\NoteRouteTest" classname="Tests.Feature.Playground.Matrix.Api.Http.Controllers.Playground.NoteRouteTest" assertions="4" time="0.413764"/>
        <testcase name="test_json_edit_as_admin_and_fail_validation_with_invalid_parameter" file="/app/vendor/gammamatrix/playground-test/src/Feature/Http/Controllers/Resource/Playground/EditJsonTrait.php" line="87" class="Tests\Feature\Playground\Matrix\Api\Http\Controllers\Playground\NoteRouteTest" classname="Tests.Feature.Playground.Matrix.Api.Http.Controllers.Playground.NoteRouteTest" assertions="4" time="0.406206"/>
        <testcase name="test_json_guest_cannot_get_index" file="/app/vendor/gammamatrix/playground-test/src/Feature/Http/Controllers/Resource/Playground/IndexJsonTrait.php" line="34" class="Tests\Feature\Playground\Matrix\Api\Http\Controllers\Playground\NoteRouteTest" classname="Tests.Feature.Playground.Matrix.Api.Http.Controllers.Playground.NoteRouteTest" assertions="1" time="0.431215"/>
        <testcase name="test_json_admin_can_get_index" file="/app/vendor/gammamatrix/playground-test/src/Feature/Http/Controllers/Resource/Playground/IndexJsonTrait.php" line="49" class="Tests\Feature\Playground\Matrix\Api\Http\Controllers\Playground\NoteRouteTest" classname="Tests.Feature.Playground.Matrix.Api.Http.Controllers.Playground.NoteRouteTest" assertions="84" time="0.414392"/>
        <testcase name="test_json_admin_can_get_index_with_filters" file="/app/vendor/gammamatrix/playground-test/src/Feature/Http/Controllers/Resource/Playground/IndexJsonTrait.php" line="85" class="Tests\Feature\Playground\Matrix\Api\Http\Controllers\Playground\NoteRouteTest" classname="Tests.Feature.Playground.Matrix.Api.Http.Controllers.Playground.NoteRouteTest" assertions="3" time="0.435501"/>
        <testcase name="test_json_guest_cannot_lock" file="/app/vendor/gammamatrix/playground-test/src/Feature/Http/Controllers/Resource/Playground/LockJsonTrait.php" line="36" class="Tests\Feature\Playground\Matrix\Api\Http\Controllers\Playground\NoteRouteTest" classname="Tests.Feature.Playground.Matrix.Api.Http.Controllers.Playground.NoteRouteTest" assertions="3" time="0.395363"/>
        <testcase name="test_json_lock_as_admin_and_succeed" file="/app/vendor/gammamatrix/playground-test/src/Feature/Http/Controllers/Resource/Playground/LockJsonTrait.php" line="66" class="Tests\Feature\Playground\Matrix\Api\Http\Controllers\Playground\NoteRouteTest" classname="Tests.Feature.Playground.Matrix.Api.Http.Controllers.Playground.NoteRouteTest" assertions="3" time="0.407038"/>
        <testcase name="test_json_lock_as_admin_and_succeed_with_no_redirect" file="/app/vendor/gammamatrix/playground-test/src/Feature/Http/Controllers/Resource/Playground/LockJsonTrait.php" line="98" class="Tests\Feature\Playground\Matrix\Api\Http\Controllers\Playground\NoteRouteTest" classname="Tests.Feature.Playground.Matrix.Api.Http.Controllers.Playground.NoteRouteTest" assertions="79" time="0.422136"/>
        <testcase name="test_json_lock_as_user_and_get_denied" file="/app/vendor/gammamatrix/playground-test/src/Feature/Http/Controllers/Resource/Playground/LockJsonTrait.php" line="143" class="Tests\Feature\Playground\Matrix\Api\Http\Controllers\Playground\NoteRouteTest" classname="Tests.Feature.Playground.Matrix.Api.Http.Controllers.Playground.NoteRouteTest" assertions="3" time="0.403761"/>
        <testcase name="test_json_guest_cannot_restore" file="/app/vendor/gammamatrix/playground-test/src/Feature/Http/Controllers/Resource/Playground/RestoreJsonTrait.php" line="32" class="Tests\Feature\Playground\Matrix\Api\Http\Controllers\Playground\NoteRouteTest" classname="Tests.Feature.Playground.Matrix.Api.Http.Controllers.Playground.NoteRouteTest" assertions="3" time="0.420469"/>
        <testcase name="test_json_restore_as_admin_and_succeed" file="/app/vendor/gammamatrix/playground-test/src/Feature/Http/Controllers/Resource/Playground/RestoreJsonTrait.php" line="64" class="Tests\Feature\Playground\Matrix\Api\Http\Controllers\Playground\NoteRouteTest" classname="Tests.Feature.Playground.Matrix.Api.Http.Controllers.Playground.NoteRouteTest" assertions="79" time="0.416308"/>
        <testcase name="test_json_restore_as_admin_and_succeed_with_no_redirect" file="/app/vendor/gammamatrix/playground-test/src/Feature/Http/Controllers/Resource/Playground/RestoreJsonTrait.php" line="100" class="Tests\Feature\Playground\Matrix\Api\Http\Controllers\Playground\NoteRouteTest" classname="Tests.Feature.Playground.Matrix.Api.Http.Controllers.Playground.NoteRouteTest" assertions="79" time="0.421742"/>
        <testcase name="test_json_restore_as_user_and_get_denied" file="/app/vendor/gammamatrix/playground-test/src/Feature/Http/Controllers/Resource/Playground/RestoreJsonTrait.php" line="143" class="Tests\Feature\Playground\Matrix\Api\Http\Controllers\Playground\NoteRouteTest" classname="Tests.Feature.Playground.Matrix.Api.Http.Controllers.Playground.NoteRouteTest" assertions="3" time="0.416804"/>
        <testcase name="test_json_guest_cannot_see_info" file="/app/vendor/gammamatrix/playground-test/src/Feature/Http/Controllers/Resource/Playground/ShowJsonTrait.php" line="29" class="Tests\Feature\Playground\Matrix\Api\Http\Controllers\Playground\NoteRouteTest" classname="Tests.Feature.Playground.Matrix.Api.Http.Controllers.Playground.NoteRouteTest" assertions="1" time="0.389564"/>
        <testcase name="test_json_show_info_for_admin" file="/app/vendor/gammamatrix/playground-test/src/Feature/Http/Controllers/Resource/Playground/ShowJsonTrait.php" line="49" class="Tests\Feature\Playground\Matrix\Api\Http\Controllers\Playground\NoteRouteTest" classname="Tests.Feature.Playground.Matrix.Api.Http.Controllers.Playground.NoteRouteTest" assertions="78" time="0.423903"/>
        <testcase name="test_json_guest_cannot_unlock" file="/app/vendor/gammamatrix/playground-test/src/Feature/Http/Controllers/Resource/Playground/UnlockJsonTrait.php" line="36" class="Tests\Feature\Playground\Matrix\Api\Http\Controllers\Playground\NoteRouteTest" classname="Tests.Feature.Playground.Matrix.Api.Http.Controllers.Playground.NoteRouteTest" assertions="3" time="0.396218"/>
        <testcase name="test_json_unlock_as_admin_and_succeed" file="/app/vendor/gammamatrix/playground-test/src/Feature/Http/Controllers/Resource/Playground/UnlockJsonTrait.php" line="68" class="Tests\Feature\Playground\Matrix\Api\Http\Controllers\Playground\NoteRouteTest" classname="Tests.Feature.Playground.Matrix.Api.Http.Controllers.Playground.NoteRouteTest" assertions="79" time="0.415526"/>
        <testcase name="test_json_unlock_as_admin_and_succeed_with_no_redirect" file="/app/vendor/gammamatrix/playground-test/src/Feature/Http/Controllers/Resource/Playground/UnlockJsonTrait.php" line="104" class="Tests\Feature\Playground\Matrix\Api\Http\Controllers\Playground\NoteRouteTest" classname="Tests.Feature.Playground.Matrix.Api.Http.Controllers.Playground.NoteRouteTest" assertions="79" time="0.416342"/>
        <testcase name="test_json_unlock_as_user_and_get_denied" file="/app/vendor/gammamatrix/playground-test/src/Feature/Http/Controllers/Resource/Playground/UnlockJsonTrait.php" line="145" class="Tests\Feature\Playground\Matrix\Api\Http\Controllers\Playground\NoteRouteTest" classname="Tests.Feature.Playground.Matrix.Api.Http.Controllers.Playground.NoteRouteTest" assertions="3" time="0.408265"/>
      </testsuite>
      <testsuite name="Tests\Feature\Playground\Matrix\Api\Http\Controllers\Playground\ProjectRouteTest" file="/app/tests/Feature/Http/Controllers/Playground/ProjectRouteTest.php" tests="29" assertions="811" errors="0" failures="0" skipped="0" time="12.142673">
        <testcase name="test_json_guest_cannot_get_create_info" file="/app/vendor/gammamatrix/playground-test/src/Feature/Http/Controllers/Resource/Playground/CreateJsonTrait.php" line="38" class="Tests\Feature\Playground\Matrix\Api\Http\Controllers\Playground\ProjectRouteTest" classname="Tests.Feature.Playground.Matrix.Api.Http.Controllers.Playground.ProjectRouteTest" assertions="1" time="0.457900"/>
        <testcase name="test_json_admin_can_get_create_info" file="/app/vendor/gammamatrix/playground-test/src/Feature/Http/Controllers/Resource/Playground/CreateJsonTrait.php" line="53" class="Tests\Feature\Playground\Matrix\Api\Http\Controllers\Playground\ProjectRouteTest" classname="Tests.Feature.Playground.Matrix.Api.Http.Controllers.Playground.ProjectRouteTest" assertions="91" time="0.398427"/>
        <testcase name="test_json_get_create_info_as_admin_with_invalid_parameter_and_fail_validation" file="/app/vendor/gammamatrix/playground-test/src/Feature/Http/Controllers/Resource/Playground/CreateJsonTrait.php" line="73" class="Tests\Feature\Playground\Matrix\Api\Http\Controllers\Playground\ProjectRouteTest" classname="Tests.Feature.Playground.Matrix.Api.Http.Controllers.Playground.ProjectRouteTest" assertions="4" time="0.416717"/>
        <testcase name="test_json_guest_cannot_destroy" file="/app/vendor/gammamatrix/playground-test/src/Feature/Http/Controllers/Resource/Playground/DestroyJsonTrait.php" line="31" class="Tests\Feature\Playground\Matrix\Api\Http\Controllers\Playground\ProjectRouteTest" classname="Tests.Feature.Playground.Matrix.Api.Http.Controllers.Playground.ProjectRouteTest" assertions="3" time="0.395418"/>
        <testcase name="test_json_destroy_as_admin_and_succeed" file="/app/vendor/gammamatrix/playground-test/src/Feature/Http/Controllers/Resource/Playground/DestroyJsonTrait.php" line="61" class="Tests\Feature\Playground\Matrix\Api\Http\Controllers\Playground\ProjectRouteTest" classname="Tests.Feature.Playground.Matrix.Api.Http.Controllers.Playground.ProjectRouteTest" assertions="5" time="0.397693"/>
        <testcase name="test_json_destroy_as_admin_and_succeed_with_force_delete" file="/app/vendor/gammamatrix/playground-test/src/Feature/Http/Controllers/Resource/Playground/DestroyJsonTrait.php" line="100" class="Tests\Feature\Playground\Matrix\Api\Http\Controllers\Playground\ProjectRouteTest" classname="Tests.Feature.Playground.Matrix.Api.Http.Controllers.Playground.ProjectRouteTest" assertions="4" time="0.424201"/>
        <testcase name="test_json_destroy_as_admin_and_succeed_with_no_content" file="/app/vendor/gammamatrix/playground-test/src/Feature/Http/Controllers/Resource/Playground/DestroyJsonTrait.php" line="132" class="Tests\Feature\Playground\Matrix\Api\Http\Controllers\Playground\ProjectRouteTest" classname="Tests.Feature.Playground.Matrix.Api.Http.Controllers.Playground.ProjectRouteTest" assertions="5" time="0.399730"/>
        <testcase name="test_json_destroy_as_admin_and_succeed_and_ignore_redirect" file="/app/vendor/gammamatrix/playground-test/src/Feature/Http/Controllers/Resource/Playground/DestroyJsonTrait.php" line="167" class="Tests\Feature\Playground\Matrix\Api\Http\Controllers\Playground\ProjectRouteTest" classname="Tests.Feature.Playground.Matrix.Api.Http.Controllers.Playground.ProjectRouteTest" assertions="5" time="0.427413"/>
        <testcase name="test_json_destroy_as_user_and_get_denied_and_no_force_delete_allowed" file="/app/vendor/gammamatrix/playground-test/src/Feature/Http/Controllers/Resource/Playground/DestroyJsonTrait.php" line="209" class="Tests\Feature\Playground\Matrix\Api\Http\Controllers\Playground\ProjectRouteTest" classname="Tests.Feature.Playground.Matrix.Api.Http.Controllers.Playground.ProjectRouteTest" assertions="3" time="0.398487"/>
        <testcase name="test_json_guest_cannot_get_edit_info" file="/app/vendor/gammamatrix/playground-test/src/Feature/Http/Controllers/Resource/Playground/EditJsonTrait.php" line="38" class="Tests\Feature\Playground\Matrix\Api\Http\Controllers\Playground\ProjectRouteTest" classname="Tests.Feature.Playground.Matrix.Api.Http.Controllers.Playground.ProjectRouteTest" assertions="1" time="0.412900"/>
        <testcase name="test_json_admin_can_get_edit_info" file="/app/vendor/gammamatrix/playground-test/src/Feature/Http/Controllers/Resource/Playground/EditJsonTrait.php" line="58" class="Tests\Feature\Playground\Matrix\Api\Http\Controllers\Playground\ProjectRouteTest" classname="Tests.Feature.Playground.Matrix.Api.Http.Controllers.Playground.ProjectRouteTest" assertions="4" time="0.440873"/>
        <testcase name="test_json_edit_as_admin_and_fail_validation_with_invalid_parameter" file="/app/vendor/gammamatrix/playground-test/src/Feature/Http/Controllers/Resource/Playground/EditJsonTrait.php" line="87" class="Tests\Feature\Playground\Matrix\Api\Http\Controllers\Playground\ProjectRouteTest" classname="Tests.Feature.Playground.Matrix.Api.Http.Controllers.Playground.ProjectRouteTest" assertions="4" time="0.402306"/>
        <testcase name="test_json_guest_cannot_get_index" file="/app/vendor/gammamatrix/playground-test/src/Feature/Http/Controllers/Resource/Playground/IndexJsonTrait.php" line="34" class="Tests\Feature\Playground\Matrix\Api\Http\Controllers\Playground\ProjectRouteTest" classname="Tests.Feature.Playground.Matrix.Api.Http.Controllers.Playground.ProjectRouteTest" assertions="1" time="0.443085"/>
        <testcase name="test_json_admin_can_get_index" file="/app/vendor/gammamatrix/playground-test/src/Feature/Http/Controllers/Resource/Playground/IndexJsonTrait.php" line="49" class="Tests\Feature\Playground\Matrix\Api\Http\Controllers\Playground\ProjectRouteTest" classname="Tests.Feature.Playground.Matrix.Api.Http.Controllers.Playground.ProjectRouteTest" assertions="98" time="0.420894"/>
        <testcase name="test_json_admin_can_get_index_with_filters" file="/app/vendor/gammamatrix/playground-test/src/Feature/Http/Controllers/Resource/Playground/IndexJsonTrait.php" line="85" class="Tests\Feature\Playground\Matrix\Api\Http\Controllers\Playground\ProjectRouteTest" classname="Tests.Feature.Playground.Matrix.Api.Http.Controllers.Playground.ProjectRouteTest" assertions="3" time="0.421155"/>
        <testcase name="test_json_guest_cannot_lock" file="/app/vendor/gammamatrix/playground-test/src/Feature/Http/Controllers/Resource/Playground/LockJsonTrait.php" line="36" class="Tests\Feature\Playground\Matrix\Api\Http\Controllers\Playground\ProjectRouteTest" classname="Tests.Feature.Playground.Matrix.Api.Http.Controllers.Playground.ProjectRouteTest" assertions="3" time="0.420447"/>
        <testcase name="test_json_lock_as_admin_and_succeed" file="/app/vendor/gammamatrix/playground-test/src/Feature/Http/Controllers/Resource/Playground/LockJsonTrait.php" line="66" class="Tests\Feature\Playground\Matrix\Api\Http\Controllers\Playground\ProjectRouteTest" classname="Tests.Feature.Playground.Matrix.Api.Http.Controllers.Playground.ProjectRouteTest" assertions="3" time="0.417763"/>
        <testcase name="test_json_lock_as_admin_and_succeed_with_no_redirect" file="/app/vendor/gammamatrix/playground-test/src/Feature/Http/Controllers/Resource/Playground/LockJsonTrait.php" line="98" class="Tests\Feature\Playground\Matrix\Api\Http\Controllers\Playground\ProjectRouteTest" classname="Tests.Feature.Playground.Matrix.Api.Http.Controllers.Playground.ProjectRouteTest" assertions="93" time="0.499215"/>
        <testcase name="test_json_lock_as_user_and_get_denied" file="/app/vendor/gammamatrix/playground-test/src/Feature/Http/Controllers/Resource/Playground/LockJsonTrait.php" line="143" class="Tests\Feature\Playground\Matrix\Api\Http\Controllers\Playground\ProjectRouteTest" classname="Tests.Feature.Playground.Matrix.Api.Http.Controllers.Playground.ProjectRouteTest" assertions="3" time="0.401787"/>
        <testcase name="test_json_guest_cannot_restore" file="/app/vendor/gammamatrix/playground-test/src/Feature/Http/Controllers/Resource/Playground/RestoreJsonTrait.php" line="32" class="Tests\Feature\Playground\Matrix\Api\Http\Controllers\Playground\ProjectRouteTest" classname="Tests.Feature.Playground.Matrix.Api.Http.Controllers.Playground.ProjectRouteTest" assertions="3" time="0.389512"/>
        <testcase name="test_json_restore_as_admin_and_succeed" file="/app/vendor/gammamatrix/playground-test/src/Feature/Http/Controllers/Resource/Playground/RestoreJsonTrait.php" line="64" class="Tests\Feature\Playground\Matrix\Api\Http\Controllers\Playground\ProjectRouteTest" classname="Tests.Feature.Playground.Matrix.Api.Http.Controllers.Playground.ProjectRouteTest" assertions="93" time="0.432735"/>
        <testcase name="test_json_restore_as_admin_and_succeed_with_no_redirect" file="/app/vendor/gammamatrix/playground-test/src/Feature/Http/Controllers/Resource/Playground/RestoreJsonTrait.php" line="100" class="Tests\Feature\Playground\Matrix\Api\Http\Controllers\Playground\ProjectRouteTest" classname="Tests.Feature.Playground.Matrix.Api.Http.Controllers.Playground.ProjectRouteTest" assertions="93" time="0.415471"/>
        <testcase name="test_json_restore_as_user_and_get_denied" file="/app/vendor/gammamatrix/playground-test/src/Feature/Http/Controllers/Resource/Playground/RestoreJsonTrait.php" line="143" class="Tests\Feature\Playground\Matrix\Api\Http\Controllers\Playground\ProjectRouteTest" classname="Tests.Feature.Playground.Matrix.Api.Http.Controllers.Playground.ProjectRouteTest" assertions="3" time="0.430896"/>
        <testcase name="test_json_guest_cannot_see_info" file="/app/vendor/gammamatrix/playground-test/src/Feature/Http/Controllers/Resource/Playground/ShowJsonTrait.php" line="29" class="Tests\Feature\Playground\Matrix\Api\Http\Controllers\Playground\ProjectRouteTest" classname="Tests.Feature.Playground.Matrix.Api.Http.Controllers.Playground.ProjectRouteTest" assertions="1" time="0.390451"/>
        <testcase name="test_json_show_info_for_admin" file="/app/vendor/gammamatrix/playground-test/src/Feature/Http/Controllers/Resource/Playground/ShowJsonTrait.php" line="49" class="Tests\Feature\Playground\Matrix\Api\Http\Controllers\Playground\ProjectRouteTest" classname="Tests.Feature.Playground.Matrix.Api.Http.Controllers.Playground.ProjectRouteTest" assertions="92" time="0.438330"/>
        <testcase name="test_json_guest_cannot_unlock" file="/app/vendor/gammamatrix/playground-test/src/Feature/Http/Controllers/Resource/Playground/UnlockJsonTrait.php" line="36" class="Tests\Feature\Playground\Matrix\Api\Http\Controllers\Playground\ProjectRouteTest" classname="Tests.Feature.Playground.Matrix.Api.Http.Controllers.Playground.ProjectRouteTest" assertions="3" time="0.392151"/>
        <testcase name="test_json_unlock_as_admin_and_succeed" file="/app/vendor/gammamatrix/playground-test/src/Feature/Http/Controllers/Resource/Playground/UnlockJsonTrait.php" line="68" class="Tests\Feature\Playground\Matrix\Api\Http\Controllers\Playground\ProjectRouteTest" classname="Tests.Feature.Playground.Matrix.Api.Http.Controllers.Playground.ProjectRouteTest" assertions="93" time="0.406824"/>
        <testcase name="test_json_unlock_as_admin_and_succeed_with_no_redirect" file="/app/vendor/gammamatrix/playground-test/src/Feature/Http/Controllers/Resource/Playground/UnlockJsonTrait.php" line="104" class="Tests\Feature\Playground\Matrix\Api\Http\Controllers\Playground\ProjectRouteTest" classname="Tests.Feature.Playground.Matrix.Api.Http.Controllers.Playground.ProjectRouteTest" assertions="93" time="0.448010"/>
        <testcase name="test_json_unlock_as_user_and_get_denied" file="/app/vendor/gammamatrix/playground-test/src/Feature/Http/Controllers/Resource/Playground/UnlockJsonTrait.php" line="145" class="Tests\Feature\Playground\Matrix\Api\Http\Controllers\Playground\ProjectRouteTest" classname="Tests.Feature.Playground.Matrix.Api.Http.Controllers.Playground.ProjectRouteTest" assertions="3" time="0.401882"/>
      </testsuite>
      <testsuite name="Tests\Feature\Playground\Matrix\Api\Http\Controllers\Playground\ReleaseRouteTest" file="/app/tests/Feature/Http/Controllers/Playground/ReleaseRouteTest.php" tests="29" assertions="811" errors="0" failures="0" skipped="0" time="12.113277">
        <testcase name="test_json_guest_cannot_get_create_info" file="/app/vendor/gammamatrix/playground-test/src/Feature/Http/Controllers/Resource/Playground/CreateJsonTrait.php" line="38" class="Tests\Feature\Playground\Matrix\Api\Http\Controllers\Playground\ReleaseRouteTest" classname="Tests.Feature.Playground.Matrix.Api.Http.Controllers.Playground.ReleaseRouteTest" assertions="1" time="0.459008"/>
        <testcase name="test_json_admin_can_get_create_info" file="/app/vendor/gammamatrix/playground-test/src/Feature/Http/Controllers/Resource/Playground/CreateJsonTrait.php" line="53" class="Tests\Feature\Playground\Matrix\Api\Http\Controllers\Playground\ReleaseRouteTest" classname="Tests.Feature.Playground.Matrix.Api.Http.Controllers.Playground.ReleaseRouteTest" assertions="91" time="0.404938"/>
        <testcase name="test_json_get_create_info_as_admin_with_invalid_parameter_and_fail_validation" file="/app/vendor/gammamatrix/playground-test/src/Feature/Http/Controllers/Resource/Playground/CreateJsonTrait.php" line="73" class="Tests\Feature\Playground\Matrix\Api\Http\Controllers\Playground\ReleaseRouteTest" classname="Tests.Feature.Playground.Matrix.Api.Http.Controllers.Playground.ReleaseRouteTest" assertions="4" time="0.395664"/>
        <testcase name="test_json_guest_cannot_destroy" file="/app/vendor/gammamatrix/playground-test/src/Feature/Http/Controllers/Resource/Playground/DestroyJsonTrait.php" line="31" class="Tests\Feature\Playground\Matrix\Api\Http\Controllers\Playground\ReleaseRouteTest" classname="Tests.Feature.Playground.Matrix.Api.Http.Controllers.Playground.ReleaseRouteTest" assertions="3" time="0.418032"/>
        <testcase name="test_json_destroy_as_admin_and_succeed" file="/app/vendor/gammamatrix/playground-test/src/Feature/Http/Controllers/Resource/Playground/DestroyJsonTrait.php" line="61" class="Tests\Feature\Playground\Matrix\Api\Http\Controllers\Playground\ReleaseRouteTest" classname="Tests.Feature.Playground.Matrix.Api.Http.Controllers.Playground.ReleaseRouteTest" assertions="5" time="0.403500"/>
        <testcase name="test_json_destroy_as_admin_and_succeed_with_force_delete" file="/app/vendor/gammamatrix/playground-test/src/Feature/Http/Controllers/Resource/Playground/DestroyJsonTrait.php" line="100" class="Tests\Feature\Playground\Matrix\Api\Http\Controllers\Playground\ReleaseRouteTest" classname="Tests.Feature.Playground.Matrix.Api.Http.Controllers.Playground.ReleaseRouteTest" assertions="4" time="0.432441"/>
        <testcase name="test_json_destroy_as_admin_and_succeed_with_no_content" file="/app/vendor/gammamatrix/playground-test/src/Feature/Http/Controllers/Resource/Playground/DestroyJsonTrait.php" line="132" class="Tests\Feature\Playground\Matrix\Api\Http\Controllers\Playground\ReleaseRouteTest" classname="Tests.Feature.Playground.Matrix.Api.Http.Controllers.Playground.ReleaseRouteTest" assertions="5" time="0.403789"/>
        <testcase name="test_json_destroy_as_admin_and_succeed_and_ignore_redirect" file="/app/vendor/gammamatrix/playground-test/src/Feature/Http/Controllers/Resource/Playground/DestroyJsonTrait.php" line="167" class="Tests\Feature\Playground\Matrix\Api\Http\Controllers\Playground\ReleaseRouteTest" classname="Tests.Feature.Playground.Matrix.Api.Http.Controllers.Playground.ReleaseRouteTest" assertions="5" time="0.404080"/>
        <testcase name="test_json_destroy_as_user_and_get_denied_and_no_force_delete_allowed" file="/app/vendor/gammamatrix/playground-test/src/Feature/Http/Controllers/Resource/Playground/DestroyJsonTrait.php" line="209" class="Tests\Feature\Playground\Matrix\Api\Http\Controllers\Playground\ReleaseRouteTest" classname="Tests.Feature.Playground.Matrix.Api.Http.Controllers.Playground.ReleaseRouteTest" assertions="3" time="0.431086"/>
        <testcase name="test_json_guest_cannot_get_edit_info" file="/app/vendor/gammamatrix/playground-test/src/Feature/Http/Controllers/Resource/Playground/EditJsonTrait.php" line="38" class="Tests\Feature\Playground\Matrix\Api\Http\Controllers\Playground\ReleaseRouteTest" classname="Tests.Feature.Playground.Matrix.Api.Http.Controllers.Playground.ReleaseRouteTest" assertions="1" time="0.408628"/>
        <testcase name="test_json_admin_can_get_edit_info" file="/app/vendor/gammamatrix/playground-test/src/Feature/Http/Controllers/Resource/Playground/EditJsonTrait.php" line="58" class="Tests\Feature\Playground\Matrix\Api\Http\Controllers\Playground\ReleaseRouteTest" classname="Tests.Feature.Playground.Matrix.Api.Http.Controllers.Playground.ReleaseRouteTest" assertions="4" time="0.445750"/>
        <testcase name="test_json_edit_as_admin_and_fail_validation_with_invalid_parameter" file="/app/vendor/gammamatrix/playground-test/src/Feature/Http/Controllers/Resource/Playground/EditJsonTrait.php" line="87" class="Tests\Feature\Playground\Matrix\Api\Http\Controllers\Playground\ReleaseRouteTest" classname="Tests.Feature.Playground.Matrix.Api.Http.Controllers.Playground.ReleaseRouteTest" assertions="4" time="0.418367"/>
        <testcase name="test_json_guest_cannot_get_index" file="/app/vendor/gammamatrix/playground-test/src/Feature/Http/Controllers/Resource/Playground/IndexJsonTrait.php" line="34" class="Tests\Feature\Playground\Matrix\Api\Http\Controllers\Playground\ReleaseRouteTest" classname="Tests.Feature.Playground.Matrix.Api.Http.Controllers.Playground.ReleaseRouteTest" assertions="1" time="0.419151"/>
        <testcase name="test_json_admin_can_get_index" file="/app/vendor/gammamatrix/playground-test/src/Feature/Http/Controllers/Resource/Playground/IndexJsonTrait.php" line="49" class="Tests\Feature\Playground\Matrix\Api\Http\Controllers\Playground\ReleaseRouteTest" classname="Tests.Feature.Playground.Matrix.Api.Http.Controllers.Playground.ReleaseRouteTest" assertions="98" time="0.443883"/>
        <testcase name="test_json_admin_can_get_index_with_filters" file="/app/vendor/gammamatrix/playground-test/src/Feature/Http/Controllers/Resource/Playground/IndexJsonTrait.php" line="85" class="Tests\Feature\Playground\Matrix\Api\Http\Controllers\Playground\ReleaseRouteTest" classname="Tests.Feature.Playground.Matrix.Api.Http.Controllers.Playground.ReleaseRouteTest" assertions="3" time="0.407637"/>
        <testcase name="test_json_guest_cannot_lock" file="/app/vendor/gammamatrix/playground-test/src/Feature/Http/Controllers/Resource/Playground/LockJsonTrait.php" line="36" class="Tests\Feature\Playground\Matrix\Api\Http\Controllers\Playground\ReleaseRouteTest" classname="Tests.Feature.Playground.Matrix.Api.Http.Controllers.Playground.ReleaseRouteTest" assertions="3" time="0.432362"/>
        <testcase name="test_json_lock_as_admin_and_succeed" file="/app/vendor/gammamatrix/playground-test/src/Feature/Http/Controllers/Resource/Playground/LockJsonTrait.php" line="66" class="Tests\Feature\Playground\Matrix\Api\Http\Controllers\Playground\ReleaseRouteTest" classname="Tests.Feature.Playground.Matrix.Api.Http.Controllers.Playground.ReleaseRouteTest" assertions="3" time="0.409835"/>
        <testcase name="test_json_lock_as_admin_and_succeed_with_no_redirect" file="/app/vendor/gammamatrix/playground-test/src/Feature/Http/Controllers/Resource/Playground/LockJsonTrait.php" line="98" class="Tests\Feature\Playground\Matrix\Api\Http\Controllers\Playground\ReleaseRouteTest" classname="Tests.Feature.Playground.Matrix.Api.Http.Controllers.Playground.ReleaseRouteTest" assertions="93" time="0.409550"/>
        <testcase name="test_json_lock_as_user_and_get_denied" file="/app/vendor/gammamatrix/playground-test/src/Feature/Http/Controllers/Resource/Playground/LockJsonTrait.php" line="143" class="Tests\Feature\Playground\Matrix\Api\Http\Controllers\Playground\ReleaseRouteTest" classname="Tests.Feature.Playground.Matrix.Api.Http.Controllers.Playground.ReleaseRouteTest" assertions="3" time="0.412850"/>
        <testcase name="test_json_guest_cannot_restore" file="/app/vendor/gammamatrix/playground-test/src/Feature/Http/Controllers/Resource/Playground/RestoreJsonTrait.php" line="32" class="Tests\Feature\Playground\Matrix\Api\Http\Controllers\Playground\ReleaseRouteTest" classname="Tests.Feature.Playground.Matrix.Api.Http.Controllers.Playground.ReleaseRouteTest" assertions="3" time="0.396398"/>
        <testcase name="test_json_restore_as_admin_and_succeed" file="/app/vendor/gammamatrix/playground-test/src/Feature/Http/Controllers/Resource/Playground/RestoreJsonTrait.php" line="64" class="Tests\Feature\Playground\Matrix\Api\Http\Controllers\Playground\ReleaseRouteTest" classname="Tests.Feature.Playground.Matrix.Api.Http.Controllers.Playground.ReleaseRouteTest" assertions="93" time="0.441715"/>
        <testcase name="test_json_restore_as_admin_and_succeed_with_no_redirect" file="/app/vendor/gammamatrix/playground-test/src/Feature/Http/Controllers/Resource/Playground/RestoreJsonTrait.php" line="100" class="Tests\Feature\Playground\Matrix\Api\Http\Controllers\Playground\ReleaseRouteTest" classname="Tests.Feature.Playground.Matrix.Api.Http.Controllers.Playground.ReleaseRouteTest" assertions="93" time="0.408868"/>
        <testcase name="test_json_restore_as_user_and_get_denied" file="/app/vendor/gammamatrix/playground-test/src/Feature/Http/Controllers/Resource/Playground/RestoreJsonTrait.php" line="143" class="Tests\Feature\Playground\Matrix\Api\Http\Controllers\Playground\ReleaseRouteTest" classname="Tests.Feature.Playground.Matrix.Api.Http.Controllers.Playground.ReleaseRouteTest" assertions="3" time="0.409199"/>
        <testcase name="test_json_guest_cannot_see_info" file="/app/vendor/gammamatrix/playground-test/src/Feature/Http/Controllers/Resource/Playground/ShowJsonTrait.php" line="29" class="Tests\Feature\Playground\Matrix\Api\Http\Controllers\Playground\ReleaseRouteTest" classname="Tests.Feature.Playground.Matrix.Api.Http.Controllers.Playground.ReleaseRouteTest" assertions="1" time="0.414798"/>
        <testcase name="test_json_show_info_for_admin" file="/app/vendor/gammamatrix/playground-test/src/Feature/Http/Controllers/Resource/Playground/ShowJsonTrait.php" line="49" class="Tests\Feature\Playground\Matrix\Api\Http\Controllers\Playground\ReleaseRouteTest" classname="Tests.Feature.Playground.Matrix.Api.Http.Controllers.Playground.ReleaseRouteTest" assertions="92" time="0.403677"/>
        <testcase name="test_json_guest_cannot_unlock" file="/app/vendor/gammamatrix/playground-test/src/Feature/Http/Controllers/Resource/Playground/UnlockJsonTrait.php" line="36" class="Tests\Feature\Playground\Matrix\Api\Http\Controllers\Playground\ReleaseRouteTest" classname="Tests.Feature.Playground.Matrix.Api.Http.Controllers.Playground.ReleaseRouteTest" assertions="3" time="0.424929"/>
        <testcase name="test_json_unlock_as_admin_and_succeed" file="/app/vendor/gammamatrix/playground-test/src/Feature/Http/Controllers/Resource/Playground/UnlockJsonTrait.php" line="68" class="Tests\Feature\Playground\Matrix\Api\Http\Controllers\Playground\ReleaseRouteTest" classname="Tests.Feature.Playground.Matrix.Api.Http.Controllers.Playground.ReleaseRouteTest" assertions="93" time="0.416373"/>
        <testcase name="test_json_unlock_as_admin_and_succeed_with_no_redirect" file="/app/vendor/gammamatrix/playground-test/src/Feature/Http/Controllers/Resource/Playground/UnlockJsonTrait.php" line="104" class="Tests\Feature\Playground\Matrix\Api\Http\Controllers\Playground\ReleaseRouteTest" classname="Tests.Feature.Playground.Matrix.Api.Http.Controllers.Playground.ReleaseRouteTest" assertions="93" time="0.409757"/>
        <testcase name="test_json_unlock_as_user_and_get_denied" file="/app/vendor/gammamatrix/playground-test/src/Feature/Http/Controllers/Resource/Playground/UnlockJsonTrait.php" line="145" class="Tests\Feature\Playground\Matrix\Api\Http\Controllers\Playground\ReleaseRouteTest" classname="Tests.Feature.Playground.Matrix.Api.Http.Controllers.Playground.ReleaseRouteTest" assertions="3" time="0.427008"/>
      </testsuite>
      <testsuite name="Tests\Feature\Playground\Matrix\Api\Http\Controllers\Playground\RoadmapRouteTest" file="/app/tests/Feature/Http/Controllers/Playground/RoadmapRouteTest.php" tests="29" assertions="811" errors="0" failures="0" skipped="0" time="12.223587">
        <testcase name="test_json_guest_cannot_get_create_info" file="/app/vendor/gammamatrix/playground-test/src/Feature/Http/Controllers/Resource/Playground/CreateJsonTrait.php" line="38" class="Tests\Feature\Playground\Matrix\Api\Http\Controllers\Playground\RoadmapRouteTest" classname="Tests.Feature.Playground.Matrix.Api.Http.Controllers.Playground.RoadmapRouteTest" assertions="1" time="0.427557"/>
        <testcase name="test_json_admin_can_get_create_info" file="/app/vendor/gammamatrix/playground-test/src/Feature/Http/Controllers/Resource/Playground/CreateJsonTrait.php" line="53" class="Tests\Feature\Playground\Matrix\Api\Http\Controllers\Playground\RoadmapRouteTest" classname="Tests.Feature.Playground.Matrix.Api.Http.Controllers.Playground.RoadmapRouteTest" assertions="91" time="0.434090"/>
        <testcase name="test_json_get_create_info_as_admin_with_invalid_parameter_and_fail_validation" file="/app/vendor/gammamatrix/playground-test/src/Feature/Http/Controllers/Resource/Playground/CreateJsonTrait.php" line="73" class="Tests\Feature\Playground\Matrix\Api\Http\Controllers\Playground\RoadmapRouteTest" classname="Tests.Feature.Playground.Matrix.Api.Http.Controllers.Playground.RoadmapRouteTest" assertions="4" time="0.397326"/>
        <testcase name="test_json_guest_cannot_destroy" file="/app/vendor/gammamatrix/playground-test/src/Feature/Http/Controllers/Resource/Playground/DestroyJsonTrait.php" line="31" class="Tests\Feature\Playground\Matrix\Api\Http\Controllers\Playground\RoadmapRouteTest" classname="Tests.Feature.Playground.Matrix.Api.Http.Controllers.Playground.RoadmapRouteTest" assertions="3" time="0.430845"/>
        <testcase name="test_json_destroy_as_admin_and_succeed" file="/app/vendor/gammamatrix/playground-test/src/Feature/Http/Controllers/Resource/Playground/DestroyJsonTrait.php" line="61" class="Tests\Feature\Playground\Matrix\Api\Http\Controllers\Playground\RoadmapRouteTest" classname="Tests.Feature.Playground.Matrix.Api.Http.Controllers.Playground.RoadmapRouteTest" assertions="5" time="0.402914"/>
        <testcase name="test_json_destroy_as_admin_and_succeed_with_force_delete" file="/app/vendor/gammamatrix/playground-test/src/Feature/Http/Controllers/Resource/Playground/DestroyJsonTrait.php" line="100" class="Tests\Feature\Playground\Matrix\Api\Http\Controllers\Playground\RoadmapRouteTest" classname="Tests.Feature.Playground.Matrix.Api.Http.Controllers.Playground.RoadmapRouteTest" assertions="4" time="0.397341"/>
        <testcase name="test_json_destroy_as_admin_and_succeed_with_no_content" file="/app/vendor/gammamatrix/playground-test/src/Feature/Http/Controllers/Resource/Playground/DestroyJsonTrait.php" line="132" class="Tests\Feature\Playground\Matrix\Api\Http\Controllers\Playground\RoadmapRouteTest" classname="Tests.Feature.Playground.Matrix.Api.Http.Controllers.Playground.RoadmapRouteTest" assertions="5" time="0.458386"/>
        <testcase name="test_json_destroy_as_admin_and_succeed_and_ignore_redirect" file="/app/vendor/gammamatrix/playground-test/src/Feature/Http/Controllers/Resource/Playground/DestroyJsonTrait.php" line="167" class="Tests\Feature\Playground\Matrix\Api\Http\Controllers\Playground\RoadmapRouteTest" classname="Tests.Feature.Playground.Matrix.Api.Http.Controllers.Playground.RoadmapRouteTest" assertions="5" time="0.401210"/>
        <testcase name="test_json_destroy_as_user_and_get_denied_and_no_force_delete_allowed" file="/app/vendor/gammamatrix/playground-test/src/Feature/Http/Controllers/Resource/Playground/DestroyJsonTrait.php" line="209" class="Tests\Feature\Playground\Matrix\Api\Http\Controllers\Playground\RoadmapRouteTest" classname="Tests.Feature.Playground.Matrix.Api.Http.Controllers.Playground.RoadmapRouteTest" assertions="3" time="0.439037"/>
        <testcase name="test_json_guest_cannot_get_edit_info" file="/app/vendor/gammamatrix/playground-test/src/Feature/Http/Controllers/Resource/Playground/EditJsonTrait.php" line="38" class="Tests\Feature\Playground\Matrix\Api\Http\Controllers\Playground\RoadmapRouteTest" classname="Tests.Feature.Playground.Matrix.Api.Http.Controllers.Playground.RoadmapRouteTest" assertions="1" time="0.407388"/>
        <testcase name="test_json_admin_can_get_edit_info" file="/app/vendor/gammamatrix/playground-test/src/Feature/Http/Controllers/Resource/Playground/EditJsonTrait.php" line="58" class="Tests\Feature\Playground\Matrix\Api\Http\Controllers\Playground\RoadmapRouteTest" classname="Tests.Feature.Playground.Matrix.Api.Http.Controllers.Playground.RoadmapRouteTest" assertions="4" time="0.418884"/>
        <testcase name="test_json_edit_as_admin_and_fail_validation_with_invalid_parameter" file="/app/vendor/gammamatrix/playground-test/src/Feature/Http/Controllers/Resource/Playground/EditJsonTrait.php" line="87" class="Tests\Feature\Playground\Matrix\Api\Http\Controllers\Playground\RoadmapRouteTest" classname="Tests.Feature.Playground.Matrix.Api.Http.Controllers.Playground.RoadmapRouteTest" assertions="4" time="0.439381"/>
        <testcase name="test_json_guest_cannot_get_index" file="/app/vendor/gammamatrix/playground-test/src/Feature/Http/Controllers/Resource/Playground/IndexJsonTrait.php" line="34" class="Tests\Feature\Playground\Matrix\Api\Http\Controllers\Playground\RoadmapRouteTest" classname="Tests.Feature.Playground.Matrix.Api.Http.Controllers.Playground.RoadmapRouteTest" assertions="1" time="0.427500"/>
        <testcase name="test_json_admin_can_get_index" file="/app/vendor/gammamatrix/playground-test/src/Feature/Http/Controllers/Resource/Playground/IndexJsonTrait.php" line="49" class="Tests\Feature\Playground\Matrix\Api\Http\Controllers\Playground\RoadmapRouteTest" classname="Tests.Feature.Playground.Matrix.Api.Http.Controllers.Playground.RoadmapRouteTest" assertions="98" time="0.451904"/>
        <testcase name="test_json_admin_can_get_index_with_filters" file="/app/vendor/gammamatrix/playground-test/src/Feature/Http/Controllers/Resource/Playground/IndexJsonTrait.php" line="85" class="Tests\Feature\Playground\Matrix\Api\Http\Controllers\Playground\RoadmapRouteTest" classname="Tests.Feature.Playground.Matrix.Api.Http.Controllers.Playground.RoadmapRouteTest" assertions="3" time="0.416876"/>
        <testcase name="test_json_guest_cannot_lock" file="/app/vendor/gammamatrix/playground-test/src/Feature/Http/Controllers/Resource/Playground/LockJsonTrait.php" line="36" class="Tests\Feature\Playground\Matrix\Api\Http\Controllers\Playground\RoadmapRouteTest" classname="Tests.Feature.Playground.Matrix.Api.Http.Controllers.Playground.RoadmapRouteTest" assertions="3" time="0.394470"/>
        <testcase name="test_json_lock_as_admin_and_succeed" file="/app/vendor/gammamatrix/playground-test/src/Feature/Http/Controllers/Resource/Playground/LockJsonTrait.php" line="66" class="Tests\Feature\Playground\Matrix\Api\Http\Controllers\Playground\RoadmapRouteTest" classname="Tests.Feature.Playground.Matrix.Api.Http.Controllers.Playground.RoadmapRouteTest" assertions="3" time="0.449607"/>
        <testcase name="test_json_lock_as_admin_and_succeed_with_no_redirect" file="/app/vendor/gammamatrix/playground-test/src/Feature/Http/Controllers/Resource/Playground/LockJsonTrait.php" line="98" class="Tests\Feature\Playground\Matrix\Api\Http\Controllers\Playground\RoadmapRouteTest" classname="Tests.Feature.Playground.Matrix.Api.Http.Controllers.Playground.RoadmapRouteTest" assertions="93" time="0.411028"/>
        <testcase name="test_json_lock_as_user_and_get_denied" file="/app/vendor/gammamatrix/playground-test/src/Feature/Http/Controllers/Resource/Playground/LockJsonTrait.php" line="143" class="Tests\Feature\Playground\Matrix\Api\Http\Controllers\Playground\RoadmapRouteTest" classname="Tests.Feature.Playground.Matrix.Api.Http.Controllers.Playground.RoadmapRouteTest" assertions="3" time="0.446113"/>
        <testcase name="test_json_guest_cannot_restore" file="/app/vendor/gammamatrix/playground-test/src/Feature/Http/Controllers/Resource/Playground/RestoreJsonTrait.php" line="32" class="Tests\Feature\Playground\Matrix\Api\Http\Controllers\Playground\RoadmapRouteTest" classname="Tests.Feature.Playground.Matrix.Api.Http.Controllers.Playground.RoadmapRouteTest" assertions="3" time="0.394039"/>
        <testcase name="test_json_restore_as_admin_and_succeed" file="/app/vendor/gammamatrix/playground-test/src/Feature/Http/Controllers/Resource/Playground/RestoreJsonTrait.php" line="64" class="Tests\Feature\Playground\Matrix\Api\Http\Controllers\Playground\RoadmapRouteTest" classname="Tests.Feature.Playground.Matrix.Api.Http.Controllers.Playground.RoadmapRouteTest" assertions="93" time="0.408130"/>
        <testcase name="test_json_restore_as_admin_and_succeed_with_no_redirect" file="/app/vendor/gammamatrix/playground-test/src/Feature/Http/Controllers/Resource/Playground/RestoreJsonTrait.php" line="100" class="Tests\Feature\Playground\Matrix\Api\Http\Controllers\Playground\RoadmapRouteTest" classname="Tests.Feature.Playground.Matrix.Api.Http.Controllers.Playground.RoadmapRouteTest" assertions="93" time="0.457308"/>
        <testcase name="test_json_restore_as_user_and_get_denied" file="/app/vendor/gammamatrix/playground-test/src/Feature/Http/Controllers/Resource/Playground/RestoreJsonTrait.php" line="143" class="Tests\Feature\Playground\Matrix\Api\Http\Controllers\Playground\RoadmapRouteTest" classname="Tests.Feature.Playground.Matrix.Api.Http.Controllers.Playground.RoadmapRouteTest" assertions="3" time="0.403730"/>
        <testcase name="test_json_guest_cannot_see_info" file="/app/vendor/gammamatrix/playground-test/src/Feature/Http/Controllers/Resource/Playground/ShowJsonTrait.php" line="29" class="Tests\Feature\Playground\Matrix\Api\Http\Controllers\Playground\RoadmapRouteTest" classname="Tests.Feature.Playground.Matrix.Api.Http.Controllers.Playground.RoadmapRouteTest" assertions="1" time="0.433573"/>
        <testcase name="test_json_show_info_for_admin" file="/app/vendor/gammamatrix/playground-test/src/Feature/Http/Controllers/Resource/Playground/ShowJsonTrait.php" line="49" class="Tests\Feature\Playground\Matrix\Api\Http\Controllers\Playground\RoadmapRouteTest" classname="Tests.Feature.Playground.Matrix.Api.Http.Controllers.Playground.RoadmapRouteTest" assertions="92" time="0.400233"/>
        <testcase name="test_json_guest_cannot_unlock" file="/app/vendor/gammamatrix/playground-test/src/Feature/Http/Controllers/Resource/Playground/UnlockJsonTrait.php" line="36" class="Tests\Feature\Playground\Matrix\Api\Http\Controllers\Playground\RoadmapRouteTest" classname="Tests.Feature.Playground.Matrix.Api.Http.Controllers.Playground.RoadmapRouteTest" assertions="3" time="0.396459"/>
        <testcase name="test_json_unlock_as_admin_and_succeed" file="/app/vendor/gammamatrix/playground-test/src/Feature/Http/Controllers/Resource/Playground/UnlockJsonTrait.php" line="68" class="Tests\Feature\Playground\Matrix\Api\Http\Controllers\Playground\RoadmapRouteTest" classname="Tests.Feature.Playground.Matrix.Api.Http.Controllers.Playground.RoadmapRouteTest" assertions="93" time="0.435939"/>
        <testcase name="test_json_unlock_as_admin_and_succeed_with_no_redirect" file="/app/vendor/gammamatrix/playground-test/src/Feature/Http/Controllers/Resource/Playground/UnlockJsonTrait.php" line="104" class="Tests\Feature\Playground\Matrix\Api\Http\Controllers\Playground\RoadmapRouteTest" classname="Tests.Feature.Playground.Matrix.Api.Http.Controllers.Playground.RoadmapRouteTest" assertions="93" time="0.405089"/>
        <testcase name="test_json_unlock_as_user_and_get_denied" file="/app/vendor/gammamatrix/playground-test/src/Feature/Http/Controllers/Resource/Playground/UnlockJsonTrait.php" line="145" class="Tests\Feature\Playground\Matrix\Api\Http\Controllers\Playground\RoadmapRouteTest" classname="Tests.Feature.Playground.Matrix.Api.Http.Controllers.Playground.RoadmapRouteTest" assertions="3" time="0.437232"/>
      </testsuite>
      <testsuite name="Tests\Feature\Playground\Matrix\Api\Http\Controllers\Playground\SourceRouteTest" file="/app/tests/Feature/Http/Controllers/Playground/SourceRouteTest.php" tests="29" assertions="811" errors="0" failures="0" skipped="0" time="12.204542">
        <testcase name="test_json_guest_cannot_get_create_info" file="/app/vendor/gammamatrix/playground-test/src/Feature/Http/Controllers/Resource/Playground/CreateJsonTrait.php" line="38" class="Tests\Feature\Playground\Matrix\Api\Http\Controllers\Playground\SourceRouteTest" classname="Tests.Feature.Playground.Matrix.Api.Http.Controllers.Playground.SourceRouteTest" assertions="1" time="0.426544"/>
        <testcase name="test_json_admin_can_get_create_info" file="/app/vendor/gammamatrix/playground-test/src/Feature/Http/Controllers/Resource/Playground/CreateJsonTrait.php" line="53" class="Tests\Feature\Playground\Matrix\Api\Http\Controllers\Playground\SourceRouteTest" classname="Tests.Feature.Playground.Matrix.Api.Http.Controllers.Playground.SourceRouteTest" assertions="91" time="0.442997"/>
        <testcase name="test_json_get_create_info_as_admin_with_invalid_parameter_and_fail_validation" file="/app/vendor/gammamatrix/playground-test/src/Feature/Http/Controllers/Resource/Playground/CreateJsonTrait.php" line="73" class="Tests\Feature\Playground\Matrix\Api\Http\Controllers\Playground\SourceRouteTest" classname="Tests.Feature.Playground.Matrix.Api.Http.Controllers.Playground.SourceRouteTest" assertions="4" time="0.399774"/>
        <testcase name="test_json_guest_cannot_destroy" file="/app/vendor/gammamatrix/playground-test/src/Feature/Http/Controllers/Resource/Playground/DestroyJsonTrait.php" line="31" class="Tests\Feature\Playground\Matrix\Api\Http\Controllers\Playground\SourceRouteTest" classname="Tests.Feature.Playground.Matrix.Api.Http.Controllers.Playground.SourceRouteTest" assertions="3" time="0.403606"/>
        <testcase name="test_json_destroy_as_admin_and_succeed" file="/app/vendor/gammamatrix/playground-test/src/Feature/Http/Controllers/Resource/Playground/DestroyJsonTrait.php" line="61" class="Tests\Feature\Playground\Matrix\Api\Http\Controllers\Playground\SourceRouteTest" classname="Tests.Feature.Playground.Matrix.Api.Http.Controllers.Playground.SourceRouteTest" assertions="5" time="0.434609"/>
        <testcase name="test_json_destroy_as_admin_and_succeed_with_force_delete" file="/app/vendor/gammamatrix/playground-test/src/Feature/Http/Controllers/Resource/Playground/DestroyJsonTrait.php" line="100" class="Tests\Feature\Playground\Matrix\Api\Http\Controllers\Playground\SourceRouteTest" classname="Tests.Feature.Playground.Matrix.Api.Http.Controllers.Playground.SourceRouteTest" assertions="4" time="0.405518"/>
        <testcase name="test_json_destroy_as_admin_and_succeed_with_no_content" file="/app/vendor/gammamatrix/playground-test/src/Feature/Http/Controllers/Resource/Playground/DestroyJsonTrait.php" line="132" class="Tests\Feature\Playground\Matrix\Api\Http\Controllers\Playground\SourceRouteTest" classname="Tests.Feature.Playground.Matrix.Api.Http.Controllers.Playground.SourceRouteTest" assertions="5" time="0.418588"/>
        <testcase name="test_json_destroy_as_admin_and_succeed_and_ignore_redirect" file="/app/vendor/gammamatrix/playground-test/src/Feature/Http/Controllers/Resource/Playground/DestroyJsonTrait.php" line="167" class="Tests\Feature\Playground\Matrix\Api\Http\Controllers\Playground\SourceRouteTest" classname="Tests.Feature.Playground.Matrix.Api.Http.Controllers.Playground.SourceRouteTest" assertions="5" time="0.399008"/>
        <testcase name="test_json_destroy_as_user_and_get_denied_and_no_force_delete_allowed" file="/app/vendor/gammamatrix/playground-test/src/Feature/Http/Controllers/Resource/Playground/DestroyJsonTrait.php" line="209" class="Tests\Feature\Playground\Matrix\Api\Http\Controllers\Playground\SourceRouteTest" classname="Tests.Feature.Playground.Matrix.Api.Http.Controllers.Playground.SourceRouteTest" assertions="3" time="0.398069"/>
        <testcase name="test_json_guest_cannot_get_edit_info" file="/app/vendor/gammamatrix/playground-test/src/Feature/Http/Controllers/Resource/Playground/EditJsonTrait.php" line="38" class="Tests\Feature\Playground\Matrix\Api\Http\Controllers\Playground\SourceRouteTest" classname="Tests.Feature.Playground.Matrix.Api.Http.Controllers.Playground.SourceRouteTest" assertions="1" time="0.458070"/>
        <testcase name="test_json_admin_can_get_edit_info" file="/app/vendor/gammamatrix/playground-test/src/Feature/Http/Controllers/Resource/Playground/EditJsonTrait.php" line="58" class="Tests\Feature\Playground\Matrix\Api\Http\Controllers\Playground\SourceRouteTest" classname="Tests.Feature.Playground.Matrix.Api.Http.Controllers.Playground.SourceRouteTest" assertions="4" time="0.410797"/>
        <testcase name="test_json_edit_as_admin_and_fail_validation_with_invalid_parameter" file="/app/vendor/gammamatrix/playground-test/src/Feature/Http/Controllers/Resource/Playground/EditJsonTrait.php" line="87" class="Tests\Feature\Playground\Matrix\Api\Http\Controllers\Playground\SourceRouteTest" classname="Tests.Feature.Playground.Matrix.Api.Http.Controllers.Playground.SourceRouteTest" assertions="4" time="0.442636"/>
        <testcase name="test_json_guest_cannot_get_index" file="/app/vendor/gammamatrix/playground-test/src/Feature/Http/Controllers/Resource/Playground/IndexJsonTrait.php" line="34" class="Tests\Feature\Playground\Matrix\Api\Http\Controllers\Playground\SourceRouteTest" classname="Tests.Feature.Playground.Matrix.Api.Http.Controllers.Playground.SourceRouteTest" assertions="1" time="0.422721"/>
        <testcase name="test_json_admin_can_get_index" file="/app/vendor/gammamatrix/playground-test/src/Feature/Http/Controllers/Resource/Playground/IndexJsonTrait.php" line="49" class="Tests\Feature\Playground\Matrix\Api\Http\Controllers\Playground\SourceRouteTest" classname="Tests.Feature.Playground.Matrix.Api.Http.Controllers.Playground.SourceRouteTest" assertions="98" time="0.422501"/>
        <testcase name="test_json_admin_can_get_index_with_filters" file="/app/vendor/gammamatrix/playground-test/src/Feature/Http/Controllers/Resource/Playground/IndexJsonTrait.php" line="85" class="Tests\Feature\Playground\Matrix\Api\Http\Controllers\Playground\SourceRouteTest" classname="Tests.Feature.Playground.Matrix.Api.Http.Controllers.Playground.SourceRouteTest" assertions="3" time="0.443156"/>
        <testcase name="test_json_guest_cannot_lock" file="/app/vendor/gammamatrix/playground-test/src/Feature/Http/Controllers/Resource/Playground/LockJsonTrait.php" line="36" class="Tests\Feature\Playground\Matrix\Api\Http\Controllers\Playground\SourceRouteTest" classname="Tests.Feature.Playground.Matrix.Api.Http.Controllers.Playground.SourceRouteTest" assertions="3" time="0.392996"/>
        <testcase name="test_json_lock_as_admin_and_succeed" file="/app/vendor/gammamatrix/playground-test/src/Feature/Http/Controllers/Resource/Playground/LockJsonTrait.php" line="66" class="Tests\Feature\Playground\Matrix\Api\Http\Controllers\Playground\SourceRouteTest" classname="Tests.Feature.Playground.Matrix.Api.Http.Controllers.Playground.SourceRouteTest" assertions="3" time="0.449199"/>
        <testcase name="test_json_lock_as_admin_and_succeed_with_no_redirect" file="/app/vendor/gammamatrix/playground-test/src/Feature/Http/Controllers/Resource/Playground/LockJsonTrait.php" line="98" class="Tests\Feature\Playground\Matrix\Api\Http\Controllers\Playground\SourceRouteTest" classname="Tests.Feature.Playground.Matrix.Api.Http.Controllers.Playground.SourceRouteTest" assertions="93" time="0.416165"/>
        <testcase name="test_json_lock_as_user_and_get_denied" file="/app/vendor/gammamatrix/playground-test/src/Feature/Http/Controllers/Resource/Playground/LockJsonTrait.php" line="143" class="Tests\Feature\Playground\Matrix\Api\Http\Controllers\Playground\SourceRouteTest" classname="Tests.Feature.Playground.Matrix.Api.Http.Controllers.Playground.SourceRouteTest" assertions="3" time="0.396178"/>
        <testcase name="test_json_guest_cannot_restore" file="/app/vendor/gammamatrix/playground-test/src/Feature/Http/Controllers/Resource/Playground/RestoreJsonTrait.php" line="32" class="Tests\Feature\Playground\Matrix\Api\Http\Controllers\Playground\SourceRouteTest" classname="Tests.Feature.Playground.Matrix.Api.Http.Controllers.Playground.SourceRouteTest" assertions="3" time="0.436966"/>
        <testcase name="test_json_restore_as_admin_and_succeed" file="/app/vendor/gammamatrix/playground-test/src/Feature/Http/Controllers/Resource/Playground/RestoreJsonTrait.php" line="64" class="Tests\Feature\Playground\Matrix\Api\Http\Controllers\Playground\SourceRouteTest" classname="Tests.Feature.Playground.Matrix.Api.Http.Controllers.Playground.SourceRouteTest" assertions="93" time="0.419364"/>
        <testcase name="test_json_restore_as_admin_and_succeed_with_no_redirect" file="/app/vendor/gammamatrix/playground-test/src/Feature/Http/Controllers/Resource/Playground/RestoreJsonTrait.php" line="100" class="Tests\Feature\Playground\Matrix\Api\Http\Controllers\Playground\SourceRouteTest" classname="Tests.Feature.Playground.Matrix.Api.Http.Controllers.Playground.SourceRouteTest" assertions="93" time="0.459554"/>
        <testcase name="test_json_restore_as_user_and_get_denied" file="/app/vendor/gammamatrix/playground-test/src/Feature/Http/Controllers/Resource/Playground/RestoreJsonTrait.php" line="143" class="Tests\Feature\Playground\Matrix\Api\Http\Controllers\Playground\SourceRouteTest" classname="Tests.Feature.Playground.Matrix.Api.Http.Controllers.Playground.SourceRouteTest" assertions="3" time="0.408137"/>
        <testcase name="test_json_guest_cannot_see_info" file="/app/vendor/gammamatrix/playground-test/src/Feature/Http/Controllers/Resource/Playground/ShowJsonTrait.php" line="29" class="Tests\Feature\Playground\Matrix\Api\Http\Controllers\Playground\SourceRouteTest" classname="Tests.Feature.Playground.Matrix.Api.Http.Controllers.Playground.SourceRouteTest" assertions="1" time="0.394160"/>
        <testcase name="test_json_show_info_for_admin" file="/app/vendor/gammamatrix/playground-test/src/Feature/Http/Controllers/Resource/Playground/ShowJsonTrait.php" line="49" class="Tests\Feature\Playground\Matrix\Api\Http\Controllers\Playground\SourceRouteTest" classname="Tests.Feature.Playground.Matrix.Api.Http.Controllers.Playground.SourceRouteTest" assertions="92" time="0.457319"/>
        <testcase name="test_json_guest_cannot_unlock" file="/app/vendor/gammamatrix/playground-test/src/Feature/Http/Controllers/Resource/Playground/UnlockJsonTrait.php" line="36" class="Tests\Feature\Playground\Matrix\Api\Http\Controllers\Playground\SourceRouteTest" classname="Tests.Feature.Playground.Matrix.Api.Http.Controllers.Playground.SourceRouteTest" assertions="3" time="0.393707"/>
        <testcase name="test_json_unlock_as_admin_and_succeed" file="/app/vendor/gammamatrix/playground-test/src/Feature/Http/Controllers/Resource/Playground/UnlockJsonTrait.php" line="68" class="Tests\Feature\Playground\Matrix\Api\Http\Controllers\Playground\SourceRouteTest" classname="Tests.Feature.Playground.Matrix.Api.Http.Controllers.Playground.SourceRouteTest" assertions="93" time="0.446719"/>
        <testcase name="test_json_unlock_as_admin_and_succeed_with_no_redirect" file="/app/vendor/gammamatrix/playground-test/src/Feature/Http/Controllers/Resource/Playground/UnlockJsonTrait.php" line="104" class="Tests\Feature\Playground\Matrix\Api\Http\Controllers\Playground\SourceRouteTest" classname="Tests.Feature.Playground.Matrix.Api.Http.Controllers.Playground.SourceRouteTest" assertions="93" time="0.406493"/>
        <testcase name="test_json_unlock_as_user_and_get_denied" file="/app/vendor/gammamatrix/playground-test/src/Feature/Http/Controllers/Resource/Playground/UnlockJsonTrait.php" line="145" class="Tests\Feature\Playground\Matrix\Api\Http\Controllers\Playground\SourceRouteTest" classname="Tests.Feature.Playground.Matrix.Api.Http.Controllers.Playground.SourceRouteTest" assertions="3" time="0.398990"/>
      </testsuite>
      <testsuite name="Tests\Feature\Playground\Matrix\Api\Http\Controllers\Playground\SprintRouteTest" file="/app/tests/Feature/Http/Controllers/Playground/SprintRouteTest.php" tests="29" assertions="811" errors="0" failures="0" skipped="0" time="12.296860">
        <testcase name="test_json_guest_cannot_get_create_info" file="/app/vendor/gammamatrix/playground-test/src/Feature/Http/Controllers/Resource/Playground/CreateJsonTrait.php" line="38" class="Tests\Feature\Playground\Matrix\Api\Http\Controllers\Playground\SprintRouteTest" classname="Tests.Feature.Playground.Matrix.Api.Http.Controllers.Playground.SprintRouteTest" assertions="1" time="0.463201"/>
        <testcase name="test_json_admin_can_get_create_info" file="/app/vendor/gammamatrix/playground-test/src/Feature/Http/Controllers/Resource/Playground/CreateJsonTrait.php" line="53" class="Tests\Feature\Playground\Matrix\Api\Http\Controllers\Playground\SprintRouteTest" classname="Tests.Feature.Playground.Matrix.Api.Http.Controllers.Playground.SprintRouteTest" assertions="91" time="0.405067"/>
        <testcase name="test_json_get_create_info_as_admin_with_invalid_parameter_and_fail_validation" file="/app/vendor/gammamatrix/playground-test/src/Feature/Http/Controllers/Resource/Playground/CreateJsonTrait.php" line="73" class="Tests\Feature\Playground\Matrix\Api\Http\Controllers\Playground\SprintRouteTest" classname="Tests.Feature.Playground.Matrix.Api.Http.Controllers.Playground.SprintRouteTest" assertions="4" time="0.433307"/>
        <testcase name="test_json_guest_cannot_destroy" file="/app/vendor/gammamatrix/playground-test/src/Feature/Http/Controllers/Resource/Playground/DestroyJsonTrait.php" line="31" class="Tests\Feature\Playground\Matrix\Api\Http\Controllers\Playground\SprintRouteTest" classname="Tests.Feature.Playground.Matrix.Api.Http.Controllers.Playground.SprintRouteTest" assertions="3" time="0.395633"/>
        <testcase name="test_json_destroy_as_admin_and_succeed" file="/app/vendor/gammamatrix/playground-test/src/Feature/Http/Controllers/Resource/Playground/DestroyJsonTrait.php" line="61" class="Tests\Feature\Playground\Matrix\Api\Http\Controllers\Playground\SprintRouteTest" classname="Tests.Feature.Playground.Matrix.Api.Http.Controllers.Playground.SprintRouteTest" assertions="5" time="0.399019"/>
        <testcase name="test_json_destroy_as_admin_and_succeed_with_force_delete" file="/app/vendor/gammamatrix/playground-test/src/Feature/Http/Controllers/Resource/Playground/DestroyJsonTrait.php" line="100" class="Tests\Feature\Playground\Matrix\Api\Http\Controllers\Playground\SprintRouteTest" classname="Tests.Feature.Playground.Matrix.Api.Http.Controllers.Playground.SprintRouteTest" assertions="4" time="0.442132"/>
        <testcase name="test_json_destroy_as_admin_and_succeed_with_no_content" file="/app/vendor/gammamatrix/playground-test/src/Feature/Http/Controllers/Resource/Playground/DestroyJsonTrait.php" line="132" class="Tests\Feature\Playground\Matrix\Api\Http\Controllers\Playground\SprintRouteTest" classname="Tests.Feature.Playground.Matrix.Api.Http.Controllers.Playground.SprintRouteTest" assertions="5" time="0.400659"/>
        <testcase name="test_json_destroy_as_admin_and_succeed_and_ignore_redirect" file="/app/vendor/gammamatrix/playground-test/src/Feature/Http/Controllers/Resource/Playground/DestroyJsonTrait.php" line="167" class="Tests\Feature\Playground\Matrix\Api\Http\Controllers\Playground\SprintRouteTest" classname="Tests.Feature.Playground.Matrix.Api.Http.Controllers.Playground.SprintRouteTest" assertions="5" time="0.444191"/>
        <testcase name="test_json_destroy_as_user_and_get_denied_and_no_force_delete_allowed" file="/app/vendor/gammamatrix/playground-test/src/Feature/Http/Controllers/Resource/Playground/DestroyJsonTrait.php" line="209" class="Tests\Feature\Playground\Matrix\Api\Http\Controllers\Playground\SprintRouteTest" classname="Tests.Feature.Playground.Matrix.Api.Http.Controllers.Playground.SprintRouteTest" assertions="3" time="0.403316"/>
        <testcase name="test_json_guest_cannot_get_edit_info" file="/app/vendor/gammamatrix/playground-test/src/Feature/Http/Controllers/Resource/Playground/EditJsonTrait.php" line="38" class="Tests\Feature\Playground\Matrix\Api\Http\Controllers\Playground\SprintRouteTest" classname="Tests.Feature.Playground.Matrix.Api.Http.Controllers.Playground.SprintRouteTest" assertions="1" time="0.415338"/>
        <testcase name="test_json_admin_can_get_edit_info" file="/app/vendor/gammamatrix/playground-test/src/Feature/Http/Controllers/Resource/Playground/EditJsonTrait.php" line="58" class="Tests\Feature\Playground\Matrix\Api\Http\Controllers\Playground\SprintRouteTest" classname="Tests.Feature.Playground.Matrix.Api.Http.Controllers.Playground.SprintRouteTest" assertions="4" time="0.442843"/>
        <testcase name="test_json_edit_as_admin_and_fail_validation_with_invalid_parameter" file="/app/vendor/gammamatrix/playground-test/src/Feature/Http/Controllers/Resource/Playground/EditJsonTrait.php" line="87" class="Tests\Feature\Playground\Matrix\Api\Http\Controllers\Playground\SprintRouteTest" classname="Tests.Feature.Playground.Matrix.Api.Http.Controllers.Playground.SprintRouteTest" assertions="4" time="0.402684"/>
        <testcase name="test_json_guest_cannot_get_index" file="/app/vendor/gammamatrix/playground-test/src/Feature/Http/Controllers/Resource/Playground/IndexJsonTrait.php" line="34" class="Tests\Feature\Playground\Matrix\Api\Http\Controllers\Playground\SprintRouteTest" classname="Tests.Feature.Playground.Matrix.Api.Http.Controllers.Playground.SprintRouteTest" assertions="1" time="0.477654"/>
        <testcase name="test_json_admin_can_get_index" file="/app/vendor/gammamatrix/playground-test/src/Feature/Http/Controllers/Resource/Playground/IndexJsonTrait.php" line="49" class="Tests\Feature\Playground\Matrix\Api\Http\Controllers\Playground\SprintRouteTest" classname="Tests.Feature.Playground.Matrix.Api.Http.Controllers.Playground.SprintRouteTest" assertions="98" time="0.419229"/>
        <testcase name="test_json_admin_can_get_index_with_filters" file="/app/vendor/gammamatrix/playground-test/src/Feature/Http/Controllers/Resource/Playground/IndexJsonTrait.php" line="85" class="Tests\Feature\Playground\Matrix\Api\Http\Controllers\Playground\SprintRouteTest" classname="Tests.Feature.Playground.Matrix.Api.Http.Controllers.Playground.SprintRouteTest" assertions="3" time="0.460318"/>
        <testcase name="test_json_guest_cannot_lock" file="/app/vendor/gammamatrix/playground-test/src/Feature/Http/Controllers/Resource/Playground/LockJsonTrait.php" line="36" class="Tests\Feature\Playground\Matrix\Api\Http\Controllers\Playground\SprintRouteTest" classname="Tests.Feature.Playground.Matrix.Api.Http.Controllers.Playground.SprintRouteTest" assertions="3" time="0.389486"/>
        <testcase name="test_json_lock_as_admin_and_succeed" file="/app/vendor/gammamatrix/playground-test/src/Feature/Http/Controllers/Resource/Playground/LockJsonTrait.php" line="66" class="Tests\Feature\Playground\Matrix\Api\Http\Controllers\Playground\SprintRouteTest" classname="Tests.Feature.Playground.Matrix.Api.Http.Controllers.Playground.SprintRouteTest" assertions="3" time="0.418379"/>
        <testcase name="test_json_lock_as_admin_and_succeed_with_no_redirect" file="/app/vendor/gammamatrix/playground-test/src/Feature/Http/Controllers/Resource/Playground/LockJsonTrait.php" line="98" class="Tests\Feature\Playground\Matrix\Api\Http\Controllers\Playground\SprintRouteTest" classname="Tests.Feature.Playground.Matrix.Api.Http.Controllers.Playground.SprintRouteTest" assertions="93" time="0.465523"/>
        <testcase name="test_json_lock_as_user_and_get_denied" file="/app/vendor/gammamatrix/playground-test/src/Feature/Http/Controllers/Resource/Playground/LockJsonTrait.php" line="143" class="Tests\Feature\Playground\Matrix\Api\Http\Controllers\Playground\SprintRouteTest" classname="Tests.Feature.Playground.Matrix.Api.Http.Controllers.Playground.SprintRouteTest" assertions="3" time="0.400278"/>
        <testcase name="test_json_guest_cannot_restore" file="/app/vendor/gammamatrix/playground-test/src/Feature/Http/Controllers/Resource/Playground/RestoreJsonTrait.php" line="32" class="Tests\Feature\Playground\Matrix\Api\Http\Controllers\Playground\SprintRouteTest" classname="Tests.Feature.Playground.Matrix.Api.Http.Controllers.Playground.SprintRouteTest" assertions="3" time="0.444227"/>
        <testcase name="test_json_restore_as_admin_and_succeed" file="/app/vendor/gammamatrix/playground-test/src/Feature/Http/Controllers/Resource/Playground/RestoreJsonTrait.php" line="64" class="Tests\Feature\Playground\Matrix\Api\Http\Controllers\Playground\SprintRouteTest" classname="Tests.Feature.Playground.Matrix.Api.Http.Controllers.Playground.SprintRouteTest" assertions="93" time="0.413602"/>
        <testcase name="test_json_restore_as_admin_and_succeed_with_no_redirect" file="/app/vendor/gammamatrix/playground-test/src/Feature/Http/Controllers/Resource/Playground/RestoreJsonTrait.php" line="100" class="Tests\Feature\Playground\Matrix\Api\Http\Controllers\Playground\SprintRouteTest" classname="Tests.Feature.Playground.Matrix.Api.Http.Controllers.Playground.SprintRouteTest" assertions="93" time="0.409578"/>
        <testcase name="test_json_restore_as_user_and_get_denied" file="/app/vendor/gammamatrix/playground-test/src/Feature/Http/Controllers/Resource/Playground/RestoreJsonTrait.php" line="143" class="Tests\Feature\Playground\Matrix\Api\Http\Controllers\Playground\SprintRouteTest" classname="Tests.Feature.Playground.Matrix.Api.Http.Controllers.Playground.SprintRouteTest" assertions="3" time="0.435908"/>
        <testcase name="test_json_guest_cannot_see_info" file="/app/vendor/gammamatrix/playground-test/src/Feature/Http/Controllers/Resource/Playground/ShowJsonTrait.php" line="29" class="Tests\Feature\Playground\Matrix\Api\Http\Controllers\Playground\SprintRouteTest" classname="Tests.Feature.Playground.Matrix.Api.Http.Controllers.Playground.SprintRouteTest" assertions="1" time="0.405357"/>
        <testcase name="test_json_show_info_for_admin" file="/app/vendor/gammamatrix/playground-test/src/Feature/Http/Controllers/Resource/Playground/ShowJsonTrait.php" line="49" class="Tests\Feature\Playground\Matrix\Api\Http\Controllers\Playground\SprintRouteTest" classname="Tests.Feature.Playground.Matrix.Api.Http.Controllers.Playground.SprintRouteTest" assertions="92" time="0.446510"/>
        <testcase name="test_json_guest_cannot_unlock" file="/app/vendor/gammamatrix/playground-test/src/Feature/Http/Controllers/Resource/Playground/UnlockJsonTrait.php" line="36" class="Tests\Feature\Playground\Matrix\Api\Http\Controllers\Playground\SprintRouteTest" classname="Tests.Feature.Playground.Matrix.Api.Http.Controllers.Playground.SprintRouteTest" assertions="3" time="0.392877"/>
        <testcase name="test_json_unlock_as_admin_and_succeed" file="/app/vendor/gammamatrix/playground-test/src/Feature/Http/Controllers/Resource/Playground/UnlockJsonTrait.php" line="68" class="Tests\Feature\Playground\Matrix\Api\Http\Controllers\Playground\SprintRouteTest" classname="Tests.Feature.Playground.Matrix.Api.Http.Controllers.Playground.SprintRouteTest" assertions="93" time="0.407679"/>
        <testcase name="test_json_unlock_as_admin_and_succeed_with_no_redirect" file="/app/vendor/gammamatrix/playground-test/src/Feature/Http/Controllers/Resource/Playground/UnlockJsonTrait.php" line="104" class="Tests\Feature\Playground\Matrix\Api\Http\Controllers\Playground\SprintRouteTest" classname="Tests.Feature.Playground.Matrix.Api.Http.Controllers.Playground.SprintRouteTest" assertions="93" time="0.457121"/>
        <testcase name="test_json_unlock_as_user_and_get_denied" file="/app/vendor/gammamatrix/playground-test/src/Feature/Http/Controllers/Resource/Playground/UnlockJsonTrait.php" line="145" class="Tests\Feature\Playground\Matrix\Api\Http\Controllers\Playground\SprintRouteTest" classname="Tests.Feature.Playground.Matrix.Api.Http.Controllers.Playground.SprintRouteTest" assertions="3" time="0.405741"/>
      </testsuite>
      <testsuite name="Tests\Feature\Playground\Matrix\Api\Http\Controllers\Playground\TagRouteTest" file="/app/tests/Feature/Http/Controllers/Playground/TagRouteTest.php" tests="29" assertions="811" errors="0" failures="0" skipped="0" time="12.348748">
        <testcase name="test_json_guest_cannot_get_create_info" file="/app/vendor/gammamatrix/playground-test/src/Feature/Http/Controllers/Resource/Playground/CreateJsonTrait.php" line="38" class="Tests\Feature\Playground\Matrix\Api\Http\Controllers\Playground\TagRouteTest" classname="Tests.Feature.Playground.Matrix.Api.Http.Controllers.Playground.TagRouteTest" assertions="1" time="0.466957"/>
        <testcase name="test_json_admin_can_get_create_info" file="/app/vendor/gammamatrix/playground-test/src/Feature/Http/Controllers/Resource/Playground/CreateJsonTrait.php" line="53" class="Tests\Feature\Playground\Matrix\Api\Http\Controllers\Playground\TagRouteTest" classname="Tests.Feature.Playground.Matrix.Api.Http.Controllers.Playground.TagRouteTest" assertions="91" time="0.404349"/>
        <testcase name="test_json_get_create_info_as_admin_with_invalid_parameter_and_fail_validation" file="/app/vendor/gammamatrix/playground-test/src/Feature/Http/Controllers/Resource/Playground/CreateJsonTrait.php" line="73" class="Tests\Feature\Playground\Matrix\Api\Http\Controllers\Playground\TagRouteTest" classname="Tests.Feature.Playground.Matrix.Api.Http.Controllers.Playground.TagRouteTest" assertions="4" time="0.396772"/>
        <testcase name="test_json_guest_cannot_destroy" file="/app/vendor/gammamatrix/playground-test/src/Feature/Http/Controllers/Resource/Playground/DestroyJsonTrait.php" line="31" class="Tests\Feature\Playground\Matrix\Api\Http\Controllers\Playground\TagRouteTest" classname="Tests.Feature.Playground.Matrix.Api.Http.Controllers.Playground.TagRouteTest" assertions="3" time="0.447458"/>
        <testcase name="test_json_destroy_as_admin_and_succeed" file="/app/vendor/gammamatrix/playground-test/src/Feature/Http/Controllers/Resource/Playground/DestroyJsonTrait.php" line="61" class="Tests\Feature\Playground\Matrix\Api\Http\Controllers\Playground\TagRouteTest" classname="Tests.Feature.Playground.Matrix.Api.Http.Controllers.Playground.TagRouteTest" assertions="5" time="0.403241"/>
        <testcase name="test_json_destroy_as_admin_and_succeed_with_force_delete" file="/app/vendor/gammamatrix/playground-test/src/Feature/Http/Controllers/Resource/Playground/DestroyJsonTrait.php" line="100" class="Tests\Feature\Playground\Matrix\Api\Http\Controllers\Playground\TagRouteTest" classname="Tests.Feature.Playground.Matrix.Api.Http.Controllers.Playground.TagRouteTest" assertions="4" time="0.436068"/>
        <testcase name="test_json_destroy_as_admin_and_succeed_with_no_content" file="/app/vendor/gammamatrix/playground-test/src/Feature/Http/Controllers/Resource/Playground/DestroyJsonTrait.php" line="132" class="Tests\Feature\Playground\Matrix\Api\Http\Controllers\Playground\TagRouteTest" classname="Tests.Feature.Playground.Matrix.Api.Http.Controllers.Playground.TagRouteTest" assertions="5" time="0.398771"/>
        <testcase name="test_json_destroy_as_admin_and_succeed_and_ignore_redirect" file="/app/vendor/gammamatrix/playground-test/src/Feature/Http/Controllers/Resource/Playground/DestroyJsonTrait.php" line="167" class="Tests\Feature\Playground\Matrix\Api\Http\Controllers\Playground\TagRouteTest" classname="Tests.Feature.Playground.Matrix.Api.Http.Controllers.Playground.TagRouteTest" assertions="5" time="0.405711"/>
        <testcase name="test_json_destroy_as_user_and_get_denied_and_no_force_delete_allowed" file="/app/vendor/gammamatrix/playground-test/src/Feature/Http/Controllers/Resource/Playground/DestroyJsonTrait.php" line="209" class="Tests\Feature\Playground\Matrix\Api\Http\Controllers\Playground\TagRouteTest" classname="Tests.Feature.Playground.Matrix.Api.Http.Controllers.Playground.TagRouteTest" assertions="3" time="0.452288"/>
        <testcase name="test_json_guest_cannot_get_edit_info" file="/app/vendor/gammamatrix/playground-test/src/Feature/Http/Controllers/Resource/Playground/EditJsonTrait.php" line="38" class="Tests\Feature\Playground\Matrix\Api\Http\Controllers\Playground\TagRouteTest" classname="Tests.Feature.Playground.Matrix.Api.Http.Controllers.Playground.TagRouteTest" assertions="1" time="0.415891"/>
        <testcase name="test_json_admin_can_get_edit_info" file="/app/vendor/gammamatrix/playground-test/src/Feature/Http/Controllers/Resource/Playground/EditJsonTrait.php" line="58" class="Tests\Feature\Playground\Matrix\Api\Http\Controllers\Playground\TagRouteTest" classname="Tests.Feature.Playground.Matrix.Api.Http.Controllers.Playground.TagRouteTest" assertions="4" time="0.447385"/>
        <testcase name="test_json_edit_as_admin_and_fail_validation_with_invalid_parameter" file="/app/vendor/gammamatrix/playground-test/src/Feature/Http/Controllers/Resource/Playground/EditJsonTrait.php" line="87" class="Tests\Feature\Playground\Matrix\Api\Http\Controllers\Playground\TagRouteTest" classname="Tests.Feature.Playground.Matrix.Api.Http.Controllers.Playground.TagRouteTest" assertions="4" time="0.416144"/>
        <testcase name="test_json_guest_cannot_get_index" file="/app/vendor/gammamatrix/playground-test/src/Feature/Http/Controllers/Resource/Playground/IndexJsonTrait.php" line="34" class="Tests\Feature\Playground\Matrix\Api\Http\Controllers\Playground\TagRouteTest" classname="Tests.Feature.Playground.Matrix.Api.Http.Controllers.Playground.TagRouteTest" assertions="1" time="0.426458"/>
        <testcase name="test_json_admin_can_get_index" file="/app/vendor/gammamatrix/playground-test/src/Feature/Http/Controllers/Resource/Playground/IndexJsonTrait.php" line="49" class="Tests\Feature\Playground\Matrix\Api\Http\Controllers\Playground\TagRouteTest" classname="Tests.Feature.Playground.Matrix.Api.Http.Controllers.Playground.TagRouteTest" assertions="98" time="0.442006"/>
        <testcase name="test_json_admin_can_get_index_with_filters" file="/app/vendor/gammamatrix/playground-test/src/Feature/Http/Controllers/Resource/Playground/IndexJsonTrait.php" line="85" class="Tests\Feature\Playground\Matrix\Api\Http\Controllers\Playground\TagRouteTest" classname="Tests.Feature.Playground.Matrix.Api.Http.Controllers.Playground.TagRouteTest" assertions="3" time="0.411280"/>
        <testcase name="test_json_guest_cannot_lock" file="/app/vendor/gammamatrix/playground-test/src/Feature/Http/Controllers/Resource/Playground/LockJsonTrait.php" line="36" class="Tests\Feature\Playground\Matrix\Api\Http\Controllers\Playground\TagRouteTest" classname="Tests.Feature.Playground.Matrix.Api.Http.Controllers.Playground.TagRouteTest" assertions="3" time="0.442223"/>
        <testcase name="test_json_lock_as_admin_and_succeed" file="/app/vendor/gammamatrix/playground-test/src/Feature/Http/Controllers/Resource/Playground/LockJsonTrait.php" line="66" class="Tests\Feature\Playground\Matrix\Api\Http\Controllers\Playground\TagRouteTest" classname="Tests.Feature.Playground.Matrix.Api.Http.Controllers.Playground.TagRouteTest" assertions="3" time="0.411657"/>
        <testcase name="test_json_lock_as_admin_and_succeed_with_no_redirect" file="/app/vendor/gammamatrix/playground-test/src/Feature/Http/Controllers/Resource/Playground/LockJsonTrait.php" line="98" class="Tests\Feature\Playground\Matrix\Api\Http\Controllers\Playground\TagRouteTest" classname="Tests.Feature.Playground.Matrix.Api.Http.Controllers.Playground.TagRouteTest" assertions="93" time="0.471342"/>
        <testcase name="test_json_lock_as_user_and_get_denied" file="/app/vendor/gammamatrix/playground-test/src/Feature/Http/Controllers/Resource/Playground/LockJsonTrait.php" line="143" class="Tests\Feature\Playground\Matrix\Api\Http\Controllers\Playground\TagRouteTest" classname="Tests.Feature.Playground.Matrix.Api.Http.Controllers.Playground.TagRouteTest" assertions="3" time="0.400582"/>
        <testcase name="test_json_guest_cannot_restore" file="/app/vendor/gammamatrix/playground-test/src/Feature/Http/Controllers/Resource/Playground/RestoreJsonTrait.php" line="32" class="Tests\Feature\Playground\Matrix\Api\Http\Controllers\Playground\TagRouteTest" classname="Tests.Feature.Playground.Matrix.Api.Http.Controllers.Playground.TagRouteTest" assertions="3" time="0.400311"/>
        <testcase name="test_json_restore_as_admin_and_succeed" file="/app/vendor/gammamatrix/playground-test/src/Feature/Http/Controllers/Resource/Playground/RestoreJsonTrait.php" line="64" class="Tests\Feature\Playground\Matrix\Api\Http\Controllers\Playground\TagRouteTest" classname="Tests.Feature.Playground.Matrix.Api.Http.Controllers.Playground.TagRouteTest" assertions="93" time="0.464166"/>
        <testcase name="test_json_restore_as_admin_and_succeed_with_no_redirect" file="/app/vendor/gammamatrix/playground-test/src/Feature/Http/Controllers/Resource/Playground/RestoreJsonTrait.php" line="100" class="Tests\Feature\Playground\Matrix\Api\Http\Controllers\Playground\TagRouteTest" classname="Tests.Feature.Playground.Matrix.Api.Http.Controllers.Playground.TagRouteTest" assertions="93" time="0.408350"/>
        <testcase name="test_json_restore_as_user_and_get_denied" file="/app/vendor/gammamatrix/playground-test/src/Feature/Http/Controllers/Resource/Playground/RestoreJsonTrait.php" line="143" class="Tests\Feature\Playground\Matrix\Api\Http\Controllers\Playground\TagRouteTest" classname="Tests.Feature.Playground.Matrix.Api.Http.Controllers.Playground.TagRouteTest" assertions="3" time="0.460213"/>
        <testcase name="test_json_guest_cannot_see_info" file="/app/vendor/gammamatrix/playground-test/src/Feature/Http/Controllers/Resource/Playground/ShowJsonTrait.php" line="29" class="Tests\Feature\Playground\Matrix\Api\Http\Controllers\Playground\TagRouteTest" classname="Tests.Feature.Playground.Matrix.Api.Http.Controllers.Playground.TagRouteTest" assertions="1" time="0.403404"/>
        <testcase name="test_json_show_info_for_admin" file="/app/vendor/gammamatrix/playground-test/src/Feature/Http/Controllers/Resource/Playground/ShowJsonTrait.php" line="49" class="Tests\Feature\Playground\Matrix\Api\Http\Controllers\Playground\TagRouteTest" classname="Tests.Feature.Playground.Matrix.Api.Http.Controllers.Playground.TagRouteTest" assertions="92" time="0.407346"/>
        <testcase name="test_json_guest_cannot_unlock" file="/app/vendor/gammamatrix/playground-test/src/Feature/Http/Controllers/Resource/Playground/UnlockJsonTrait.php" line="36" class="Tests\Feature\Playground\Matrix\Api\Http\Controllers\Playground\TagRouteTest" classname="Tests.Feature.Playground.Matrix.Api.Http.Controllers.Playground.TagRouteTest" assertions="3" time="0.436062"/>
        <testcase name="test_json_unlock_as_admin_and_succeed" file="/app/vendor/gammamatrix/playground-test/src/Feature/Http/Controllers/Resource/Playground/UnlockJsonTrait.php" line="68" class="Tests\Feature\Playground\Matrix\Api\Http\Controllers\Playground\TagRouteTest" classname="Tests.Feature.Playground.Matrix.Api.Http.Controllers.Playground.TagRouteTest" assertions="93" time="0.417044"/>
        <testcase name="test_json_unlock_as_admin_and_succeed_with_no_redirect" file="/app/vendor/gammamatrix/playground-test/src/Feature/Http/Controllers/Resource/Playground/UnlockJsonTrait.php" line="104" class="Tests\Feature\Playground\Matrix\Api\Http\Controllers\Playground\TagRouteTest" classname="Tests.Feature.Playground.Matrix.Api.Http.Controllers.Playground.TagRouteTest" assertions="93" time="0.455624"/>
        <testcase name="test_json_unlock_as_user_and_get_denied" file="/app/vendor/gammamatrix/playground-test/src/Feature/Http/Controllers/Resource/Playground/UnlockJsonTrait.php" line="145" class="Tests\Feature\Playground\Matrix\Api\Http\Controllers\Playground\TagRouteTest" classname="Tests.Feature.Playground.Matrix.Api.Http.Controllers.Playground.TagRouteTest" assertions="3" time="0.399643"/>
      </testsuite>
      <testsuite name="Tests\Feature\Playground\Matrix\Api\Http\Controllers\Playground\TeamRouteTest" file="/app/tests/Feature/Http/Controllers/Playground/TeamRouteTest.php" tests="29" assertions="811" errors="0" failures="0" skipped="0" time="12.473663">
        <testcase name="test_json_guest_cannot_get_create_info" file="/app/vendor/gammamatrix/playground-test/src/Feature/Http/Controllers/Resource/Playground/CreateJsonTrait.php" line="38" class="Tests\Feature\Playground\Matrix\Api\Http\Controllers\Playground\TeamRouteTest" classname="Tests.Feature.Playground.Matrix.Api.Http.Controllers.Playground.TeamRouteTest" assertions="1" time="0.432809"/>
        <testcase name="test_json_admin_can_get_create_info" file="/app/vendor/gammamatrix/playground-test/src/Feature/Http/Controllers/Resource/Playground/CreateJsonTrait.php" line="53" class="Tests\Feature\Playground\Matrix\Api\Http\Controllers\Playground\TeamRouteTest" classname="Tests.Feature.Playground.Matrix.Api.Http.Controllers.Playground.TeamRouteTest" assertions="91" time="0.448168"/>
        <testcase name="test_json_get_create_info_as_admin_with_invalid_parameter_and_fail_validation" file="/app/vendor/gammamatrix/playground-test/src/Feature/Http/Controllers/Resource/Playground/CreateJsonTrait.php" line="73" class="Tests\Feature\Playground\Matrix\Api\Http\Controllers\Playground\TeamRouteTest" classname="Tests.Feature.Playground.Matrix.Api.Http.Controllers.Playground.TeamRouteTest" assertions="4" time="0.395838"/>
        <testcase name="test_json_guest_cannot_destroy" file="/app/vendor/gammamatrix/playground-test/src/Feature/Http/Controllers/Resource/Playground/DestroyJsonTrait.php" line="31" class="Tests\Feature\Playground\Matrix\Api\Http\Controllers\Playground\TeamRouteTest" classname="Tests.Feature.Playground.Matrix.Api.Http.Controllers.Playground.TeamRouteTest" assertions="3" time="0.455228"/>
        <testcase name="test_json_destroy_as_admin_and_succeed" file="/app/vendor/gammamatrix/playground-test/src/Feature/Http/Controllers/Resource/Playground/DestroyJsonTrait.php" line="61" class="Tests\Feature\Playground\Matrix\Api\Http\Controllers\Playground\TeamRouteTest" classname="Tests.Feature.Playground.Matrix.Api.Http.Controllers.Playground.TeamRouteTest" assertions="5" time="0.404252"/>
        <testcase name="test_json_destroy_as_admin_and_succeed_with_force_delete" file="/app/vendor/gammamatrix/playground-test/src/Feature/Http/Controllers/Resource/Playground/DestroyJsonTrait.php" line="100" class="Tests\Feature\Playground\Matrix\Api\Http\Controllers\Playground\TeamRouteTest" classname="Tests.Feature.Playground.Matrix.Api.Http.Controllers.Playground.TeamRouteTest" assertions="4" time="0.401151"/>
        <testcase name="test_json_destroy_as_admin_and_succeed_with_no_content" file="/app/vendor/gammamatrix/playground-test/src/Feature/Http/Controllers/Resource/Playground/DestroyJsonTrait.php" line="132" class="Tests\Feature\Playground\Matrix\Api\Http\Controllers\Playground\TeamRouteTest" classname="Tests.Feature.Playground.Matrix.Api.Http.Controllers.Playground.TeamRouteTest" assertions="5" time="0.457584"/>
        <testcase name="test_json_destroy_as_admin_and_succeed_and_ignore_redirect" file="/app/vendor/gammamatrix/playground-test/src/Feature/Http/Controllers/Resource/Playground/DestroyJsonTrait.php" line="167" class="Tests\Feature\Playground\Matrix\Api\Http\Controllers\Playground\TeamRouteTest" classname="Tests.Feature.Playground.Matrix.Api.Http.Controllers.Playground.TeamRouteTest" assertions="5" time="0.401420"/>
        <testcase name="test_json_destroy_as_user_and_get_denied_and_no_force_delete_allowed" file="/app/vendor/gammamatrix/playground-test/src/Feature/Http/Controllers/Resource/Playground/DestroyJsonTrait.php" line="209" class="Tests\Feature\Playground\Matrix\Api\Http\Controllers\Playground\TeamRouteTest" classname="Tests.Feature.Playground.Matrix.Api.Http.Controllers.Playground.TeamRouteTest" assertions="3" time="0.445473"/>
        <testcase name="test_json_guest_cannot_get_edit_info" file="/app/vendor/gammamatrix/playground-test/src/Feature/Http/Controllers/Resource/Playground/EditJsonTrait.php" line="38" class="Tests\Feature\Playground\Matrix\Api\Http\Controllers\Playground\TeamRouteTest" classname="Tests.Feature.Playground.Matrix.Api.Http.Controllers.Playground.TeamRouteTest" assertions="1" time="0.411988"/>
        <testcase name="test_json_admin_can_get_edit_info" file="/app/vendor/gammamatrix/playground-test/src/Feature/Http/Controllers/Resource/Playground/EditJsonTrait.php" line="58" class="Tests\Feature\Playground\Matrix\Api\Http\Controllers\Playground\TeamRouteTest" classname="Tests.Feature.Playground.Matrix.Api.Http.Controllers.Playground.TeamRouteTest" assertions="4" time="0.474412"/>
        <testcase name="test_json_edit_as_admin_and_fail_validation_with_invalid_parameter" file="/app/vendor/gammamatrix/playground-test/src/Feature/Http/Controllers/Resource/Playground/EditJsonTrait.php" line="87" class="Tests\Feature\Playground\Matrix\Api\Http\Controllers\Playground\TeamRouteTest" classname="Tests.Feature.Playground.Matrix.Api.Http.Controllers.Playground.TeamRouteTest" assertions="4" time="0.407010"/>
        <testcase name="test_json_guest_cannot_get_index" file="/app/vendor/gammamatrix/playground-test/src/Feature/Http/Controllers/Resource/Playground/IndexJsonTrait.php" line="34" class="Tests\Feature\Playground\Matrix\Api\Http\Controllers\Playground\TeamRouteTest" classname="Tests.Feature.Playground.Matrix.Api.Http.Controllers.Playground.TeamRouteTest" assertions="1" time="0.427979"/>
        <testcase name="test_json_admin_can_get_index" file="/app/vendor/gammamatrix/playground-test/src/Feature/Http/Controllers/Resource/Playground/IndexJsonTrait.php" line="49" class="Tests\Feature\Playground\Matrix\Api\Http\Controllers\Playground\TeamRouteTest" classname="Tests.Feature.Playground.Matrix.Api.Http.Controllers.Playground.TeamRouteTest" assertions="98" time="0.481004"/>
        <testcase name="test_json_admin_can_get_index_with_filters" file="/app/vendor/gammamatrix/playground-test/src/Feature/Http/Controllers/Resource/Playground/IndexJsonTrait.php" line="85" class="Tests\Feature\Playground\Matrix\Api\Http\Controllers\Playground\TeamRouteTest" classname="Tests.Feature.Playground.Matrix.Api.Http.Controllers.Playground.TeamRouteTest" assertions="3" time="0.423440"/>
        <testcase name="test_json_guest_cannot_lock" file="/app/vendor/gammamatrix/playground-test/src/Feature/Http/Controllers/Resource/Playground/LockJsonTrait.php" line="36" class="Tests\Feature\Playground\Matrix\Api\Http\Controllers\Playground\TeamRouteTest" classname="Tests.Feature.Playground.Matrix.Api.Http.Controllers.Playground.TeamRouteTest" assertions="3" time="0.443866"/>
        <testcase name="test_json_lock_as_admin_and_succeed" file="/app/vendor/gammamatrix/playground-test/src/Feature/Http/Controllers/Resource/Playground/LockJsonTrait.php" line="66" class="Tests\Feature\Playground\Matrix\Api\Http\Controllers\Playground\TeamRouteTest" classname="Tests.Feature.Playground.Matrix.Api.Http.Controllers.Playground.TeamRouteTest" assertions="3" time="0.408088"/>
        <testcase name="test_json_lock_as_admin_and_succeed_with_no_redirect" file="/app/vendor/gammamatrix/playground-test/src/Feature/Http/Controllers/Resource/Playground/LockJsonTrait.php" line="98" class="Tests\Feature\Playground\Matrix\Api\Http\Controllers\Playground\TeamRouteTest" classname="Tests.Feature.Playground.Matrix.Api.Http.Controllers.Playground.TeamRouteTest" assertions="93" time="0.417437"/>
        <testcase name="test_json_lock_as_user_and_get_denied" file="/app/vendor/gammamatrix/playground-test/src/Feature/Http/Controllers/Resource/Playground/LockJsonTrait.php" line="143" class="Tests\Feature\Playground\Matrix\Api\Http\Controllers\Playground\TeamRouteTest" classname="Tests.Feature.Playground.Matrix.Api.Http.Controllers.Playground.TeamRouteTest" assertions="3" time="0.459797"/>
        <testcase name="test_json_guest_cannot_restore" file="/app/vendor/gammamatrix/playground-test/src/Feature/Http/Controllers/Resource/Playground/RestoreJsonTrait.php" line="32" class="Tests\Feature\Playground\Matrix\Api\Http\Controllers\Playground\TeamRouteTest" classname="Tests.Feature.Playground.Matrix.Api.Http.Controllers.Playground.TeamRouteTest" assertions="3" time="0.396216"/>
        <testcase name="test_json_restore_as_admin_and_succeed" file="/app/vendor/gammamatrix/playground-test/src/Feature/Http/Controllers/Resource/Playground/RestoreJsonTrait.php" line="64" class="Tests\Feature\Playground\Matrix\Api\Http\Controllers\Playground\TeamRouteTest" classname="Tests.Feature.Playground.Matrix.Api.Http.Controllers.Playground.TeamRouteTest" assertions="93" time="0.458591"/>
        <testcase name="test_json_restore_as_admin_and_succeed_with_no_redirect" file="/app/vendor/gammamatrix/playground-test/src/Feature/Http/Controllers/Resource/Playground/RestoreJsonTrait.php" line="100" class="Tests\Feature\Playground\Matrix\Api\Http\Controllers\Playground\TeamRouteTest" classname="Tests.Feature.Playground.Matrix.Api.Http.Controllers.Playground.TeamRouteTest" assertions="93" time="0.416898"/>
        <testcase name="test_json_restore_as_user_and_get_denied" file="/app/vendor/gammamatrix/playground-test/src/Feature/Http/Controllers/Resource/Playground/RestoreJsonTrait.php" line="143" class="Tests\Feature\Playground\Matrix\Api\Http\Controllers\Playground\TeamRouteTest" classname="Tests.Feature.Playground.Matrix.Api.Http.Controllers.Playground.TeamRouteTest" assertions="3" time="0.405128"/>
        <testcase name="test_json_guest_cannot_see_info" file="/app/vendor/gammamatrix/playground-test/src/Feature/Http/Controllers/Resource/Playground/ShowJsonTrait.php" line="29" class="Tests\Feature\Playground\Matrix\Api\Http\Controllers\Playground\TeamRouteTest" classname="Tests.Feature.Playground.Matrix.Api.Http.Controllers.Playground.TeamRouteTest" assertions="1" time="0.456624"/>
        <testcase name="test_json_show_info_for_admin" file="/app/vendor/gammamatrix/playground-test/src/Feature/Http/Controllers/Resource/Playground/ShowJsonTrait.php" line="49" class="Tests\Feature\Playground\Matrix\Api\Http\Controllers\Playground\TeamRouteTest" classname="Tests.Feature.Playground.Matrix.Api.Http.Controllers.Playground.TeamRouteTest" assertions="92" time="0.405834"/>
        <testcase name="test_json_guest_cannot_unlock" file="/app/vendor/gammamatrix/playground-test/src/Feature/Http/Controllers/Resource/Playground/UnlockJsonTrait.php" line="36" class="Tests\Feature\Playground\Matrix\Api\Http\Controllers\Playground\TeamRouteTest" classname="Tests.Feature.Playground.Matrix.Api.Http.Controllers.Playground.TeamRouteTest" assertions="3" time="0.456309"/>
        <testcase name="test_json_unlock_as_admin_and_succeed" file="/app/vendor/gammamatrix/playground-test/src/Feature/Http/Controllers/Resource/Playground/UnlockJsonTrait.php" line="68" class="Tests\Feature\Playground\Matrix\Api\Http\Controllers\Playground\TeamRouteTest" classname="Tests.Feature.Playground.Matrix.Api.Http.Controllers.Playground.TeamRouteTest" assertions="93" time="0.413606"/>
        <testcase name="test_json_unlock_as_admin_and_succeed_with_no_redirect" file="/app/vendor/gammamatrix/playground-test/src/Feature/Http/Controllers/Resource/Playground/UnlockJsonTrait.php" line="104" class="Tests\Feature\Playground\Matrix\Api\Http\Controllers\Playground\TeamRouteTest" classname="Tests.Feature.Playground.Matrix.Api.Http.Controllers.Playground.TeamRouteTest" assertions="93" time="0.408361"/>
        <testcase name="test_json_unlock_as_user_and_get_denied" file="/app/vendor/gammamatrix/playground-test/src/Feature/Http/Controllers/Resource/Playground/UnlockJsonTrait.php" line="145" class="Tests\Feature\Playground\Matrix\Api\Http\Controllers\Playground\TeamRouteTest" classname="Tests.Feature.Playground.Matrix.Api.Http.Controllers.Playground.TeamRouteTest" assertions="3" time="0.459152"/>
      </testsuite>
      <testsuite name="Tests\Feature\Playground\Matrix\Api\Http\Controllers\Playground\TicketRouteTest" file="/app/tests/Feature/Http/Controllers/Playground/TicketRouteTest.php" tests="29" assertions="811" errors="0" failures="0" skipped="0" time="12.565799">
        <testcase name="test_json_guest_cannot_get_create_info" file="/app/vendor/gammamatrix/playground-test/src/Feature/Http/Controllers/Resource/Playground/CreateJsonTrait.php" line="38" class="Tests\Feature\Playground\Matrix\Api\Http\Controllers\Playground\TicketRouteTest" classname="Tests.Feature.Playground.Matrix.Api.Http.Controllers.Playground.TicketRouteTest" assertions="1" time="0.436461"/>
        <testcase name="test_json_admin_can_get_create_info" file="/app/vendor/gammamatrix/playground-test/src/Feature/Http/Controllers/Resource/Playground/CreateJsonTrait.php" line="53" class="Tests\Feature\Playground\Matrix\Api\Http\Controllers\Playground\TicketRouteTest" classname="Tests.Feature.Playground.Matrix.Api.Http.Controllers.Playground.TicketRouteTest" assertions="91" time="0.451059"/>
        <testcase name="test_json_get_create_info_as_admin_with_invalid_parameter_and_fail_validation" file="/app/vendor/gammamatrix/playground-test/src/Feature/Http/Controllers/Resource/Playground/CreateJsonTrait.php" line="73" class="Tests\Feature\Playground\Matrix\Api\Http\Controllers\Playground\TicketRouteTest" classname="Tests.Feature.Playground.Matrix.Api.Http.Controllers.Playground.TicketRouteTest" assertions="4" time="0.413336"/>
        <testcase name="test_json_guest_cannot_destroy" file="/app/vendor/gammamatrix/playground-test/src/Feature/Http/Controllers/Resource/Playground/DestroyJsonTrait.php" line="31" class="Tests\Feature\Playground\Matrix\Api\Http\Controllers\Playground\TicketRouteTest" classname="Tests.Feature.Playground.Matrix.Api.Http.Controllers.Playground.TicketRouteTest" assertions="3" time="0.442402"/>
        <testcase name="test_json_destroy_as_admin_and_succeed" file="/app/vendor/gammamatrix/playground-test/src/Feature/Http/Controllers/Resource/Playground/DestroyJsonTrait.php" line="61" class="Tests\Feature\Playground\Matrix\Api\Http\Controllers\Playground\TicketRouteTest" classname="Tests.Feature.Playground.Matrix.Api.Http.Controllers.Playground.TicketRouteTest" assertions="5" time="0.401338"/>
        <testcase name="test_json_destroy_as_admin_and_succeed_with_force_delete" file="/app/vendor/gammamatrix/playground-test/src/Feature/Http/Controllers/Resource/Playground/DestroyJsonTrait.php" line="100" class="Tests\Feature\Playground\Matrix\Api\Http\Controllers\Playground\TicketRouteTest" classname="Tests.Feature.Playground.Matrix.Api.Http.Controllers.Playground.TicketRouteTest" assertions="4" time="0.409613"/>
        <testcase name="test_json_destroy_as_admin_and_succeed_with_no_content" file="/app/vendor/gammamatrix/playground-test/src/Feature/Http/Controllers/Resource/Playground/DestroyJsonTrait.php" line="132" class="Tests\Feature\Playground\Matrix\Api\Http\Controllers\Playground\TicketRouteTest" classname="Tests.Feature.Playground.Matrix.Api.Http.Controllers.Playground.TicketRouteTest" assertions="5" time="0.458391"/>
        <testcase name="test_json_destroy_as_admin_and_succeed_and_ignore_redirect" file="/app/vendor/gammamatrix/playground-test/src/Feature/Http/Controllers/Resource/Playground/DestroyJsonTrait.php" line="167" class="Tests\Feature\Playground\Matrix\Api\Http\Controllers\Playground\TicketRouteTest" classname="Tests.Feature.Playground.Matrix.Api.Http.Controllers.Playground.TicketRouteTest" assertions="5" time="0.403216"/>
        <testcase name="test_json_destroy_as_user_and_get_denied_and_no_force_delete_allowed" file="/app/vendor/gammamatrix/playground-test/src/Feature/Http/Controllers/Resource/Playground/DestroyJsonTrait.php" line="209" class="Tests\Feature\Playground\Matrix\Api\Http\Controllers\Playground\TicketRouteTest" classname="Tests.Feature.Playground.Matrix.Api.Http.Controllers.Playground.TicketRouteTest" assertions="3" time="0.463456"/>
        <testcase name="test_json_guest_cannot_get_edit_info" file="/app/vendor/gammamatrix/playground-test/src/Feature/Http/Controllers/Resource/Playground/EditJsonTrait.php" line="38" class="Tests\Feature\Playground\Matrix\Api\Http\Controllers\Playground\TicketRouteTest" classname="Tests.Feature.Playground.Matrix.Api.Http.Controllers.Playground.TicketRouteTest" assertions="1" time="0.420463"/>
        <testcase name="test_json_admin_can_get_edit_info" file="/app/vendor/gammamatrix/playground-test/src/Feature/Http/Controllers/Resource/Playground/EditJsonTrait.php" line="58" class="Tests\Feature\Playground\Matrix\Api\Http\Controllers\Playground\TicketRouteTest" classname="Tests.Feature.Playground.Matrix.Api.Http.Controllers.Playground.TicketRouteTest" assertions="4" time="0.415629"/>
        <testcase name="test_json_edit_as_admin_and_fail_validation_with_invalid_parameter" file="/app/vendor/gammamatrix/playground-test/src/Feature/Http/Controllers/Resource/Playground/EditJsonTrait.php" line="87" class="Tests\Feature\Playground\Matrix\Api\Http\Controllers\Playground\TicketRouteTest" classname="Tests.Feature.Playground.Matrix.Api.Http.Controllers.Playground.TicketRouteTest" assertions="4" time="0.461838"/>
        <testcase name="test_json_guest_cannot_get_index" file="/app/vendor/gammamatrix/playground-test/src/Feature/Http/Controllers/Resource/Playground/IndexJsonTrait.php" line="34" class="Tests\Feature\Playground\Matrix\Api\Http\Controllers\Playground\TicketRouteTest" classname="Tests.Feature.Playground.Matrix.Api.Http.Controllers.Playground.TicketRouteTest" assertions="1" time="0.472413"/>
        <testcase name="test_json_admin_can_get_index" file="/app/vendor/gammamatrix/playground-test/src/Feature/Http/Controllers/Resource/Playground/IndexJsonTrait.php" line="49" class="Tests\Feature\Playground\Matrix\Api\Http\Controllers\Playground\TicketRouteTest" classname="Tests.Feature.Playground.Matrix.Api.Http.Controllers.Playground.TicketRouteTest" assertions="98" time="0.481022"/>
        <testcase name="test_json_admin_can_get_index_with_filters" file="/app/vendor/gammamatrix/playground-test/src/Feature/Http/Controllers/Resource/Playground/IndexJsonTrait.php" line="85" class="Tests\Feature\Playground\Matrix\Api\Http\Controllers\Playground\TicketRouteTest" classname="Tests.Feature.Playground.Matrix.Api.Http.Controllers.Playground.TicketRouteTest" assertions="3" time="0.418421"/>
        <testcase name="test_json_guest_cannot_lock" file="/app/vendor/gammamatrix/playground-test/src/Feature/Http/Controllers/Resource/Playground/LockJsonTrait.php" line="36" class="Tests\Feature\Playground\Matrix\Api\Http\Controllers\Playground\TicketRouteTest" classname="Tests.Feature.Playground.Matrix.Api.Http.Controllers.Playground.TicketRouteTest" assertions="3" time="0.395076"/>
        <testcase name="test_json_lock_as_admin_and_succeed" file="/app/vendor/gammamatrix/playground-test/src/Feature/Http/Controllers/Resource/Playground/LockJsonTrait.php" line="66" class="Tests\Feature\Playground\Matrix\Api\Http\Controllers\Playground\TicketRouteTest" classname="Tests.Feature.Playground.Matrix.Api.Http.Controllers.Playground.TicketRouteTest" assertions="3" time="0.459255"/>
        <testcase name="test_json_lock_as_admin_and_succeed_with_no_redirect" file="/app/vendor/gammamatrix/playground-test/src/Feature/Http/Controllers/Resource/Playground/LockJsonTrait.php" line="98" class="Tests\Feature\Playground\Matrix\Api\Http\Controllers\Playground\TicketRouteTest" classname="Tests.Feature.Playground.Matrix.Api.Http.Controllers.Playground.TicketRouteTest" assertions="93" time="0.413264"/>
        <testcase name="test_json_lock_as_user_and_get_denied" file="/app/vendor/gammamatrix/playground-test/src/Feature/Http/Controllers/Resource/Playground/LockJsonTrait.php" line="143" class="Tests\Feature\Playground\Matrix\Api\Http\Controllers\Playground\TicketRouteTest" classname="Tests.Feature.Playground.Matrix.Api.Http.Controllers.Playground.TicketRouteTest" assertions="3" time="0.455629"/>
        <testcase name="test_json_guest_cannot_restore" file="/app/vendor/gammamatrix/playground-test/src/Feature/Http/Controllers/Resource/Playground/RestoreJsonTrait.php" line="32" class="Tests\Feature\Playground\Matrix\Api\Http\Controllers\Playground\TicketRouteTest" classname="Tests.Feature.Playground.Matrix.Api.Http.Controllers.Playground.TicketRouteTest" assertions="3" time="0.394000"/>
        <testcase name="test_json_restore_as_admin_and_succeed" file="/app/vendor/gammamatrix/playground-test/src/Feature/Http/Controllers/Resource/Playground/RestoreJsonTrait.php" line="64" class="Tests\Feature\Playground\Matrix\Api\Http\Controllers\Playground\TicketRouteTest" classname="Tests.Feature.Playground.Matrix.Api.Http.Controllers.Playground.TicketRouteTest" assertions="93" time="0.483071"/>
        <testcase name="test_json_restore_as_admin_and_succeed_with_no_redirect" file="/app/vendor/gammamatrix/playground-test/src/Feature/Http/Controllers/Resource/Playground/RestoreJsonTrait.php" line="100" class="Tests\Feature\Playground\Matrix\Api\Http\Controllers\Playground\TicketRouteTest" classname="Tests.Feature.Playground.Matrix.Api.Http.Controllers.Playground.TicketRouteTest" assertions="93" time="0.411805"/>
        <testcase name="test_json_restore_as_user_and_get_denied" file="/app/vendor/gammamatrix/playground-test/src/Feature/Http/Controllers/Resource/Playground/RestoreJsonTrait.php" line="143" class="Tests\Feature\Playground\Matrix\Api\Http\Controllers\Playground\TicketRouteTest" classname="Tests.Feature.Playground.Matrix.Api.Http.Controllers.Playground.TicketRouteTest" assertions="3" time="0.401319"/>
        <testcase name="test_json_guest_cannot_see_info" file="/app/vendor/gammamatrix/playground-test/src/Feature/Http/Controllers/Resource/Playground/ShowJsonTrait.php" line="29" class="Tests\Feature\Playground\Matrix\Api\Http\Controllers\Playground\TicketRouteTest" classname="Tests.Feature.Playground.Matrix.Api.Http.Controllers.Playground.TicketRouteTest" assertions="1" time="0.459753"/>
        <testcase name="test_json_show_info_for_admin" file="/app/vendor/gammamatrix/playground-test/src/Feature/Http/Controllers/Resource/Playground/ShowJsonTrait.php" line="49" class="Tests\Feature\Playground\Matrix\Api\Http\Controllers\Playground\TicketRouteTest" classname="Tests.Feature.Playground.Matrix.Api.Http.Controllers.Playground.TicketRouteTest" assertions="92" time="0.412279"/>
        <testcase name="test_json_guest_cannot_unlock" file="/app/vendor/gammamatrix/playground-test/src/Feature/Http/Controllers/Resource/Playground/UnlockJsonTrait.php" line="36" class="Tests\Feature\Playground\Matrix\Api\Http\Controllers\Playground\TicketRouteTest" classname="Tests.Feature.Playground.Matrix.Api.Http.Controllers.Playground.TicketRouteTest" assertions="3" time="0.454293"/>
        <testcase name="test_json_unlock_as_admin_and_succeed" file="/app/vendor/gammamatrix/playground-test/src/Feature/Http/Controllers/Resource/Playground/UnlockJsonTrait.php" line="68" class="Tests\Feature\Playground\Matrix\Api\Http\Controllers\Playground\TicketRouteTest" classname="Tests.Feature.Playground.Matrix.Api.Http.Controllers.Playground.TicketRouteTest" assertions="93" time="0.409177"/>
        <testcase name="test_json_unlock_as_admin_and_succeed_with_no_redirect" file="/app/vendor/gammamatrix/playground-test/src/Feature/Http/Controllers/Resource/Playground/UnlockJsonTrait.php" line="104" class="Tests\Feature\Playground\Matrix\Api\Http\Controllers\Playground\TicketRouteTest" classname="Tests.Feature.Playground.Matrix.Api.Http.Controllers.Playground.TicketRouteTest" assertions="93" time="0.430039"/>
        <testcase name="test_json_unlock_as_user_and_get_denied" file="/app/vendor/gammamatrix/playground-test/src/Feature/Http/Controllers/Resource/Playground/UnlockJsonTrait.php" line="145" class="Tests\Feature\Playground\Matrix\Api\Http\Controllers\Playground\TicketRouteTest" classname="Tests.Feature.Playground.Matrix.Api.Http.Controllers.Playground.TicketRouteTest" assertions="3" time="0.437781"/>
      </testsuite>
      <testsuite name="Tests\Feature\Playground\Matrix\Api\Http\Controllers\Playground\VersionRouteTest" file="/app/tests/Feature/Http/Controllers/Playground/VersionRouteTest.php" tests="29" assertions="811" errors="0" failures="0" skipped="0" time="12.514429">
        <testcase name="test_json_guest_cannot_get_create_info" file="/app/vendor/gammamatrix/playground-test/src/Feature/Http/Controllers/Resource/Playground/CreateJsonTrait.php" line="38" class="Tests\Feature\Playground\Matrix\Api\Http\Controllers\Playground\VersionRouteTest" classname="Tests.Feature.Playground.Matrix.Api.Http.Controllers.Playground.VersionRouteTest" assertions="1" time="0.425003"/>
        <testcase name="test_json_admin_can_get_create_info" file="/app/vendor/gammamatrix/playground-test/src/Feature/Http/Controllers/Resource/Playground/CreateJsonTrait.php" line="53" class="Tests\Feature\Playground\Matrix\Api\Http\Controllers\Playground\VersionRouteTest" classname="Tests.Feature.Playground.Matrix.Api.Http.Controllers.Playground.VersionRouteTest" assertions="91" time="0.453274"/>
        <testcase name="test_json_get_create_info_as_admin_with_invalid_parameter_and_fail_validation" file="/app/vendor/gammamatrix/playground-test/src/Feature/Http/Controllers/Resource/Playground/CreateJsonTrait.php" line="73" class="Tests\Feature\Playground\Matrix\Api\Http\Controllers\Playground\VersionRouteTest" classname="Tests.Feature.Playground.Matrix.Api.Http.Controllers.Playground.VersionRouteTest" assertions="4" time="0.404042"/>
        <testcase name="test_json_guest_cannot_destroy" file="/app/vendor/gammamatrix/playground-test/src/Feature/Http/Controllers/Resource/Playground/DestroyJsonTrait.php" line="31" class="Tests\Feature\Playground\Matrix\Api\Http\Controllers\Playground\VersionRouteTest" classname="Tests.Feature.Playground.Matrix.Api.Http.Controllers.Playground.VersionRouteTest" assertions="3" time="0.393685"/>
        <testcase name="test_json_destroy_as_admin_and_succeed" file="/app/vendor/gammamatrix/playground-test/src/Feature/Http/Controllers/Resource/Playground/DestroyJsonTrait.php" line="61" class="Tests\Feature\Playground\Matrix\Api\Http\Controllers\Playground\VersionRouteTest" classname="Tests.Feature.Playground.Matrix.Api.Http.Controllers.Playground.VersionRouteTest" assertions="5" time="0.444942"/>
        <testcase name="test_json_destroy_as_admin_and_succeed_with_force_delete" file="/app/vendor/gammamatrix/playground-test/src/Feature/Http/Controllers/Resource/Playground/DestroyJsonTrait.php" line="100" class="Tests\Feature\Playground\Matrix\Api\Http\Controllers\Playground\VersionRouteTest" classname="Tests.Feature.Playground.Matrix.Api.Http.Controllers.Playground.VersionRouteTest" assertions="4" time="0.400914"/>
        <testcase name="test_json_destroy_as_admin_and_succeed_with_no_content" file="/app/vendor/gammamatrix/playground-test/src/Feature/Http/Controllers/Resource/Playground/DestroyJsonTrait.php" line="132" class="Tests\Feature\Playground\Matrix\Api\Http\Controllers\Playground\VersionRouteTest" classname="Tests.Feature.Playground.Matrix.Api.Http.Controllers.Playground.VersionRouteTest" assertions="5" time="0.452836"/>
        <testcase name="test_json_destroy_as_admin_and_succeed_and_ignore_redirect" file="/app/vendor/gammamatrix/playground-test/src/Feature/Http/Controllers/Resource/Playground/DestroyJsonTrait.php" line="167" class="Tests\Feature\Playground\Matrix\Api\Http\Controllers\Playground\VersionRouteTest" classname="Tests.Feature.Playground.Matrix.Api.Http.Controllers.Playground.VersionRouteTest" assertions="5" time="0.403446"/>
        <testcase name="test_json_destroy_as_user_and_get_denied_and_no_force_delete_allowed" file="/app/vendor/gammamatrix/playground-test/src/Feature/Http/Controllers/Resource/Playground/DestroyJsonTrait.php" line="209" class="Tests\Feature\Playground\Matrix\Api\Http\Controllers\Playground\VersionRouteTest" classname="Tests.Feature.Playground.Matrix.Api.Http.Controllers.Playground.VersionRouteTest" assertions="3" time="0.406012"/>
        <testcase name="test_json_guest_cannot_get_edit_info" file="/app/vendor/gammamatrix/playground-test/src/Feature/Http/Controllers/Resource/Playground/EditJsonTrait.php" line="38" class="Tests\Feature\Playground\Matrix\Api\Http\Controllers\Playground\VersionRouteTest" classname="Tests.Feature.Playground.Matrix.Api.Http.Controllers.Playground.VersionRouteTest" assertions="1" time="0.465000"/>
        <testcase name="test_json_admin_can_get_edit_info" file="/app/vendor/gammamatrix/playground-test/src/Feature/Http/Controllers/Resource/Playground/EditJsonTrait.php" line="58" class="Tests\Feature\Playground\Matrix\Api\Http\Controllers\Playground\VersionRouteTest" classname="Tests.Feature.Playground.Matrix.Api.Http.Controllers.Playground.VersionRouteTest" assertions="4" time="0.412919"/>
        <testcase name="test_json_edit_as_admin_and_fail_validation_with_invalid_parameter" file="/app/vendor/gammamatrix/playground-test/src/Feature/Http/Controllers/Resource/Playground/EditJsonTrait.php" line="87" class="Tests\Feature\Playground\Matrix\Api\Http\Controllers\Playground\VersionRouteTest" classname="Tests.Feature.Playground.Matrix.Api.Http.Controllers.Playground.VersionRouteTest" assertions="4" time="0.464513"/>
        <testcase name="test_json_guest_cannot_get_index" file="/app/vendor/gammamatrix/playground-test/src/Feature/Http/Controllers/Resource/Playground/IndexJsonTrait.php" line="34" class="Tests\Feature\Playground\Matrix\Api\Http\Controllers\Playground\VersionRouteTest" classname="Tests.Feature.Playground.Matrix.Api.Http.Controllers.Playground.VersionRouteTest" assertions="1" time="0.427809"/>
        <testcase name="test_json_admin_can_get_index" file="/app/vendor/gammamatrix/playground-test/src/Feature/Http/Controllers/Resource/Playground/IndexJsonTrait.php" line="49" class="Tests\Feature\Playground\Matrix\Api\Http\Controllers\Playground\VersionRouteTest" classname="Tests.Feature.Playground.Matrix.Api.Http.Controllers.Playground.VersionRouteTest" assertions="98" time="0.480836"/>
        <testcase name="test_json_admin_can_get_index_with_filters" file="/app/vendor/gammamatrix/playground-test/src/Feature/Http/Controllers/Resource/Playground/IndexJsonTrait.php" line="85" class="Tests\Feature\Playground\Matrix\Api\Http\Controllers\Playground\VersionRouteTest" classname="Tests.Feature.Playground.Matrix.Api.Http.Controllers.Playground.VersionRouteTest" assertions="3" time="0.412915"/>
        <testcase name="test_json_guest_cannot_lock" file="/app/vendor/gammamatrix/playground-test/src/Feature/Http/Controllers/Resource/Playground/LockJsonTrait.php" line="36" class="Tests\Feature\Playground\Matrix\Api\Http\Controllers\Playground\VersionRouteTest" classname="Tests.Feature.Playground.Matrix.Api.Http.Controllers.Playground.VersionRouteTest" assertions="3" time="0.397065"/>
        <testcase name="test_json_lock_as_admin_and_succeed" file="/app/vendor/gammamatrix/playground-test/src/Feature/Http/Controllers/Resource/Playground/LockJsonTrait.php" line="66" class="Tests\Feature\Playground\Matrix\Api\Http\Controllers\Playground\VersionRouteTest" classname="Tests.Feature.Playground.Matrix.Api.Http.Controllers.Playground.VersionRouteTest" assertions="3" time="0.473644"/>
        <testcase name="test_json_lock_as_admin_and_succeed_with_no_redirect" file="/app/vendor/gammamatrix/playground-test/src/Feature/Http/Controllers/Resource/Playground/LockJsonTrait.php" line="98" class="Tests\Feature\Playground\Matrix\Api\Http\Controllers\Playground\VersionRouteTest" classname="Tests.Feature.Playground.Matrix.Api.Http.Controllers.Playground.VersionRouteTest" assertions="93" time="0.433533"/>
        <testcase name="test_json_lock_as_user_and_get_denied" file="/app/vendor/gammamatrix/playground-test/src/Feature/Http/Controllers/Resource/Playground/LockJsonTrait.php" line="143" class="Tests\Feature\Playground\Matrix\Api\Http\Controllers\Playground\VersionRouteTest" classname="Tests.Feature.Playground.Matrix.Api.Http.Controllers.Playground.VersionRouteTest" assertions="3" time="0.456468"/>
        <testcase name="test_json_guest_cannot_restore" file="/app/vendor/gammamatrix/playground-test/src/Feature/Http/Controllers/Resource/Playground/RestoreJsonTrait.php" line="32" class="Tests\Feature\Playground\Matrix\Api\Http\Controllers\Playground\VersionRouteTest" classname="Tests.Feature.Playground.Matrix.Api.Http.Controllers.Playground.VersionRouteTest" assertions="3" time="0.397507"/>
        <testcase name="test_json_restore_as_admin_and_succeed" file="/app/vendor/gammamatrix/playground-test/src/Feature/Http/Controllers/Resource/Playground/RestoreJsonTrait.php" line="64" class="Tests\Feature\Playground\Matrix\Api\Http\Controllers\Playground\VersionRouteTest" classname="Tests.Feature.Playground.Matrix.Api.Http.Controllers.Playground.VersionRouteTest" assertions="93" time="0.410090"/>
        <testcase name="test_json_restore_as_admin_and_succeed_with_no_redirect" file="/app/vendor/gammamatrix/playground-test/src/Feature/Http/Controllers/Resource/Playground/RestoreJsonTrait.php" line="100" class="Tests\Feature\Playground\Matrix\Api\Http\Controllers\Playground\VersionRouteTest" classname="Tests.Feature.Playground.Matrix.Api.Http.Controllers.Playground.VersionRouteTest" assertions="93" time="0.477813"/>
        <testcase name="test_json_restore_as_user_and_get_denied" file="/app/vendor/gammamatrix/playground-test/src/Feature/Http/Controllers/Resource/Playground/RestoreJsonTrait.php" line="143" class="Tests\Feature\Playground\Matrix\Api\Http\Controllers\Playground\VersionRouteTest" classname="Tests.Feature.Playground.Matrix.Api.Http.Controllers.Playground.VersionRouteTest" assertions="3" time="0.415884"/>
        <testcase name="test_json_guest_cannot_see_info" file="/app/vendor/gammamatrix/playground-test/src/Feature/Http/Controllers/Resource/Playground/ShowJsonTrait.php" line="29" class="Tests\Feature\Playground\Matrix\Api\Http\Controllers\Playground\VersionRouteTest" classname="Tests.Feature.Playground.Matrix.Api.Http.Controllers.Playground.VersionRouteTest" assertions="1" time="0.461946"/>
        <testcase name="test_json_show_info_for_admin" file="/app/vendor/gammamatrix/playground-test/src/Feature/Http/Controllers/Resource/Playground/ShowJsonTrait.php" line="49" class="Tests\Feature\Playground\Matrix\Api\Http\Controllers\Playground\VersionRouteTest" classname="Tests.Feature.Playground.Matrix.Api.Http.Controllers.Playground.VersionRouteTest" assertions="92" time="0.408238"/>
        <testcase name="test_json_guest_cannot_unlock" file="/app/vendor/gammamatrix/playground-test/src/Feature/Http/Controllers/Resource/Playground/UnlockJsonTrait.php" line="36" class="Tests\Feature\Playground\Matrix\Api\Http\Controllers\Playground\VersionRouteTest" classname="Tests.Feature.Playground.Matrix.Api.Http.Controllers.Playground.VersionRouteTest" assertions="3" time="0.391754"/>
        <testcase name="test_json_unlock_as_admin_and_succeed" file="/app/vendor/gammamatrix/playground-test/src/Feature/Http/Controllers/Resource/Playground/UnlockJsonTrait.php" line="68" class="Tests\Feature\Playground\Matrix\Api\Http\Controllers\Playground\VersionRouteTest" classname="Tests.Feature.Playground.Matrix.Api.Http.Controllers.Playground.VersionRouteTest" assertions="93" time="0.472868"/>
        <testcase name="test_json_unlock_as_admin_and_succeed_with_no_redirect" file="/app/vendor/gammamatrix/playground-test/src/Feature/Http/Controllers/Resource/Playground/UnlockJsonTrait.php" line="104" class="Tests\Feature\Playground\Matrix\Api\Http\Controllers\Playground\VersionRouteTest" classname="Tests.Feature.Playground.Matrix.Api.Http.Controllers.Playground.VersionRouteTest" assertions="93" time="0.411633"/>
        <testcase name="test_json_unlock_as_user_and_get_denied" file="/app/vendor/gammamatrix/playground-test/src/Feature/Http/Controllers/Resource/Playground/UnlockJsonTrait.php" line="145" class="Tests\Feature\Playground\Matrix\Api\Http\Controllers\Playground\VersionRouteTest" classname="Tests.Feature.Playground.Matrix.Api.Http.Controllers.Playground.VersionRouteTest" assertions="3" time="0.457839"/>
      </testsuite>
    </testsuite>
  </testsuite>
</testsuites>
